<?xml version="1.0" encoding="UTF-8"?>
<coverage generated="1649150425322" clover="3.2.0">
  <project timestamp="1649150425322" name="All files">
    <metrics statements="232" coveredstatements="179" conditionals="180" coveredconditionals="101" methods="95" coveredmethods="63" elements="507" coveredelements="343" complexity="0" loc="232" ncloc="232" packages="2" files="26" classes="26"/>
    <package name="src">
      <metrics statements="226" coveredstatements="173" conditionals="174" coveredconditionals="97" methods="93" coveredmethods="62"/>
      <file name="CheckboxField.tsx" path="C:\develop\ft-frontend-saksbehandling\packages\form-redux-legacy\src\CheckboxField.tsx">
        <metrics statements="6" coveredstatements="5" conditionals="1" coveredconditionals="0" methods="3" coveredmethods="2"/>
        <line num="24" count="1" type="stmt"/>
        <line num="30" count="3" type="stmt"/>
        <line num="31" count="3" type="stmt"/>
        <line num="33" count="2" type="stmt"/>
        <line num="41" count="1" type="stmt"/>
        <line num="48" count="0" type="stmt"/>
      </file>
      <file name="CustomNavSelect.tsx" path="C:\develop\ft-frontend-saksbehandling\packages\form-redux-legacy\src\CustomNavSelect.tsx">
        <metrics statements="18" coveredstatements="16" conditionals="13" coveredconditionals="9" methods="10" coveredmethods="9"/>
        <line num="15" count="1" type="stmt"/>
        <line num="21" count="2" type="stmt"/>
        <line num="22" count="2" type="stmt"/>
        <line num="23" count="2" type="stmt"/>
        <line num="24" count="2" type="stmt"/>
        <line num="28" count="2" type="stmt"/>
        <line num="32" count="0" type="stmt"/>
        <line num="36" count="4" type="stmt"/>
        <line num="37" count="4" type="stmt"/>
        <line num="38" count="8" type="stmt"/>
        <line num="40" count="8" type="cond" truecount="0" falsecount="1"/>
        <line num="44" count="4" type="stmt"/>
        <line num="46" count="2" type="cond" truecount="2" falsecount="0"/>
        <line num="50" count="2" type="stmt"/>
        <line num="52" count="2" type="cond" truecount="3" falsecount="1"/>
        <line num="54" count="0" type="stmt"/>
        <line num="64" count="2" type="stmt"/>
        <line num="65" count="2" type="stmt"/>
      </file>
      <file name="DatepickerField.tsx" path="C:\develop\ft-frontend-saksbehandling\packages\form-redux-legacy\src\DatepickerField.tsx">
        <metrics statements="20" coveredstatements="11" conditionals="8" coveredconditionals="2" methods="9" coveredmethods="4"/>
        <line num="26" count="1" type="stmt"/>
        <line num="27" count="1" type="stmt"/>
        <line num="28" count="1" type="cond" truecount="1" falsecount="1"/>
        <line num="29" count="1" type="stmt"/>
        <line num="31" count="0" type="cond" truecount="0" falsecount="2"/>
        <line num="34" count="1" type="stmt"/>
        <line num="35" count="0" type="stmt"/>
        <line num="36" count="0" type="stmt"/>
        <line num="37" count="0" type="stmt"/>
        <line num="38" count="0" type="cond" truecount="0" falsecount="2"/>
        <line num="39" count="0" type="stmt"/>
        <line num="41" count="0" type="stmt"/>
        <line num="44" count="1" type="stmt"/>
        <line num="46" count="1" type="stmt"/>
        <line num="55" count="1" type="stmt"/>
        <line num="60" count="1" type="stmt"/>
        <line num="61" count="0" type="stmt"/>
        <line num="68" count="1" type="stmt"/>
        <line num="72" count="1" type="stmt"/>
        <line num="73" count="0" type="stmt"/>
      </file>
      <file name="DecimalField.tsx" path="C:\develop\ft-frontend-saksbehandling\packages\form-redux-legacy\src\DecimalField.tsx">
        <metrics statements="21" coveredstatements="20" conditionals="13" coveredconditionals="8" methods="6" coveredmethods="6"/>
        <line num="15" count="1" type="stmt"/>
        <line num="18" count="3" type="stmt"/>
        <line num="19" count="3" type="stmt"/>
        <line num="23" count="8" type="stmt"/>
        <line num="24" count="8" type="stmt"/>
        <line num="32" count="3" type="cond" truecount="4" falsecount="1"/>
        <line num="35" count="3" type="cond" truecount="1" falsecount="1"/>
        <line num="36" count="3" type="stmt"/>
        <line num="44" count="3" type="stmt"/>
        <line num="45" count="3" type="cond" truecount="1" falsecount="1"/>
        <line num="46" count="3" type="stmt"/>
        <line num="48" count="0" type="stmt"/>
        <line num="52" count="1" type="stmt"/>
        <line num="54" count="1" type="stmt"/>
        <line num="56" count="1" type="stmt"/>
        <line num="59" count="1" type="stmt"/>
        <line num="60" count="1" type="stmt"/>
        <line num="72" count="1" type="stmt"/>
        <line num="83" count="3" type="cond" truecount="1" falsecount="1"/>
        <line num="88" count="3" type="stmt"/>
        <line num="106" count="1" type="stmt"/>
      </file>
      <file name="InputField.tsx" path="C:\develop\ft-frontend-saksbehandling\packages\form-redux-legacy\src\InputField.tsx">
        <metrics statements="4" coveredstatements="4" conditionals="2" coveredconditionals="2" methods="1" coveredmethods="1"/>
        <line num="9" count="1" type="stmt"/>
        <line num="18" count="1" type="stmt"/>
        <line num="28" count="2" type="stmt"/>
        <line num="42" count="1" type="stmt"/>
      </file>
      <file name="Label.tsx" path="C:\develop\ft-frontend-saksbehandling\packages\form-redux-legacy\src\Label.tsx">
        <metrics statements="10" coveredstatements="10" conditionals="6" coveredconditionals="6" methods="2" coveredmethods="2"/>
        <line num="10" count="12" type="stmt"/>
        <line num="12" count="12" type="stmt"/>
        <line num="13" count="23" type="cond" truecount="4" falsecount="0"/>
        <line num="14" count="1" type="stmt"/>
        <line num="16" count="22" type="stmt"/>
        <line num="25" count="12" type="stmt"/>
        <line num="31" count="35" type="cond" truecount="2" falsecount="0"/>
        <line num="32" count="12" type="stmt"/>
        <line num="34" count="23" type="stmt"/>
        <line num="43" count="12" type="stmt"/>
      </file>
      <file name="NavFieldGroup.tsx" path="C:\develop\ft-frontend-saksbehandling\packages\form-redux-legacy\src\NavFieldGroup.tsx">
        <metrics statements="8" coveredstatements="3" conditionals="2" coveredconditionals="0" methods="3" coveredmethods="0"/>
        <line num="7" count="1" type="stmt"/>
        <line num="9" count="0" type="stmt"/>
        <line num="19" count="1" type="stmt"/>
        <line num="22" count="0" type="cond" truecount="0" falsecount="2"/>
        <line num="23" count="0" type="stmt"/>
        <line num="29" count="0" type="stmt"/>
        <line num="34" count="0" type="stmt"/>
        <line num="40" count="1" type="stmt"/>
      </file>
      <file name="OptionGrid.tsx" path="C:\develop\ft-frontend-saksbehandling\packages\form-redux-legacy\src\OptionGrid.tsx">
        <metrics statements="11" coveredstatements="7" conditionals="10" coveredconditionals="4" methods="5" coveredmethods="3"/>
        <line num="19" count="1" type="stmt"/>
        <line num="22" count="4" type="cond" truecount="1" falsecount="1"/>
        <line num="23" count="0" type="cond" truecount="0" falsecount="2"/>
        <line num="24" count="0" type="stmt"/>
        <line num="29" count="0" type="stmt"/>
        <line num="30" count="0" type="stmt"/>
        <line num="38" count="4" type="cond" truecount="2" falsecount="0"/>
        <line num="39" count="4" type="stmt"/>
        <line num="44" count="12" type="stmt"/>
        <line num="45" count="24" type="stmt"/>
        <line num="54" count="1" type="stmt"/>
      </file>
      <file name="PeriodFieldArray.tsx" path="C:\develop\ft-frontend-saksbehandling\packages\form-redux-legacy\src\PeriodFieldArray.tsx">
        <metrics statements="17" coveredstatements="15" conditionals="28" coveredconditionals="20" methods="11" coveredmethods="9"/>
        <line num="15" count="1" type="stmt"/>
        <line num="17" count="5" type="stmt"/>
        <line num="18" count="1" type="stmt"/>
        <line num="21" count="4" type="stmt"/>
        <line num="22" count="0" type="cond" truecount="0" falsecount="2"/>
        <line num="23" count="0" type="stmt"/>
        <line num="27" count="8" type="stmt"/>
        <line num="28" count="4" type="cond" truecount="2" falsecount="0"/>
        <line num="29" count="2" type="stmt"/>
        <line num="34" count="1" type="stmt"/>
        <line num="39" count="2" type="stmt"/>
        <line num="42" count="6" type="cond" truecount="2" falsecount="2"/>
        <line num="44" count="1" type="cond" truecount="0" falsecount="2"/>
        <line num="63" count="1" type="stmt"/>
        <line num="77" count="6" type="cond" truecount="2" falsecount="0"/>
        <line num="78" count="6" type="stmt"/>
        <line num="83" count="8" type="stmt"/>
      </file>
      <file name="PeriodpickerField.tsx" path="C:\develop\ft-frontend-saksbehandling\packages\form-redux-legacy\src\PeriodpickerField.tsx">
        <metrics statements="46" coveredstatements="25" conditionals="31" coveredconditionals="6" methods="20" coveredmethods="12"/>
        <line num="32" count="1" type="stmt"/>
        <line num="33" count="1" type="stmt"/>
        <line num="34" count="1" type="stmt"/>
        <line num="36" count="1" type="cond" truecount="2" falsecount="2"/>
        <line num="37" count="0" type="stmt"/>
        <line num="39" count="1" type="stmt"/>
        <line num="40" count="1" type="stmt"/>
        <line num="41" count="1" type="cond" truecount="2" falsecount="2"/>
        <line num="42" count="0" type="stmt"/>
        <line num="44" count="1" type="stmt"/>
        <line num="47" count="1" type="cond" truecount="0" falsecount="3"/>
        <line num="49" count="1" type="stmt"/>
        <line num="54" count="0" type="stmt"/>
        <line num="55" count="0" type="stmt"/>
        <line num="56" count="0" type="stmt"/>
        <line num="57" count="0" type="stmt"/>
        <line num="58" count="0" type="cond" truecount="0" falsecount="4"/>
        <line num="59" count="0" type="stmt"/>
        <line num="61" count="0" type="cond" truecount="0" falsecount="2"/>
        <line num="62" count="0" type="cond" truecount="0" falsecount="4"/>
        <line num="63" count="0" type="stmt"/>
        <line num="65" count="0" type="cond" truecount="0" falsecount="4"/>
        <line num="66" count="0" type="stmt"/>
        <line num="69" count="0" type="stmt"/>
        <line num="78" count="1" type="stmt"/>
        <line num="82" count="1" type="stmt"/>
        <line num="88" count="1" type="stmt"/>
        <line num="91" count="1" type="stmt"/>
        <line num="92" count="2" type="stmt"/>
        <line num="93" count="2" type="cond" truecount="1" falsecount="1"/>
        <line num="96" count="1" type="stmt"/>
        <line num="97" count="0" type="stmt"/>
        <line num="98" count="0" type="stmt"/>
        <line num="100" count="0" type="stmt"/>
        <line num="101" count="0" type="stmt"/>
        <line num="102" count="0" type="stmt"/>
        <line num="104" count="0" type="cond" truecount="0" falsecount="2"/>
        <line num="107" count="2" type="stmt"/>
        <line num="108" count="1" type="stmt"/>
        <line num="110" count="1" type="stmt"/>
        <line num="120" count="1" type="stmt"/>
        <line num="121" count="1" type="stmt"/>
        <line num="123" count="1" type="stmt"/>
        <line num="138" count="1" type="stmt"/>
        <line num="143" count="2" type="stmt"/>
        <line num="144" count="0" type="stmt"/>
      </file>
      <file name="RadioGroupField.tsx" path="C:\develop\ft-frontend-saksbehandling\packages\form-redux-legacy\src\RadioGroupField.tsx">
        <metrics statements="14" coveredstatements="14" conditionals="18" coveredconditionals="10" methods="6" coveredmethods="5"/>
        <line num="33" count="1" type="stmt"/>
        <line num="35" count="1" type="stmt"/>
        <line num="37" count="1" type="stmt"/>
        <line num="54" count="4" type="stmt"/>
        <line num="61" count="4" type="stmt"/>
        <line num="62" count="4" type="cond" truecount="1" falsecount="3"/>
        <line num="63" count="4" type="stmt"/>
        <line num="64" count="8" type="stmt"/>
        <line num="65" count="8" type="stmt"/>
        <line num="66" count="8" type="cond" truecount="1" falsecount="1"/>
        <line num="68" count="4" type="stmt"/>
        <line num="89" count="1" type="stmt"/>
        <line num="90" count="2" type="stmt"/>
        <line num="96" count="1" type="stmt"/>
      </file>
      <file name="RadioOption.tsx" path="C:\develop\ft-frontend-saksbehandling\packages\form-redux-legacy\src\RadioOption.tsx">
        <metrics statements="9" coveredstatements="7" conditionals="5" coveredconditionals="4" methods="3" coveredmethods="1"/>
        <line num="24" count="1" type="stmt"/>
        <line num="39" count="8" type="stmt"/>
        <line num="40" count="8" type="stmt"/>
        <line num="41" count="8" type="stmt"/>
        <line num="42" count="8" type="stmt"/>
        <line num="52" count="0" type="stmt"/>
        <line num="60" count="1" type="stmt"/>
        <line num="70" count="0" type="stmt"/>
        <line num="75" count="1" type="stmt"/>
      </file>
      <file name="ReadOnlyField.tsx" path="C:\develop\ft-frontend-saksbehandling\packages\form-redux-legacy\src\ReadOnlyField.tsx">
        <metrics statements="6" coveredstatements="6" conditionals="13" coveredconditionals="11" methods="2" coveredmethods="2"/>
        <line num="23" count="7" type="cond" truecount="3" falsecount="0"/>
        <line num="25" count="7" type="stmt"/>
        <line num="33" count="5" type="cond" truecount="2" falsecount="0"/>
        <line num="34" count="1" type="stmt"/>
        <line num="37" count="4" type="stmt"/>
        <line num="64" count="7" type="stmt"/>
      </file>
      <file name="SelectField.tsx" path="C:\develop\ft-frontend-saksbehandling\packages\form-redux-legacy\src\SelectField.tsx">
        <metrics statements="8" coveredstatements="5" conditionals="4" coveredconditionals="1" methods="5" coveredmethods="1"/>
        <line num="25" count="1" type="stmt"/>
        <line num="30" count="0" type="stmt"/>
        <line num="31" count="0" type="cond" truecount="0" falsecount="2"/>
        <line num="32" count="0" type="stmt"/>
        <line num="35" count="1" type="stmt"/>
        <line num="37" count="1" type="stmt"/>
        <line num="45" count="2" type="stmt"/>
        <line num="57" count="1" type="stmt"/>
      </file>
      <file name="TextAreaField.tsx" path="C:\develop\ft-frontend-saksbehandling\packages\form-redux-legacy\src\TextAreaField.tsx">
        <metrics statements="8" coveredstatements="6" conditionals="6" coveredconditionals="4" methods="4" coveredmethods="2"/>
        <line num="26" count="1" type="stmt"/>
        <line num="32" count="1" type="cond" truecount="1" falsecount="1"/>
        <line num="36" count="0" type="stmt"/>
        <line num="46" count="1" type="stmt"/>
        <line num="60" count="1" type="stmt"/>
        <line num="67" count="2" type="stmt"/>
        <line num="78" count="0" type="stmt"/>
        <line num="82" count="1" type="stmt"/>
      </file>
      <file name="label.less" path="C:\develop\ft-frontend-saksbehandling\packages\form-redux-legacy\src\label.less">
        <metrics statements="1" coveredstatements="1" conditionals="0" coveredconditionals="0" methods="0" coveredmethods="0"/>
        <line num="1" count="12" type="stmt"/>
      </file>
      <file name="optionGrid.less" path="C:\develop\ft-frontend-saksbehandling\packages\form-redux-legacy\src\optionGrid.less">
        <metrics statements="1" coveredstatements="1" conditionals="0" coveredconditionals="0" methods="0" coveredmethods="0"/>
        <line num="1" count="1" type="stmt"/>
      </file>
      <file name="periodFieldArray.less" path="C:\develop\ft-frontend-saksbehandling\packages\form-redux-legacy\src\periodFieldArray.less">
        <metrics statements="1" coveredstatements="1" conditionals="0" coveredconditionals="0" methods="0" coveredmethods="0"/>
        <line num="1" count="1" type="stmt"/>
      </file>
      <file name="radioGroupField.less" path="C:\develop\ft-frontend-saksbehandling\packages\form-redux-legacy\src\radioGroupField.less">
        <metrics statements="1" coveredstatements="1" conditionals="0" coveredconditionals="0" methods="0" coveredmethods="0"/>
        <line num="1" count="1" type="stmt"/>
      </file>
      <file name="readOnlyField.less" path="C:\develop\ft-frontend-saksbehandling\packages\form-redux-legacy\src\readOnlyField.less">
        <metrics statements="1" coveredstatements="1" conditionals="0" coveredconditionals="0" methods="0" coveredmethods="0"/>
        <line num="1" count="7" type="stmt"/>
      </file>
      <file name="renderNavField.tsx" path="C:\develop\ft-frontend-saksbehandling\packages\form-redux-legacy\src\renderNavField.tsx">
        <metrics statements="14" coveredstatements="13" conditionals="14" coveredconditionals="10" methods="3" coveredmethods="3"/>
        <line num="7" count="9" type="stmt"/>
        <line num="8" count="22" type="cond" truecount="4" falsecount="0"/>
        <line num="9" count="1" type="stmt"/>
        <line num="11" count="21" type="stmt"/>
        <line num="21" count="9" type="stmt"/>
        <line num="22" count="9" type="stmt"/>
        <line num="31" count="22" type="stmt"/>
        <line num="32" count="22" type="cond" truecount="3" falsecount="0"/>
        <line num="33" count="22" type="cond" truecount="2" falsecount="3"/>
        <line num="34" count="0" type="stmt"/>
        <line num="36" count="22" type="stmt"/>
        <line num="42" count="22" type="cond" truecount="1" falsecount="1"/>
        <line num="47" count="9" type="stmt"/>
        <line num="53" count="9" type="stmt"/>
      </file>
      <file name="textAreaField.less" path="C:\develop\ft-frontend-saksbehandling\packages\form-redux-legacy\src\textAreaField.less">
        <metrics statements="1" coveredstatements="1" conditionals="0" coveredconditionals="0" methods="0" coveredmethods="0"/>
        <line num="1" count="1" type="stmt"/>
      </file>
    </package>
    <package name="src.pure">
      <metrics statements="6" coveredstatements="6" conditionals="6" coveredconditionals="4" methods="2" coveredmethods="1"/>
      <file name="FieldError.tsx" path="C:\develop\ft-frontend-saksbehandling\packages\form-redux-legacy\src\pure\FieldError.tsx">
        <metrics statements="1" coveredstatements="1" conditionals="0" coveredconditionals="0" methods="1" coveredmethods="0"/>
        <line num="8" count="1" type="stmt"/>
      </file>
      <file name="PureDatepicker.tsx" path="C:\develop\ft-frontend-saksbehandling\packages\form-redux-legacy\src\pure\PureDatepicker.tsx">
        <metrics statements="3" coveredstatements="3" conditionals="6" coveredconditionals="4" methods="1" coveredmethods="1"/>
        <line num="27" count="1" type="stmt"/>
        <line num="40" count="1" type="stmt"/>
        <line num="45" count="1" type="stmt"/>
      </file>
      <file name="datepicker.less" path="C:\develop\ft-frontend-saksbehandling\packages\form-redux-legacy\src\pure\datepicker.less">
        <metrics statements="1" coveredstatements="1" conditionals="0" coveredconditionals="0" methods="0" coveredmethods="0"/>
        <line num="1" count="1" type="stmt"/>
      </file>
      <file name="fieldError.less" path="C:\develop\ft-frontend-saksbehandling\packages\form-redux-legacy\src\pure\fieldError.less">
        <metrics statements="1" coveredstatements="1" conditionals="0" coveredconditionals="0" methods="0" coveredmethods="0"/>
        <line num="1" count="1" type="stmt"/>
      </file>
    </package>
  </project>
</coverage>
