TN:
SF:src\CheckboxField.tsx
FN:24,(anonymous_0)
FN:33,(anonymous_1)
FN:41,(anonymous_2)
FNF:3
FNH:2
FNDA:3,(anonymous_0)
FNDA:2,(anonymous_1)
FNDA:0,(anonymous_2)
DA:24,1
DA:30,3
DA:31,3
DA:33,2
DA:41,1
DA:48,0
LF:6
LH:5
BRDA:45,0,0,0
BRF:1
BRH:0
end_of_record
TN:
SF:src\CustomNavSelect.tsx
FN:20,(anonymous_0)
FN:27,(anonymous_1)
FN:31,(anonymous_2)
FN:35,(anonymous_3)
FN:38,(anonymous_4)
FN:40,(anonymous_5)
FN:43,(anonymous_6)
FN:44,(anonymous_7)
FN:49,(anonymous_8)
FN:58,(anonymous_9)
FNF:10
FNH:9
FNDA:2,(anonymous_0)
FNDA:2,(anonymous_1)
FNDA:0,(anonymous_2)
FNDA:4,(anonymous_3)
FNDA:8,(anonymous_4)
FNDA:8,(anonymous_5)
FNDA:2,(anonymous_6)
FNDA:4,(anonymous_7)
FNDA:2,(anonymous_8)
FNDA:2,(anonymous_9)
DA:15,1
DA:21,2
DA:22,2
DA:23,2
DA:24,2
DA:28,2
DA:32,0
DA:36,4
DA:37,4
DA:38,8
DA:40,8
DA:44,4
DA:46,2
DA:50,2
DA:52,2
DA:54,0
DA:64,2
DA:65,2
LF:18
LH:16
BRDA:40,0,0,0
BRDA:46,1,0,2
BRDA:46,1,1,2
BRDA:52,2,0,0
BRDA:52,2,1,2
BRDA:52,3,0,2
BRDA:52,3,1,2
BRDA:68,4,0,0
BRDA:68,4,1,2
BRDA:68,5,0,2
BRDA:68,5,1,0
BRDA:71,6,0,2
BRDA:71,6,1,2
BRF:13
BRH:9
end_of_record
TN:
SF:src\DatepickerField.tsx
FN:26,(anonymous_0)
FN:34,(anonymous_1)
FN:36,(anonymous_2)
FN:37,(anonymous_3)
FN:46,(anonymous_4)
FN:60,(anonymous_5)
FN:61,(anonymous_6)
FN:72,(anonymous_7)
FN:73,(anonymous_8)
FNF:9
FNH:4
FNDA:1,(anonymous_0)
FNDA:0,(anonymous_1)
FNDA:0,(anonymous_2)
FNDA:0,(anonymous_3)
FNDA:1,(anonymous_4)
FNDA:1,(anonymous_5)
FNDA:0,(anonymous_6)
FNDA:1,(anonymous_7)
FNDA:0,(anonymous_8)
DA:26,1
DA:27,1
DA:28,1
DA:29,1
DA:31,0
DA:34,1
DA:35,0
DA:36,0
DA:37,0
DA:38,0
DA:39,0
DA:41,0
DA:44,1
DA:46,1
DA:55,1
DA:60,1
DA:61,0
DA:68,1
DA:72,1
DA:73,0
LF:20
LH:11
BRDA:28,0,0,1
BRDA:28,0,1,0
BRDA:31,1,0,0
BRDA:31,1,1,0
BRDA:38,2,0,0
BRDA:38,2,1,0
BRDA:57,3,0,0
BRDA:57,3,1,1
BRF:8
BRH:2
end_of_record
TN:
SF:src\DecimalField.tsx
FN:15,(anonymous_0)
FN:17,(anonymous_1)
FN:22,(anonymous_2)
FN:31,(anonymous_3)
FN:43,(anonymous_4)
FN:72,(anonymous_5)
FNF:6
FNH:6
FNDA:1,(anonymous_0)
FNDA:3,(anonymous_1)
FNDA:8,(anonymous_2)
FNDA:3,(anonymous_3)
FNDA:3,(anonymous_4)
FNDA:3,(anonymous_5)
DA:15,1
DA:18,3
DA:19,3
DA:23,8
DA:24,8
DA:32,3
DA:35,3
DA:36,3
DA:44,3
DA:45,3
DA:46,3
DA:48,0
DA:52,1
DA:54,1
DA:56,1
DA:59,1
DA:60,1
DA:72,1
DA:83,3
DA:88,3
DA:106,1
LF:21
LH:20
BRDA:32,0,0,3
BRDA:32,0,1,0
BRDA:32,1,0,3
BRDA:32,1,1,3
BRDA:32,1,2,3
BRDA:35,2,0,3
BRDA:35,2,1,0
BRDA:45,3,0,3
BRDA:45,3,1,0
BRDA:83,4,0,0
BRDA:83,4,1,3
BRDA:93,5,0,0
BRDA:93,5,1,3
BRF:13
BRH:8
end_of_record
TN:
SF:src\InputField.tsx
FN:18,(anonymous_0)
FNF:1
FNH:1
FNDA:2,(anonymous_0)
DA:9,1
DA:18,1
DA:28,2
DA:42,1
LF:4
LH:4
BRDA:31,0,0,1
BRDA:31,0,1,1
BRF:2
BRH:2
end_of_record
TN:
SF:src\Label.tsx
FN:12,(anonymous_0)
FN:25,(anonymous_1)
FNF:2
FNH:2
FNDA:23,(anonymous_0)
FNDA:35,(anonymous_1)
DA:10,12
DA:12,12
DA:13,23
DA:14,1
DA:16,22
DA:25,12
DA:31,35
DA:32,12
DA:34,23
DA:43,12
LF:10
LH:10
BRDA:13,0,0,1
BRDA:13,0,1,22
BRDA:13,1,0,23
BRDA:13,1,1,23
BRDA:31,2,0,12
BRDA:31,2,1,23
BRF:6
BRH:6
end_of_record
TN:
SF:src\NavFieldGroup.tsx
FN:7,(anonymous_0)
FN:19,(anonymous_1)
FN:34,(anonymous_2)
FNF:3
FNH:0
FNDA:0,(anonymous_0)
FNDA:0,(anonymous_1)
FNDA:0,(anonymous_2)
DA:7,1
DA:9,0
DA:19,1
DA:22,0
DA:23,0
DA:29,0
DA:34,0
DA:40,1
LF:8
LH:3
BRDA:22,0,0,0
BRDA:22,0,1,0
BRF:2
BRH:0
end_of_record
TN:
SF:src\OptionGrid.tsx
FN:19,(anonymous_0)
FN:28,(anonymous_1)
FN:30,(anonymous_2)
FN:43,(anonymous_3)
FN:45,(anonymous_4)
FNF:5
FNH:3
FNDA:4,(anonymous_0)
FNDA:0,(anonymous_1)
FNDA:0,(anonymous_2)
FNDA:12,(anonymous_3)
FNDA:24,(anonymous_4)
DA:19,1
DA:22,4
DA:23,0
DA:24,0
DA:29,0
DA:30,0
DA:38,4
DA:39,4
DA:44,12
DA:45,24
DA:54,1
LF:11
LH:7
BRDA:22,0,0,0
BRDA:22,0,1,4
BRDA:23,1,0,0
BRDA:23,1,1,0
BRDA:31,2,0,0
BRDA:31,2,1,0
BRDA:38,3,0,4
BRDA:38,3,1,2
BRDA:48,4,0,4
BRDA:48,4,1,0
BRF:10
BRH:4
end_of_record
TN:
SF:src\PeriodFieldArray.tsx
FN:17,(anonymous_0)
FN:17,(anonymous_1)
FN:21,(anonymous_2)
FN:21,(anonymous_3)
FN:27,(anonymous_4)
FN:27,(anonymous_5)
FN:33,(anonymous_6)
FN:42,(anonymous_7)
FN:44,(anonymous_8)
FN:63,(anonymous_9)
FN:83,(anonymous_10)
FNF:11
FNH:9
FNDA:5,(anonymous_0)
FNDA:1,(anonymous_1)
FNDA:4,(anonymous_2)
FNDA:0,(anonymous_3)
FNDA:8,(anonymous_4)
FNDA:4,(anonymous_5)
FNDA:1,(anonymous_6)
FNDA:6,(anonymous_7)
FNDA:0,(anonymous_8)
FNDA:6,(anonymous_9)
FNDA:8,(anonymous_10)
DA:15,1
DA:17,5
DA:18,1
DA:21,4
DA:22,0
DA:23,0
DA:27,8
DA:28,4
DA:29,2
DA:34,1
DA:39,2
DA:42,6
DA:44,1
DA:63,1
DA:77,6
DA:78,6
DA:83,8
LF:17
LH:15
BRDA:22,0,0,0
BRDA:22,0,1,0
BRDA:28,1,0,2
BRDA:28,1,1,2
BRDA:31,2,0,2
BRDA:31,2,1,2
BRDA:42,3,0,6
BRDA:42,3,1,4
BRDA:42,3,2,0
BRDA:42,3,3,0
BRDA:44,4,0,0
BRDA:44,4,1,0
BRDA:65,5,0,0
BRDA:69,6,0,6
BRDA:73,7,0,5
BRDA:74,8,0,5
BRDA:77,9,0,6
BRDA:77,9,1,6
BRDA:81,10,0,0
BRDA:81,10,1,6
BRDA:84,11,0,6
BRDA:84,11,1,5
BRDA:87,12,0,5
BRDA:87,12,1,4
BRDA:87,12,2,4
BRDA:103,13,0,5
BRDA:103,13,1,1
BRDA:103,13,2,1
BRF:28
BRH:20
end_of_record
TN:
SF:src\PeriodpickerField.tsx
FN:32,(anonymous_0)
FN:47,(anonymous_1)
FN:49,(anonymous_2)
FN:49,(anonymous_3)
FN:78,(anonymous_4)
FN:78,(anonymous_5)
FN:91,(anonymous_6)
FN:96,(anonymous_7)
FN:97,(anonymous_8)
FN:101,(anonymous_9)
FN:102,(anonymous_10)
FN:107,(anonymous_11)
FN:107,(anonymous_12)
FN:108,(anonymous_13)
FN:108,(anonymous_14)
FN:110,(anonymous_15)
FN:120,(anonymous_16)
FN:121,(anonymous_17)
FN:143,(anonymous_18)
FN:144,(anonymous_19)
FNF:20
FNH:12
FNDA:1,(anonymous_0)
FNDA:0,(anonymous_1)
FNDA:1,(anonymous_2)
FNDA:0,(anonymous_3)
FNDA:1,(anonymous_4)
FNDA:1,(anonymous_5)
FNDA:2,(anonymous_6)
FNDA:0,(anonymous_7)
FNDA:0,(anonymous_8)
FNDA:0,(anonymous_9)
FNDA:0,(anonymous_10)
FNDA:1,(anonymous_11)
FNDA:2,(anonymous_12)
FNDA:1,(anonymous_13)
FNDA:0,(anonymous_14)
FNDA:1,(anonymous_15)
FNDA:1,(anonymous_16)
FNDA:1,(anonymous_17)
FNDA:2,(anonymous_18)
FNDA:0,(anonymous_19)
DA:32,1
DA:33,1
DA:34,1
DA:36,1
DA:37,0
DA:39,1
DA:40,1
DA:41,1
DA:42,0
DA:44,1
DA:47,1
DA:49,1
DA:54,0
DA:55,0
DA:56,0
DA:57,0
DA:58,0
DA:59,0
DA:61,0
DA:62,0
DA:63,0
DA:65,0
DA:66,0
DA:69,0
DA:78,1
DA:82,1
DA:88,1
DA:91,1
DA:92,2
DA:93,2
DA:96,1
DA:97,0
DA:98,0
DA:100,0
DA:101,0
DA:102,0
DA:104,0
DA:107,2
DA:108,1
DA:110,1
DA:120,1
DA:121,1
DA:123,1
DA:138,1
DA:143,2
DA:144,0
LF:46
LH:25
BRDA:36,0,0,0
BRDA:36,0,1,1
BRDA:36,1,0,1
BRDA:36,1,1,0
BRDA:41,2,0,0
BRDA:41,2,1,1
BRDA:41,3,0,1
BRDA:41,3,1,0
BRDA:47,4,0,0
BRDA:47,4,1,0
BRDA:47,4,2,0
BRDA:58,5,0,0
BRDA:58,5,1,0
BRDA:58,6,0,0
BRDA:58,6,1,0
BRDA:61,7,0,0
BRDA:61,7,1,0
BRDA:62,8,0,0
BRDA:62,8,1,0
BRDA:62,9,0,0
BRDA:62,9,1,0
BRDA:65,10,0,0
BRDA:65,10,1,0
BRDA:65,11,0,0
BRDA:65,11,1,0
BRDA:93,12,0,2
BRDA:93,12,1,0
BRDA:104,13,0,0
BRDA:104,13,1,0
BRDA:127,14,0,0
BRDA:127,14,1,1
BRF:31
BRH:6
end_of_record
TN:
SF:src\RadioGroupField.tsx
FN:35,(anonymous_0)
FN:37,(anonymous_1)
FN:64,(anonymous_2)
FN:65,(anonymous_3)
FN:66,(anonymous_4)
FN:89,(anonymous_5)
FNF:6
FNH:5
FNDA:0,(anonymous_0)
FNDA:4,(anonymous_1)
FNDA:8,(anonymous_2)
FNDA:8,(anonymous_3)
FNDA:8,(anonymous_4)
FNDA:2,(anonymous_5)
DA:33,1
DA:35,1
DA:37,1
DA:54,4
DA:61,4
DA:62,4
DA:63,4
DA:64,8
DA:65,8
DA:66,8
DA:68,4
DA:89,1
DA:90,2
DA:96,1
LF:14
LH:14
BRDA:56,0,0,4
BRDA:56,0,1,4
BRDA:62,1,0,4
BRDA:62,1,1,0
BRDA:62,1,2,0
BRDA:62,1,3,0
BRDA:66,2,0,8
BRDA:66,2,1,0
BRDA:70,3,0,0
BRDA:70,3,1,4
BRDA:75,4,0,4
BRDA:75,4,1,4
BRDA:78,5,0,4
BRDA:78,5,1,0
BRDA:82,6,0,0
BRDA:82,6,1,4
BRDA:83,7,0,0
BRDA:83,7,1,4
BRF:18
BRH:10
end_of_record
TN:
SF:src\RadioOption.tsx
FN:24,(anonymous_0)
FN:52,(anonymous_1)
FN:70,(anonymous_2)
FNF:3
FNH:1
FNDA:8,(anonymous_0)
FNDA:0,(anonymous_1)
FNDA:0,(anonymous_2)
DA:24,1
DA:39,8
DA:40,8
DA:41,8
DA:42,8
DA:52,0
DA:60,1
DA:70,0
DA:75,1
LF:9
LH:7
BRDA:51,0,0,8
BRDA:51,0,1,8
BRDA:55,1,0,8
BRDA:55,1,1,8
BRDA:55,1,2,0
BRF:5
BRH:4
end_of_record
TN:
SF:src\ReadOnlyField.tsx
FN:23,(anonymous_0)
FN:25,(anonymous_1)
FNF:2
FNH:2
FNDA:5,(anonymous_0)
FNDA:5,(anonymous_1)
DA:23,7
DA:25,7
DA:33,5
DA:34,1
DA:37,4
DA:64,7
LF:6
LH:6
BRDA:23,0,0,5
BRDA:23,0,1,5
BRDA:23,0,2,5
BRDA:33,1,0,1
BRDA:33,1,1,4
BRDA:40,2,0,1
BRDA:40,2,1,3
BRDA:41,3,0,0
BRDA:41,3,1,4
BRDA:43,4,0,4
BRDA:43,4,1,1
BRDA:46,5,0,4
BRDA:46,5,1,0
BRF:13
BRH:11
end_of_record
TN:
SF:src\SelectField.tsx
FN:25,(anonymous_0)
FN:25,(anonymous_1)
FN:30,(anonymous_2)
FN:30,(anonymous_3)
FN:37,(anonymous_4)
FNF:5
FNH:1
FNDA:0,(anonymous_0)
FNDA:0,(anonymous_1)
FNDA:0,(anonymous_2)
FNDA:0,(anonymous_3)
FNDA:2,(anonymous_4)
DA:25,1
DA:30,0
DA:31,0
DA:32,0
DA:35,1
DA:37,1
DA:45,2
DA:57,1
LF:8
LH:5
BRDA:31,0,0,0
BRDA:31,0,1,0
BRDA:48,1,0,0
BRDA:48,1,1,2
BRF:4
BRH:1
end_of_record
TN:
SF:src\TextAreaField.tsx
FN:26,(anonymous_0)
FN:35,(anonymous_1)
FN:60,(anonymous_2)
FN:78,(anonymous_3)
FNF:4
FNH:2
FNDA:1,(anonymous_0)
FNDA:0,(anonymous_1)
FNDA:2,(anonymous_2)
FNDA:0,(anonymous_3)
DA:26,1
DA:32,1
DA:36,0
DA:46,1
DA:60,1
DA:67,2
DA:78,0
DA:82,1
LF:8
LH:6
BRDA:32,0,0,0
BRDA:32,0,1,1
BRDA:33,1,0,1
BRDA:33,1,1,0
BRDA:70,2,0,1
BRDA:70,2,1,1
BRF:6
BRH:4
end_of_record
TN:
SF:src\label.less
FNF:0
FNH:0
DA:1,12
LF:1
LH:1
BRF:0
BRH:0
end_of_record
TN:
SF:src\optionGrid.less
FNF:0
FNH:0
DA:1,1
LF:1
LH:1
BRF:0
BRH:0
end_of_record
TN:
SF:src\periodFieldArray.less
FNF:0
FNH:0
DA:1,1
LF:1
LH:1
BRF:0
BRH:0
end_of_record
TN:
SF:src\radioGroupField.less
FNF:0
FNH:0
DA:1,1
LF:1
LH:1
BRF:0
BRH:0
end_of_record
TN:
SF:src\readOnlyField.less
FNF:0
FNH:0
DA:1,7
LF:1
LH:1
BRF:0
BRH:0
end_of_record
TN:
SF:src\renderNavField.tsx
FN:7,(anonymous_0)
FN:21,(anonymous_1)
FN:22,(anonymous_2)
FNF:3
FNH:3
FNDA:22,(anonymous_0)
FNDA:9,(anonymous_1)
FNDA:22,(anonymous_2)
DA:7,9
DA:8,22
DA:9,1
DA:11,21
DA:21,9
DA:22,9
DA:31,22
DA:32,22
DA:33,22
DA:34,0
DA:36,22
DA:42,22
DA:47,9
DA:53,9
LF:14
LH:13
BRDA:8,0,0,1
BRDA:8,0,1,21
BRDA:8,1,0,22
BRDA:8,1,1,1
BRDA:32,2,0,22
BRDA:32,2,1,22
BRDA:32,2,2,22
BRDA:33,3,0,0
BRDA:33,3,1,22
BRDA:33,4,0,22
BRDA:33,4,1,0
BRDA:33,4,2,0
BRDA:42,5,0,0
BRDA:42,5,1,22
BRF:14
BRH:10
end_of_record
TN:
SF:src\textAreaField.less
FNF:0
FNH:0
DA:1,1
LF:1
LH:1
BRF:0
BRH:0
end_of_record
TN:
SF:src\pure\FieldError.tsx
FN:8,(anonymous_0)
FNF:1
FNH:0
FNDA:0,(anonymous_0)
DA:8,1
LF:1
LH:1
BRF:0
BRH:0
end_of_record
TN:
SF:src\pure\PureDatepicker.tsx
FN:27,(anonymous_0)
FNF:1
FNH:1
FNDA:1,(anonymous_0)
DA:27,1
DA:40,1
DA:45,1
LF:3
LH:3
BRDA:41,0,0,0
BRDA:41,0,1,1
BRDA:47,1,0,1
BRDA:47,1,1,1
BRDA:61,2,0,1
BRDA:61,2,1,0
BRF:6
BRH:4
end_of_record
TN:
SF:src\pure\datepicker.less
FNF:0
FNH:0
DA:1,1
LF:1
LH:1
BRF:0
BRH:0
end_of_record
TN:
SF:src\pure\fieldError.less
FNF:0
FNH:0
DA:1,1
LF:1
LH:1
BRF:0
BRH:0
end_of_record
