<?xml version="1.0" encoding="UTF-8"?>
<coverage generated="1649150429737" clover="3.2.0">
  <project timestamp="1649150429737" name="All files">
    <metrics statements="1274" coveredstatements="1001" conditionals="958" coveredconditionals="561" methods="395" coveredmethods="307" elements="2627" coveredelements="1869" complexity="0" loc="1274" ncloc="1274" packages="16" files="46" classes="46"/>
    <package name="src">
      <metrics statements="109" coveredstatements="109" conditionals="14" coveredconditionals="14" methods="28" coveredmethods="28"/>
      <file name="BeregningsgrunnlagProsessIndex.stories.tsx" path="C:\develop\ft-frontend-saksbehandling\packages\prosess-beregningsgrunnlag\src\BeregningsgrunnlagProsessIndex.stories.tsx">
        <metrics statements="106" coveredstatements="106" conditionals="14" coveredconditionals="14" methods="27" coveredmethods="27"/>
        <line num="20" count="1" type="stmt"/>
        <line num="22" count="90" type="stmt"/>
        <line num="23" count="15" type="stmt"/>
        <line num="25" count="1" type="stmt"/>
        <line num="26" count="1" type="stmt"/>
        <line num="30" count="1" type="stmt"/>
        <line num="35" count="8" type="stmt"/>
        <line num="51" count="8" type="stmt"/>
        <line num="66" count="1" type="stmt"/>
        <line num="67" count="8" type="stmt"/>
        <line num="85" count="14" type="stmt"/>
        <line num="95" count="25" type="stmt"/>
        <line num="100" count="1" type="stmt"/>
        <line num="124" count="1" type="stmt"/>
        <line num="130" count="37" type="stmt"/>
        <line num="146" count="19" type="stmt"/>
        <line num="148" count="1" type="stmt"/>
        <line num="153" count="30" type="stmt"/>
        <line num="170" count="2" type="stmt"/>
        <line num="172" count="7" type="stmt"/>
        <line num="188" count="7" type="stmt"/>
        <line num="201" count="1" type="stmt"/>
        <line num="202" count="11" type="stmt"/>
        <line num="203" count="11" type="stmt"/>
        <line num="206" count="1" type="stmt"/>
        <line num="212" count="31" type="stmt"/>
        <line num="225" count="22" type="stmt"/>
        <line num="227" count="1" type="stmt"/>
        <line num="232" count="19" type="stmt"/>
        <line num="242" count="12" type="stmt"/>
        <line num="243" count="7" type="stmt"/>
        <line num="256" count="12" type="stmt"/>
        <line num="261" count="12" type="stmt"/>
        <line num="266" count="12" type="stmt"/>
        <line num="271" count="12" type="stmt"/>
        <line num="277" count="1" type="stmt"/>
        <line num="278" count="1" type="stmt"/>
        <line num="279" count="1" type="stmt"/>
        <line num="280" count="1" type="stmt"/>
        <line num="281" count="1" type="stmt"/>
        <line num="282" count="1" type="stmt"/>
        <line num="283" count="1" type="stmt"/>
        <line num="284" count="1" type="stmt"/>
        <line num="285" count="1" type="stmt"/>
        <line num="286" count="1" type="stmt"/>
        <line num="287" count="1" type="stmt"/>
        <line num="288" count="1" type="stmt"/>
        <line num="289" count="1" type="stmt"/>
        <line num="290" count="1" type="stmt"/>
        <line num="291" count="1" type="stmt"/>
        <line num="296" count="1" type="stmt"/>
        <line num="302" count="22" type="stmt"/>
        <line num="324" count="22" type="stmt"/>
        <line num="338" count="1" type="stmt"/>
        <line num="345" count="6" type="stmt"/>
        <line num="358" count="6" type="stmt"/>
        <line num="362" count="1" type="stmt"/>
        <line num="363" count="1" type="stmt"/>
        <line num="372" count="1" type="stmt"/>
        <line num="373" count="1" type="stmt"/>
        <line num="382" count="1" type="stmt"/>
        <line num="383" count="1" type="stmt"/>
        <line num="392" count="1" type="stmt"/>
        <line num="393" count="1" type="stmt"/>
        <line num="402" count="1" type="stmt"/>
        <line num="403" count="1" type="stmt"/>
        <line num="413" count="1" type="stmt"/>
        <line num="414" count="1" type="stmt"/>
        <line num="422" count="1" type="stmt"/>
        <line num="423" count="1" type="stmt"/>
        <line num="432" count="1" type="stmt"/>
        <line num="433" count="1" type="stmt"/>
        <line num="455" count="1" type="stmt"/>
        <line num="456" count="1" type="stmt"/>
        <line num="471" count="1" type="stmt"/>
        <line num="472" count="1" type="stmt"/>
        <line num="482" count="1" type="stmt"/>
        <line num="483" count="1" type="stmt"/>
        <line num="508" count="1" type="stmt"/>
        <line num="509" count="1" type="stmt"/>
        <line num="517" count="1" type="stmt"/>
        <line num="518" count="1" type="stmt"/>
        <line num="534" count="1" type="stmt"/>
        <line num="535" count="1" type="stmt"/>
        <line num="545" count="1" type="stmt"/>
        <line num="546" count="1" type="stmt"/>
        <line num="560" count="1" type="stmt"/>
        <line num="561" count="1" type="stmt"/>
        <line num="570" count="1" type="stmt"/>
        <line num="571" count="1" type="stmt"/>
        <line num="580" count="1" type="stmt"/>
        <line num="581" count="1" type="stmt"/>
        <line num="590" count="1" type="stmt"/>
        <line num="591" count="1" type="stmt"/>
        <line num="600" count="1" type="stmt"/>
        <line num="601" count="1" type="stmt"/>
        <line num="610" count="1" type="stmt"/>
        <line num="611" count="1" type="stmt"/>
        <line num="620" count="1" type="stmt"/>
        <line num="621" count="1" type="stmt"/>
        <line num="631" count="1" type="stmt"/>
        <line num="632" count="1" type="stmt"/>
        <line num="641" count="1" type="stmt"/>
        <line num="642" count="1" type="stmt"/>
        <line num="652" count="1" type="stmt"/>
        <line num="653" count="1" type="stmt"/>
      </file>
      <file name="BeregningsgrunnlagProsessIndex.tsx" path="C:\develop\ft-frontend-saksbehandling\packages\prosess-beregningsgrunnlag\src\BeregningsgrunnlagProsessIndex.tsx">
        <metrics statements="3" coveredstatements="3" conditionals="0" coveredconditionals="0" methods="1" coveredmethods="1"/>
        <line num="10" count="1" type="stmt"/>
        <line num="17" count="1" type="stmt"/>
        <line num="29" count="6" type="stmt"/>
      </file>
    </package>
    <package name="src.components">
      <metrics statements="26" coveredstatements="24" conditionals="18" coveredconditionals="12" methods="18" coveredmethods="17"/>
      <file name="BeregningFP.tsx" path="C:\develop\ft-frontend-saksbehandling\packages\prosess-beregningsgrunnlag\src\components\BeregningFP.tsx">
        <metrics statements="26" coveredstatements="24" conditionals="18" coveredconditionals="12" methods="18" coveredmethods="17"/>
        <line num="30" count="1" type="stmt"/>
        <line num="31" count="0" type="stmt"/>
        <line num="49" count="6" type="cond" truecount="1" falsecount="1"/>
        <line num="50" count="4" type="stmt"/>
        <line num="53" count="6" type="cond" truecount="1" falsecount="1"/>
        <line num="54" count="6" type="stmt"/>
        <line num="55" count="6" type="stmt"/>
        <line num="56" count="6" type="stmt"/>
        <line num="57" count="6" type="stmt"/>
        <line num="58" count="6" type="stmt"/>
        <line num="59" count="6" type="stmt"/>
        <line num="60" count="6" type="stmt"/>
        <line num="62" count="6" type="cond" truecount="2" falsecount="0"/>
        <line num="63" count="6" type="stmt"/>
        <line num="66" count="6" type="cond" truecount="1" falsecount="1"/>
        <line num="67" count="6" type="cond" truecount="2" falsecount="0"/>
        <line num="70" count="6" type="cond" truecount="1" falsecount="1"/>
        <line num="71" count="4" type="stmt"/>
        <line num="93" count="1" type="stmt"/>
        <line num="105" count="6" type="cond" truecount="1" falsecount="1"/>
        <line num="106" count="0" type="stmt"/>
        <line num="108" count="6" type="stmt"/>
        <line num="109" count="6" type="stmt"/>
        <line num="110" count="6" type="stmt"/>
        <line num="111" count="6" type="stmt"/>
        <line num="112" count="6" type="stmt"/>
      </file>
    </package>
    <package name="src.components.arbeidstaker">
      <metrics statements="310" coveredstatements="294" conditionals="160" coveredconditionals="106" methods="100" coveredmethods="97"/>
      <file name="AksjonspunktBehandlerAT.tsx" path="C:\develop\ft-frontend-saksbehandling\packages\prosess-beregningsgrunnlag\src\components\arbeidstaker\AksjonspunktBehandlerAT.tsx">
        <metrics statements="30" coveredstatements="27" conditionals="20" coveredconditionals="11" methods="11" coveredmethods="11"/>
        <line num="27" count="1" type="stmt"/>
        <line num="28" count="9" type="cond" truecount="2" falsecount="2"/>
        <line num="29" count="0" type="stmt"/>
        <line num="32" count="9" type="cond" truecount="2" falsecount="0"/>
        <line num="35" count="1" type="stmt"/>
        <line num="36" count="9" type="cond" truecount="1" falsecount="1"/>
        <line num="37" count="0" type="stmt"/>
        <line num="39" count="9" type="stmt"/>
        <line num="40" count="9" type="stmt"/>
        <line num="41" count="9" type="stmt"/>
        <line num="42" count="9" type="stmt"/>
        <line num="45" count="1" type="stmt"/>
        <line num="48" count="8" type="stmt"/>
        <line num="49" count="8" type="cond" truecount="1" falsecount="1"/>
        <line num="50" count="0" type="cond" truecount="0" falsecount="2"/>
        <line num="52" count="8" type="stmt"/>
        <line num="55" count="1" type="stmt"/>
        <line num="58" count="8" type="stmt"/>
        <line num="59" count="8" type="stmt"/>
        <line num="90" count="1" type="stmt"/>
        <line num="96" count="8" type="stmt"/>
        <line num="97" count="8" type="stmt"/>
        <line num="98" count="8" type="stmt"/>
        <line num="105" count="1" type="stmt"/>
        <line num="108" count="1" type="stmt"/>
        <line num="109" count="1" type="cond" truecount="1" falsecount="1"/>
        <line num="110" count="1" type="stmt"/>
        <line num="112" count="1" type="stmt"/>
        <line num="113" count="1" type="stmt"/>
        <line num="119" count="1" type="stmt"/>
      </file>
      <file name="AksjonspunktBehandlerTB.tsx" path="C:\develop\ft-frontend-saksbehandling\packages\prosess-beregningsgrunnlag\src\components\arbeidstaker\AksjonspunktBehandlerTB.tsx">
        <metrics statements="140" coveredstatements="137" conditionals="38" coveredconditionals="24" methods="45" coveredmethods="43"/>
        <line num="39" count="1" type="stmt"/>
        <line num="45" count="1" type="stmt"/>
        <line num="47" count="10" type="cond" truecount="2" falsecount="0"/>
        <line num="48" count="10" type="cond" truecount="1" falsecount="1"/>
        <line num="51" count="34" type="cond" truecount="2" falsecount="0"/>
        <line num="52" count="31" type="stmt"/>
        <line num="55" count="1" type="stmt"/>
        <line num="56" count="59" type="stmt"/>
        <line num="57" count="59" type="stmt"/>
        <line num="58" count="59" type="stmt"/>
        <line num="59" count="90" type="stmt"/>
        <line num="60" count="90" type="stmt"/>
        <line num="61" count="90" type="cond" truecount="2" falsecount="0"/>
        <line num="62" count="3" type="stmt"/>
        <line num="64" count="90" type="stmt"/>
        <line num="65" count="90" type="stmt"/>
        <line num="67" count="59" type="stmt"/>
        <line num="71" count="1" type="stmt"/>
        <line num="72" count="72" type="cond" truecount="1" falsecount="1"/>
        <line num="73" count="0" type="stmt"/>
        <line num="75" count="72" type="stmt"/>
        <line num="78" count="32" type="stmt"/>
        <line num="79" count="32" type="stmt"/>
        <line num="80" count="32" type="stmt"/>
        <line num="82" count="1" type="stmt"/>
        <line num="83" count="40" type="stmt"/>
        <line num="84" count="40" type="cond" truecount="1" falsecount="1"/>
        <line num="85" count="0" type="cond" truecount="0" falsecount="2"/>
        <line num="87" count="40" type="stmt"/>
        <line num="91" count="1" type="stmt"/>
        <line num="93" count="10" type="stmt"/>
        <line num="94" count="10" type="stmt"/>
        <line num="95" count="10" type="stmt"/>
        <line num="96" count="10" type="stmt"/>
        <line num="98" count="10" type="stmt"/>
        <line num="102" count="40" type="stmt"/>
        <line num="109" count="1" type="stmt"/>
        <line num="112" count="10" type="stmt"/>
        <line num="113" count="10" type="cond" truecount="1" falsecount="1"/>
        <line num="114" count="0" type="cond" truecount="0" falsecount="2"/>
        <line num="116" count="10" type="stmt"/>
        <line num="122" count="1" type="stmt"/>
        <line num="125" count="10" type="stmt"/>
        <line num="126" count="10" type="stmt"/>
        <line num="127" count="10" type="stmt"/>
        <line num="128" count="10" type="stmt"/>
        <line num="129" count="10" type="stmt"/>
        <line num="130" count="10" type="stmt"/>
        <line num="131" count="10" type="stmt"/>
        <line num="132" count="10" type="cond" truecount="1" falsecount="1"/>
        <line num="134" count="10" type="stmt"/>
        <line num="135" count="10" type="stmt"/>
        <line num="136" count="10" type="stmt"/>
        <line num="137" count="10" type="stmt"/>
        <line num="139" count="10" type="stmt"/>
        <line num="142" count="1" type="stmt"/>
        <line num="146" count="10" type="stmt"/>
        <line num="147" count="10" type="stmt"/>
        <line num="148" count="10" type="stmt"/>
        <line num="151" count="10" type="stmt"/>
        <line num="152" count="20" type="stmt"/>
        <line num="153" count="20" type="stmt"/>
        <line num="154" count="20" type="stmt"/>
        <line num="155" count="20" type="stmt"/>
        <line num="156" count="20" type="stmt"/>
        <line num="157" count="20" type="cond" truecount="3" falsecount="1"/>
        <line num="158" count="20" type="stmt"/>
        <line num="159" count="20" type="stmt"/>
        <line num="160" count="20" type="stmt"/>
        <line num="161" count="20" type="stmt"/>
        <line num="162" count="20" type="stmt"/>
        <line num="165" count="10" type="stmt"/>
        <line num="168" count="1" type="stmt"/>
        <line num="169" count="10" type="stmt"/>
        <line num="176" count="20" type="stmt"/>
        <line num="183" count="1" type="stmt"/>
        <line num="184" count="10" type="stmt"/>
        <line num="187" count="20" type="stmt"/>
        <line num="188" count="20" type="stmt"/>
        <line num="198" count="1" type="stmt"/>
        <line num="202" count="10" type="stmt"/>
        <line num="203" count="10" type="stmt"/>
        <line num="204" count="10" type="stmt"/>
        <line num="208" count="20" type="stmt"/>
        <line num="223" count="10" type="stmt"/>
        <line num="224" count="10" type="stmt"/>
        <line num="225" count="10" type="stmt"/>
        <line num="228" count="30" type="cond" truecount="2" falsecount="0"/>
        <line num="229" count="10" type="stmt"/>
        <line num="237" count="20" type="stmt"/>
        <line num="257" count="10" type="stmt"/>
        <line num="258" count="10" type="stmt"/>
        <line num="260" count="10" type="stmt"/>
        <line num="263" count="1" type="stmt"/>
        <line num="264" count="10" type="stmt"/>
        <line num="265" count="10" type="cond" truecount="1" falsecount="1"/>
        <line num="279" count="1" type="stmt"/>
        <line num="280" count="10" type="stmt"/>
        <line num="281" count="10" type="stmt"/>
        <line num="282" count="10" type="stmt"/>
        <line num="283" count="10" type="stmt"/>
        <line num="284" count="10" type="stmt"/>
        <line num="285" count="10" type="stmt"/>
        <line num="290" count="10" type="stmt"/>
        <line num="291" count="20" type="stmt"/>
        <line num="292" count="20" type="stmt"/>
        <line num="293" count="20" type="stmt"/>
        <line num="294" count="20" type="stmt"/>
        <line num="295" count="20" type="stmt"/>
        <line num="296" count="20" type="cond" truecount="4" falsecount="0"/>
        <line num="298" count="20" type="stmt"/>
        <line num="299" count="20" type="stmt"/>
        <line num="304" count="10" type="stmt"/>
        <line num="316" count="1" type="stmt"/>
        <line num="319" count="10" type="stmt"/>
        <line num="320" count="10" type="stmt"/>
        <line num="321" count="10" type="stmt"/>
        <line num="322" count="10" type="stmt"/>
        <line num="323" count="10" type="stmt"/>
        <line num="324" count="10" type="stmt"/>
        <line num="333" count="1" type="stmt"/>
        <line num="334" count="38" type="stmt"/>
        <line num="335" count="38" type="stmt"/>
        <line num="336" count="38" type="stmt"/>
        <line num="337" count="48" type="stmt"/>
        <line num="338" count="48" type="stmt"/>
        <line num="339" count="48" type="stmt"/>
        <line num="340" count="30" type="cond" truecount="1" falsecount="1"/>
        <line num="343" count="38" type="stmt"/>
        <line num="346" count="1" type="stmt"/>
        <line num="348" count="1" type="stmt"/>
        <line num="349" count="1" type="stmt"/>
        <line num="350" count="1" type="stmt"/>
        <line num="351" count="2" type="stmt"/>
        <line num="352" count="2" type="stmt"/>
        <line num="353" count="2" type="stmt"/>
        <line num="354" count="2" type="stmt"/>
        <line num="355" count="2" type="stmt"/>
        <line num="360" count="2" type="stmt"/>
        <line num="366" count="1" type="stmt"/>
      </file>
      <file name="AvvikopplysningerAT.tsx" path="C:\develop\ft-frontend-saksbehandling\packages\prosess-beregningsgrunnlag\src\components\arbeidstaker\AvvikopplysningerAT.tsx">
        <metrics statements="18" coveredstatements="16" conditionals="24" coveredconditionals="13" methods="3" coveredmethods="2"/>
        <line num="13" count="1" type="stmt"/>
        <line num="14" count="0" type="stmt"/>
        <line num="34" count="1" type="stmt"/>
        <line num="39" count="20" type="cond" truecount="1" falsecount="3"/>
        <line num="43" count="20" type="cond" truecount="1" falsecount="3"/>
        <line num="47" count="20" type="cond" truecount="3" falsecount="1"/>
        <line num="48" count="0" type="stmt"/>
        <line num="50" count="20" type="cond" truecount="2" falsecount="0"/>
        <line num="51" count="19" type="cond" truecount="2" falsecount="0"/>
        <line num="54" count="20" type="cond" truecount="2" falsecount="0"/>
        <line num="55" count="1" type="stmt"/>
        <line num="57" count="19" type="stmt"/>
        <line num="58" count="19" type="cond" truecount="2" falsecount="0"/>
        <line num="59" count="19" type="stmt"/>
        <line num="60" count="19" type="stmt"/>
        <line num="61" count="19" type="stmt"/>
        <line num="66" count="19" type="stmt"/>
        <line num="77" count="1" type="stmt"/>
      </file>
      <file name="GrunnlagForAarsinntektPanelAT.tsx" path="C:\develop\ft-frontend-saksbehandling\packages\prosess-beregningsgrunnlag\src\components\arbeidstaker\GrunnlagForAarsinntektPanelAT.tsx">
        <metrics statements="54" coveredstatements="48" conditionals="50" coveredconditionals="35" methods="13" coveredmethods="13"/>
        <line num="28" count="1" type="stmt"/>
        <line num="30" count="91" type="cond" truecount="2" falsecount="2"/>
        <line num="31" count="0" type="stmt"/>
        <line num="35" count="91" type="cond" truecount="2" falsecount="0"/>
        <line num="38" count="1" type="stmt"/>
        <line num="39" count="58" type="cond" truecount="1" falsecount="1"/>
        <line num="40" count="0" type="stmt"/>
        <line num="42" count="58" type="stmt"/>
        <line num="43" count="40" type="stmt"/>
        <line num="44" count="40" type="stmt"/>
        <line num="47" count="1" type="stmt"/>
        <line num="48" count="20" type="stmt"/>
        <line num="50" count="20" type="cond" truecount="3" falsecount="1"/>
        <line num="51" count="20" type="stmt"/>
        <line num="53" count="20" type="cond" truecount="3" falsecount="1"/>
        <line num="54" count="20" type="stmt"/>
        <line num="55" count="20" type="stmt"/>
        <line num="57" count="20" type="stmt"/>
        <line num="60" count="1" type="stmt"/>
        <line num="62" count="20" type="stmt"/>
        <line num="63" count="20" type="cond" truecount="3" falsecount="1"/>
        <line num="64" count="20" type="stmt"/>
        <line num="66" count="20" type="cond" truecount="3" falsecount="1"/>
        <line num="67" count="20" type="stmt"/>
        <line num="69" count="20" type="cond" truecount="1" falsecount="1"/>
        <line num="70" count="20" type="stmt"/>
        <line num="72" count="0" type="stmt"/>
        <line num="75" count="1" type="stmt"/>
        <line num="78" count="40" type="stmt"/>
        <line num="79" count="40" type="cond" truecount="1" falsecount="1"/>
        <line num="80" count="0" type="cond" truecount="0" falsecount="2"/>
        <line num="82" count="40" type="stmt"/>
        <line num="85" count="1" type="stmt"/>
        <line num="88" count="20" type="stmt"/>
        <line num="89" count="20" type="cond" truecount="1" falsecount="1"/>
        <line num="90" count="20" type="stmt"/>
        <line num="91" count="20" type="stmt"/>
        <line num="92" count="20" type="stmt"/>
        <line num="143" count="20" type="cond" truecount="1" falsecount="1"/>
        <line num="145" count="0" type="stmt"/>
        <line num="170" count="0" type="stmt"/>
        <line num="172" count="20" type="stmt"/>
        <line num="192" count="1" type="stmt"/>
        <line num="198" count="20" type="stmt"/>
        <line num="199" count="20" type="stmt"/>
        <line num="200" count="20" type="cond" truecount="3" falsecount="1"/>
        <line num="201" count="20" type="stmt"/>
        <line num="235" count="1" type="stmt"/>
        <line num="239" count="1" type="stmt"/>
        <line num="240" count="38" type="stmt"/>
        <line num="241" count="38" type="stmt"/>
        <line num="242" count="38" type="stmt"/>
        <line num="243" count="20" type="stmt"/>
        <line num="245" count="38" type="stmt"/>
      </file>
      <file name="NaturalytelsePanel.tsx" path="C:\develop\ft-frontend-saksbehandling\packages\prosess-beregningsgrunnlag\src\components\arbeidstaker\NaturalytelsePanel.tsx">
        <metrics statements="68" coveredstatements="66" conditionals="28" coveredconditionals="23" methods="28" coveredmethods="28"/>
        <line num="28" count="8" type="cond" truecount="1" falsecount="1"/>
        <line num="32" count="1" type="stmt"/>
        <line num="34" count="4" type="stmt"/>
        <line num="35" count="4" type="stmt"/>
        <line num="38" count="1" type="stmt"/>
        <line num="39" count="4" type="stmt"/>
        <line num="40" count="4" type="stmt"/>
        <line num="41" count="4" type="stmt"/>
        <line num="42" count="4" type="stmt"/>
        <line num="49" count="12" type="stmt"/>
        <line num="51" count="1" type="stmt"/>
        <line num="53" count="4" type="cond" truecount="3" falsecount="1"/>
        <line num="54" count="0" type="stmt"/>
        <line num="56" count="4" type="stmt"/>
        <line num="57" count="4" type="stmt"/>
        <line num="58" count="8" type="stmt"/>
        <line num="59" count="8" type="stmt"/>
        <line num="60" count="4" type="stmt"/>
        <line num="62" count="4" type="cond" truecount="2" falsecount="0"/>
        <line num="63" count="1" type="stmt"/>
        <line num="67" count="4" type="stmt"/>
        <line num="70" count="1" type="stmt"/>
        <line num="71" count="4" type="stmt"/>
        <line num="72" count="4" type="stmt"/>
        <line num="73" count="4" type="stmt"/>
        <line num="74" count="4" type="stmt"/>
        <line num="77" count="1" type="stmt"/>
        <line num="78" count="1" type="stmt"/>
        <line num="79" count="1" type="stmt"/>
        <line num="80" count="4" type="stmt"/>
        <line num="81" count="4" type="cond" truecount="1" falsecount="1"/>
        <line num="82" count="4" type="stmt"/>
        <line num="90" count="1" type="stmt"/>
        <line num="93" count="1" type="stmt"/>
        <line num="94" count="1" type="cond" truecount="3" falsecount="1"/>
        <line num="95" count="0" type="stmt"/>
        <line num="97" count="3" type="stmt"/>
        <line num="98" count="1" type="stmt"/>
        <line num="99" count="1" type="stmt"/>
        <line num="100" count="1" type="stmt"/>
        <line num="101" count="4" type="cond" truecount="1" falsecount="1"/>
        <line num="102" count="13" type="cond" truecount="2" falsecount="0"/>
        <line num="103" count="4" type="cond" truecount="2" falsecount="0"/>
        <line num="104" count="3" type="stmt"/>
        <line num="105" count="3" type="stmt"/>
        <line num="111" count="3" type="stmt"/>
        <line num="114" count="1" type="stmt"/>
        <line num="115" count="1" type="stmt"/>
        <line num="124" count="1" type="stmt"/>
        <line num="127" count="1" type="stmt"/>
        <line num="129" count="4" type="stmt"/>
        <line num="130" count="4" type="stmt"/>
        <line num="131" count="1" type="stmt"/>
        <line num="133" count="1" type="stmt"/>
        <line num="134" count="4" type="stmt"/>
        <line num="136" count="4" type="cond" truecount="4" falsecount="0"/>
        <line num="139" count="1" type="stmt"/>
        <line num="140" count="4" type="cond" truecount="2" falsecount="0"/>
        <line num="141" count="3" type="stmt"/>
        <line num="143" count="1" type="stmt"/>
        <line num="146" count="1" type="stmt"/>
        <line num="147" count="1" type="stmt"/>
        <line num="154" count="4" type="stmt"/>
        <line num="175" count="1" type="stmt"/>
        <line num="176" count="20" type="stmt"/>
        <line num="177" count="20" type="cond" truecount="2" falsecount="0"/>
        <line num="178" count="19" type="stmt"/>
        <line num="180" count="1" type="stmt"/>
      </file>
    </package>
    <package name="src.components.beregningForm">
      <metrics statements="43" coveredstatements="39" conditionals="37" coveredconditionals="31" methods="17" coveredmethods="16"/>
      <file name="BeregningForm.tsx" path="C:\develop\ft-frontend-saksbehandling\packages\prosess-beregningsgrunnlag\src\components\beregningForm\BeregningForm.tsx">
        <metrics statements="43" coveredstatements="39" conditionals="37" coveredconditionals="31" methods="17" coveredmethods="16"/>
        <line num="46" count="1" type="stmt"/>
        <line num="53" count="1" type="stmt"/>
        <line num="58" count="38" type="cond" truecount="3" falsecount="1"/>
        <line num="59" count="0" type="stmt"/>
        <line num="62" count="38" type="stmt"/>
        <line num="64" count="1" type="stmt"/>
        <line num="66" count="38" type="cond" truecount="3" falsecount="1"/>
        <line num="67" count="0" type="stmt"/>
        <line num="69" count="38" type="stmt"/>
        <line num="70" count="38" type="stmt"/>
        <line num="71" count="38" type="stmt"/>
        <line num="72" count="38" type="stmt"/>
        <line num="73" count="38" type="stmt"/>
        <line num="74" count="38" type="stmt"/>
        <line num="84" count="14" type="cond" truecount="3" falsecount="0"/>
        <line num="86" count="14" type="stmt"/>
        <line num="88" count="1" type="stmt"/>
        <line num="92" count="4" type="stmt"/>
        <line num="93" count="4" type="cond" truecount="1" falsecount="1"/>
        <line num="95" count="4" type="stmt"/>
        <line num="96" count="4" type="cond" truecount="1" falsecount="1"/>
        <line num="97" count="0" type="stmt"/>
        <line num="99" count="4" type="cond" truecount="2" falsecount="0"/>
        <line num="100" count="1" type="stmt"/>
        <line num="102" count="3" type="cond" truecount="4" falsecount="0"/>
        <line num="104" count="2" type="stmt"/>
        <line num="106" count="1" type="cond" truecount="1" falsecount="1"/>
        <line num="107" count="1" type="stmt"/>
        <line num="109" count="0" type="stmt"/>
        <line num="112" count="38" type="cond" truecount="2" falsecount="0"/>
        <line num="116" count="38" type="stmt"/>
        <line num="118" count="38" type="stmt"/>
        <line num="119" count="38" type="stmt"/>
        <line num="146" count="1" type="stmt"/>
        <line num="162" count="38" type="stmt"/>
        <line num="163" count="38" type="stmt"/>
        <line num="167" count="38" type="stmt"/>
        <line num="168" count="38" type="stmt"/>
        <line num="170" count="38" type="stmt"/>
        <line num="171" count="38" type="stmt"/>
        <line num="172" count="38" type="cond" truecount="2" falsecount="0"/>
        <line num="173" count="38" type="stmt"/>
        <line num="176" count="4" type="stmt"/>
      </file>
    </package>
    <package name="src.components.beregningsgrunnlagPanel">
      <metrics statements="22" coveredstatements="21" conditionals="32" coveredconditionals="21" methods="8" coveredmethods="8"/>
      <file name="Beregningsgrunnlag.tsx" path="C:\develop\ft-frontend-saksbehandling\packages\prosess-beregningsgrunnlag\src\components\beregningsgrunnlagPanel\Beregningsgrunnlag.tsx">
        <metrics statements="21" coveredstatements="20" conditionals="32" coveredconditionals="21" methods="8" coveredmethods="8"/>
        <line num="37" count="1" type="stmt"/>
        <line num="42" count="1" type="stmt"/>
        <line num="44" count="38" type="cond" truecount="2" falsecount="0"/>
        <line num="45" count="36" type="cond" truecount="2" falsecount="0"/>
        <line num="49" count="1" type="stmt"/>
        <line num="50" count="38" type="cond" truecount="3" falsecount="1"/>
        <line num="51" count="38" type="stmt"/>
        <line num="53" count="0" type="stmt"/>
        <line num="56" count="1" type="stmt"/>
        <line num="64" count="38" type="stmt"/>
        <line num="156" count="1" type="stmt"/>
        <line num="165" count="38" type="stmt"/>
        <line num="166" count="38" type="stmt"/>
        <line num="180" count="1" type="stmt"/>
        <line num="186" count="1" type="stmt"/>
        <line num="187" count="38" type="stmt"/>
        <line num="188" count="38" type="stmt"/>
        <line num="193" count="1" type="stmt"/>
        <line num="195" count="1" type="stmt"/>
        <line num="202" count="1" type="stmt"/>
        <line num="203" count="1" type="stmt"/>
      </file>
      <file name="beregningsgrunnlag.less" path="C:\develop\ft-frontend-saksbehandling\packages\prosess-beregningsgrunnlag\src\components\beregningsgrunnlagPanel\beregningsgrunnlag.less">
        <metrics statements="1" coveredstatements="1" conditionals="0" coveredconditionals="0" methods="0" coveredmethods="0"/>
        <line num="1" count="1" type="stmt"/>
      </file>
    </package>
    <package name="src.components.beregningsresultatPanel">
      <metrics statements="297" coveredstatements="185" conditionals="253" coveredconditionals="142" methods="53" coveredmethods="38"/>
      <file name="BeregningsresultatTable.tsx" path="C:\develop\ft-frontend-saksbehandling\packages\prosess-beregningsgrunnlag\src\components\beregningsresultatPanel\BeregningsresultatTable.tsx">
        <metrics statements="246" coveredstatements="140" conditionals="195" coveredconditionals="92" methods="37" coveredmethods="26"/>
        <line num="21" count="1" type="stmt"/>
        <line num="23" count="1" type="stmt"/>
        <line num="24" count="51" type="cond" truecount="2" falsecount="0"/>
        <line num="25" count="41" type="stmt"/>
        <line num="27" count="10" type="stmt"/>
        <line num="29" count="10" type="stmt"/>
        <line num="32" count="1" type="stmt"/>
        <line num="33" count="51" type="cond" truecount="1" falsecount="1"/>
        <line num="34" count="51" type="cond" truecount="4" falsecount="0"/>
        <line num="35" count="5" type="stmt"/>
        <line num="37" count="46" type="cond" truecount="1" falsecount="1"/>
        <line num="38" count="0" type="stmt"/>
        <line num="40" count="46" type="stmt"/>
        <line num="43" count="1" type="stmt"/>
        <line num="44" count="0" type="cond" truecount="0" falsecount="2"/>
        <line num="45" count="0" type="cond" truecount="0" falsecount="2"/>
        <line num="46" count="0" type="stmt"/>
        <line num="48" count="0" type="cond" truecount="0" falsecount="2"/>
        <line num="49" count="0" type="stmt"/>
        <line num="51" count="0" type="cond" truecount="0" falsecount="2"/>
        <line num="52" count="0" type="stmt"/>
        <line num="53" count="0" type="cond" truecount="0" falsecount="2"/>
        <line num="54" count="0" type="stmt"/>
        <line num="57" count="0" type="stmt"/>
        <line num="60" count="408" type="stmt"/>
        <line num="61" count="408" type="stmt"/>
        <line num="62" count="51" type="stmt"/>
        <line num="64" count="1" type="stmt"/>
        <line num="65" count="51" type="stmt"/>
        <line num="71" count="1" type="stmt"/>
        <line num="72" count="5" type="cond" truecount="3" falsecount="1"/>
        <line num="73" count="0" type="stmt"/>
        <line num="75" count="5" type="stmt"/>
        <line num="76" count="5" type="stmt"/>
        <line num="77" count="5" type="cond" truecount="1" falsecount="1"/>
        <line num="79" count="5" type="stmt"/>
        <line num="82" count="1" type="stmt"/>
        <line num="83" count="18" type="stmt"/>
        <line num="85" count="18" type="stmt"/>
        <line num="86" count="18" type="cond" truecount="3" falsecount="1"/>
        <line num="87" count="0" type="cond" truecount="0" falsecount="4"/>
        <line num="88" count="0" type="stmt"/>
        <line num="89" count="0" type="stmt"/>
        <line num="91" count="0" type="stmt"/>
        <line num="93" count="18" type="cond" truecount="3" falsecount="1"/>
        <line num="94" count="18" type="stmt"/>
        <line num="96" count="0" type="cond" truecount="0" falsecount="4"/>
        <line num="98" count="18" type="cond" truecount="3" falsecount="1"/>
        <line num="99" count="18" type="stmt"/>
        <line num="107" count="1" type="stmt"/>
        <line num="109" count="33" type="stmt"/>
        <line num="110" count="33" type="stmt"/>
        <line num="111" count="33" type="cond" truecount="3" falsecount="1"/>
        <line num="112" count="0" type="cond" truecount="0" falsecount="2"/>
        <line num="113" count="0" type="cond" truecount="0" falsecount="2"/>
        <line num="114" count="0" type="stmt"/>
        <line num="116" count="0" type="stmt"/>
        <line num="118" count="33" type="cond" truecount="4" falsecount="0"/>
        <line num="119" count="28" type="stmt"/>
        <line num="121" count="5" type="stmt"/>
        <line num="123" count="33" type="stmt"/>
        <line num="130" count="1" type="stmt"/>
        <line num="132" count="0" type="stmt"/>
        <line num="133" count="0" type="stmt"/>
        <line num="134" count="0" type="cond" truecount="0" falsecount="4"/>
        <line num="135" count="0" type="cond" truecount="0" falsecount="4"/>
        <line num="136" count="0" type="stmt"/>
        <line num="137" count="0" type="stmt"/>
        <line num="139" count="0" type="stmt"/>
        <line num="141" count="0" type="cond" truecount="0" falsecount="4"/>
        <line num="142" count="0" type="stmt"/>
        <line num="144" count="0" type="cond" truecount="0" falsecount="4"/>
        <line num="146" count="0" type="stmt"/>
        <line num="147" count="0" type="stmt"/>
        <line num="154" count="1" type="stmt"/>
        <line num="155" count="408" type="stmt"/>
        <line num="163" count="408" type="stmt"/>
        <line num="164" count="408" type="stmt"/>
        <line num="165" count="408" type="cond" truecount="4" falsecount="0"/>
        <line num="166" count="357" type="stmt"/>
        <line num="168" count="51" type="stmt"/>
        <line num="169" count="51" type="cond" truecount="2" falsecount="0"/>
        <line num="170" count="33" type="stmt"/>
        <line num="171" count="33" type="stmt"/>
        <line num="172" count="33" type="stmt"/>
        <line num="173" count="33" type="stmt"/>
        <line num="174" count="18" type="cond" truecount="1" falsecount="1"/>
        <line num="175" count="18" type="stmt"/>
        <line num="176" count="18" type="stmt"/>
        <line num="177" count="18" type="stmt"/>
        <line num="178" count="18" type="stmt"/>
        <line num="179" count="18" type="stmt"/>
        <line num="181" count="0" type="stmt"/>
        <line num="182" count="0" type="stmt"/>
        <line num="183" count="0" type="stmt"/>
        <line num="184" count="0" type="stmt"/>
        <line num="186" count="51" type="cond" truecount="3" falsecount="2"/>
        <line num="187" count="51" type="stmt"/>
        <line num="189" count="51" type="stmt"/>
        <line num="190" count="51" type="stmt"/>
        <line num="191" count="51" type="stmt"/>
        <line num="194" count="1" type="stmt"/>
        <line num="195" count="0" type="cond" truecount="0" falsecount="4"/>
        <line num="196" count="0" type="stmt"/>
        <line num="198" count="0" type="stmt"/>
        <line num="201" count="1" type="stmt"/>
        <line num="202" count="0" type="cond" truecount="0" falsecount="4"/>
        <line num="203" count="0" type="stmt"/>
        <line num="205" count="0" type="stmt"/>
        <line num="208" count="1" type="stmt"/>
        <line num="212" count="0" type="stmt"/>
        <line num="217" count="0" type="stmt"/>
        <line num="223" count="0" type="stmt"/>
        <line num="224" count="0" type="cond" truecount="0" falsecount="4"/>
        <line num="225" count="0" type="stmt"/>
        <line num="226" count="0" type="stmt"/>
        <line num="227" count="0" type="stmt"/>
        <line num="229" count="0" type="cond" truecount="0" falsecount="2"/>
        <line num="230" count="0" type="stmt"/>
        <line num="233" count="0" type="cond" truecount="0" falsecount="2"/>
        <line num="234" count="0" type="stmt"/>
        <line num="236" count="0" type="stmt"/>
        <line num="237" count="0" type="stmt"/>
        <line num="239" count="0" type="stmt"/>
        <line num="240" count="0" type="stmt"/>
        <line num="242" count="1" type="stmt"/>
        <line num="246" count="0" type="stmt"/>
        <line num="251" count="0" type="stmt"/>
        <line num="256" count="0" type="stmt"/>
        <line num="261" count="0" type="stmt"/>
        <line num="262" count="0" type="cond" truecount="0" falsecount="2"/>
        <line num="263" count="0" type="stmt"/>
        <line num="264" count="0" type="stmt"/>
        <line num="265" count="0" type="stmt"/>
        <line num="268" count="0" type="cond" truecount="0" falsecount="2"/>
        <line num="270" count="0" type="stmt"/>
        <line num="272" count="0" type="stmt"/>
        <line num="274" count="0" type="stmt"/>
        <line num="275" count="0" type="stmt"/>
        <line num="276" count="0" type="stmt"/>
        <line num="279" count="1" type="stmt"/>
        <line num="283" count="0" type="stmt"/>
        <line num="288" count="0" type="stmt"/>
        <line num="293" count="0" type="stmt"/>
        <line num="298" count="0" type="cond" truecount="0" falsecount="2"/>
        <line num="299" count="0" type="stmt"/>
        <line num="300" count="0" type="stmt"/>
        <line num="301" count="0" type="stmt"/>
        <line num="303" count="0" type="stmt"/>
        <line num="304" count="0" type="stmt"/>
        <line num="305" count="0" type="stmt"/>
        <line num="308" count="1" type="stmt"/>
        <line num="312" count="0" type="stmt"/>
        <line num="317" count="0" type="stmt"/>
        <line num="322" count="0" type="stmt"/>
        <line num="328" count="0" type="cond" truecount="0" falsecount="2"/>
        <line num="329" count="0" type="stmt"/>
        <line num="330" count="0" type="stmt"/>
        <line num="331" count="0" type="stmt"/>
        <line num="333" count="0" type="stmt"/>
        <line num="334" count="0" type="stmt"/>
        <line num="335" count="0" type="stmt"/>
        <line num="338" count="1" type="stmt"/>
        <line num="343" count="51" type="stmt"/>
        <line num="348" count="51" type="stmt"/>
        <line num="353" count="51" type="stmt"/>
        <line num="358" count="51" type="stmt"/>
        <line num="363" count="51" type="stmt"/>
        <line num="368" count="51" type="stmt"/>
        <line num="373" count="51" type="stmt"/>
        <line num="378" count="51" type="stmt"/>
        <line num="384" count="51" type="cond" truecount="2" falsecount="2"/>
        <line num="385" count="51" type="cond" truecount="4" falsecount="0"/>
        <line num="386" count="51" type="cond" truecount="2" falsecount="2"/>
        <line num="387" count="51" type="cond" truecount="4" falsecount="0"/>
        <line num="388" count="51" type="cond" truecount="2" falsecount="2"/>
        <line num="389" count="51" type="cond" truecount="2" falsecount="2"/>
        <line num="390" count="51" type="cond" truecount="2" falsecount="2"/>
        <line num="391" count="51" type="cond" truecount="2" falsecount="2"/>
        <line num="393" count="51" type="cond" truecount="2" falsecount="0"/>
        <line num="394" count="4" type="stmt"/>
        <line num="400" count="4" type="stmt"/>
        <line num="401" count="4" type="cond" truecount="2" falsecount="0"/>
        <line num="405" count="4" type="cond" truecount="3" falsecount="1"/>
        <line num="406" count="4" type="stmt"/>
        <line num="407" count="4" type="stmt"/>
        <line num="408" count="4" type="stmt"/>
        <line num="412" count="1" type="stmt"/>
        <line num="413" count="51" type="cond" truecount="4" falsecount="0"/>
        <line num="414" count="24" type="cond" truecount="3" falsecount="1"/>
        <line num="415" count="0" type="cond" truecount="0" falsecount="4"/>
        <line num="416" count="0" type="stmt"/>
        <line num="419" count="51" type="cond" truecount="1" falsecount="1"/>
        <line num="421" count="1" type="stmt"/>
        <line num="422" count="51" type="cond" truecount="2" falsecount="2"/>
        <line num="423" count="0" type="stmt"/>
        <line num="425" count="51" type="stmt"/>
        <line num="428" count="1" type="stmt"/>
        <line num="429" count="51" type="cond" truecount="1" falsecount="1"/>
        <line num="430" count="0" type="stmt"/>
        <line num="432" count="51" type="cond" truecount="3" falsecount="0"/>
        <line num="437" count="1" type="stmt"/>
        <line num="443" count="51" type="stmt"/>
        <line num="444" count="38" type="cond" truecount="1" falsecount="1"/>
        <line num="446" count="0" type="stmt"/>
        <line num="448" count="38" type="stmt"/>
        <line num="449" count="38" type="stmt"/>
        <line num="450" count="38" type="stmt"/>
        <line num="451" count="51" type="stmt"/>
        <line num="452" count="51" type="stmt"/>
        <line num="458" count="51" type="stmt"/>
        <line num="463" count="51" type="stmt"/>
        <line num="468" count="51" type="stmt"/>
        <line num="472" count="51" type="stmt"/>
        <line num="473" count="51" type="stmt"/>
        <line num="474" count="51" type="stmt"/>
        <line num="475" count="51" type="stmt"/>
        <line num="476" count="51" type="cond" truecount="2" falsecount="0"/>
        <line num="477" count="27" type="stmt"/>
        <line num="479" count="51" type="stmt"/>
        <line num="480" count="51" type="stmt"/>
        <line num="481" count="51" type="stmt"/>
        <line num="482" count="51" type="cond" truecount="0" falsecount="2"/>
        <line num="483" count="51" type="stmt"/>
        <line num="484" count="51" type="cond" truecount="1" falsecount="4"/>
        <line num="486" count="0" type="stmt"/>
        <line num="487" count="0" type="stmt"/>
        <line num="490" count="0" type="stmt"/>
        <line num="491" count="0" type="stmt"/>
        <line num="494" count="0" type="stmt"/>
        <line num="495" count="0" type="stmt"/>
        <line num="498" count="0" type="stmt"/>
        <line num="499" count="0" type="stmt"/>
        <line num="502" count="51" type="stmt"/>
        <line num="508" count="51" type="cond" truecount="2" falsecount="0"/>
        <line num="509" count="27" type="stmt"/>
        <line num="511" count="51" type="stmt"/>
        <line num="512" count="51" type="cond" truecount="2" falsecount="0"/>
        <line num="513" count="47" type="stmt"/>
        <line num="515" count="51" type="cond" truecount="3" falsecount="1"/>
        <line num="516" count="0" type="stmt"/>
        <line num="519" count="51" type="stmt"/>
        <line num="531" count="38" type="stmt"/>
        <line num="550" count="1" type="stmt"/>
        <line num="553" count="38" type="stmt"/>
        <line num="555" count="38" type="stmt"/>
      </file>
      <file name="BeregningsresutatPanel.tsx" path="C:\develop\ft-frontend-saksbehandling\packages\prosess-beregningsgrunnlag\src\components\beregningsresultatPanel\BeregningsresutatPanel.tsx">
        <metrics statements="50" coveredstatements="44" conditionals="58" coveredconditionals="50" methods="16" coveredmethods="12"/>
        <line num="23" count="1" type="stmt"/>
        <line num="24" count="14" type="cond" truecount="5" falsecount="0"/>
        <line num="25" count="9" type="stmt"/>
        <line num="39" count="1" type="stmt"/>
        <line num="40" count="51" type="cond" truecount="1" falsecount="1"/>
        <line num="41" count="51" type="stmt"/>
        <line num="55" count="5" type="stmt"/>
        <line num="72" count="1" type="stmt"/>
        <line num="73" count="4" type="cond" truecount="1" falsecount="1"/>
        <line num="80" count="1" type="stmt"/>
        <line num="81" count="0" type="stmt"/>
        <line num="82" count="0" type="stmt"/>
        <line num="95" count="1" type="stmt"/>
        <line num="96" count="51" type="stmt"/>
        <line num="97" count="55" type="stmt"/>
        <line num="122" count="1" type="stmt"/>
        <line num="130" count="51" type="stmt"/>
        <line num="131" count="51" type="stmt"/>
        <line num="132" count="51" type="cond" truecount="3" falsecount="1"/>
        <line num="133" count="0" type="stmt"/>
        <line num="135" count="51" type="cond" truecount="3" falsecount="1"/>
        <line num="136" count="51" type="stmt"/>
        <line num="138" count="51" type="cond" truecount="2" falsecount="0"/>
        <line num="139" count="5" type="cond" truecount="2" falsecount="0"/>
        <line num="140" count="4" type="stmt"/>
        <line num="141" count="4" type="stmt"/>
        <line num="143" count="5" type="stmt"/>
        <line num="144" count="5" type="stmt"/>
        <line num="146" count="51" type="stmt"/>
        <line num="147" count="51" type="stmt"/>
        <line num="150" count="1" type="stmt"/>
        <line num="155" count="0" type="stmt"/>
        <line num="166" count="0" type="stmt"/>
        <line num="172" count="1" type="stmt"/>
        <line num="173" count="24" type="stmt"/>
        <line num="181" count="1" type="stmt"/>
        <line num="182" count="51" type="cond" truecount="3" falsecount="1"/>
        <line num="183" count="51" type="stmt"/>
        <line num="185" count="0" type="stmt"/>
        <line num="188" count="1" type="stmt"/>
        <line num="194" count="51" type="stmt"/>
        <line num="195" count="51" type="cond" truecount="2" falsecount="0"/>
        <line num="196" count="51" type="cond" truecount="2" falsecount="0"/>
        <line num="197" count="51" type="stmt"/>
        <line num="198" count="51" type="stmt"/>
        <line num="212" count="1" type="stmt"/>
        <line num="215" count="38" type="stmt"/>
        <line num="216" count="38" type="stmt"/>
        <line num="217" count="38" type="stmt"/>
        <line num="223" count="51" type="stmt"/>
      </file>
      <file name="beregningsresultatTable.less" path="C:\develop\ft-frontend-saksbehandling\packages\prosess-beregningsgrunnlag\src\components\beregningsresultatPanel\beregningsresultatTable.less">
        <metrics statements="1" coveredstatements="1" conditionals="0" coveredconditionals="0" methods="0" coveredmethods="0"/>
        <line num="1" count="1" type="stmt"/>
      </file>
    </package>
    <package name="src.components.besteberegning">
      <metrics statements="14" coveredstatements="7" conditionals="12" coveredconditionals="0" methods="11" coveredmethods="0"/>
      <file name="BesteberegningResultatGrunnlagPanel.tsx" path="C:\develop\ft-frontend-saksbehandling\packages\prosess-beregningsgrunnlag\src\components\besteberegning\BesteberegningResultatGrunnlagPanel.tsx">
        <metrics statements="14" coveredstatements="7" conditionals="12" coveredconditionals="0" methods="11" coveredmethods="0"/>
        <line num="22" count="1" type="cond" truecount="0" falsecount="2"/>
        <line num="24" count="1" type="cond" truecount="0" falsecount="2"/>
        <line num="26" count="1" type="stmt"/>
        <line num="27" count="0" type="stmt"/>
        <line num="29" count="1" type="stmt"/>
        <line num="30" count="0" type="stmt"/>
        <line num="33" count="1" type="stmt"/>
        <line num="35" count="1" type="stmt"/>
        <line num="55" count="1" type="stmt"/>
        <line num="59" count="0" type="cond" truecount="0" falsecount="4"/>
        <line num="60" count="0" type="stmt"/>
        <line num="62" count="0" type="stmt"/>
        <line num="63" count="0" type="stmt"/>
        <line num="64" count="0" type="stmt"/>
      </file>
    </package>
    <package name="src.components.fellesPaneler">
      <metrics statements="218" coveredstatements="147" conditionals="199" coveredconditionals="114" methods="87" coveredmethods="51"/>
      <file name="AksjonspunktBehandler.tsx" path="C:\develop\ft-frontend-saksbehandling\packages\prosess-beregningsgrunnlag\src\components\fellesPaneler\AksjonspunktBehandler.tsx">
        <metrics statements="47" coveredstatements="43" conditionals="64" coveredconditionals="49" methods="17" coveredmethods="16"/>
        <line num="37" count="1" type="stmt"/>
        <line num="38" count="1" type="stmt"/>
        <line num="40" count="1" type="stmt"/>
        <line num="41" count="36" type="cond" truecount="3" falsecount="1"/>
        <line num="42" count="36" type="stmt"/>
        <line num="44" count="0" type="stmt"/>
        <line num="46" count="18" type="cond" truecount="2" falsecount="0"/>
        <line num="47" count="1" type="stmt"/>
        <line num="48" count="18" type="cond" truecount="1" falsecount="1"/>
        <line num="49" count="0" type="stmt"/>
        <line num="51" count="18" type="stmt"/>
        <line num="54" count="18" type="stmt"/>
        <line num="55" count="28" type="cond" truecount="2" falsecount="0"/>
        <line num="56" count="10" type="stmt"/>
        <line num="58" count="1" type="stmt"/>
        <line num="61" count="18" type="stmt"/>
        <line num="62" count="18" type="stmt"/>
        <line num="63" count="18" type="cond" truecount="2" falsecount="0"/>
        <line num="65" count="18" type="cond" truecount="1" falsecount="1"/>
        <line num="66" count="0" type="stmt"/>
        <line num="68" count="18" type="stmt"/>
        <line num="69" count="18" type="cond" truecount="2" falsecount="0"/>
        <line num="70" count="18" type="cond" truecount="2" falsecount="0"/>
        <line num="71" count="18" type="stmt"/>
        <line num="103" count="1" type="stmt"/>
        <line num="110" count="18" type="stmt"/>
        <line num="111" count="18" type="stmt"/>
        <line num="112" count="18" type="stmt"/>
        <line num="113" count="18" type="cond" truecount="2" falsecount="0"/>
        <line num="115" count="18" type="stmt"/>
        <line num="116" count="18" type="cond" truecount="2" falsecount="0"/>
        <line num="118" count="18" type="cond" truecount="1" falsecount="1"/>
        <line num="119" count="18" type="cond" truecount="2" falsecount="0"/>
        <line num="120" count="18" type="stmt"/>
        <line num="189" count="1" type="stmt"/>
        <line num="201" count="36" type="stmt"/>
        <line num="202" count="36" type="cond" truecount="3" falsecount="1"/>
        <line num="203" count="0" type="stmt"/>
        <line num="206" count="36" type="stmt"/>
        <line num="217" count="36" type="cond" truecount="2" falsecount="0"/>
        <line num="218" count="18" type="stmt"/>
        <line num="229" count="18" type="stmt"/>
        <line num="232" count="18" type="stmt"/>
        <line num="233" count="18" type="stmt"/>
        <line num="234" count="18" type="stmt"/>
        <line num="266" count="1" type="stmt"/>
        <line num="270" count="1" type="stmt"/>
      </file>
      <file name="AksjonspunktTittel.tsx" path="C:\develop\ft-frontend-saksbehandling\packages\prosess-beregningsgrunnlag\src\components\fellesPaneler\AksjonspunktTittel.tsx">
        <metrics statements="28" coveredstatements="27" conditionals="22" coveredconditionals="18" methods="12" coveredmethods="12"/>
        <line num="19" count="1" type="stmt"/>
        <line num="21" count="1" type="stmt"/>
        <line num="22" count="36" type="stmt"/>
        <line num="23" count="36" type="cond" truecount="4" falsecount="0"/>
        <line num="24" count="36" type="stmt"/>
        <line num="27" count="72" type="cond" truecount="2" falsecount="0"/>
        <line num="29" count="36" type="cond" truecount="2" falsecount="0"/>
        <line num="33" count="1" type="stmt"/>
        <line num="40" count="1" type="stmt"/>
        <line num="41" count="36" type="cond" truecount="2" falsecount="0"/>
        <line num="42" count="10" type="cond" truecount="1" falsecount="1"/>
        <line num="46" count="26" type="stmt"/>
        <line num="49" count="1" type="stmt"/>
        <line num="52" count="36" type="stmt"/>
        <line num="53" count="36" type="stmt"/>
        <line num="54" count="36" type="stmt"/>
        <line num="58" count="36" type="stmt"/>
        <line num="61" count="36" type="stmt"/>
        <line num="75" count="1" type="stmt"/>
        <line num="79" count="36" type="cond" truecount="1" falsecount="1"/>
        <line num="80" count="36" type="cond" truecount="3" falsecount="1"/>
        <line num="81" count="36" type="stmt"/>
        <line num="82" count="36" type="cond" truecount="2" falsecount="0"/>
        <line num="83" count="36" type="cond" truecount="1" falsecount="1"/>
        <line num="84" count="0" type="stmt"/>
        <line num="86" count="36" type="stmt"/>
        <line num="87" count="36" type="stmt"/>
        <line num="88" count="36" type="stmt"/>
      </file>
      <file name="AvvikopplysningerATFLSN.tsx" path="C:\develop\ft-frontend-saksbehandling\packages\prosess-beregningsgrunnlag\src\components\fellesPaneler\AvvikopplysningerATFLSN.tsx">
        <metrics statements="5" coveredstatements="5" conditionals="26" coveredconditionals="15" methods="2" coveredmethods="2"/>
        <line num="12" count="1" type="stmt"/>
        <line num="13" count="87" type="stmt"/>
        <line num="46" count="1" type="stmt"/>
        <line num="49" count="29" type="stmt"/>
        <line num="92" count="1" type="stmt"/>
      </file>
      <file name="AvvikopplysningerPanel.tsx" path="C:\develop\ft-frontend-saksbehandling\packages\prosess-beregningsgrunnlag\src\components\fellesPaneler\AvvikopplysningerPanel.tsx">
        <metrics statements="40" coveredstatements="33" conditionals="40" coveredconditionals="24" methods="13" coveredmethods="13"/>
        <line num="22" count="1" type="stmt"/>
        <line num="23" count="38" type="cond" truecount="3" falsecount="1"/>
        <line num="24" count="38" type="stmt"/>
        <line num="26" count="0" type="stmt"/>
        <line num="28" count="1" type="stmt"/>
        <line num="30" count="20" type="cond" truecount="2" falsecount="2"/>
        <line num="31" count="0" type="stmt"/>
        <line num="34" count="20" type="cond" truecount="2" falsecount="0"/>
        <line num="36" count="1" type="stmt"/>
        <line num="37" count="20" type="cond" truecount="1" falsecount="1"/>
        <line num="38" count="0" type="stmt"/>
        <line num="41" count="20" type="stmt"/>
        <line num="42" count="20" type="stmt"/>
        <line num="43" count="20" type="stmt"/>
        <line num="46" count="1" type="stmt"/>
        <line num="47" count="40" type="cond" truecount="2" falsecount="0"/>
        <line num="48" count="39" type="stmt"/>
        <line num="49" count="1" type="stmt"/>
        <line num="52" count="1" type="stmt"/>
        <line num="53" count="20" type="stmt"/>
        <line num="54" count="20" type="cond" truecount="1" falsecount="1"/>
        <line num="55" count="20" type="stmt"/>
        <line num="56" count="20" type="stmt"/>
        <line num="57" count="20" type="stmt"/>
        <line num="58" count="20" type="stmt"/>
        <line num="60" count="0" type="stmt"/>
        <line num="63" count="1" type="stmt"/>
        <line num="71" count="38" type="cond" truecount="1" falsecount="1"/>
        <line num="72" count="0" type="stmt"/>
        <line num="74" count="38" type="cond" truecount="1" falsecount="1"/>
        <line num="75" count="0" type="stmt"/>
        <line num="77" count="38" type="stmt"/>
        <line num="130" count="38" type="cond" truecount="3" falsecount="5"/>
        <line num="142" count="1" type="stmt"/>
        <line num="145" count="38" type="stmt"/>
        <line num="147" count="38" type="stmt"/>
        <line num="148" count="38" type="cond" truecount="1" falsecount="1"/>
        <line num="149" count="0" type="stmt"/>
        <line num="152" count="38" type="stmt"/>
        <line num="169" count="1" type="stmt"/>
      </file>
      <file name="DekningsgradAksjonspunktPanel.tsx" path="C:\develop\ft-frontend-saksbehandling\packages\prosess-beregningsgrunnlag\src\components\fellesPaneler\DekningsgradAksjonspunktPanel.tsx">
        <metrics statements="15" coveredstatements="12" conditionals="14" coveredconditionals="8" methods="4" coveredmethods="2"/>
        <line num="17" count="1" type="stmt"/>
        <line num="18" count="1" type="stmt"/>
        <line num="20" count="1" type="stmt"/>
        <line num="21" count="1" type="stmt"/>
        <line num="37" count="1" type="stmt"/>
        <line num="40" count="0" type="stmt"/>
        <line num="41" count="0" type="stmt"/>
        <line num="64" count="1" type="stmt"/>
        <line num="65" count="38" type="cond" truecount="2" falsecount="0"/>
        <line num="66" count="38" type="cond" truecount="2" falsecount="2"/>
        <line num="67" count="38" type="cond" truecount="2" falsecount="2"/>
        <line num="68" count="38" type="cond" truecount="2" falsecount="2"/>
        <line num="69" count="0" type="stmt"/>
        <line num="74" count="38" type="stmt"/>
        <line num="77" count="1" type="stmt"/>
      </file>
      <file name="SammenligningsgrunnlagAOrdningen.tsx" path="C:\develop\ft-frontend-saksbehandling\packages\prosess-beregningsgrunnlag\src\components\fellesPaneler\SammenligningsgrunnlagAOrdningen.tsx">
        <metrics statements="65" coveredstatements="9" conditionals="31" coveredconditionals="0" methods="32" coveredmethods="0"/>
        <line num="26" count="1" type="stmt"/>
        <line num="27" count="1" type="stmt"/>
        <line num="28" count="1" type="stmt"/>
        <line num="30" count="1" type="stmt"/>
        <line num="31" count="0" type="stmt"/>
        <line num="32" count="0" type="stmt"/>
        <line num="33" count="0" type="stmt"/>
        <line num="34" count="0" type="stmt"/>
        <line num="35" count="0" type="stmt"/>
        <line num="36" count="0" type="stmt"/>
        <line num="37" count="0" type="stmt"/>
        <line num="38" count="0" type="stmt"/>
        <line num="39" count="0" type="stmt"/>
        <line num="40" count="0" type="stmt"/>
        <line num="96" count="1" type="stmt"/>
        <line num="97" count="0" type="cond" truecount="0" falsecount="4"/>
        <line num="98" count="0" type="stmt"/>
        <line num="100" count="0" type="cond" truecount="0" falsecount="2"/>
        <line num="101" count="0" type="stmt"/>
        <line num="103" count="0" type="stmt"/>
        <line num="106" count="1" type="stmt"/>
        <line num="107" count="0" type="stmt"/>
        <line num="108" count="0" type="stmt"/>
        <line num="109" count="0" type="stmt"/>
        <line num="110" count="0" type="stmt"/>
        <line num="111" count="0" type="stmt"/>
        <line num="112" count="0" type="stmt"/>
        <line num="113" count="0" type="stmt"/>
        <line num="115" count="0" type="stmt"/>
        <line num="118" count="1" type="stmt"/>
        <line num="119" count="0" type="stmt"/>
        <line num="136" count="1" type="stmt"/>
        <line num="137" count="0" type="stmt"/>
        <line num="150" count="1" type="stmt"/>
        <line num="153" count="0" type="stmt"/>
        <line num="154" count="0" type="stmt"/>
        <line num="155" count="0" type="cond" truecount="0" falsecount="5"/>
        <line num="156" count="0" type="stmt"/>
        <line num="158" count="0" type="stmt"/>
        <line num="164" count="0" type="stmt"/>
        <line num="165" count="0" type="stmt"/>
        <line num="166" count="0" type="stmt"/>
        <line num="168" count="0" type="cond" truecount="0" falsecount="2"/>
        <line num="170" count="0" type="cond" truecount="0" falsecount="2"/>
        <line num="173" count="0" type="cond" truecount="0" falsecount="2"/>
        <line num="176" count="0" type="stmt"/>
        <line num="177" count="0" type="cond" truecount="0" falsecount="2"/>
        <line num="178" count="0" type="stmt"/>
        <line num="180" count="0" type="cond" truecount="0" falsecount="2"/>
        <line num="183" count="0" type="stmt"/>
        <line num="199" count="0" type="stmt"/>
        <line num="200" count="0" type="stmt"/>
        <line num="201" count="0" type="stmt"/>
        <line num="202" count="0" type="stmt"/>
        <line num="203" count="0" type="stmt"/>
        <line num="205" count="0" type="stmt"/>
        <line num="206" count="0" type="stmt"/>
        <line num="208" count="0" type="stmt"/>
        <line num="234" count="0" type="stmt"/>
        <line num="243" count="0" type="stmt"/>
        <line num="244" count="0" type="cond" truecount="0" falsecount="2"/>
        <line num="245" count="0" type="stmt"/>
        <line num="246" count="0" type="stmt"/>
        <line num="247" count="0" type="stmt"/>
        <line num="248" count="0" type="cond" truecount="0" falsecount="2"/>
      </file>
      <file name="SkjeringspunktOgStatusPanel.tsx" path="C:\develop\ft-frontend-saksbehandling\packages\prosess-beregningsgrunnlag\src\components\fellesPaneler\SkjeringspunktOgStatusPanel.tsx">
        <metrics statements="14" coveredstatements="14" conditionals="2" coveredconditionals="0" methods="7" coveredmethods="6"/>
        <line num="16" count="1" type="stmt"/>
        <line num="18" count="1" type="stmt"/>
        <line num="19" count="38" type="stmt"/>
        <line num="20" count="38" type="stmt"/>
        <line num="21" count="38" type="stmt"/>
        <line num="22" count="38" type="stmt"/>
        <line num="23" count="38" type="stmt"/>
        <line num="24" count="38" type="stmt"/>
        <line num="26" count="38" type="cond" truecount="0" falsecount="2"/>
        <line num="27" count="38" type="stmt"/>
        <line num="30" count="38" type="stmt"/>
        <line num="48" count="1" type="stmt"/>
        <line num="53" count="38" type="stmt"/>
        <line num="54" count="38" type="stmt"/>
      </file>
      <file name="aksjonspunktBehandler.less" path="C:\develop\ft-frontend-saksbehandling\packages\prosess-beregningsgrunnlag\src\components\fellesPaneler\aksjonspunktBehandler.less">
        <metrics statements="1" coveredstatements="1" conditionals="0" coveredconditionals="0" methods="0" coveredmethods="0"/>
        <line num="1" count="1" type="stmt"/>
      </file>
      <file name="avvikopplysningerPanel.less" path="C:\develop\ft-frontend-saksbehandling\packages\prosess-beregningsgrunnlag\src\components\fellesPaneler\avvikopplysningerPanel.less">
        <metrics statements="1" coveredstatements="1" conditionals="0" coveredconditionals="0" methods="0" coveredmethods="0"/>
        <line num="1" count="1" type="stmt"/>
      </file>
      <file name="sammenligningsgrunnlagAOrdningen.less" path="C:\develop\ft-frontend-saksbehandling\packages\prosess-beregningsgrunnlag\src\components\fellesPaneler\sammenligningsgrunnlagAOrdningen.less">
        <metrics statements="1" coveredstatements="1" conditionals="0" coveredconditionals="0" methods="0" coveredmethods="0"/>
        <line num="1" count="1" type="stmt"/>
      </file>
      <file name="skjeringspunktOgStatusPanel.less" path="C:\develop\ft-frontend-saksbehandling\packages\prosess-beregningsgrunnlag\src\components\fellesPaneler\skjeringspunktOgStatusPanel.less">
        <metrics statements="1" coveredstatements="1" conditionals="0" coveredconditionals="0" methods="0" coveredmethods="0"/>
        <line num="1" count="1" type="stmt"/>
      </file>
    </package>
    <package name="src.components.frilanser">
      <metrics statements="30" coveredstatements="8" conditionals="33" coveredconditionals="1" methods="8" coveredmethods="1"/>
      <file name="AksjonspunktBehandlerFL.tsx" path="C:\develop\ft-frontend-saksbehandling\packages\prosess-beregningsgrunnlag\src\components\frilanser\AksjonspunktBehandlerFL.tsx">
        <metrics statements="7" coveredstatements="5" conditionals="8" coveredconditionals="1" methods="3" coveredmethods="1"/>
        <line num="24" count="1" type="stmt"/>
        <line num="25" count="0" type="stmt"/>
        <line num="45" count="1" type="cond" truecount="0" falsecount="2"/>
        <line num="49" count="1" type="stmt"/>
        <line num="50" count="38" type="cond" truecount="1" falsecount="1"/>
        <line num="51" count="38" type="stmt"/>
        <line num="53" count="0" type="stmt"/>
      </file>
      <file name="AvvikopplysningerFL.tsx" path="C:\develop\ft-frontend-saksbehandling\packages\prosess-beregningsgrunnlag\src\components\frilanser\AvvikopplysningerFL.tsx">
        <metrics statements="18" coveredstatements="2" conditionals="23" coveredconditionals="0" methods="3" coveredmethods="0"/>
        <line num="19" count="1" type="stmt"/>
        <line num="20" count="0" type="cond" truecount="0" falsecount="4"/>
        <line num="24" count="0" type="cond" truecount="0" falsecount="3"/>
        <line num="27" count="0" type="cond" truecount="0" falsecount="2"/>
        <line num="28" count="0" type="stmt"/>
        <line num="38" count="0" type="cond" truecount="0" falsecount="2"/>
        <line num="39" count="0" type="cond" truecount="0" falsecount="2"/>
        <line num="42" count="0" type="cond" truecount="0" falsecount="2"/>
        <line num="43" count="0" type="stmt"/>
        <line num="45" count="0" type="cond" truecount="0" falsecount="4"/>
        <line num="46" count="0" type="stmt"/>
        <line num="48" count="0" type="cond" truecount="0" falsecount="2"/>
        <line num="49" count="0" type="cond" truecount="0" falsecount="2"/>
        <line num="50" count="0" type="stmt"/>
        <line num="51" count="0" type="stmt"/>
        <line num="52" count="0" type="stmt"/>
        <line num="57" count="0" type="stmt"/>
        <line num="69" count="1" type="stmt"/>
      </file>
      <file name="GrunnlagForAarsinntektPanelFL.tsx" path="C:\develop\ft-frontend-saksbehandling\packages\prosess-beregningsgrunnlag\src\components\frilanser\GrunnlagForAarsinntektPanelFL.tsx">
        <metrics statements="5" coveredstatements="1" conditionals="2" coveredconditionals="0" methods="2" coveredmethods="0"/>
        <line num="24" count="1" type="stmt"/>
        <line num="25" count="0" type="stmt"/>
        <line num="26" count="0" type="stmt"/>
        <line num="27" count="0" type="stmt"/>
        <line num="28" count="0" type="stmt"/>
      </file>
    </package>
    <package name="src.components.gradering">
      <metrics statements="5" coveredstatements="2" conditionals="4" coveredconditionals="0" methods="1" coveredmethods="0"/>
      <file name="GraderingUtenBGReadOnly.tsx" path="C:\develop\ft-frontend-saksbehandling\packages\prosess-beregningsgrunnlag\src\components\gradering\GraderingUtenBGReadOnly.tsx">
        <metrics statements="4" coveredstatements="1" conditionals="4" coveredconditionals="0" methods="1" coveredmethods="0"/>
        <line num="19" count="1" type="stmt"/>
        <line num="22" count="0" type="cond" truecount="0" falsecount="4"/>
        <line num="23" count="0" type="stmt"/>
        <line num="25" count="0" type="stmt"/>
      </file>
      <file name="graderingUtenBGReadOnly.less" path="C:\develop\ft-frontend-saksbehandling\packages\prosess-beregningsgrunnlag\src\components\gradering\graderingUtenBGReadOnly.less">
        <metrics statements="1" coveredstatements="1" conditionals="0" coveredconditionals="0" methods="0" coveredmethods="0"/>
        <line num="1" count="1" type="stmt"/>
      </file>
    </package>
    <package name="src.components.militar">
      <metrics statements="4" coveredstatements="1" conditionals="4" coveredconditionals="0" methods="2" coveredmethods="0"/>
      <file name="MilitaerPanel.tsx" path="C:\develop\ft-frontend-saksbehandling\packages\prosess-beregningsgrunnlag\src\components\militar\MilitaerPanel.tsx">
        <metrics statements="4" coveredstatements="1" conditionals="4" coveredconditionals="0" methods="2" coveredmethods="0"/>
        <line num="22" count="1" type="stmt"/>
        <line num="23" count="0" type="stmt"/>
        <line num="24" count="0" type="cond" truecount="0" falsecount="4"/>
        <line num="25" count="0" type="stmt"/>
      </file>
    </package>
    <package name="src.components.redesign">
      <metrics statements="21" coveredstatements="13" conditionals="17" coveredconditionals="11" methods="8" coveredmethods="4"/>
      <file name="LesMerToggle.tsx" path="C:\develop\ft-frontend-saksbehandling\packages\prosess-beregningsgrunnlag\src\components\redesign\LesMerToggle.tsx">
        <metrics statements="3" coveredstatements="3" conditionals="6" coveredconditionals="3" methods="1" coveredmethods="1"/>
        <line num="14" count="1" type="stmt"/>
        <line num="17" count="10" type="stmt"/>
        <line num="20" count="10" type="stmt"/>
      </file>
      <file name="LesmerPanel.tsx" path="C:\develop\ft-frontend-saksbehandling\packages\prosess-beregningsgrunnlag\src\components\redesign\LesmerPanel.tsx">
        <metrics statements="17" coveredstatements="9" conditionals="11" coveredconditionals="8" methods="7" coveredmethods="3"/>
        <line num="25" count="10" type="cond" truecount="1" falsecount="1"/>
        <line num="32" count="1" type="stmt"/>
        <line num="43" count="1" type="stmt"/>
        <line num="44" count="1" type="stmt"/>
        <line num="45" count="1" type="stmt"/>
        <line num="49" count="0" type="stmt"/>
        <line num="50" count="0" type="stmt"/>
        <line num="51" count="0" type="stmt"/>
        <line num="52" count="0" type="stmt"/>
        <line num="53" count="0" type="cond" truecount="0" falsecount="2"/>
        <line num="54" count="0" type="stmt"/>
        <line num="56" count="0" type="stmt"/>
        <line num="68" count="10" type="stmt"/>
        <line num="69" count="10" type="stmt"/>
        <line num="70" count="10" type="stmt"/>
        <line num="71" count="10" type="stmt"/>
        <line num="89" count="0" type="stmt"/>
      </file>
      <file name="lesMerPanel.less" path="C:\develop\ft-frontend-saksbehandling\packages\prosess-beregningsgrunnlag\src\components\redesign\lesMerPanel.less">
        <metrics statements="1" coveredstatements="1" conditionals="0" coveredconditionals="0" methods="0" coveredmethods="0"/>
        <line num="1" count="1" type="stmt"/>
      </file>
    </package>
    <package name="src.components.selvstendigNaeringsdrivende">
      <metrics statements="144" coveredstatements="133" conditionals="136" coveredconditionals="94" methods="44" coveredmethods="43"/>
      <file name="AksjonspunktsbehandlerSN.tsx" path="C:\develop\ft-frontend-saksbehandling\packages\prosess-beregningsgrunnlag\src\components\selvstendigNaeringsdrivende\AksjonspunktsbehandlerSN.tsx">
        <metrics statements="22" coveredstatements="21" conditionals="18" coveredconditionals="16" methods="7" coveredmethods="7"/>
        <line num="20" count="1" type="stmt"/>
        <line num="22" count="18" type="cond" truecount="2" falsecount="0"/>
        <line num="23" count="18" type="cond" truecount="2" falsecount="0"/>
        <line num="27" count="18" type="cond" truecount="2" falsecount="0"/>
        <line num="28" count="18" type="cond" truecount="2" falsecount="0"/>
        <line num="46" count="1" type="stmt"/>
        <line num="53" count="18" type="cond" truecount="1" falsecount="1"/>
        <line num="54" count="0" type="stmt"/>
        <line num="56" count="18" type="stmt"/>
        <line num="57" count="18" type="cond" truecount="1" falsecount="1"/>
        <line num="58" count="18" type="cond" truecount="2" falsecount="0"/>
        <line num="59" count="8" type="stmt"/>
        <line num="68" count="10" type="stmt"/>
        <line num="77" count="1" type="stmt"/>
        <line num="83" count="1" type="stmt"/>
        <line num="85" count="38" type="cond" truecount="2" falsecount="0"/>
        <line num="86" count="8" type="stmt"/>
        <line num="88" count="30" type="stmt"/>
        <line num="93" count="1" type="stmt"/>
        <line num="95" count="2" type="cond" truecount="2" falsecount="0"/>
        <line num="96" count="1" type="stmt"/>
        <line num="98" count="1" type="stmt"/>
      </file>
      <file name="AvvikopplysningerSN.tsx" path="C:\develop\ft-frontend-saksbehandling\packages\prosess-beregningsgrunnlag\src\components\selvstendigNaeringsdrivende\AvvikopplysningerSN.tsx">
        <metrics statements="22" coveredstatements="20" conditionals="20" coveredconditionals="15" methods="6" coveredmethods="6"/>
        <line num="13" count="1" type="stmt"/>
        <line num="14" count="8" type="stmt"/>
        <line num="29" count="1" type="stmt"/>
        <line num="34" count="18" type="stmt"/>
        <line num="35" count="18" type="stmt"/>
        <line num="36" count="18" type="cond" truecount="2" falsecount="0"/>
        <line num="37" count="18" type="cond" truecount="2" falsecount="0"/>
        <line num="38" count="18" type="cond" truecount="2" falsecount="0"/>
        <line num="39" count="8" type="stmt"/>
        <line num="41" count="10" type="cond" truecount="2" falsecount="2"/>
        <line num="42" count="0" type="stmt"/>
        <line num="44" count="10" type="cond" truecount="1" falsecount="1"/>
        <line num="45" count="10" type="cond" truecount="2" falsecount="0"/>
        <line num="48" count="10" type="cond" truecount="3" falsecount="1"/>
        <line num="49" count="0" type="stmt"/>
        <line num="51" count="10" type="stmt"/>
        <line num="52" count="10" type="stmt"/>
        <line num="53" count="10" type="cond" truecount="1" falsecount="1"/>
        <line num="54" count="10" type="stmt"/>
        <line num="55" count="10" type="stmt"/>
        <line num="56" count="10" type="stmt"/>
        <line num="61" count="10" type="stmt"/>
      </file>
      <file name="FastsettSNNyIArbeid.tsx" path="C:\develop\ft-frontend-saksbehandling\packages\prosess-beregningsgrunnlag\src\components\selvstendigNaeringsdrivende\FastsettSNNyIArbeid.tsx">
        <metrics statements="18" coveredstatements="18" conditionals="19" coveredconditionals="13" methods="7" coveredmethods="7"/>
        <line num="29" count="1" type="stmt"/>
        <line num="30" count="1" type="stmt"/>
        <line num="31" count="1" type="stmt"/>
        <line num="32" count="1" type="stmt"/>
        <line num="36" count="1" type="stmt"/>
        <line num="59" count="1" type="stmt"/>
        <line num="62" count="8" type="cond" truecount="1" falsecount="1"/>
        <line num="63" count="8" type="stmt"/>
        <line num="65" count="8" type="cond" truecount="1" falsecount="1"/>
        <line num="66" count="8" type="stmt"/>
        <line num="68" count="8" type="stmt"/>
        <line num="70" count="8" type="stmt"/>
        <line num="122" count="1" type="stmt"/>
        <line num="124" count="8" type="stmt"/>
        <line num="125" count="8" type="stmt"/>
        <line num="126" count="8" type="stmt"/>
        <line num="127" count="8" type="stmt"/>
        <line num="133" count="1" type="stmt"/>
      </file>
      <file name="GrunnlagForAarsinntektPanelSN.tsx" path="C:\develop\ft-frontend-saksbehandling\packages\prosess-beregningsgrunnlag\src\components\selvstendigNaeringsdrivende\GrunnlagForAarsinntektPanelSN.tsx">
        <metrics statements="13" coveredstatements="11" conditionals="6" coveredconditionals="4" methods="6" coveredmethods="5"/>
        <line num="15" count="1" type="stmt"/>
        <line num="16" count="18" type="stmt"/>
        <line num="30" count="1" type="stmt"/>
        <line num="31" count="0" type="stmt"/>
        <line num="53" count="1" type="stmt"/>
        <line num="54" count="18" type="stmt"/>
        <line num="56" count="54" type="stmt"/>
        <line num="82" count="1" type="stmt"/>
        <line num="83" count="18" type="stmt"/>
        <line num="84" count="18" type="cond" truecount="1" falsecount="1"/>
        <line num="85" count="0" type="stmt"/>
        <line num="87" count="18" type="stmt"/>
        <line num="88" count="18" type="stmt"/>
      </file>
      <file name="NaeringsOpplysningsPanel.tsx" path="C:\develop\ft-frontend-saksbehandling\packages\prosess-beregningsgrunnlag\src\components\selvstendigNaeringsdrivende\NaeringsOpplysningsPanel.tsx">
        <metrics statements="37" coveredstatements="33" conditionals="41" coveredconditionals="29" methods="12" coveredmethods="12"/>
        <line num="21" count="1" type="stmt"/>
        <line num="22" count="18" type="stmt"/>
        <line num="23" count="18" type="cond" truecount="1" falsecount="1"/>
        <line num="25" count="1" type="stmt"/>
        <line num="26" count="36" type="stmt"/>
        <line num="27" count="36" type="cond" truecount="1" falsecount="1"/>
        <line num="28" count="0" type="stmt"/>
        <line num="30" count="36" type="cond" truecount="1" falsecount="1"/>
        <line num="33" count="1" type="stmt"/>
        <line num="34" count="18" type="stmt"/>
        <line num="35" count="18" type="cond" truecount="1" falsecount="1"/>
        <line num="36" count="0" type="stmt"/>
        <line num="38" count="18" type="cond" truecount="1" falsecount="1"/>
        <line num="41" count="1" type="stmt"/>
        <line num="42" count="18" type="stmt"/>
        <line num="43" count="18" type="cond" truecount="1" falsecount="1"/>
        <line num="46" count="1" type="stmt"/>
        <line num="49" count="10" type="stmt"/>
        <line num="50" count="10" type="cond" truecount="1" falsecount="1"/>
        <line num="51" count="10" type="cond" truecount="1" falsecount="1"/>
        <line num="52" count="10" type="cond" truecount="1" falsecount="1"/>
        <line num="53" count="0" type="stmt"/>
        <line num="55" count="10" type="stmt"/>
        <line num="57" count="10" type="stmt"/>
        <line num="62" count="1" type="stmt"/>
        <line num="65" count="18" type="stmt"/>
        <line num="66" count="18" type="cond" truecount="2" falsecount="0"/>
        <line num="69" count="1" type="stmt"/>
        <line num="70" count="10" type="stmt"/>
        <line num="88" count="36" type="cond" truecount="1" falsecount="1"/>
        <line num="95" count="1" type="stmt"/>
        <line num="99" count="18" type="stmt"/>
        <line num="100" count="18" type="stmt"/>
        <line num="101" count="18" type="cond" truecount="1" falsecount="1"/>
        <line num="102" count="0" type="stmt"/>
        <line num="105" count="18" type="stmt"/>
        <line num="117" count="18" type="stmt"/>
      </file>
      <file name="VurderVarigEndretEllerNyoppstartetSN.tsx" path="C:\develop\ft-frontend-saksbehandling\packages\prosess-beregningsgrunnlag\src\components\selvstendigNaeringsdrivende\VurderVarigEndretEllerNyoppstartetSN.tsx">
        <metrics statements="31" coveredstatements="29" conditionals="32" coveredconditionals="17" methods="6" coveredmethods="6"/>
        <line num="29" count="1" type="stmt"/>
        <line num="30" count="1" type="stmt"/>
        <line num="31" count="1" type="stmt"/>
        <line num="32" count="1" type="stmt"/>
        <line num="33" count="1" type="stmt"/>
        <line num="34" count="1" type="stmt"/>
        <line num="57" count="1" type="stmt"/>
        <line num="60" count="10" type="stmt"/>
        <line num="61" count="10" type="stmt"/>
        <line num="62" count="10" type="cond" truecount="2" falsecount="2"/>
        <line num="63" count="0" type="stmt"/>
        <line num="64" count="0" type="stmt"/>
        <line num="66" count="10" type="cond" truecount="3" falsecount="1"/>
        <line num="67" count="10" type="stmt"/>
        <line num="68" count="10" type="stmt"/>
        <line num="70" count="10" type="stmt"/>
        <line num="71" count="10" type="stmt"/>
        <line num="72" count="10" type="stmt"/>
        <line num="73" count="10" type="stmt"/>
        <line num="83" count="2" type="stmt"/>
        <line num="155" count="1" type="stmt"/>
        <line num="159" count="1" type="stmt"/>
        <line num="161" count="30" type="stmt"/>
        <line num="162" count="30" type="stmt"/>
        <line num="163" count="28" type="stmt"/>
        <line num="164" count="30" type="cond" truecount="2" falsecount="0"/>
        <line num="165" count="10" type="stmt"/>
        <line num="172" count="20" type="stmt"/>
        <line num="175" count="1" type="stmt"/>
        <line num="176" count="1" type="stmt"/>
        <line num="177" count="1" type="stmt"/>
      </file>
      <file name="naeringsOpplysningsPanel.less" path="C:\develop\ft-frontend-saksbehandling\packages\prosess-beregningsgrunnlag\src\components\selvstendigNaeringsdrivende\naeringsOpplysningsPanel.less">
        <metrics statements="1" coveredstatements="1" conditionals="0" coveredconditionals="0" methods="0" coveredmethods="0"/>
        <line num="1" count="1" type="stmt"/>
      </file>
    </package>
    <package name="src.components.tilstotendeYtelser">
      <metrics statements="14" coveredstatements="4" conditionals="13" coveredconditionals="0" methods="6" coveredmethods="0"/>
      <file name="TilstotendeYtelser.tsx" path="C:\develop\ft-frontend-saksbehandling\packages\prosess-beregningsgrunnlag\src\components\tilstotendeYtelser\TilstotendeYtelser.tsx">
        <metrics statements="12" coveredstatements="3" conditionals="13" coveredconditionals="0" methods="5" coveredmethods="0"/>
        <line num="14" count="1" type="stmt"/>
        <line num="15" count="0" type="cond" truecount="0" falsecount="2"/>
        <line num="16" count="0" type="stmt"/>
        <line num="18" count="0" type="cond" truecount="0" falsecount="2"/>
        <line num="19" count="0" type="stmt"/>
        <line num="21" count="0" type="stmt"/>
        <line num="23" count="1" type="stmt"/>
        <line num="31" count="1" type="stmt"/>
        <line num="32" count="0" type="stmt"/>
        <line num="33" count="0" type="stmt"/>
        <line num="34" count="0" type="stmt"/>
        <line num="63" count="0" type="stmt"/>
      </file>
      <file name="YtelserFraInfotrygd.tsx" path="C:\develop\ft-frontend-saksbehandling\packages\prosess-beregningsgrunnlag\src\components\tilstotendeYtelser\YtelserFraInfotrygd.tsx">
        <metrics statements="2" coveredstatements="1" conditionals="0" coveredconditionals="0" methods="1" coveredmethods="0"/>
        <line num="19" count="1" type="stmt"/>
        <line num="20" count="0" type="stmt"/>
      </file>
    </package>
    <package name="src.felles">
      <metrics statements="11" coveredstatements="9" conditionals="18" coveredconditionals="12" methods="2" coveredmethods="2"/>
      <file name="ProsessStegSubmitButton.tsx" path="C:\develop\ft-frontend-saksbehandling\packages\prosess-beregningsgrunnlag\src\felles\ProsessStegSubmitButton.tsx">
        <metrics statements="11" coveredstatements="9" conditionals="18" coveredconditionals="12" methods="2" coveredmethods="2"/>
        <line num="8" count="1" type="stmt"/>
        <line num="10" count="1" type="stmt"/>
        <line num="16" count="36" type="cond" truecount="5" falsecount="0"/>
        <line num="17" count="8" type="stmt"/>
        <line num="19" count="28" type="cond" truecount="1" falsecount="1"/>
        <line num="20" count="28" type="stmt"/>
        <line num="22" count="0" type="cond" truecount="0" falsecount="3"/>
        <line num="38" count="1" type="stmt"/>
        <line num="47" count="36" type="cond" truecount="1" falsecount="1"/>
        <line num="48" count="36" type="stmt"/>
        <line num="60" count="0" type="stmt"/>
      </file>
    </package>
    <package name="src.util">
      <metrics statements="6" coveredstatements="5" conditionals="8" coveredconditionals="3" methods="2" coveredmethods="2"/>
      <file name="createVisningsnavnForAktivitet.ts" path="C:\develop\ft-frontend-saksbehandling\packages\prosess-beregningsgrunnlag\src\util\createVisningsnavnForAktivitet.ts">
        <metrics statements="6" coveredstatements="5" conditionals="8" coveredconditionals="3" methods="2" coveredmethods="2"/>
        <line num="5" count="62" type="cond" truecount="1" falsecount="1"/>
        <line num="7" count="1" type="stmt"/>
        <line num="10" count="62" type="stmt"/>
        <line num="11" count="62" type="cond" truecount="1" falsecount="1"/>
        <line num="12" count="0" type="cond" truecount="0" falsecount="2"/>
        <line num="16" count="62" type="cond" truecount="1" falsecount="1"/>
      </file>
    </package>
  </project>
</coverage>
