{"C:\\develop\\ft-frontend-saksbehandling\\packages\\prosess-beregningsgrunnlag\\src\\BeregningsgrunnlagProsessIndex.stories.tsx": {"path":"C:\\develop\\ft-frontend-saksbehandling\\packages\\prosess-beregningsgrunnlag\\src\\BeregningsgrunnlagProsessIndex.stories.tsx","statementMap":{"0":{"start":{"line":20,"column":12},"end":{"line":20,"column":24}},"1":{"start":{"line":22,"column":15},"end":{"line":22,"column":101}},"2":{"start":{"line":22,"column":42},"end":{"line":22,"column":101}},"3":{"start":{"line":23,"column":17},"end":{"line":23,"column":98}},"4":{"start":{"line":23,"column":44},"end":{"line":23,"column":98}},"5":{"start":{"line":25,"column":15},"end":{"line":25,"column":27}},"6":{"start":{"line":26,"column":15},"end":{"line":26,"column":27}},"7":{"start":{"line":30,"column":19},"end":{"line":33,"column":15}},"8":{"start":{"line":35,"column":18},"end":{"line":49,"column":2}},"9":{"start":{"line":35,"column":77},"end":{"line":49,"column":1}},"10":{"start":{"line":51,"column":22},"end":{"line":64,"column":2}},"11":{"start":{"line":51,"column":29},"end":{"line":64,"column":1}},"12":{"start":{"line":66,"column":20},"end":{"line":83,"column":29}},"13":{"start":{"line":67,"column":78},"end":{"line":83,"column":28}},"14":{"start":{"line":85,"column":21},"end":{"line":93,"column":2}},"15":{"start":{"line":85,"column":91},"end":{"line":93,"column":1}},"16":{"start":{"line":95,"column":24},"end":{"line":98,"column":12}},"17":{"start":{"line":95,"column":52},"end":{"line":98,"column":12}},"18":{"start":{"line":100,"column":33},"end":{"line":122,"column":1}},"19":{"start":{"line":124,"column":26},"end":{"line":144,"column":2}},"20":{"start":{"line":130,"column":40},"end":{"line":144,"column":1}},"21":{"start":{"line":146,"column":25},"end":{"line":146,"column":107}},"22":{"start":{"line":146,"column":65},"end":{"line":146,"column":107}},"23":{"start":{"line":148,"column":24},"end":{"line":168,"column":2}},"24":{"start":{"line":153,"column":57},"end":{"line":168,"column":1}},"25":{"start":{"line":170,"column":24},"end":{"line":170,"column":121}},"26":{"start":{"line":170,"column":55},"end":{"line":170,"column":121}},"27":{"start":{"line":172,"column":24},"end":{"line":186,"column":2}},"28":{"start":{"line":172,"column":132},"end":{"line":186,"column":1}},"29":{"start":{"line":188,"column":25},"end":{"line":199,"column":2}},"30":{"start":{"line":188,"column":106},"end":{"line":199,"column":1}},"31":{"start":{"line":201,"column":19},"end":{"line":204,"column":1}},"32":{"start":{"line":202,"column":17},"end":{"line":202,"column":65}},"33":{"start":{"line":203,"column":2},"end":{"line":203,"column":70}},"34":{"start":{"line":206,"column":19},"end":{"line":223,"column":2}},"35":{"start":{"line":212,"column":37},"end":{"line":223,"column":1}},"36":{"start":{"line":225,"column":19},"end":{"line":225,"column":137}},"37":{"start":{"line":225,"column":94},"end":{"line":225,"column":137}},"38":{"start":{"line":227,"column":34},"end":{"line":240,"column":2}},"39":{"start":{"line":232,"column":33},"end":{"line":240,"column":1}},"40":{"start":{"line":242,"column":27},"end":{"line":242,"column":105}},"41":{"start":{"line":242,"column":33},"end":{"line":242,"column":105}},"42":{"start":{"line":243,"column":22},"end":{"line":243,"column":93}},"43":{"start":{"line":243,"column":28},"end":{"line":243,"column":93}},"44":{"start":{"line":256,"column":30},"end":{"line":259,"column":2}},"45":{"start":{"line":256,"column":61},"end":{"line":259,"column":1}},"46":{"start":{"line":261,"column":34},"end":{"line":264,"column":2}},"47":{"start":{"line":261,"column":65},"end":{"line":264,"column":1}},"48":{"start":{"line":266,"column":30},"end":{"line":269,"column":2}},"49":{"start":{"line":266,"column":61},"end":{"line":269,"column":1}},"50":{"start":{"line":271,"column":24},"end":{"line":275,"column":2}},"51":{"start":{"line":271,"column":95},"end":{"line":275,"column":1}},"52":{"start":{"line":277,"column":28},"end":{"line":294,"column":1}},"53":{"start":{"line":278,"column":18},"end":{"line":278,"column":20}},"54":{"start":{"line":279,"column":2},"end":{"line":279,"column":151}},"55":{"start":{"line":280,"column":2},"end":{"line":280,"column":154}},"56":{"start":{"line":281,"column":2},"end":{"line":281,"column":155}},"57":{"start":{"line":282,"column":2},"end":{"line":282,"column":156}},"58":{"start":{"line":283,"column":2},"end":{"line":283,"column":156}},"59":{"start":{"line":284,"column":2},"end":{"line":284,"column":155}},"60":{"start":{"line":285,"column":2},"end":{"line":285,"column":155}},"61":{"start":{"line":286,"column":2},"end":{"line":286,"column":151}},"62":{"start":{"line":287,"column":2},"end":{"line":287,"column":155}},"63":{"start":{"line":288,"column":2},"end":{"line":288,"column":154}},"64":{"start":{"line":289,"column":2},"end":{"line":289,"column":155}},"65":{"start":{"line":290,"column":2},"end":{"line":290,"column":152}},"66":{"start":{"line":291,"column":2},"end":{"line":293,"column":24}},"67":{"start":{"line":296,"column":14},"end":{"line":325,"column":1}},"68":{"start":{"line":302,"column":29},"end":{"line":323,"column":3}},"69":{"start":{"line":324,"column":2},"end":{"line":324,"column":28}},"70":{"start":{"line":338,"column":5},"end":{"line":360,"column":1}},"71":{"start":{"line":345,"column":2},"end":{"line":359,"column":4}},"72":{"start":{"line":358,"column":23},"end":{"line":358,"column":32}},"73":{"start":{"line":362,"column":36},"end":{"line":362,"column":53}},"74":{"start":{"line":363,"column":0},"end":{"line":370,"column":2}},"75":{"start":{"line":372,"column":37},"end":{"line":372,"column":54}},"76":{"start":{"line":373,"column":0},"end":{"line":380,"column":2}},"77":{"start":{"line":382,"column":37},"end":{"line":382,"column":54}},"78":{"start":{"line":383,"column":0},"end":{"line":390,"column":2}},"79":{"start":{"line":392,"column":36},"end":{"line":392,"column":53}},"80":{"start":{"line":393,"column":0},"end":{"line":400,"column":2}},"81":{"start":{"line":402,"column":43},"end":{"line":402,"column":60}},"82":{"start":{"line":403,"column":0},"end":{"line":411,"column":2}},"83":{"start":{"line":413,"column":23},"end":{"line":413,"column":40}},"84":{"start":{"line":414,"column":0},"end":{"line":420,"column":2}},"85":{"start":{"line":422,"column":57},"end":{"line":422,"column":74}},"86":{"start":{"line":423,"column":0},"end":{"line":430,"column":2}},"87":{"start":{"line":432,"column":56},"end":{"line":432,"column":73}},"88":{"start":{"line":433,"column":0},"end":{"line":453,"column":2}},"89":{"start":{"line":455,"column":51},"end":{"line":455,"column":68}},"90":{"start":{"line":456,"column":0},"end":{"line":469,"column":2}},"91":{"start":{"line":471,"column":65},"end":{"line":471,"column":82}},"92":{"start":{"line":472,"column":0},"end":{"line":480,"column":2}},"93":{"start":{"line":482,"column":29},"end":{"line":482,"column":46}},"94":{"start":{"line":483,"column":0},"end":{"line":506,"column":2}},"95":{"start":{"line":508,"column":25},"end":{"line":508,"column":42}},"96":{"start":{"line":509,"column":0},"end":{"line":515,"column":2}},"97":{"start":{"line":517,"column":55},"end":{"line":517,"column":72}},"98":{"start":{"line":518,"column":0},"end":{"line":532,"column":2}},"99":{"start":{"line":534,"column":81},"end":{"line":534,"column":98}},"100":{"start":{"line":535,"column":0},"end":{"line":543,"column":2}},"101":{"start":{"line":545,"column":65},"end":{"line":545,"column":82}},"102":{"start":{"line":546,"column":0},"end":{"line":558,"column":2}},"103":{"start":{"line":560,"column":39},"end":{"line":560,"column":56}},"104":{"start":{"line":561,"column":0},"end":{"line":568,"column":2}},"105":{"start":{"line":570,"column":52},"end":{"line":570,"column":69}},"106":{"start":{"line":571,"column":0},"end":{"line":578,"column":2}},"107":{"start":{"line":580,"column":31},"end":{"line":580,"column":48}},"108":{"start":{"line":581,"column":0},"end":{"line":588,"column":2}},"109":{"start":{"line":590,"column":58},"end":{"line":590,"column":75}},"110":{"start":{"line":591,"column":0},"end":{"line":598,"column":2}},"111":{"start":{"line":600,"column":66},"end":{"line":600,"column":83}},"112":{"start":{"line":601,"column":0},"end":{"line":608,"column":2}},"113":{"start":{"line":610,"column":56},"end":{"line":610,"column":73}},"114":{"start":{"line":611,"column":0},"end":{"line":618,"column":2}},"115":{"start":{"line":620,"column":82},"end":{"line":620,"column":99}},"116":{"start":{"line":621,"column":0},"end":{"line":629,"column":2}},"117":{"start":{"line":631,"column":28},"end":{"line":631,"column":45}},"118":{"start":{"line":632,"column":0},"end":{"line":639,"column":2}},"119":{"start":{"line":641,"column":48},"end":{"line":641,"column":65}},"120":{"start":{"line":642,"column":0},"end":{"line":650,"column":2}},"121":{"start":{"line":652,"column":60},"end":{"line":652,"column":77}},"122":{"start":{"line":653,"column":0},"end":{"line":662,"column":2}}},"fnMap":{"0":{"name":"(anonymous_0)","decl":{"start":{"line":22,"column":15},"end":{"line":22,"column":16}},"loc":{"start":{"line":22,"column":42},"end":{"line":22,"column":101}},"line":22},"1":{"name":"(anonymous_1)","decl":{"start":{"line":23,"column":17},"end":{"line":23,"column":18}},"loc":{"start":{"line":23,"column":44},"end":{"line":23,"column":98}},"line":23},"2":{"name":"(anonymous_2)","decl":{"start":{"line":35,"column":18},"end":{"line":35,"column":19}},"loc":{"start":{"line":35,"column":77},"end":{"line":49,"column":1}},"line":35},"3":{"name":"(anonymous_3)","decl":{"start":{"line":51,"column":22},"end":{"line":51,"column":23}},"loc":{"start":{"line":51,"column":29},"end":{"line":64,"column":1}},"line":51},"4":{"name":"(anonymous_4)","decl":{"start":{"line":66,"column":20},"end":{"line":66,"column":21}},"loc":{"start":{"line":67,"column":78},"end":{"line":83,"column":28}},"line":67},"5":{"name":"(anonymous_5)","decl":{"start":{"line":85,"column":21},"end":{"line":85,"column":22}},"loc":{"start":{"line":85,"column":91},"end":{"line":93,"column":1}},"line":85},"6":{"name":"(anonymous_6)","decl":{"start":{"line":95,"column":24},"end":{"line":95,"column":25}},"loc":{"start":{"line":95,"column":52},"end":{"line":98,"column":12}},"line":95},"7":{"name":"(anonymous_7)","decl":{"start":{"line":124,"column":26},"end":{"line":124,"column":27}},"loc":{"start":{"line":130,"column":40},"end":{"line":144,"column":1}},"line":130},"8":{"name":"(anonymous_8)","decl":{"start":{"line":146,"column":25},"end":{"line":146,"column":26}},"loc":{"start":{"line":146,"column":65},"end":{"line":146,"column":107}},"line":146},"9":{"name":"(anonymous_9)","decl":{"start":{"line":148,"column":24},"end":{"line":148,"column":25}},"loc":{"start":{"line":153,"column":57},"end":{"line":168,"column":1}},"line":153},"10":{"name":"(anonymous_10)","decl":{"start":{"line":170,"column":24},"end":{"line":170,"column":25}},"loc":{"start":{"line":170,"column":55},"end":{"line":170,"column":121}},"line":170},"11":{"name":"(anonymous_11)","decl":{"start":{"line":172,"column":24},"end":{"line":172,"column":25}},"loc":{"start":{"line":172,"column":132},"end":{"line":186,"column":1}},"line":172},"12":{"name":"(anonymous_12)","decl":{"start":{"line":188,"column":25},"end":{"line":188,"column":26}},"loc":{"start":{"line":188,"column":106},"end":{"line":199,"column":1}},"line":188},"13":{"name":"(anonymous_13)","decl":{"start":{"line":201,"column":19},"end":{"line":201,"column":20}},"loc":{"start":{"line":201,"column":110},"end":{"line":204,"column":1}},"line":201},"14":{"name":"(anonymous_14)","decl":{"start":{"line":206,"column":19},"end":{"line":206,"column":20}},"loc":{"start":{"line":212,"column":37},"end":{"line":223,"column":1}},"line":212},"15":{"name":"(anonymous_15)","decl":{"start":{"line":225,"column":19},"end":{"line":225,"column":20}},"loc":{"start":{"line":225,"column":94},"end":{"line":225,"column":137}},"line":225},"16":{"name":"(anonymous_16)","decl":{"start":{"line":227,"column":34},"end":{"line":227,"column":35}},"loc":{"start":{"line":232,"column":33},"end":{"line":240,"column":1}},"line":232},"17":{"name":"(anonymous_17)","decl":{"start":{"line":242,"column":27},"end":{"line":242,"column":28}},"loc":{"start":{"line":242,"column":33},"end":{"line":242,"column":105}},"line":242},"18":{"name":"(anonymous_18)","decl":{"start":{"line":243,"column":22},"end":{"line":243,"column":23}},"loc":{"start":{"line":243,"column":28},"end":{"line":243,"column":93}},"line":243},"19":{"name":"(anonymous_19)","decl":{"start":{"line":256,"column":30},"end":{"line":256,"column":31}},"loc":{"start":{"line":256,"column":61},"end":{"line":259,"column":1}},"line":256},"20":{"name":"(anonymous_20)","decl":{"start":{"line":261,"column":34},"end":{"line":261,"column":35}},"loc":{"start":{"line":261,"column":65},"end":{"line":264,"column":1}},"line":261},"21":{"name":"(anonymous_21)","decl":{"start":{"line":266,"column":30},"end":{"line":266,"column":31}},"loc":{"start":{"line":266,"column":61},"end":{"line":269,"column":1}},"line":266},"22":{"name":"(anonymous_22)","decl":{"start":{"line":271,"column":24},"end":{"line":271,"column":25}},"loc":{"start":{"line":271,"column":95},"end":{"line":275,"column":1}},"line":271},"23":{"name":"(anonymous_23)","decl":{"start":{"line":277,"column":28},"end":{"line":277,"column":29}},"loc":{"start":{"line":277,"column":52},"end":{"line":294,"column":1}},"line":277},"24":{"name":"(anonymous_24)","decl":{"start":{"line":296,"column":14},"end":{"line":296,"column":15}},"loc":{"start":{"line":301,"column":25},"end":{"line":325,"column":1}},"line":301},"25":{"name":"(anonymous_25)","decl":{"start":{"line":338,"column":5},"end":{"line":338,"column":6}},"loc":{"start":{"line":345,"column":2},"end":{"line":359,"column":4}},"line":345},"26":{"name":"(anonymous_26)","decl":{"start":{"line":358,"column":17},"end":{"line":358,"column":18}},"loc":{"start":{"line":358,"column":23},"end":{"line":358,"column":32}},"line":358}},"branchMap":{"0":{"loc":{"start":{"line":73,"column":15},"end":{"line":73,"column":36}},"type":"binary-expr","locations":[{"start":{"line":73,"column":15},"end":{"line":73,"column":24}},{"start":{"line":73,"column":28},"end":{"line":73,"column":36}}],"line":73},"1":{"loc":{"start":{"line":82,"column":12},"end":{"line":82,"column":63}},"type":"cond-expr","locations":[{"start":{"line":82,"column":21},"end":{"line":82,"column":29}},{"start":{"line":82,"column":32},"end":{"line":82,"column":63}}],"line":82},"2":{"loc":{"start":{"line":87,"column":10},"end":{"line":87,"column":39}},"type":"cond-expr","locations":[{"start":{"line":87,"column":24},"end":{"line":87,"column":30}},{"start":{"line":87,"column":33},"end":{"line":87,"column":39}}],"line":87},"3":{"loc":{"start":{"line":159,"column":15},"end":{"line":159,"column":36}},"type":"binary-expr","locations":[{"start":{"line":159,"column":15},"end":{"line":159,"column":24}},{"start":{"line":159,"column":28},"end":{"line":159,"column":36}}],"line":159},"4":{"loc":{"start":{"line":178,"column":15},"end":{"line":178,"column":36}},"type":"binary-expr","locations":[{"start":{"line":178,"column":15},"end":{"line":178,"column":24}},{"start":{"line":178,"column":28},"end":{"line":178,"column":36}}],"line":178},"5":{"loc":{"start":{"line":236,"column":17},"end":{"line":236,"column":53}},"type":"cond-expr","locations":[{"start":{"line":236,"column":32},"end":{"line":236,"column":49}},{"start":{"line":236,"column":52},"end":{"line":236,"column":53}}],"line":236},"6":{"loc":{"start":{"line":308,"column":36},"end":{"line":308,"column":108}},"type":"cond-expr","locations":[{"start":{"line":308,"column":69},"end":{"line":308,"column":101}},{"start":{"line":308,"column":104},"end":{"line":308,"column":108}}],"line":308}},"s":{"0":1,"1":1,"2":90,"3":1,"4":15,"5":1,"6":1,"7":1,"8":1,"9":8,"10":1,"11":8,"12":1,"13":8,"14":1,"15":14,"16":1,"17":25,"18":1,"19":1,"20":37,"21":1,"22":19,"23":1,"24":30,"25":1,"26":2,"27":1,"28":7,"29":1,"30":7,"31":1,"32":11,"33":11,"34":1,"35":31,"36":1,"37":22,"38":1,"39":19,"40":1,"41":12,"42":1,"43":7,"44":1,"45":12,"46":1,"47":12,"48":1,"49":12,"50":1,"51":12,"52":1,"53":1,"54":1,"55":1,"56":1,"57":1,"58":1,"59":1,"60":1,"61":1,"62":1,"63":1,"64":1,"65":1,"66":1,"67":1,"68":22,"69":22,"70":1,"71":6,"72":6,"73":1,"74":1,"75":1,"76":1,"77":1,"78":1,"79":1,"80":1,"81":1,"82":1,"83":1,"84":1,"85":1,"86":1,"87":1,"88":1,"89":1,"90":1,"91":1,"92":1,"93":1,"94":1,"95":1,"96":1,"97":1,"98":1,"99":1,"100":1,"101":1,"102":1,"103":1,"104":1,"105":1,"106":1,"107":1,"108":1,"109":1,"110":1,"111":1,"112":1,"113":1,"114":1,"115":1,"116":1,"117":1,"118":1,"119":1,"120":1,"121":1,"122":1},"f":{"0":90,"1":15,"2":8,"3":8,"4":8,"5":14,"6":25,"7":37,"8":19,"9":30,"10":2,"11":7,"12":7,"13":11,"14":31,"15":22,"16":19,"17":12,"18":7,"19":12,"20":12,"21":12,"22":12,"23":1,"24":22,"25":6,"26":6},"b":{"0":[8,8],"1":[6,2],"2":[1,13],"3":[30,29],"4":[7,7],"5":[12,7],"6":[16,6]},"_coverageSchema":"1a1c01bbd47fc00a2c39e90264f33305004495a9","hash":"d091fc0bd83f0dffe442144ffbb7b4ac98f51c74"}
,"C:\\develop\\ft-frontend-saksbehandling\\packages\\prosess-beregningsgrunnlag\\src\\BeregningsgrunnlagProsessIndex.tsx": {"path":"C:\\develop\\ft-frontend-saksbehandling\\packages\\prosess-beregningsgrunnlag\\src\\BeregningsgrunnlagProsessIndex.tsx","statementMap":{"0":{"start":{"line":10,"column":13},"end":{"line":10,"column":33}},"1":{"start":{"line":17,"column":96},"end":{"line":43,"column":1}},"2":{"start":{"line":29,"column":2},"end":{"line":42,"column":20}}},"fnMap":{"0":{"name":"(anonymous_0)","decl":{"start":{"line":17,"column":96},"end":{"line":17,"column":97}},"loc":{"start":{"line":29,"column":2},"end":{"line":42,"column":20}},"line":29}},"branchMap":{},"s":{"0":1,"1":1,"2":6},"f":{"0":6},"b":{},"_coverageSchema":"1a1c01bbd47fc00a2c39e90264f33305004495a9","hash":"fa4dc1263fe49cf2ca9e30a62cbacdebaf5279d6"}
,"C:\\develop\\ft-frontend-saksbehandling\\packages\\prosess-beregningsgrunnlag\\src\\components\\BeregningFP.tsx": {"path":"C:\\develop\\ft-frontend-saksbehandling\\packages\\prosess-beregningsgrunnlag\\src\\components\\BeregningFP.tsx","statementMap":{"0":{"start":{"line":30,"column":30},"end":{"line":47,"column":1}},"1":{"start":{"line":31,"column":2},"end":{"line":46,"column":5}},"2":{"start":{"line":49,"column":38},"end":{"line":51,"column":7}},"3":{"start":{"line":49,"column":91},"end":{"line":51,"column":6}},"4":{"start":{"line":50,"column":34},"end":{"line":50,"column":72}},"5":{"start":{"line":53,"column":29},"end":{"line":64,"column":10}},"6":{"start":{"line":53,"column":81},"end":{"line":64,"column":9}},"7":{"start":{"line":54,"column":52},"end":{"line":54,"column":91}},"8":{"start":{"line":55,"column":49},"end":{"line":55,"column":85}},"9":{"start":{"line":56,"column":67},"end":{"line":56,"column":96}},"10":{"start":{"line":57,"column":64},"end":{"line":57,"column":95}},"11":{"start":{"line":58,"column":58},"end":{"line":58,"column":86}},"12":{"start":{"line":59,"column":43},"end":{"line":59,"column":91}},"13":{"start":{"line":60,"column":49},"end":{"line":60,"column":83}},"14":{"start":{"line":62,"column":58},"end":{"line":62,"column":83}},"15":{"start":{"line":63,"column":48},"end":{"line":63,"column":70}},"16":{"start":{"line":66,"column":20},"end":{"line":68,"column":14}},"17":{"start":{"line":66,"column":51},"end":{"line":68,"column":13}},"18":{"start":{"line":67,"column":23},"end":{"line":67,"column":93}},"19":{"start":{"line":70,"column":50},"end":{"line":72,"column":14}},"20":{"start":{"line":70,"column":101},"end":{"line":72,"column":13}},"21":{"start":{"line":71,"column":32},"end":{"line":71,"column":107}},"22":{"start":{"line":93,"column":49},"end":{"line":136,"column":1}},"23":{"start":{"line":105,"column":2},"end":{"line":107,"column":3}},"24":{"start":{"line":106,"column":4},"end":{"line":106,"column":35}},"25":{"start":{"line":108,"column":34},"end":{"line":108,"column":79}},"26":{"start":{"line":109,"column":28},"end":{"line":109,"column":68}},"27":{"start":{"line":110,"column":20},"end":{"line":110,"column":39}},"28":{"start":{"line":111,"column":46},"end":{"line":111,"column":103}},"29":{"start":{"line":112,"column":2},"end":{"line":135,"column":4}}},"fnMap":{"0":{"name":"(anonymous_0)","decl":{"start":{"line":30,"column":30},"end":{"line":30,"column":31}},"loc":{"start":{"line":31,"column":2},"end":{"line":46,"column":5}},"line":31},"1":{"name":"(anonymous_1)","decl":{"start":{"line":49,"column":38},"end":{"line":49,"column":39}},"loc":{"start":{"line":49,"column":91},"end":{"line":51,"column":6}},"line":49},"2":{"name":"(anonymous_2)","decl":{"start":{"line":50,"column":26},"end":{"line":50,"column":27}},"loc":{"start":{"line":50,"column":34},"end":{"line":50,"column":72}},"line":50},"3":{"name":"(anonymous_3)","decl":{"start":{"line":53,"column":29},"end":{"line":53,"column":30}},"loc":{"start":{"line":53,"column":81},"end":{"line":64,"column":9}},"line":53},"4":{"name":"(anonymous_4)","decl":{"start":{"line":54,"column":42},"end":{"line":54,"column":43}},"loc":{"start":{"line":54,"column":52},"end":{"line":54,"column":91}},"line":54},"5":{"name":"(anonymous_5)","decl":{"start":{"line":55,"column":39},"end":{"line":55,"column":40}},"loc":{"start":{"line":55,"column":49},"end":{"line":55,"column":85}},"line":55},"6":{"name":"(anonymous_6)","decl":{"start":{"line":56,"column":57},"end":{"line":56,"column":58}},"loc":{"start":{"line":56,"column":67},"end":{"line":56,"column":96}},"line":56},"7":{"name":"(anonymous_7)","decl":{"start":{"line":57,"column":54},"end":{"line":57,"column":55}},"loc":{"start":{"line":57,"column":64},"end":{"line":57,"column":95}},"line":57},"8":{"name":"(anonymous_8)","decl":{"start":{"line":58,"column":48},"end":{"line":58,"column":49}},"loc":{"start":{"line":58,"column":58},"end":{"line":58,"column":86}},"line":58},"9":{"name":"(anonymous_9)","decl":{"start":{"line":59,"column":33},"end":{"line":59,"column":34}},"loc":{"start":{"line":59,"column":43},"end":{"line":59,"column":91}},"line":59},"10":{"name":"(anonymous_10)","decl":{"start":{"line":60,"column":39},"end":{"line":60,"column":40}},"loc":{"start":{"line":60,"column":49},"end":{"line":60,"column":83}},"line":60},"11":{"name":"(anonymous_11)","decl":{"start":{"line":62,"column":48},"end":{"line":62,"column":49}},"loc":{"start":{"line":62,"column":58},"end":{"line":62,"column":83}},"line":62},"12":{"name":"(anonymous_12)","decl":{"start":{"line":63,"column":38},"end":{"line":63,"column":39}},"loc":{"start":{"line":63,"column":48},"end":{"line":63,"column":70}},"line":63},"13":{"name":"(anonymous_13)","decl":{"start":{"line":66,"column":20},"end":{"line":66,"column":21}},"loc":{"start":{"line":66,"column":51},"end":{"line":68,"column":13}},"line":66},"14":{"name":"(anonymous_14)","decl":{"start":{"line":67,"column":16},"end":{"line":67,"column":17}},"loc":{"start":{"line":67,"column":23},"end":{"line":67,"column":93}},"line":67},"15":{"name":"(anonymous_15)","decl":{"start":{"line":70,"column":50},"end":{"line":70,"column":51}},"loc":{"start":{"line":70,"column":101},"end":{"line":72,"column":13}},"line":70},"16":{"name":"(anonymous_16)","decl":{"start":{"line":71,"column":24},"end":{"line":71,"column":25}},"loc":{"start":{"line":71,"column":32},"end":{"line":71,"column":107}},"line":71},"17":{"name":"(anonymous_17)","decl":{"start":{"line":93,"column":49},"end":{"line":93,"column":50}},"loc":{"start":{"line":104,"column":6},"end":{"line":136,"column":1}},"line":104}},"branchMap":{"0":{"loc":{"start":{"line":49,"column":91},"end":{"line":51,"column":6}},"type":"cond-expr","locations":[{"start":{"line":50,"column":4},"end":{"line":50,"column":73}},{"start":{"line":51,"column":4},"end":{"line":51,"column":6}}],"line":49},"1":{"loc":{"start":{"line":53,"column":81},"end":{"line":64,"column":9}},"type":"cond-expr","locations":[{"start":{"line":53,"column":103},"end":{"line":64,"column":1}},{"start":{"line":64,"column":5},"end":{"line":64,"column":9}}],"line":53},"2":{"loc":{"start":{"line":61,"column":30},"end":{"line":61,"column":81}},"type":"binary-expr","locations":[{"start":{"line":61,"column":30},"end":{"line":61,"column":48}},{"start":{"line":61,"column":52},"end":{"line":61,"column":81}}],"line":61},"3":{"loc":{"start":{"line":62,"column":24},"end":{"line":62,"column":117}},"type":"binary-expr","locations":[{"start":{"line":62,"column":24},"end":{"line":62,"column":84}},{"start":{"line":62,"column":88},"end":{"line":62,"column":117}}],"line":62},"4":{"loc":{"start":{"line":66,"column":51},"end":{"line":68,"column":13}},"type":"cond-expr","locations":[{"start":{"line":67,"column":4},"end":{"line":67,"column":94}},{"start":{"line":68,"column":4},"end":{"line":68,"column":13}}],"line":66},"5":{"loc":{"start":{"line":67,"column":23},"end":{"line":67,"column":93}},"type":"binary-expr","locations":[{"start":{"line":67,"column":23},"end":{"line":67,"column":35}},{"start":{"line":67,"column":39},"end":{"line":67,"column":93}}],"line":67},"6":{"loc":{"start":{"line":70,"column":101},"end":{"line":72,"column":13}},"type":"cond-expr","locations":[{"start":{"line":71,"column":4},"end":{"line":71,"column":108}},{"start":{"line":72,"column":4},"end":{"line":72,"column":13}}],"line":70},"7":{"loc":{"start":{"line":105,"column":2},"end":{"line":107,"column":3}},"type":"if","locations":[{"start":{"line":105,"column":2},"end":{"line":107,"column":3}},{"start":{},"end":{}}],"line":105},"8":{"loc":{"start":{"line":128,"column":7},"end":{"line":133,"column":11}},"type":"binary-expr","locations":[{"start":{"line":128,"column":7},"end":{"line":128,"column":42}},{"start":{"line":130,"column":10},"end":{"line":132,"column":12}}],"line":128}},"s":{"0":1,"1":0,"2":1,"3":6,"4":4,"5":1,"6":6,"7":6,"8":6,"9":6,"10":6,"11":6,"12":6,"13":6,"14":6,"15":6,"16":1,"17":6,"18":6,"19":1,"20":6,"21":4,"22":1,"23":6,"24":0,"25":6,"26":6,"27":6,"28":6,"29":6},"f":{"0":0,"1":6,"2":4,"3":6,"4":6,"5":6,"6":6,"7":6,"8":6,"9":6,"10":6,"11":6,"12":6,"13":6,"14":6,"15":6,"16":4,"17":6},"b":{"0":[6,0],"1":[6,0],"2":[6,6],"3":[6,6],"4":[6,0],"5":[6,6],"6":[6,0],"7":[0,6],"8":[6,0]},"_coverageSchema":"1a1c01bbd47fc00a2c39e90264f33305004495a9","hash":"5159fae400ababf47496af8033af238817e37236"}
,"C:\\develop\\ft-frontend-saksbehandling\\packages\\prosess-beregningsgrunnlag\\src\\components\\arbeidstaker\\AksjonspunktBehandlerAT.tsx": {"path":"C:\\develop\\ft-frontend-saksbehandling\\packages\\prosess-beregningsgrunnlag\\src\\components\\arbeidstaker\\AksjonspunktBehandlerAT.tsx","statementMap":{"0":{"start":{"line":27,"column":46},"end":{"line":33,"column":1}},"1":{"start":{"line":28,"column":2},"end":{"line":30,"column":3}},"2":{"start":{"line":29,"column":4},"end":{"line":29,"column":16}},"3":{"start":{"line":32,"column":2},"end":{"line":32,"column":84}},"4":{"start":{"line":35,"column":34},"end":{"line":43,"column":1}},"5":{"start":{"line":36,"column":2},"end":{"line":38,"column":3}},"6":{"start":{"line":37,"column":4},"end":{"line":37,"column":14}},"7":{"start":{"line":39,"column":2},"end":{"line":42,"column":69}},"8":{"start":{"line":40,"column":23},"end":{"line":40,"column":77}},"9":{"start":{"line":41,"column":23},"end":{"line":41,"column":59}},"10":{"start":{"line":42,"column":23},"end":{"line":42,"column":67}},"11":{"start":{"line":45,"column":24},"end":{"line":53,"column":1}},"12":{"start":{"line":48,"column":34},"end":{"line":48,"column":97}},"13":{"start":{"line":49,"column":2},"end":{"line":51,"column":3}},"14":{"start":{"line":50,"column":4},"end":{"line":50,"column":143}},"15":{"start":{"line":52,"column":2},"end":{"line":52,"column":105}},"16":{"start":{"line":55,"column":19},"end":{"line":77,"column":2}},"17":{"start":{"line":58,"column":83},"end":{"line":77,"column":2}},"18":{"start":{"line":59,"column":4},"end":{"line":76,"column":10}},"19":{"start":{"line":90,"column":79},"end":{"line":103,"column":1}},"20":{"start":{"line":96,"column":26},"end":{"line":96,"column":57}},"21":{"start":{"line":97,"column":29},"end":{"line":97,"column":81}},"22":{"start":{"line":98,"column":2},"end":{"line":102,"column":4}},"23":{"start":{"line":105,"column":0},"end":{"line":120,"column":2}},"24":{"start":{"line":108,"column":27},"end":{"line":108,"column":31}},"25":{"start":{"line":109,"column":2},"end":{"line":118,"column":3}},"26":{"start":{"line":110,"column":4},"end":{"line":117,"column":9}},"27":{"start":{"line":112,"column":33},"end":{"line":112,"column":58}},"28":{"start":{"line":113,"column":8},"end":{"line":116,"column":10}},"29":{"start":{"line":119,"column":2},"end":{"line":119,"column":28}}},"fnMap":{"0":{"name":"(anonymous_0)","decl":{"start":{"line":27,"column":46},"end":{"line":27,"column":47}},"loc":{"start":{"line":27,"column":91},"end":{"line":33,"column":1}},"line":27},"1":{"name":"(anonymous_1)","decl":{"start":{"line":35,"column":34},"end":{"line":35,"column":35}},"loc":{"start":{"line":35,"column":101},"end":{"line":43,"column":1}},"line":35},"2":{"name":"(anonymous_2)","decl":{"start":{"line":40,"column":12},"end":{"line":40,"column":13}},"loc":{"start":{"line":40,"column":23},"end":{"line":40,"column":77}},"line":40},"3":{"name":"(anonymous_3)","decl":{"start":{"line":41,"column":12},"end":{"line":41,"column":13}},"loc":{"start":{"line":41,"column":23},"end":{"line":41,"column":59}},"line":41},"4":{"name":"(anonymous_4)","decl":{"start":{"line":42,"column":12},"end":{"line":42,"column":13}},"loc":{"start":{"line":42,"column":23},"end":{"line":42,"column":67}},"line":42},"5":{"name":"(anonymous_5)","decl":{"start":{"line":45,"column":24},"end":{"line":45,"column":25}},"loc":{"start":{"line":47,"column":75},"end":{"line":53,"column":1}},"line":47},"6":{"name":"(anonymous_6)","decl":{"start":{"line":55,"column":19},"end":{"line":55,"column":20}},"loc":{"start":{"line":58,"column":83},"end":{"line":77,"column":2}},"line":58},"7":{"name":"(anonymous_7)","decl":{"start":{"line":58,"column":106},"end":{"line":58,"column":107}},"loc":{"start":{"line":59,"column":4},"end":{"line":76,"column":10}},"line":59},"8":{"name":"(anonymous_8)","decl":{"start":{"line":90,"column":79},"end":{"line":90,"column":80}},"loc":{"start":{"line":95,"column":6},"end":{"line":103,"column":1}},"line":95},"9":{"name":"(anonymous_9)","decl":{"start":{"line":105,"column":42},"end":{"line":105,"column":43}},"loc":{"start":{"line":107,"column":85},"end":{"line":120,"column":1}},"line":107},"10":{"name":"(anonymous_10)","decl":{"start":{"line":111,"column":11},"end":{"line":111,"column":12}},"loc":{"start":{"line":111,"column":36},"end":{"line":117,"column":7}},"line":111}},"branchMap":{"0":{"loc":{"start":{"line":28,"column":2},"end":{"line":30,"column":3}},"type":"if","locations":[{"start":{"line":28,"column":2},"end":{"line":30,"column":3}},{"start":{},"end":{}}],"line":28},"1":{"loc":{"start":{"line":28,"column":6},"end":{"line":28,"column":73}},"type":"binary-expr","locations":[{"start":{"line":28,"column":6},"end":{"line":28,"column":35}},{"start":{"line":28,"column":39},"end":{"line":28,"column":73}}],"line":28},"2":{"loc":{"start":{"line":32,"column":9},"end":{"line":32,"column":83}},"type":"binary-expr","locations":[{"start":{"line":32,"column":9},"end":{"line":32,"column":41}},{"start":{"line":32,"column":45},"end":{"line":32,"column":83}}],"line":32},"3":{"loc":{"start":{"line":36,"column":2},"end":{"line":38,"column":3}},"type":"if","locations":[{"start":{"line":36,"column":2},"end":{"line":38,"column":3}},{"start":{},"end":{}}],"line":36},"4":{"loc":{"start":{"line":49,"column":2},"end":{"line":51,"column":3}},"type":"if","locations":[{"start":{"line":49,"column":2},"end":{"line":51,"column":3}},{"start":{},"end":{}}],"line":49},"5":{"loc":{"start":{"line":50,"column":11},"end":{"line":50,"column":142}},"type":"cond-expr","locations":[{"start":{"line":50,"column":47},"end":{"line":50,"column":137}},{"start":{"line":50,"column":140},"end":{"line":50,"column":142}}],"line":50},"6":{"loc":{"start":{"line":66,"column":45},"end":{"line":66,"column":87}},"type":"cond-expr","locations":[{"start":{"line":66,"column":56},"end":{"line":66,"column":75}},{"start":{"line":66,"column":78},"end":{"line":66,"column":87}}],"line":66},"7":{"loc":{"start":{"line":109,"column":2},"end":{"line":118,"column":3}},"type":"if","locations":[{"start":{"line":109,"column":2},"end":{"line":118,"column":3}},{"start":{},"end":{}}],"line":109},"8":{"loc":{"start":{"line":114,"column":19},"end":{"line":114,"column":125}},"type":"cond-expr","locations":[{"start":{"line":114,"column":81},"end":{"line":114,"column":82}},{"start":{"line":114,"column":85},"end":{"line":114,"column":125}}],"line":114},"9":{"loc":{"start":{"line":114,"column":20},"end":{"line":114,"column":77}},"type":"binary-expr","locations":[{"start":{"line":114,"column":20},"end":{"line":114,"column":50}},{"start":{"line":114,"column":54},"end":{"line":114,"column":77}}],"line":114}},"s":{"0":1,"1":9,"2":0,"3":9,"4":1,"5":9,"6":0,"7":9,"8":9,"9":9,"10":9,"11":1,"12":8,"13":8,"14":0,"15":8,"16":1,"17":8,"18":8,"19":1,"20":8,"21":8,"22":8,"23":1,"24":1,"25":1,"26":1,"27":1,"28":1,"29":1},"f":{"0":9,"1":9,"2":9,"3":9,"4":9,"5":8,"6":8,"7":8,"8":8,"9":1,"10":1},"b":{"0":[0,9],"1":[9,0],"2":[9,9],"3":[0,9],"4":[0,8],"5":[0,0],"6":[0,8],"7":[1,0],"8":[0,1],"9":[1,1]},"_coverageSchema":"1a1c01bbd47fc00a2c39e90264f33305004495a9","hash":"cf5d870dbecc90bf4a1c2d987d6012e85c8d8543"}
,"C:\\develop\\ft-frontend-saksbehandling\\packages\\prosess-beregningsgrunnlag\\src\\components\\arbeidstaker\\AksjonspunktBehandlerTB.tsx": {"path":"C:\\develop\\ft-frontend-saksbehandling\\packages\\prosess-beregningsgrunnlag\\src\\components\\arbeidstaker\\AksjonspunktBehandlerTB.tsx","statementMap":{"0":{"start":{"line":39,"column":19},"end":{"line":39,"column":33}},"1":{"start":{"line":45,"column":4},"end":{"line":45,"column":20}},"2":{"start":{"line":47,"column":53},"end":{"line":49,"column":73}},"3":{"start":{"line":47,"column":112},"end":{"line":49,"column":73}},"4":{"start":{"line":48,"column":43},"end":{"line":49,"column":71}},"5":{"start":{"line":51,"column":42},"end":{"line":52,"column":95}},"6":{"start":{"line":51,"column":95},"end":{"line":52,"column":95}},"7":{"start":{"line":52,"column":41},"end":{"line":52,"column":45}},"8":{"start":{"line":55,"column":47},"end":{"line":68,"column":1}},"9":{"start":{"line":56,"column":51},"end":{"line":56,"column":53}},"10":{"start":{"line":57,"column":10},"end":{"line":57,"column":11}},"11":{"start":{"line":58,"column":2},"end":{"line":66,"column":3}},"12":{"start":{"line":59,"column":22},"end":{"line":59,"column":44}},"13":{"start":{"line":60,"column":4},"end":{"line":60,"column":11}},"14":{"start":{"line":61,"column":4},"end":{"line":63,"column":5}},"15":{"start":{"line":62,"column":6},"end":{"line":62,"column":13}},"16":{"start":{"line":64,"column":4},"end":{"line":64,"column":94}},"17":{"start":{"line":65,"column":4},"end":{"line":65,"column":61}},"18":{"start":{"line":67,"column":2},"end":{"line":67,"column":50}},"19":{"start":{"line":71,"column":28},"end":{"line":76,"column":1}},"20":{"start":{"line":72,"column":2},"end":{"line":74,"column":3}},"21":{"start":{"line":73,"column":4},"end":{"line":73,"column":21}},"22":{"start":{"line":75,"column":2},"end":{"line":75,"column":124}},"23":{"start":{"line":78,"column":41},"end":{"line":80,"column":45}},"24":{"start":{"line":78,"column":112},"end":{"line":80,"column":45}},"25":{"start":{"line":79,"column":21},"end":{"line":79,"column":75}},"26":{"start":{"line":80,"column":21},"end":{"line":80,"column":44}},"27":{"start":{"line":82,"column":35},"end":{"line":88,"column":1}},"28":{"start":{"line":83,"column":36},"end":{"line":83,"column":99}},"29":{"start":{"line":84,"column":2},"end":{"line":86,"column":3}},"30":{"start":{"line":85,"column":4},"end":{"line":85,"column":86}},"31":{"start":{"line":87,"column":2},"end":{"line":87,"column":79}},"32":{"start":{"line":91,"column":44},"end":{"line":99,"column":1}},"33":{"start":{"line":93,"column":25},"end":{"line":93,"column":27}},"34":{"start":{"line":94,"column":30},"end":{"line":94,"column":149}},"35":{"start":{"line":94,"column":94},"end":{"line":94,"column":148}},"36":{"start":{"line":95,"column":2},"end":{"line":97,"column":5}},"37":{"start":{"line":96,"column":4},"end":{"line":96,"column":142}},"38":{"start":{"line":98,"column":2},"end":{"line":98,"column":24}},"39":{"start":{"line":102,"column":29},"end":{"line":107,"column":2}},"40":{"start":{"line":102,"column":75},"end":{"line":107,"column":1}},"41":{"start":{"line":109,"column":36},"end":{"line":117,"column":1}},"42":{"start":{"line":112,"column":29},"end":{"line":112,"column":92}},"43":{"start":{"line":113,"column":2},"end":{"line":115,"column":3}},"44":{"start":{"line":114,"column":4},"end":{"line":114,"column":143}},"45":{"start":{"line":116,"column":2},"end":{"line":116,"column":100}},"46":{"start":{"line":122,"column":22},"end":{"line":140,"column":1}},"47":{"start":{"line":125,"column":21},"end":{"line":125,"column":97}},"48":{"start":{"line":126,"column":22},"end":{"line":126,"column":67}},"49":{"start":{"line":127,"column":24},"end":{"line":127,"column":26}},"50":{"start":{"line":128,"column":2},"end":{"line":138,"column":5}},"51":{"start":{"line":129,"column":25},"end":{"line":129,"column":104}},"52":{"start":{"line":130,"column":33},"end":{"line":130,"column":55}},"53":{"start":{"line":131,"column":4},"end":{"line":131,"column":139}},"54":{"start":{"line":132,"column":4},"end":{"line":132,"column":139}},"55":{"start":{"line":134,"column":45},"end":{"line":134,"column":67}},"56":{"start":{"line":135,"column":4},"end":{"line":135,"column":61}},"57":{"start":{"line":136,"column":4},"end":{"line":136,"column":78}},"58":{"start":{"line":137,"column":4},"end":{"line":137,"column":57}},"59":{"start":{"line":139,"column":2},"end":{"line":139,"column":23}},"60":{"start":{"line":142,"column":24},"end":{"line":166,"column":1}},"61":{"start":{"line":146,"column":28},"end":{"line":146,"column":80}},"62":{"start":{"line":147,"column":25},"end":{"line":147,"column":51}},"63":{"start":{"line":148,"column":35},"end":{"line":148,"column":128}},"64":{"start":{"line":151,"column":2},"end":{"line":164,"column":5}},"65":{"start":{"line":152,"column":32},"end":{"line":152,"column":73}},"66":{"start":{"line":153,"column":4},"end":{"line":163,"column":7}},"67":{"start":{"line":154,"column":21},"end":{"line":154,"column":100}},"68":{"start":{"line":155,"column":23},"end":{"line":155,"column":55}},"69":{"start":{"line":156,"column":26},"end":{"line":156,"column":48}},"70":{"start":{"line":157,"column":6},"end":{"line":157,"column":150}},"71":{"start":{"line":158,"column":6},"end":{"line":158,"column":42}},"72":{"start":{"line":159,"column":6},"end":{"line":159,"column":36}},"73":{"start":{"line":160,"column":6},"end":{"line":160,"column":70}},"74":{"start":{"line":161,"column":6},"end":{"line":161,"column":33}},"75":{"start":{"line":162,"column":6},"end":{"line":162,"column":50}},"76":{"start":{"line":165,"column":2},"end":{"line":165,"column":34}},"77":{"start":{"line":168,"column":30},"end":{"line":181,"column":1}},"78":{"start":{"line":169,"column":2},"end":{"line":180,"column":7}},"79":{"start":{"line":176,"column":6},"end":{"line":178,"column":11}},"80":{"start":{"line":183,"column":26},"end":{"line":197,"column":1}},"81":{"start":{"line":184,"column":2},"end":{"line":195,"column":7}},"82":{"start":{"line":187,"column":22},"end":{"line":187,"column":51}},"83":{"start":{"line":188,"column":6},"end":{"line":192,"column":8}},"84":{"start":{"line":198,"column":19},"end":{"line":261,"column":1}},"85":{"start":{"line":202,"column":15},"end":{"line":202,"column":17}},"86":{"start":{"line":203,"column":2},"end":{"line":203,"column":41}},"87":{"start":{"line":204,"column":2},"end":{"line":221,"column":4}},"88":{"start":{"line":208,"column":8},"end":{"line":218,"column":25}},"89":{"start":{"line":223,"column":2},"end":{"line":255,"column":5}},"90":{"start":{"line":224,"column":17},"end":{"line":224,"column":31}},"91":{"start":{"line":225,"column":4},"end":{"line":254,"column":6}},"92":{"start":{"line":228,"column":10},"end":{"line":236,"column":11}},"93":{"start":{"line":229,"column":12},"end":{"line":235,"column":14}},"94":{"start":{"line":237,"column":10},"end":{"line":251,"column":12}},"95":{"start":{"line":257,"column":2},"end":{"line":257,"column":75}},"96":{"start":{"line":258,"column":2},"end":{"line":258,"column":45}},"97":{"start":{"line":260,"column":2},"end":{"line":260,"column":14}},"98":{"start":{"line":263,"column":32},"end":{"line":266,"column":1}},"99":{"start":{"line":264,"column":23},"end":{"line":264,"column":92}},"100":{"start":{"line":265,"column":2},"end":{"line":265,"column":73}},"101":{"start":{"line":279,"column":32},"end":{"line":305,"column":1}},"102":{"start":{"line":280,"column":30},"end":{"line":280,"column":32}},"103":{"start":{"line":281,"column":28},"end":{"line":281,"column":80}},"104":{"start":{"line":282,"column":33},"end":{"line":283,"column":114}},"105":{"start":{"line":283,"column":23},"end":{"line":283,"column":77}},"106":{"start":{"line":283,"column":94},"end":{"line":283,"column":113}},"107":{"start":{"line":284,"column":31},"end":{"line":284,"column":77}},"108":{"start":{"line":284,"column":71},"end":{"line":284,"column":76}},"109":{"start":{"line":285,"column":2},"end":{"line":289,"column":5}},"110":{"start":{"line":290,"column":2},"end":{"line":303,"column":5}},"111":{"start":{"line":291,"column":32},"end":{"line":292,"column":80}},"112":{"start":{"line":292,"column":25},"end":{"line":292,"column":79}},"113":{"start":{"line":293,"column":36},"end":{"line":297,"column":6}},"114":{"start":{"line":294,"column":28},"end":{"line":294,"column":63}},"115":{"start":{"line":295,"column":30},"end":{"line":295,"column":62}},"116":{"start":{"line":296,"column":6},"end":{"line":296,"column":117}},"117":{"start":{"line":298,"column":35},"end":{"line":298,"column":82}},"118":{"start":{"line":298,"column":76},"end":{"line":298,"column":81}},"119":{"start":{"line":299,"column":4},"end":{"line":302,"column":7}},"120":{"start":{"line":304,"column":2},"end":{"line":304,"column":29}},"121":{"start":{"line":316,"column":90},"end":{"line":331,"column":1}},"122":{"start":{"line":319,"column":21},"end":{"line":319,"column":95}},"123":{"start":{"line":320,"column":31},"end":{"line":320,"column":70}},"124":{"start":{"line":321,"column":22},"end":{"line":321,"column":74}},"125":{"start":{"line":322,"column":30},"end":{"line":322,"column":80}},"126":{"start":{"line":323,"column":19},"end":{"line":323,"column":47}},"127":{"start":{"line":324,"column":2},"end":{"line":330,"column":4}},"128":{"start":{"line":333,"column":0},"end":{"line":344,"column":2}},"129":{"start":{"line":334,"column":24},"end":{"line":334,"column":26}},"130":{"start":{"line":335,"column":28},"end":{"line":335,"column":80}},"131":{"start":{"line":336,"column":2},"end":{"line":342,"column":5}},"132":{"start":{"line":337,"column":32},"end":{"line":338,"column":80}},"133":{"start":{"line":338,"column":25},"end":{"line":338,"column":79}},"134":{"start":{"line":339,"column":4},"end":{"line":341,"column":7}},"135":{"start":{"line":340,"column":6},"end":{"line":340,"column":142}},"136":{"start":{"line":343,"column":2},"end":{"line":343,"column":23}},"137":{"start":{"line":346,"column":0},"end":{"line":367,"column":2}},"138":{"start":{"line":348,"column":28},"end":{"line":348,"column":30}},"139":{"start":{"line":349,"column":28},"end":{"line":349,"column":76}},"140":{"start":{"line":350,"column":2},"end":{"line":365,"column":5}},"141":{"start":{"line":351,"column":32},"end":{"line":351,"column":73}},"142":{"start":{"line":352,"column":43},"end":{"line":352,"column":45}},"143":{"start":{"line":353,"column":4},"end":{"line":359,"column":7}},"144":{"start":{"line":354,"column":31},"end":{"line":354,"column":98}},"145":{"start":{"line":355,"column":6},"end":{"line":358,"column":9}},"146":{"start":{"line":360,"column":4},"end":{"line":364,"column":7}},"147":{"start":{"line":366,"column":2},"end":{"line":366,"column":27}}},"fnMap":{"0":{"name":"(anonymous_0)","decl":{"start":{"line":47,"column":53},"end":{"line":47,"column":54}},"loc":{"start":{"line":47,"column":112},"end":{"line":49,"column":73}},"line":47},"1":{"name":"(anonymous_1)","decl":{"start":{"line":48,"column":35},"end":{"line":48,"column":36}},"loc":{"start":{"line":48,"column":43},"end":{"line":49,"column":71}},"line":48},"2":{"name":"(anonymous_2)","decl":{"start":{"line":51,"column":42},"end":{"line":51,"column":43}},"loc":{"start":{"line":51,"column":95},"end":{"line":52,"column":95}},"line":51},"3":{"name":"(anonymous_3)","decl":{"start":{"line":52,"column":31},"end":{"line":52,"column":32}},"loc":{"start":{"line":52,"column":41},"end":{"line":52,"column":45}},"line":52},"4":{"name":"(anonymous_4)","decl":{"start":{"line":55,"column":47},"end":{"line":55,"column":48}},"loc":{"start":{"line":55,"column":131},"end":{"line":68,"column":1}},"line":55},"5":{"name":"(anonymous_5)","decl":{"start":{"line":71,"column":28},"end":{"line":71,"column":29}},"loc":{"start":{"line":71,"column":112},"end":{"line":76,"column":1}},"line":71},"6":{"name":"(anonymous_6)","decl":{"start":{"line":78,"column":41},"end":{"line":78,"column":42}},"loc":{"start":{"line":78,"column":112},"end":{"line":80,"column":45}},"line":78},"7":{"name":"(anonymous_7)","decl":{"start":{"line":79,"column":10},"end":{"line":79,"column":11}},"loc":{"start":{"line":79,"column":21},"end":{"line":79,"column":75}},"line":79},"8":{"name":"(anonymous_8)","decl":{"start":{"line":80,"column":10},"end":{"line":80,"column":11}},"loc":{"start":{"line":80,"column":21},"end":{"line":80,"column":44}},"line":80},"9":{"name":"(anonymous_9)","decl":{"start":{"line":82,"column":35},"end":{"line":82,"column":36}},"loc":{"start":{"line":82,"column":159},"end":{"line":88,"column":1}},"line":82},"10":{"name":"(anonymous_10)","decl":{"start":{"line":91,"column":44},"end":{"line":91,"column":45}},"loc":{"start":{"line":92,"column":105},"end":{"line":99,"column":1}},"line":92},"11":{"name":"(anonymous_11)","decl":{"start":{"line":94,"column":83},"end":{"line":94,"column":84}},"loc":{"start":{"line":94,"column":94},"end":{"line":94,"column":148}},"line":94},"12":{"name":"(anonymous_12)","decl":{"start":{"line":95,"column":30},"end":{"line":95,"column":31}},"loc":{"start":{"line":95,"column":41},"end":{"line":97,"column":3}},"line":95},"13":{"name":"(anonymous_13)","decl":{"start":{"line":102,"column":29},"end":{"line":102,"column":30}},"loc":{"start":{"line":102,"column":75},"end":{"line":107,"column":1}},"line":102},"14":{"name":"(anonymous_14)","decl":{"start":{"line":109,"column":36},"end":{"line":109,"column":37}},"loc":{"start":{"line":111,"column":75},"end":{"line":117,"column":1}},"line":111},"15":{"name":"(anonymous_15)","decl":{"start":{"line":122,"column":22},"end":{"line":122,"column":23}},"loc":{"start":{"line":124,"column":105},"end":{"line":140,"column":1}},"line":124},"16":{"name":"(anonymous_16)","decl":{"start":{"line":128,"column":22},"end":{"line":128,"column":23}},"loc":{"start":{"line":128,"column":33},"end":{"line":138,"column":3}},"line":128},"17":{"name":"(anonymous_17)","decl":{"start":{"line":142,"column":24},"end":{"line":142,"column":25}},"loc":{"start":{"line":144,"column":105},"end":{"line":166,"column":1}},"line":144},"18":{"name":"(anonymous_18)","decl":{"start":{"line":151,"column":25},"end":{"line":151,"column":26}},"loc":{"start":{"line":151,"column":38},"end":{"line":164,"column":3}},"line":151},"19":{"name":"(anonymous_19)","decl":{"start":{"line":153,"column":32},"end":{"line":153,"column":33}},"loc":{"start":{"line":153,"column":43},"end":{"line":163,"column":5}},"line":153},"20":{"name":"(anonymous_20)","decl":{"start":{"line":168,"column":30},"end":{"line":168,"column":31}},"loc":{"start":{"line":169,"column":2},"end":{"line":180,"column":7}},"line":169},"21":{"name":"(anonymous_21)","decl":{"start":{"line":175,"column":31},"end":{"line":175,"column":32}},"loc":{"start":{"line":176,"column":6},"end":{"line":178,"column":11}},"line":176},"22":{"name":"(anonymous_22)","decl":{"start":{"line":183,"column":26},"end":{"line":183,"column":27}},"loc":{"start":{"line":184,"column":2},"end":{"line":195,"column":7}},"line":184},"23":{"name":"(anonymous_23)","decl":{"start":{"line":186,"column":27},"end":{"line":186,"column":28}},"loc":{"start":{"line":186,"column":40},"end":{"line":193,"column":5}},"line":186},"24":{"name":"(anonymous_24)","decl":{"start":{"line":198,"column":19},"end":{"line":198,"column":20}},"loc":{"start":{"line":201,"column":50},"end":{"line":261,"column":1}},"line":201},"25":{"name":"(anonymous_25)","decl":{"start":{"line":207,"column":20},"end":{"line":207,"column":21}},"loc":{"start":{"line":208,"column":8},"end":{"line":218,"column":25}},"line":208},"26":{"name":"(anonymous_26)","decl":{"start":{"line":223,"column":33},"end":{"line":223,"column":34}},"loc":{"start":{"line":223,"column":42},"end":{"line":255,"column":3}},"line":223},"27":{"name":"(anonymous_27)","decl":{"start":{"line":227,"column":18},"end":{"line":227,"column":19}},"loc":{"start":{"line":227,"column":31},"end":{"line":252,"column":9}},"line":227},"28":{"name":"(anonymous_28)","decl":{"start":{"line":263,"column":32},"end":{"line":263,"column":33}},"loc":{"start":{"line":263,"column":86},"end":{"line":266,"column":1}},"line":263},"29":{"name":"(anonymous_29)","decl":{"start":{"line":279,"column":32},"end":{"line":279,"column":33}},"loc":{"start":{"line":279,"column":156},"end":{"line":305,"column":1}},"line":279},"30":{"name":"(anonymous_30)","decl":{"start":{"line":283,"column":12},"end":{"line":283,"column":13}},"loc":{"start":{"line":283,"column":23},"end":{"line":283,"column":77}},"line":283},"31":{"name":"(anonymous_31)","decl":{"start":{"line":283,"column":83},"end":{"line":283,"column":84}},"loc":{"start":{"line":283,"column":94},"end":{"line":283,"column":113}},"line":283},"32":{"name":"(anonymous_32)","decl":{"start":{"line":284,"column":61},"end":{"line":284,"column":62}},"loc":{"start":{"line":284,"column":71},"end":{"line":284,"column":76}},"line":284},"33":{"name":"(anonymous_33)","decl":{"start":{"line":290,"column":28},"end":{"line":290,"column":29}},"loc":{"start":{"line":290,"column":41},"end":{"line":303,"column":3}},"line":290},"34":{"name":"(anonymous_34)","decl":{"start":{"line":292,"column":14},"end":{"line":292,"column":15}},"loc":{"start":{"line":292,"column":25},"end":{"line":292,"column":79}},"line":292},"35":{"name":"(anonymous_35)","decl":{"start":{"line":293,"column":60},"end":{"line":293,"column":61}},"loc":{"start":{"line":293,"column":71},"end":{"line":297,"column":5}},"line":293},"36":{"name":"(anonymous_36)","decl":{"start":{"line":298,"column":66},"end":{"line":298,"column":67}},"loc":{"start":{"line":298,"column":76},"end":{"line":298,"column":81}},"line":298},"37":{"name":"(anonymous_37)","decl":{"start":{"line":316,"column":90},"end":{"line":316,"column":91}},"loc":{"start":{"line":318,"column":6},"end":{"line":331,"column":1}},"line":318},"38":{"name":"(anonymous_38)","decl":{"start":{"line":333,"column":56},"end":{"line":333,"column":57}},"loc":{"start":{"line":333,"column":141},"end":{"line":344,"column":1}},"line":333},"39":{"name":"(anonymous_39)","decl":{"start":{"line":336,"column":28},"end":{"line":336,"column":29}},"loc":{"start":{"line":336,"column":41},"end":{"line":342,"column":3}},"line":336},"40":{"name":"(anonymous_40)","decl":{"start":{"line":338,"column":14},"end":{"line":338,"column":15}},"loc":{"start":{"line":338,"column":25},"end":{"line":338,"column":79}},"line":338},"41":{"name":"(anonymous_41)","decl":{"start":{"line":339,"column":32},"end":{"line":339,"column":33}},"loc":{"start":{"line":339,"column":43},"end":{"line":341,"column":5}},"line":339},"42":{"name":"(anonymous_42)","decl":{"start":{"line":346,"column":53},"end":{"line":346,"column":54}},"loc":{"start":{"line":347,"column":94},"end":{"line":367,"column":1}},"line":347},"43":{"name":"(anonymous_43)","decl":{"start":{"line":350,"column":28},"end":{"line":350,"column":29}},"loc":{"start":{"line":350,"column":41},"end":{"line":365,"column":3}},"line":350},"44":{"name":"(anonymous_44)","decl":{"start":{"line":353,"column":32},"end":{"line":353,"column":33}},"loc":{"start":{"line":353,"column":43},"end":{"line":359,"column":5}},"line":353}},"branchMap":{"0":{"loc":{"start":{"line":47,"column":112},"end":{"line":49,"column":73}},"type":"binary-expr","locations":[{"start":{"line":47,"column":112},"end":{"line":47,"column":135}},{"start":{"line":48,"column":6},"end":{"line":49,"column":72}}],"line":47},"1":{"loc":{"start":{"line":48,"column":43},"end":{"line":49,"column":71}},"type":"binary-expr","locations":[{"start":{"line":48,"column":43},"end":{"line":48,"column":117}},{"start":{"line":49,"column":5},"end":{"line":49,"column":71}}],"line":48},"2":{"loc":{"start":{"line":51,"column":95},"end":{"line":52,"column":95}},"type":"binary-expr","locations":[{"start":{"line":51,"column":95},"end":{"line":51,"column":127}},{"start":{"line":52,"column":3},"end":{"line":52,"column":95}}],"line":51},"3":{"loc":{"start":{"line":61,"column":11},"end":{"line":61,"column":89}},"type":"binary-expr","locations":[{"start":{"line":61,"column":11},"end":{"line":61,"column":34}},{"start":{"line":61,"column":38},"end":{"line":61,"column":89}}],"line":61},"4":{"loc":{"start":{"line":72,"column":2},"end":{"line":74,"column":3}},"type":"if","locations":[{"start":{"line":72,"column":2},"end":{"line":74,"column":3}},{"start":{},"end":{}}],"line":72},"5":{"loc":{"start":{"line":84,"column":2},"end":{"line":86,"column":3}},"type":"if","locations":[{"start":{"line":84,"column":2},"end":{"line":86,"column":3}},{"start":{},"end":{}}],"line":84},"6":{"loc":{"start":{"line":85,"column":11},"end":{"line":85,"column":85}},"type":"cond-expr","locations":[{"start":{"line":85,"column":47},"end":{"line":85,"column":80}},{"start":{"line":85,"column":83},"end":{"line":85,"column":85}}],"line":85},"7":{"loc":{"start":{"line":113,"column":2},"end":{"line":115,"column":3}},"type":"if","locations":[{"start":{"line":113,"column":2},"end":{"line":115,"column":3}},{"start":{},"end":{}}],"line":113},"8":{"loc":{"start":{"line":114,"column":11},"end":{"line":114,"column":142}},"type":"cond-expr","locations":[{"start":{"line":114,"column":47},"end":{"line":114,"column":137}},{"start":{"line":114,"column":140},"end":{"line":114,"column":142}}],"line":114},"9":{"loc":{"start":{"line":132,"column":43},"end":{"line":132,"column":138}},"type":"cond-expr","locations":[{"start":{"line":132,"column":95},"end":{"line":132,"column":130}},{"start":{"line":132,"column":133},"end":{"line":132,"column":138}}],"line":132},"10":{"loc":{"start":{"line":157,"column":34},"end":{"line":157,"column":149}},"type":"cond-expr","locations":[{"start":{"line":157,"column":104},"end":{"line":157,"column":144}},{"start":{"line":157,"column":147},"end":{"line":157,"column":149}}],"line":157},"11":{"loc":{"start":{"line":157,"column":34},"end":{"line":157,"column":101}},"type":"binary-expr","locations":[{"start":{"line":157,"column":34},"end":{"line":157,"column":68}},{"start":{"line":157,"column":72},"end":{"line":157,"column":101}}],"line":157},"12":{"loc":{"start":{"line":228,"column":10},"end":{"line":236,"column":11}},"type":"if","locations":[{"start":{"line":228,"column":10},"end":{"line":236,"column":11}},{"start":{},"end":{}}],"line":228},"13":{"loc":{"start":{"line":240,"column":32},"end":{"line":240,"column":101}},"type":"cond-expr","locations":[{"start":{"line":240,"column":69},"end":{"line":240,"column":89}},{"start":{"line":240,"column":92},"end":{"line":240,"column":101}}],"line":240},"14":{"loc":{"start":{"line":240,"column":33},"end":{"line":240,"column":65}},"type":"binary-expr","locations":[{"start":{"line":240,"column":33},"end":{"line":240,"column":53}},{"start":{"line":240,"column":57},"end":{"line":240,"column":65}}],"line":240},"15":{"loc":{"start":{"line":265,"column":9},"end":{"line":265,"column":72}},"type":"cond-expr","locations":[{"start":{"line":265,"column":24},"end":{"line":265,"column":64}},{"start":{"line":265,"column":67},"end":{"line":265,"column":72}}],"line":265},"16":{"loc":{"start":{"line":296,"column":13},"end":{"line":296,"column":116}},"type":"cond-expr","locations":[{"start":{"line":296,"column":73},"end":{"line":296,"column":74}},{"start":{"line":296,"column":77},"end":{"line":296,"column":116}}],"line":296},"17":{"loc":{"start":{"line":296,"column":14},"end":{"line":296,"column":69}},"type":"binary-expr","locations":[{"start":{"line":296,"column":14},"end":{"line":296,"column":43}},{"start":{"line":296,"column":47},"end":{"line":296,"column":69}}],"line":296},"18":{"loc":{"start":{"line":340,"column":59},"end":{"line":340,"column":141}},"type":"cond-expr","locations":[{"start":{"line":340,"column":96},"end":{"line":340,"column":136}},{"start":{"line":340,"column":139},"end":{"line":340,"column":141}}],"line":340}},"s":{"0":1,"1":1,"2":1,"3":10,"4":10,"5":1,"6":34,"7":31,"8":1,"9":59,"10":59,"11":59,"12":90,"13":90,"14":90,"15":3,"16":90,"17":90,"18":59,"19":1,"20":72,"21":0,"22":72,"23":1,"24":32,"25":32,"26":32,"27":1,"28":40,"29":40,"30":0,"31":40,"32":1,"33":10,"34":10,"35":10,"36":10,"37":10,"38":10,"39":1,"40":40,"41":1,"42":10,"43":10,"44":0,"45":10,"46":1,"47":10,"48":10,"49":10,"50":10,"51":10,"52":10,"53":10,"54":10,"55":10,"56":10,"57":10,"58":10,"59":10,"60":1,"61":10,"62":10,"63":10,"64":10,"65":20,"66":20,"67":20,"68":20,"69":20,"70":20,"71":20,"72":20,"73":20,"74":20,"75":20,"76":10,"77":1,"78":10,"79":20,"80":1,"81":10,"82":20,"83":20,"84":1,"85":10,"86":10,"87":10,"88":20,"89":10,"90":10,"91":10,"92":30,"93":10,"94":20,"95":10,"96":10,"97":10,"98":1,"99":10,"100":10,"101":1,"102":10,"103":10,"104":10,"105":10,"106":10,"107":10,"108":0,"109":10,"110":10,"111":20,"112":20,"113":20,"114":20,"115":20,"116":20,"117":20,"118":0,"119":20,"120":10,"121":1,"122":10,"123":10,"124":10,"125":10,"126":10,"127":10,"128":1,"129":38,"130":38,"131":38,"132":48,"133":48,"134":48,"135":30,"136":38,"137":1,"138":1,"139":1,"140":1,"141":2,"142":2,"143":2,"144":2,"145":2,"146":2,"147":1},"f":{"0":10,"1":10,"2":34,"3":31,"4":59,"5":72,"6":32,"7":32,"8":32,"9":40,"10":10,"11":10,"12":10,"13":40,"14":10,"15":10,"16":10,"17":10,"18":20,"19":20,"20":10,"21":20,"22":10,"23":20,"24":10,"25":20,"26":10,"27":30,"28":10,"29":10,"30":10,"31":10,"32":0,"33":20,"34":20,"35":20,"36":0,"37":10,"38":38,"39":48,"40":48,"41":30,"42":1,"43":2,"44":2},"b":{"0":[10,10],"1":[10,0],"2":[34,34],"3":[93,34],"4":[0,72],"5":[0,40],"6":[0,0],"7":[0,10],"8":[0,0],"9":[10,0],"10":[0,20],"11":[20,20],"12":[10,20],"13":[0,20],"14":[20,0],"15":[10,0],"16":[4,16],"17":[20,16],"18":[30,0]},"_coverageSchema":"1a1c01bbd47fc00a2c39e90264f33305004495a9","hash":"f3b0047c23039aab7e35f31bd574ecfbbc6f950f"}
,"C:\\develop\\ft-frontend-saksbehandling\\packages\\prosess-beregningsgrunnlag\\src\\components\\arbeidstaker\\AvvikopplysningerAT.tsx": {"path":"C:\\develop\\ft-frontend-saksbehandling\\packages\\prosess-beregningsgrunnlag\\src\\components\\arbeidstaker\\AvvikopplysningerAT.tsx","statementMap":{"0":{"start":{"line":13,"column":33},"end":{"line":26,"column":1}},"1":{"start":{"line":14,"column":2},"end":{"line":25,"column":12}},"2":{"start":{"line":34,"column":57},"end":{"line":76,"column":1}},"3":{"start":{"line":39,"column":35},"end":{"line":42,"column":37}},"4":{"start":{"line":43,"column":37},"end":{"line":46,"column":36}},"5":{"start":{"line":47,"column":2},"end":{"line":49,"column":3}},"6":{"start":{"line":48,"column":4},"end":{"line":48,"column":90}},"7":{"start":{"line":50,"column":35},"end":{"line":53,"column":15}},"8":{"start":{"line":51,"column":54},"end":{"line":52,"column":69}},"9":{"start":{"line":54,"column":2},"end":{"line":56,"column":3}},"10":{"start":{"line":55,"column":4},"end":{"line":55,"column":16}},"11":{"start":{"line":57,"column":18},"end":{"line":57,"column":55}},"12":{"start":{"line":58,"column":25},"end":{"line":58,"column":71}},"13":{"start":{"line":59,"column":38},"end":{"line":59,"column":78}},"14":{"start":{"line":60,"column":33},"end":{"line":60,"column":57}},"15":{"start":{"line":61,"column":21},"end":{"line":65,"column":3}},"16":{"start":{"line":66,"column":2},"end":{"line":75,"column":4}},"17":{"start":{"line":77,"column":0},"end":{"line":79,"column":2}}},"fnMap":{"0":{"name":"(anonymous_0)","decl":{"start":{"line":13,"column":33},"end":{"line":13,"column":34}},"loc":{"start":{"line":14,"column":2},"end":{"line":25,"column":12}},"line":14},"1":{"name":"(anonymous_1)","decl":{"start":{"line":34,"column":57},"end":{"line":34,"column":58}},"loc":{"start":{"line":38,"column":6},"end":{"line":76,"column":1}},"line":38},"2":{"name":"(anonymous_2)","decl":{"start":{"line":51,"column":42},"end":{"line":51,"column":43}},"loc":{"start":{"line":51,"column":54},"end":{"line":52,"column":69}},"line":51}},"branchMap":{"0":{"loc":{"start":{"line":17,"column":9},"end":{"line":19,"column":9}},"type":"binary-expr","locations":[{"start":{"line":17,"column":9},"end":{"line":17,"column":33}},{"start":{"line":18,"column":10},"end":{"line":18,"column":98}}],"line":17},"1":{"loc":{"start":{"line":20,"column":9},"end":{"line":22,"column":9}},"type":"binary-expr","locations":[{"start":{"line":20,"column":9},"end":{"line":20,"column":35}},{"start":{"line":21,"column":10},"end":{"line":21,"column":100}}],"line":20},"2":{"loc":{"start":{"line":39,"column":35},"end":{"line":42,"column":37}},"type":"binary-expr","locations":[{"start":{"line":39,"column":35},"end":{"line":39,"column":73}},{"start":{"line":40,"column":7},"end":{"line":40,"column":39}},{"start":{"line":41,"column":7},"end":{"line":41,"column":54}},{"start":{"line":42,"column":7},"end":{"line":42,"column":37}}],"line":39},"3":{"loc":{"start":{"line":43,"column":37},"end":{"line":46,"column":36}},"type":"binary-expr","locations":[{"start":{"line":43,"column":37},"end":{"line":43,"column":75}},{"start":{"line":44,"column":7},"end":{"line":44,"column":39}},{"start":{"line":45,"column":7},"end":{"line":45,"column":54}},{"start":{"line":46,"column":7},"end":{"line":46,"column":36}}],"line":43},"4":{"loc":{"start":{"line":47,"column":2},"end":{"line":49,"column":3}},"type":"if","locations":[{"start":{"line":47,"column":2},"end":{"line":49,"column":3}},{"start":{},"end":{}}],"line":47},"5":{"loc":{"start":{"line":47,"column":6},"end":{"line":47,"column":60}},"type":"binary-expr","locations":[{"start":{"line":47,"column":6},"end":{"line":47,"column":30}},{"start":{"line":47,"column":34},"end":{"line":47,"column":60}}],"line":47},"6":{"loc":{"start":{"line":50,"column":35},"end":{"line":53,"column":15}},"type":"cond-expr","locations":[{"start":{"line":51,"column":6},"end":{"line":52,"column":70}},{"start":{"line":53,"column":6},"end":{"line":53,"column":15}}],"line":50},"7":{"loc":{"start":{"line":51,"column":54},"end":{"line":52,"column":69}},"type":"binary-expr","locations":[{"start":{"line":51,"column":54},"end":{"line":51,"column":112}},{"start":{"line":52,"column":7},"end":{"line":52,"column":69}}],"line":51},"8":{"loc":{"start":{"line":54,"column":2},"end":{"line":56,"column":3}},"type":"if","locations":[{"start":{"line":54,"column":2},"end":{"line":56,"column":3}},{"start":{},"end":{}}],"line":54},"9":{"loc":{"start":{"line":58,"column":25},"end":{"line":58,"column":71}},"type":"cond-expr","locations":[{"start":{"line":58,"column":35},"end":{"line":58,"column":67}},{"start":{"line":58,"column":70},"end":{"line":58,"column":71}}],"line":58}},"s":{"0":1,"1":0,"2":1,"3":20,"4":20,"5":20,"6":0,"7":20,"8":19,"9":20,"10":1,"11":19,"12":19,"13":19,"14":19,"15":19,"16":19,"17":1},"f":{"0":0,"1":20,"2":19},"b":{"0":[0,0],"1":[0,0],"2":[20,0,0,0],"3":[20,0,0,0],"4":[0,20],"5":[20,20],"6":[19,1],"7":[19,19],"8":[1,19],"9":[18,1]},"_coverageSchema":"1a1c01bbd47fc00a2c39e90264f33305004495a9","hash":"c8bcf4aadce817889fa822c148fa2f8ec1433a82"}
,"C:\\develop\\ft-frontend-saksbehandling\\packages\\prosess-beregningsgrunnlag\\src\\components\\arbeidstaker\\GrunnlagForAarsinntektPanelAT.tsx": {"path":"C:\\develop\\ft-frontend-saksbehandling\\packages\\prosess-beregningsgrunnlag\\src\\components\\arbeidstaker\\GrunnlagForAarsinntektPanelAT.tsx","statementMap":{"0":{"start":{"line":28,"column":53},"end":{"line":36,"column":1}},"1":{"start":{"line":30,"column":2},"end":{"line":32,"column":3}},"2":{"start":{"line":31,"column":4},"end":{"line":31,"column":16}},"3":{"start":{"line":35,"column":2},"end":{"line":35,"column":84}},"4":{"start":{"line":38,"column":32},"end":{"line":45,"column":1}},"5":{"start":{"line":39,"column":2},"end":{"line":41,"column":3}},"6":{"start":{"line":40,"column":4},"end":{"line":40,"column":14}},"7":{"start":{"line":42,"column":2},"end":{"line":44,"column":69}},"8":{"start":{"line":43,"column":23},"end":{"line":43,"column":77}},"9":{"start":{"line":44,"column":23},"end":{"line":44,"column":67}},"10":{"start":{"line":47,"column":33},"end":{"line":58,"column":1}},"11":{"start":{"line":48,"column":21},"end":{"line":48,"column":23}},"12":{"start":{"line":50,"column":2},"end":{"line":52,"column":3}},"13":{"start":{"line":51,"column":4},"end":{"line":51,"column":58}},"14":{"start":{"line":53,"column":2},"end":{"line":56,"column":3}},"15":{"start":{"line":54,"column":4},"end":{"line":54,"column":25}},"16":{"start":{"line":55,"column":4},"end":{"line":55,"column":61}},"17":{"start":{"line":57,"column":2},"end":{"line":57,"column":30}},"18":{"start":{"line":60,"column":44},"end":{"line":73,"column":1}},"19":{"start":{"line":62,"column":22},"end":{"line":62,"column":26}},"20":{"start":{"line":63,"column":2},"end":{"line":65,"column":3}},"21":{"start":{"line":64,"column":4},"end":{"line":64,"column":51}},"22":{"start":{"line":66,"column":2},"end":{"line":68,"column":3}},"23":{"start":{"line":67,"column":4},"end":{"line":67,"column":60}},"24":{"start":{"line":69,"column":2},"end":{"line":71,"column":3}},"25":{"start":{"line":70,"column":4},"end":{"line":70,"column":33}},"26":{"start":{"line":72,"column":2},"end":{"line":72,"column":13}},"27":{"start":{"line":75,"column":27},"end":{"line":83,"column":1}},"28":{"start":{"line":78,"column":29},"end":{"line":78,"column":98}},"29":{"start":{"line":79,"column":2},"end":{"line":81,"column":3}},"30":{"start":{"line":80,"column":4},"end":{"line":80,"column":153}},"31":{"start":{"line":82,"column":2},"end":{"line":82,"column":106}},"32":{"start":{"line":85,"column":32},"end":{"line":173,"column":1}},"33":{"start":{"line":88,"column":30},"end":{"line":88,"column":99}},"34":{"start":{"line":88,"column":70},"end":{"line":88,"column":95}},"35":{"start":{"line":89,"column":33},"end":{"line":89,"column":83}},"36":{"start":{"line":90,"column":33},"end":{"line":90,"column":60}},"37":{"start":{"line":91,"column":15},"end":{"line":142,"column":4}},"38":{"start":{"line":92,"column":4},"end":{"line":141,"column":21}},"39":{"start":{"line":143,"column":2},"end":{"line":171,"column":3}},"40":{"start":{"line":145,"column":6},"end":{"line":168,"column":23}},"41":{"start":{"line":170,"column":4},"end":{"line":170,"column":26}},"42":{"start":{"line":172,"column":2},"end":{"line":172,"column":14}},"43":{"start":{"line":192,"column":85},"end":{"line":233,"column":1}},"44":{"start":{"line":198,"column":26},"end":{"line":198,"column":57}},"45":{"start":{"line":199,"column":27},"end":{"line":199,"column":77}},"46":{"start":{"line":200,"column":2},"end":{"line":200,"column":70}},"47":{"start":{"line":200,"column":58},"end":{"line":200,"column":70}},"48":{"start":{"line":201,"column":2},"end":{"line":232,"column":4}},"49":{"start":{"line":235,"column":0},"end":{"line":237,"column":2}},"50":{"start":{"line":239,"column":0},"end":{"line":246,"column":2}},"51":{"start":{"line":240,"column":27},"end":{"line":240,"column":63}},"52":{"start":{"line":241,"column":24},"end":{"line":241,"column":27}},"53":{"start":{"line":242,"column":2},"end":{"line":244,"column":5}},"54":{"start":{"line":243,"column":4},"end":{"line":243,"column":82}},"55":{"start":{"line":245,"column":2},"end":{"line":245,"column":23}}},"fnMap":{"0":{"name":"(anonymous_0)","decl":{"start":{"line":28,"column":53},"end":{"line":28,"column":54}},"loc":{"start":{"line":28,"column":98},"end":{"line":36,"column":1}},"line":28},"1":{"name":"(anonymous_1)","decl":{"start":{"line":38,"column":32},"end":{"line":38,"column":33}},"loc":{"start":{"line":38,"column":99},"end":{"line":45,"column":1}},"line":38},"2":{"name":"(anonymous_2)","decl":{"start":{"line":43,"column":12},"end":{"line":43,"column":13}},"loc":{"start":{"line":43,"column":23},"end":{"line":43,"column":77}},"line":43},"3":{"name":"(anonymous_3)","decl":{"start":{"line":44,"column":12},"end":{"line":44,"column":13}},"loc":{"start":{"line":44,"column":23},"end":{"line":44,"column":67}},"line":44},"4":{"name":"(anonymous_4)","decl":{"start":{"line":47,"column":33},"end":{"line":47,"column":34}},"loc":{"start":{"line":47,"column":95},"end":{"line":58,"column":1}},"line":47},"5":{"name":"(anonymous_5)","decl":{"start":{"line":60,"column":44},"end":{"line":60,"column":45}},"loc":{"start":{"line":60,"column":106},"end":{"line":73,"column":1}},"line":60},"6":{"name":"(anonymous_6)","decl":{"start":{"line":75,"column":27},"end":{"line":75,"column":28}},"loc":{"start":{"line":77,"column":80},"end":{"line":83,"column":1}},"line":77},"7":{"name":"(anonymous_7)","decl":{"start":{"line":85,"column":32},"end":{"line":85,"column":33}},"loc":{"start":{"line":87,"column":83},"end":{"line":173,"column":1}},"line":87},"8":{"name":"(anonymous_8)","decl":{"start":{"line":88,"column":54},"end":{"line":88,"column":55}},"loc":{"start":{"line":88,"column":70},"end":{"line":88,"column":95}},"line":88},"9":{"name":"(anonymous_9)","decl":{"start":{"line":91,"column":36},"end":{"line":91,"column":37}},"loc":{"start":{"line":92,"column":4},"end":{"line":141,"column":21}},"line":92},"10":{"name":"(anonymous_10)","decl":{"start":{"line":192,"column":85},"end":{"line":192,"column":86}},"loc":{"start":{"line":197,"column":6},"end":{"line":233,"column":1}},"line":197},"11":{"name":"(anonymous_11)","decl":{"start":{"line":239,"column":51},"end":{"line":239,"column":52}},"loc":{"start":{"line":239,"column":122},"end":{"line":246,"column":1}},"line":239},"12":{"name":"(anonymous_12)","decl":{"start":{"line":242,"column":27},"end":{"line":242,"column":28}},"loc":{"start":{"line":242,"column":47},"end":{"line":244,"column":3}},"line":242}},"branchMap":{"0":{"loc":{"start":{"line":30,"column":2},"end":{"line":32,"column":3}},"type":"if","locations":[{"start":{"line":30,"column":2},"end":{"line":32,"column":3}},{"start":{},"end":{}}],"line":30},"1":{"loc":{"start":{"line":30,"column":6},"end":{"line":30,"column":73}},"type":"binary-expr","locations":[{"start":{"line":30,"column":6},"end":{"line":30,"column":35}},{"start":{"line":30,"column":39},"end":{"line":30,"column":73}}],"line":30},"2":{"loc":{"start":{"line":35,"column":9},"end":{"line":35,"column":83}},"type":"binary-expr","locations":[{"start":{"line":35,"column":9},"end":{"line":35,"column":41}},{"start":{"line":35,"column":45},"end":{"line":35,"column":83}}],"line":35},"3":{"loc":{"start":{"line":39,"column":2},"end":{"line":41,"column":3}},"type":"if","locations":[{"start":{"line":39,"column":2},"end":{"line":41,"column":3}},{"start":{},"end":{}}],"line":39},"4":{"loc":{"start":{"line":50,"column":2},"end":{"line":52,"column":3}},"type":"if","locations":[{"start":{"line":50,"column":2},"end":{"line":52,"column":3}},{"start":{},"end":{}}],"line":50},"5":{"loc":{"start":{"line":50,"column":6},"end":{"line":50,"column":99}},"type":"binary-expr","locations":[{"start":{"line":50,"column":6},"end":{"line":50,"column":71}},{"start":{"line":50,"column":75},"end":{"line":50,"column":99}}],"line":50},"6":{"loc":{"start":{"line":53,"column":2},"end":{"line":56,"column":3}},"type":"if","locations":[{"start":{"line":53,"column":2},"end":{"line":56,"column":3}},{"start":{},"end":{}}],"line":53},"7":{"loc":{"start":{"line":53,"column":6},"end":{"line":53,"column":105}},"type":"binary-expr","locations":[{"start":{"line":53,"column":6},"end":{"line":53,"column":74}},{"start":{"line":53,"column":78},"end":{"line":53,"column":105}}],"line":53},"8":{"loc":{"start":{"line":63,"column":2},"end":{"line":65,"column":3}},"type":"if","locations":[{"start":{"line":63,"column":2},"end":{"line":65,"column":3}},{"start":{},"end":{}}],"line":63},"9":{"loc":{"start":{"line":63,"column":6},"end":{"line":63,"column":107}},"type":"binary-expr","locations":[{"start":{"line":63,"column":6},"end":{"line":63,"column":75}},{"start":{"line":63,"column":79},"end":{"line":63,"column":107}}],"line":63},"10":{"loc":{"start":{"line":66,"column":2},"end":{"line":68,"column":3}},"type":"if","locations":[{"start":{"line":66,"column":2},"end":{"line":68,"column":3}},{"start":{},"end":{}}],"line":66},"11":{"loc":{"start":{"line":66,"column":6},"end":{"line":66,"column":113}},"type":"binary-expr","locations":[{"start":{"line":66,"column":6},"end":{"line":66,"column":78}},{"start":{"line":66,"column":82},"end":{"line":66,"column":113}}],"line":66},"12":{"loc":{"start":{"line":69,"column":2},"end":{"line":71,"column":3}},"type":"if","locations":[{"start":{"line":69,"column":2},"end":{"line":71,"column":3}},{"start":{},"end":{}}],"line":69},"13":{"loc":{"start":{"line":79,"column":2},"end":{"line":81,"column":3}},"type":"if","locations":[{"start":{"line":79,"column":2},"end":{"line":81,"column":3}},{"start":{},"end":{}}],"line":79},"14":{"loc":{"start":{"line":80,"column":11},"end":{"line":80,"column":152}},"type":"cond-expr","locations":[{"start":{"line":80,"column":53},"end":{"line":80,"column":147}},{"start":{"line":80,"column":150},"end":{"line":80,"column":152}}],"line":80},"15":{"loc":{"start":{"line":89,"column":33},"end":{"line":89,"column":83}},"type":"cond-expr","locations":[{"start":{"line":89,"column":55},"end":{"line":89,"column":79}},{"start":{"line":89,"column":82},"end":{"line":89,"column":83}}],"line":89},"16":{"loc":{"start":{"line":108,"column":96},"end":{"line":108,"column":155}},"type":"cond-expr","locations":[{"start":{"line":108,"column":122},"end":{"line":108,"column":150}},{"start":{"line":108,"column":153},"end":{"line":108,"column":155}}],"line":108},"17":{"loc":{"start":{"line":114,"column":9},"end":{"line":120,"column":9}},"type":"binary-expr","locations":[{"start":{"line":114,"column":9},"end":{"line":114,"column":29}},{"start":{"line":114,"column":33},"end":{"line":114,"column":67}},{"start":{"line":115,"column":10},"end":{"line":119,"column":23}}],"line":114},"18":{"loc":{"start":{"line":121,"column":9},"end":{"line":127,"column":9}},"type":"binary-expr","locations":[{"start":{"line":121,"column":9},"end":{"line":121,"column":29}},{"start":{"line":121,"column":33},"end":{"line":121,"column":63}},{"start":{"line":122,"column":8},"end":{"line":126,"column":21}}],"line":121},"19":{"loc":{"start":{"line":128,"column":9},"end":{"line":134,"column":9}},"type":"binary-expr","locations":[{"start":{"line":128,"column":9},"end":{"line":128,"column":44}},{"start":{"line":129,"column":8},"end":{"line":133,"column":21}}],"line":128},"20":{"loc":{"start":{"line":136,"column":7},"end":{"line":140,"column":7}},"type":"binary-expr","locations":[{"start":{"line":136,"column":8},"end":{"line":136,"column":39}},{"start":{"line":137,"column":8},"end":{"line":139,"column":14}}],"line":136},"21":{"loc":{"start":{"line":143,"column":2},"end":{"line":171,"column":3}},"type":"if","locations":[{"start":{"line":143,"column":2},"end":{"line":171,"column":3}},{"start":{},"end":{}}],"line":143},"22":{"loc":{"start":{"line":200,"column":2},"end":{"line":200,"column":70}},"type":"if","locations":[{"start":{"line":200,"column":2},"end":{"line":200,"column":70}},{"start":{},"end":{}}],"line":200},"23":{"loc":{"start":{"line":200,"column":6},"end":{"line":200,"column":56}},"type":"binary-expr","locations":[{"start":{"line":200,"column":6},"end":{"line":200,"column":23}},{"start":{"line":200,"column":27},"end":{"line":200,"column":56}}],"line":200}},"s":{"0":1,"1":91,"2":0,"3":91,"4":1,"5":58,"6":0,"7":58,"8":40,"9":40,"10":1,"11":20,"12":20,"13":20,"14":20,"15":20,"16":20,"17":20,"18":1,"19":20,"20":20,"21":20,"22":20,"23":20,"24":20,"25":20,"26":0,"27":1,"28":40,"29":40,"30":0,"31":40,"32":1,"33":20,"34":20,"35":20,"36":20,"37":20,"38":20,"39":20,"40":0,"41":0,"42":20,"43":1,"44":20,"45":20,"46":20,"47":0,"48":20,"49":1,"50":1,"51":38,"52":38,"53":38,"54":20,"55":38},"f":{"0":91,"1":58,"2":40,"3":40,"4":20,"5":20,"6":40,"7":20,"8":20,"9":20,"10":20,"11":38,"12":20},"b":{"0":[0,91],"1":[91,0],"2":[91,91],"3":[0,58],"4":[20,0],"5":[20,20],"6":[20,0],"7":[20,20],"8":[20,0],"9":[20,20],"10":[20,0],"11":[20,20],"12":[20,0],"13":[0,40],"14":[0,0],"15":[20,0],"16":[20,0],"17":[20,20,20],"18":[20,20,20],"19":[20,10],"20":[20,20],"21":[0,20],"22":[0,20],"23":[20,20]},"_coverageSchema":"1a1c01bbd47fc00a2c39e90264f33305004495a9","hash":"1c79caea1c0095c78ae3f051d8fc9fc4ddccf161"}
,"C:\\develop\\ft-frontend-saksbehandling\\packages\\prosess-beregningsgrunnlag\\src\\components\\arbeidstaker\\NaturalytelsePanel.tsx": {"path":"C:\\develop\\ft-frontend-saksbehandling\\packages\\prosess-beregningsgrunnlag\\src\\components\\arbeidstaker\\NaturalytelsePanel.tsx","statementMap":{"0":{"start":{"line":28,"column":23},"end":{"line":30,"column":43}},"1":{"start":{"line":28,"column":68},"end":{"line":30,"column":42}},"2":{"start":{"line":32,"column":27},"end":{"line":36,"column":1}},"3":{"start":{"line":34,"column":29},"end":{"line":34,"column":98}},"4":{"start":{"line":35,"column":2},"end":{"line":35,"column":106}},"5":{"start":{"line":38,"column":20},"end":{"line":47,"column":1}},"6":{"start":{"line":39,"column":23},"end":{"line":39,"column":79}},"7":{"start":{"line":40,"column":17},"end":{"line":40,"column":38}},"8":{"start":{"line":41,"column":33},"end":{"line":41,"column":62}},"9":{"start":{"line":42,"column":2},"end":{"line":46,"column":4}},"10":{"start":{"line":49,"column":38},"end":{"line":49,"column":132}},"11":{"start":{"line":49,"column":83},"end":{"line":49,"column":132}},"12":{"start":{"line":51,"column":36},"end":{"line":68,"column":1}},"13":{"start":{"line":53,"column":2},"end":{"line":55,"column":3}},"14":{"start":{"line":54,"column":4},"end":{"line":54,"column":14}},"15":{"start":{"line":56,"column":21},"end":{"line":56,"column":23}},"16":{"start":{"line":57,"column":2},"end":{"line":66,"column":5}},"17":{"start":{"line":58,"column":4},"end":{"line":65,"column":9}},"18":{"start":{"line":59,"column":25},"end":{"line":59,"column":61}},"19":{"start":{"line":60,"column":22},"end":{"line":60,"column":71}},"20":{"start":{"line":62,"column":8},"end":{"line":64,"column":9}},"21":{"start":{"line":62,"column":45},"end":{"line":62,"column":71}},"22":{"start":{"line":63,"column":10},"end":{"line":63,"column":36}},"23":{"start":{"line":67,"column":2},"end":{"line":67,"column":20}},"24":{"start":{"line":70,"column":26},"end":{"line":75,"column":1}},"25":{"start":{"line":71,"column":25},"end":{"line":73,"column":58}},"26":{"start":{"line":72,"column":25},"end":{"line":72,"column":63}},"27":{"start":{"line":73,"column":23},"end":{"line":73,"column":57}},"28":{"start":{"line":74,"column":2},"end":{"line":74,"column":66}},"29":{"start":{"line":77,"column":30},"end":{"line":91,"column":1}},"30":{"start":{"line":78,"column":20},"end":{"line":78,"column":22}},"31":{"start":{"line":79,"column":2},"end":{"line":89,"column":5}},"32":{"start":{"line":80,"column":26},"end":{"line":80,"column":69}},"33":{"start":{"line":81,"column":4},"end":{"line":88,"column":5}},"34":{"start":{"line":82,"column":6},"end":{"line":87,"column":9}},"35":{"start":{"line":90,"column":2},"end":{"line":90,"column":19}},"36":{"start":{"line":93,"column":42},"end":{"line":125,"column":1}},"37":{"start":{"line":94,"column":2},"end":{"line":96,"column":3}},"38":{"start":{"line":95,"column":4},"end":{"line":95,"column":21}},"39":{"start":{"line":97,"column":2},"end":{"line":97,"column":62}},"40":{"start":{"li
[...]
,"C:\\develop\\ft-frontend-saksbehandling\\packages\\prosess-beregningsgrunnlag\\src\\components\\selvstendigNaeringsdrivende\\VurderVarigEndretEllerNyoppstartetSN.tsx": {"path":"C:\\develop\\ft-frontend-saksbehandling\\packages\\prosess-beregningsgrunnlag\\src\\components\\selvstendigNaeringsdrivende\\VurderVarigEndretEllerNyoppstartetSN.tsx","statementMap":{"0":{"start":{"line":29,"column":22},"end":{"line":29,"column":37}},"1":{"start":{"line":30,"column":19},"end":{"line":30,"column":31}},"2":{"start":{"line":31,"column":36},"end":{"line":31,"column":73}},"3":{"start":{"line":32,"column":37},"end":{"line":32,"column":59}},"4":{"start":{"line":33,"column":40},"end":{"line":33,"column":66}},"5":{"start":{"line":34,"column":88},"end":{"line":34,"column":104}},"6":{"start":{"line":57,"column":92},"end":{"line":153,"column":1}},"7":{"start":{"line":60,"column":21},"end":{"line":60,"column":109}},"8":{"start":{"line":61,"column":21},"end":{"line":61,"column":110}},"9":{"start":{"line":62,"column":2},"end":{"line":65,"column":3}},"10":{"start":{"line":63,"column":4},"end":{"line":63,"column":113}},"11":{"start":{"line":64,"column":4},"end":{"line":64,"column":109}},"12":{"start":{"line":66,"column":2},"end":{"line":69,"column":3}},"13":{"start":{"line":67,"column":4},"end":{"line":67,"column":113}},"14":{"start":{"line":68,"column":4},"end":{"line":68,"column":109}},"15":{"start":{"line":70,"column":15},"end":{"line":70,"column":24}},"16":{"start":{"line":71,"column":22},"end":{"line":71,"column":74}},"17":{"start":{"line":72,"column":31},"end":{"line":72,"column":72}},"18":{"start":{"line":73,"column":2},"end":{"line":152,"column":4}},"19":{"start":{"line":83,"column":38},"end":{"line":83,"column":54}},"20":{"start":{"line":155,"column":0},"end":{"line":157,"column":2}},"21":{"start":{"line":159,"column":0},"end":{"line":173,"column":2}},"22":{"start":{"line":161,"column":18},"end":{"line":161,"column":122}},"23":{"start":{"line":161,"column":51},"end":{"line":161,"column":121}},"24":{"start":{"line":162,"column":31},"end":{"line":163,"column":112}},"25":{"start":{"line":163,"column":18},"end":{"line":163,"column":111}},"26":{"start":{"line":164,"column":2},"end":{"line":171,"column":3}},"27":{"start":{"line":165,"column":4},"end":{"line":170,"column":6}},"28":{"start":{"line":172,"column":2},"end":{"line":172,"column":12}},"29":{"start":{"line":175,"column":0},"end":{"line":183,"column":2}},"30":{"start":{"line":176,"column":25},"end":{"line":176,"column":54}},"31":{"start":{"line":177,"column":2},"end":{"line":182,"column":4}}},"fnMap":{"0":{"name":"(anonymous_0)","decl":{"start":{"line":57,"column":92},"end":{"line":57,"column":93}},"loc":{"start":{"line":59,"column":6},"end":{"line":153,"column":1}},"line":59},"1":{"name":"(anonymous_1)","decl":{"start":{"line":83,"column":19},"end":{"line":83,"column":20}},"loc":{"start":{"line":83,"column":38},"end":{"line":83,"column":54}},"line":83},"2":{"name":"(anonymous_2)","decl":{"start":{"line":159,"column":58},"end":{"line":159,"column":59}},"loc":{"start":{"line":160,"column":70},"end":{"line":173,"column":1}},"line":160},"3":{"name":"(anonymous_3)","decl":{"start":{"line":161,"column":40},"end":{"line":161,"column":41}},"loc":{"start":{"line":161,"column":51},"end":{"line":161,"column":121}},"line":161},"4":{"name":"(anonymous_4)","decl":{"start":{"line":163,"column":10},"end":{"line":163,"column":11}},"loc":{"start":{"line":163,"column":18},"end":{"line":163,"column":111}},"line":163},"5":{"name":"(anonymous_5)","decl":{"start":{"line":175,"column":55},"end":{"line":175,"column":56}},"loc":{"start":{"line":175,"column":142},"end":{"line":183,"column":1}},"line":175}},"branchMap":{"0":{"loc":{"start":{"line":62,"column":2},"end":{"line":65,"column":3}},"type":"if","locations":[{"start":{"line":62,"column":2},"end":{"line":65,"column":3}},{"start":{},"end":{}}],"line":62},"1":{"loc":{"start":{"line":62,"column":6},"end":{"line":62,"column":39}},"type":"binary-expr","locations":[{"start":{"line":62,"column":6},"end":{"line":62,"column":20}},{"start":{"line":62,"column":24},"end":{"line":62,"column":39}}],"line":62},"2":{"loc":{"start":{"line":66,"column":2},"end":{"line":69,"column":3}},"type":"if","locations":[{"start":{"line":66,"column":2},"end":{"line":69,"column":3}},{"start":{},"end":{}}],"line":66},"3":{"loc":{"start":{"line":66,"column":6},"end":{"line":66,"column":39}},"type":"binary-expr","locations":[{"start":{"line":66,"column":6},"end":{"line":66,"column":20}},{"start":{"line":66,"column":24},"end":{"line":66,"column":39}}],"line":66},"4":{"loc":{"start":{"line":75,"column":7},"end":{"line":96,"column":7}},"type":"binary-expr","locations":[{"start":{"line":75,"column":7},"end":{"line":75,"column":16}},{"start":{"line":76,"column":6},"end":{"line":95,"column":12}}],"line":75},"5":{"loc":{"start":{"line":97,"column":7},"end":{"line":113,"column":7}},"type":"binary-expr","locations":[{"start":{"line":97,"column":7},"end":{"line":97,"column":15}},{"start":{"line":98,"column":8},"end":{"line":112,"column":11}}],"line":97},"6":{"loc":{"start":{"line":102,"column":17},"end":{"line":104,"column":17}},"type":"binary-expr","locations":[{"start":{"line":102,"column":17},"end":{"line":102,"column":31}},{"start":{"line":103,"column":16},"end":{"line":103,"column":104}}],"line":102},"7":{"loc":{"start":{"line":105,"column":17},"end":{"line":107,"column":17}},"type":"binary-expr","locations":[{"start":{"line":105,"column":17},"end":{"line":105,"column":31}},{"start":{"line":106,"column":16},"end":{"line":106,"column":104}}],"line":105},"8":{"loc":{"start":{"line":114,"column":7},"end":{"line":138,"column":7}},"type":"binary-expr","locations":[{"start":{"line":114,"column":7},"end":{"line":114,"column":27}},{"start":{"line":116,"column":8},"end":{"line":137,"column":11}}],"line":114},"9":{"loc":{"start":{"line":124,"column":51},"end":{"line":124,"column":93}},"type":"cond-expr","locations":[{"start":{"line":124,"column":62},"end":{"line":124,"column":81}},{"start":{"line":124,"column":84},"end":{"line":124,"column":93}}],"line":124},"10":{"loc":{"start":{"line":164,"column":2},"end":{"line":171,"column":3}},"type":"if","locations":[{"start":{"line":164,"column":2},"end":{"line":171,"column":3}},{"start":{},"end":{}}],"line":164},"11":{"loc":{"start":{"line":166,"column":31},"end":{"line":167,"column":59}},"type":"cond-expr","locations":[{"start":{"line":166,"column":81},"end":{"line":166,"column":90}},{"start":{"line":166,"column":93},"end":{"line":167,"column":59}}],"line":166},"12":{"loc":{"start":{"line":166,"column":93},"end":{"line":167,"column":59}},"type":"binary-expr","locations":[{"start":{"line":166,"column":93},"end":{"line":166,"column":136}},{"start":{"line":167,"column":11},"end":{"line":167,"column":59}}],"line":166},"13":{"loc":{"start":{"line":168,"column":30},"end":{"line":168,"column":102}},"type":"cond-expr","locations":[{"start":{"line":168,"column":65},"end":{"line":168,"column":97}},{"start":{"line":168,"column":100},"end":{"line":168,"column":102}}],"line":168},"14":{"loc":{"start":{"line":169,"column":34},"end":{"line":169,"column":98}},"type":"cond-expr","locations":[{"start":{"line":169,"column":44},"end":{"line":169,"column":86}},{"start":{"line":169,"column":89},"end":{"line":169,"column":98}}],"line":169},"15":{"loc":{"start":{"line":181,"column":30},"end":{"line":181,"column":115}},"type":"cond-expr","locations":[{"start":{"line":181,"column":47},"end":{"line":181,"column":103}},{"start":{"line":181,"column":106},"end":{"line":181,"column":115}}],"line":181}},"s":{"0":1,"1":1,"2":1,"3":1,"4":1,"5":1,"6":1,"7":10,"8":10,"9":10,"10":0,"11":0,"12":10,"13":10,"14":10,"15":10,"16":10,"17":10,"18":10,"19":2,"20":1,"21":1,"22":30,"23":10,"24":30,"25":28,"26":30,"27":10,"28":20,"29":1,"30":1,"31":1},"f":{"0":10,"1":2,"2":30,"3":10,"4":28,"5":1},"b":{"0":[0,10],"1":[10,0],"2":[10,0],"3":[10,10],"4":[10,10],"5":[10,0],"6":[0,0],"7":[0,0],"8":[10,8],"9":[0,8],"10":[10,20],"11":[10,0],"12":[0,0],"13":[0,10],"14":[10,0],"15":[1,0]},"_coverageSchema":"1a1c01bbd47fc00a2c39e90264f33305004495a9","hash":"7376782ba3ee9766e5550d1ca4893df484f1dcec"}
,"C:\\develop\\ft-frontend-saksbehandling\\packages\\prosess-beregningsgrunnlag\\src\\components\\selvstendigNaeringsdrivende\\naeringsOpplysningsPanel.less": {"path":"C:\\develop\\ft-frontend-saksbehandling\\packages\\prosess-beregningsgrunnlag\\src\\components\\selvstendigNaeringsdrivende\\naeringsOpplysningsPanel.less","statementMap":{"0":{"start":{"line":1,"column":0},"end":{"line":1,"column":19}}},"fnMap":{},"branchMap":{},"s":{"0":1},"f":{},"b":{},"_coverageSchema":"1a1c01bbd47fc00a2c39e90264f33305004495a9","hash":"34990e9a55c723118b1bd575eef0468ddff5c27b"}
,"C:\\develop\\ft-frontend-saksbehandling\\packages\\prosess-beregningsgrunnlag\\src\\components\\tilstotendeYtelser\\TilstotendeYtelser.tsx": {"path":"C:\\develop\\ft-frontend-saksbehandling\\packages\\prosess-beregningsgrunnlag\\src\\components\\tilstotendeYtelser\\TilstotendeYtelser.tsx","statementMap":{"0":{"start":{"line":14,"column":47},"end":{"line":22,"column":1}},"1":{"start":{"line":15,"column":2},"end":{"line":17,"column":3}},"2":{"start":{"line":16,"column":4},"end":{"line":16,"column":61}},"3":{"start":{"line":18,"column":2},"end":{"line":20,"column":3}},"4":{"start":{"line":19,"column":4},"end":{"line":19,"column":55}},"5":{"start":{"line":21,"column":2},"end":{"line":21,"column":12}},"6":{"start":{"line":23,"column":33},"end":{"line":23,"column":124}},"7":{"start":{"line":23,"column":75},"end":{"line":23,"column":124}},"8":{"start":{"line":31,"column":56},"end":{"line":95,"column":1}},"9":{"start":{"line":32,"column":27},"end":{"line":32,"column":103}},"10":{"start":{"line":32,"column":57},"end":{"line":32,"column":102}},"11":{"start":{"line":33,"column":26},"end":{"line":33,"column":53}},"12":{"start":{"line":34,"column":2},"end":{"line":94,"column":4}},"13":{"start":{"line":63,"column":10},"end":{"line":90,"column":16}}},"fnMap":{"0":{"name":"(anonymous_0)","decl":{"start":{"line":14,"column":47},"end":{"line":14,"column":48}},"loc":{"start":{"line":14,"column":91},"end":{"line":22,"column":1}},"line":14},"1":{"name":"(anonymous_1)","decl":{"start":{"line":23,"column":33},"end":{"line":23,"column":34}},"loc":{"start":{"line":23,"column":75},"end":{"line":23,"column":124}},"line":23},"2":{"name":"(anonymous_2)","decl":{"start":{"line":31,"column":56},"end":{"line":31,"column":57}},"loc":{"start":{"line":31,"column":119},"end":{"line":95,"column":1}},"line":31},"3":{"name":"(anonymous_3)","decl":{"start":{"line":32,"column":46},"end":{"line":32,"column":47}},"loc":{"start":{"line":32,"column":57},"end":{"line":32,"column":102}},"line":32},"4":{"name":"(anonymous_4)","decl":{"start":{"line":62,"column":30},"end":{"line":62,"column":31}},"loc":{"start":{"line":63,"column":10},"end":{"line":90,"column":16}},"line":63}},"branchMap":{"0":{"loc":{"start":{"line":15,"column":2},"end":{"line":17,"column":3}},"type":"if","locations":[{"start":{"line":15,"column":2},"end":{"line":17,"column":3}},{"start":{},"end":{}}],"line":15},"1":{"loc":{"start":{"line":18,"column":2},"end":{"line":20,"column":3}},"type":"if","locations":[{"start":{"line":18,"column":2},"end":{"line":20,"column":3}},{"start":{},"end":{}}],"line":18},"2":{"loc":{"start":{"line":36,"column":7},"end":{"line":45,"column":7}},"type":"binary-expr","locations":[{"start":{"line":36,"column":7},"end":{"line":36,"column":45}},{"start":{"line":38,"column":8},"end":{"line":44,"column":11}}],"line":36},"3":{"loc":{"start":{"line":74,"column":49},"end":{"line":74,"column":99}},"type":"cond-expr","locations":[{"start":{"line":74,"column":71},"end":{"line":74,"column":95}},{"start":{"line":74,"column":98},"end":{"line":74,"column":99}}],"line":74},"4":{"loc":{"start":{"line":77,"column":40},"end":{"line":77,"column":92}},"type":"cond-expr","locations":[{"start":{"line":77,"column":59},"end":{"line":77,"column":87}},{"start":{"line":77,"column":90},"end":{"line":77,"column":92}}],"line":77},"5":{"loc":{"start":{"line":81,"column":13},"end":{"line":89,"column":13}},"type":"binary-expr","locations":[{"start":{"line":81,"column":13},"end":{"line":81,"column":34}},{"start":{"line":81,"column":38},"end":{"line":81,"column":85}},{"start":{"line":82,"column":14},"end":{"line":88,"column":20}}],"line":81}},"s":{"0":1,"1":0,"2":0,"3":0,"4":0,"5":0,"6":1,"7":0,"8":1,"9":0,"10":0,"11":0,"12":0,"13":0},"f":{"0":0,"1":0,"2":0,"3":0,"4":0},"b":{"0":[0,0],"1":[0,0],"2":[0,0],"3":[0,0],"4":[0,0],"5":[0,0,0]},"_coverageSchema":"1a1c01bbd47fc00a2c39e90264f33305004495a9","hash":"834101d64fd38b96abca658d40d72d4afb2699ac"}
,"C:\\develop\\ft-frontend-saksbehandling\\packages\\prosess-beregningsgrunnlag\\src\\components\\tilstotendeYtelser\\YtelserFraInfotrygd.tsx": {"path":"C:\\develop\\ft-frontend-saksbehandling\\packages\\prosess-beregningsgrunnlag\\src\\components\\tilstotendeYtelser\\YtelserFraInfotrygd.tsx","statementMap":{"0":{"start":{"line":19,"column":28},"end":{"line":64,"column":1}},"1":{"start":{"line":20,"column":2},"end":{"line":63,"column":5}}},"fnMap":{"0":{"name":"(anonymous_0)","decl":{"start":{"line":19,"column":28},"end":{"line":19,"column":29}},"loc":{"start":{"line":20,"column":2},"end":{"line":63,"column":5}},"line":20}},"branchMap":{},"s":{"0":1,"1":0},"f":{"0":0},"b":{},"_coverageSchema":"1a1c01bbd47fc00a2c39e90264f33305004495a9","hash":"9e70513dc27b859a46f26679e94f579630fe1d95"}
,"C:\\develop\\ft-frontend-saksbehandling\\packages\\prosess-beregningsgrunnlag\\src\\felles\\ProsessStegSubmitButton.tsx": {"path":"C:\\develop\\ft-frontend-saksbehandling\\packages\\prosess-beregningsgrunnlag\\src\\felles\\ProsessStegSubmitButton.tsx","statementMap":{"0":{"start":{"line":8,"column":13},"end":{"line":8,"column":33}},"1":{"start":{"line":10,"column":19},"end":{"line":23,"column":1}},"2":{"start":{"line":16,"column":2},"end":{"line":18,"column":3}},"3":{"start":{"line":17,"column":4},"end":{"line":17,"column":16}},"4":{"start":{"line":19,"column":2},"end":{"line":21,"column":3}},"5":{"start":{"line":20,"column":4},"end":{"line":20,"column":20}},"6":{"start":{"line":22,"column":2},"end":{"line":22,"column":72}},"7":{"start":{"line":38,"column":61},"end":{"line":61,"column":1}},"8":{"start":{"line":47,"column":2},"end":{"line":59,"column":3}},"9":{"start":{"line":48,"column":4},"end":{"line":58,"column":6}},"10":{"start":{"line":60,"column":2},"end":{"line":60,"column":14}}},"fnMap":{"0":{"name":"(anonymous_0)","decl":{"start":{"line":10,"column":19},"end":{"line":10,"column":20}},"loc":{"start":{"line":15,"column":14},"end":{"line":23,"column":1}},"line":15},"1":{"name":"(anonymous_1)","decl":{"start":{"line":38,"column":61},"end":{"line":38,"column":62}},"loc":{"start":{"line":46,"column":6},"end":{"line":61,"column":1}},"line":46}},"branchMap":{"0":{"loc":{"start":{"line":16,"column":2},"end":{"line":18,"column":3}},"type":"if","locations":[{"start":{"line":16,"column":2},"end":{"line":18,"column":3}},{"start":{},"end":{}}],"line":16},"1":{"loc":{"start":{"line":16,"column":6},"end":{"line":16,"column":50}},"type":"binary-expr","locations":[{"start":{"line":16,"column":7},"end":{"line":16,"column":15}},{"start":{"line":16,"column":19},"end":{"line":16,"column":33}},{"start":{"line":16,"column":38},"end":{"line":16,"column":50}}],"line":16},"2":{"loc":{"start":{"line":19,"column":2},"end":{"line":21,"column":3}},"type":"if","locations":[{"start":{"line":19,"column":2},"end":{"line":21,"column":3}},{"start":{},"end":{}}],"line":19},"3":{"loc":{"start":{"line":22,"column":9},"end":{"line":22,"column":71}},"type":"binary-expr","locations":[{"start":{"line":22,"column":10},"end":{"line":22,"column":18}},{"start":{"line":22,"column":22},"end":{"line":22,"column":44}},{"start":{"line":22,"column":49},"end":{"line":22,"column":71}}],"line":22},"4":{"loc":{"start":{"line":47,"column":2},"end":{"line":59,"column":3}},"type":"if","locations":[{"start":{"line":47,"column":2},"end":{"line":59,"column":3}},{"start":{},"end":{}}],"line":47},"5":{"loc":{"start":{"line":53,"column":17},"end":{"line":53,"column":37}},"type":"binary-expr","locations":[{"start":{"line":53,"column":17},"end":{"line":53,"column":24}},{"start":{"line":53,"column":28},"end":{"line":53,"column":37}}],"line":53},"6":{"loc":{"start":{"line":54,"column":18},"end":{"line":54,"column":47}},"type":"cond-expr","locations":[{"start":{"line":54,"column":28},"end":{"line":54,"column":36}},{"start":{"line":54,"column":39},"end":{"line":54,"column":47}}],"line":54},"7":{"loc":{"start":{"line":56,"column":9},"end":{"line":56,"column":78}},"type":"binary-expr","locations":[{"start":{"line":56,"column":9},"end":{"line":56,"column":13}},{"start":{"line":56,"column":17},"end":{"line":56,"column":78}}],"line":56}},"s":{"0":1,"1":1,"2":36,"3":8,"4":28,"5":28,"6":0,"7":1,"8":36,"9":36,"10":0},"f":{"0":36,"1":36},"b":{"0":[8,28],"1":[36,4,36],"2":[28,0],"3":[0,0,0],"4":[36,0],"5":[36,36],"6":[0,36],"7":[36,36]},"_coverageSchema":"1a1c01bbd47fc00a2c39e90264f33305004495a9","hash":"0395b41c4af6a5f079dbf9001b80803fed5c784b"}
,"C:\\develop\\ft-frontend-saksbehandling\\packages\\prosess-beregningsgrunnlag\\src\\util\\createVisningsnavnForAktivitet.ts": {"path":"C:\\develop\\ft-frontend-saksbehandling\\packages\\prosess-beregningsgrunnlag\\src\\util\\createVisningsnavnForAktivitet.ts","statementMap":{"0":{"start":{"line":5,"column":25},"end":{"line":5,"column":119}},"1":{"start":{"line":5,"column":62},"end":{"line":5,"column":118}},"2":{"start":{"line":7,"column":39},"end":{"line":19,"column":1}},"3":{"start":{"line":10,"column":6},"end":{"line":10,"column":30}},"4":{"start":{"line":11,"column":2},"end":{"line":15,"column":3}},"5":{"start":{"line":12,"column":4},"end":{"line":14,"column":13}},"6":{"start":{"line":16,"column":2},"end":{"line":18,"column":11}}},"fnMap":{"0":{"name":"(anonymous_0)","decl":{"start":{"line":5,"column":25},"end":{"line":5,"column":26}},"loc":{"start":{"line":5,"column":62},"end":{"line":5,"column":118}},"line":5},"1":{"name":"(anonymous_1)","decl":{"start":{"line":7,"column":39},"end":{"line":7,"column":40}},"loc":{"start":{"line":7,"column":141},"end":{"line":19,"column":1}},"line":7}},"branchMap":{"0":{"loc":{"start":{"line":5,"column":62},"end":{"line":5,"column":118}},"type":"cond-expr","locations":[{"start":{"line":5,"column":67},"end":{"line":5,"column":113}},{"start":{"line":5,"column":116},"end":{"line":5,"column":118}}],"line":5},"1":{"loc":{"start":{"line":11,"column":2},"end":{"line":15,"column":3}},"type":"if","locations":[{"start":{"line":11,"column":2},"end":{"line":15,"column":3}},{"start":{},"end":{}}],"line":11},"2":{"loc":{"start":{"line":12,"column":11},"end":{"line":14,"column":12}},"type":"cond-expr","locations":[{"start":{"line":13,"column":8},"end":{"line":13,"column":108}},{"start":{"line":14,"column":8},"end":{"line":14,"column":12}}],"line":12},"3":{"loc":{"start":{"line":16,"column":9},"end":{"line":18,"column":10}},"type":"cond-expr","locations":[{"start":{"line":17,"column":6},"end":{"line":17,"column":71}},{"start":{"line":18,"column":6},"end":{"line":18,"column":10}}],"line":16}},"s":{"0":1,"1":62,"2":1,"3":62,"4":62,"5":0,"6":62},"f":{"0":62,"1":62},"b":{"0":[0,62],"1":[0,62],"2":[0,0],"3":[62,0]},"_coverageSchema":"1a1c01bbd47fc00a2c39e90264f33305004495a9","hash":"14bd3a64fd946e76917b0c2110b08948e9e5700a"}
}
