TN:
SF:src\BeregningsgrunnlagProsessIndex.stories.tsx
FN:22,(anonymous_0)
FN:23,(anonymous_1)
FN:35,(anonymous_2)
FN:51,(anonymous_3)
FN:66,(anonymous_4)
FN:85,(anonymous_5)
FN:95,(anonymous_6)
FN:124,(anonymous_7)
FN:146,(anonymous_8)
FN:148,(anonymous_9)
FN:170,(anonymous_10)
FN:172,(anonymous_11)
FN:188,(anonymous_12)
FN:201,(anonymous_13)
FN:206,(anonymous_14)
FN:225,(anonymous_15)
FN:227,(anonymous_16)
FN:242,(anonymous_17)
FN:243,(anonymous_18)
FN:256,(anonymous_19)
FN:261,(anonymous_20)
FN:266,(anonymous_21)
FN:271,(anonymous_22)
FN:277,(anonymous_23)
FN:296,(anonymous_24)
FN:338,(anonymous_25)
FN:358,(anonymous_26)
FNF:27
FNH:27
FNDA:90,(anonymous_0)
FNDA:15,(anonymous_1)
FNDA:8,(anonymous_2)
FNDA:8,(anonymous_3)
FNDA:8,(anonymous_4)
FNDA:14,(anonymous_5)
FNDA:25,(anonymous_6)
FNDA:37,(anonymous_7)
FNDA:19,(anonymous_8)
FNDA:30,(anonymous_9)
FNDA:2,(anonymous_10)
FNDA:7,(anonymous_11)
FNDA:7,(anonymous_12)
FNDA:11,(anonymous_13)
FNDA:31,(anonymous_14)
FNDA:22,(anonymous_15)
FNDA:19,(anonymous_16)
FNDA:12,(anonymous_17)
FNDA:7,(anonymous_18)
FNDA:12,(anonymous_19)
FNDA:12,(anonymous_20)
FNDA:12,(anonymous_21)
FNDA:12,(anonymous_22)
FNDA:1,(anonymous_23)
FNDA:22,(anonymous_24)
FNDA:6,(anonymous_25)
FNDA:6,(anonymous_26)
DA:20,1
DA:22,90
DA:23,15
DA:25,1
DA:26,1
DA:30,1
DA:35,8
DA:51,8
DA:66,1
DA:67,8
DA:85,14
DA:95,25
DA:100,1
DA:124,1
DA:130,37
DA:146,19
DA:148,1
DA:153,30
DA:170,2
DA:172,7
DA:188,7
DA:201,1
DA:202,11
DA:203,11
DA:206,1
DA:212,31
DA:225,22
DA:227,1
DA:232,19
DA:242,12
DA:243,7
DA:256,12
DA:261,12
DA:266,12
DA:271,12
DA:277,1
DA:278,1
DA:279,1
DA:280,1
DA:281,1
DA:282,1
DA:283,1
DA:284,1
DA:285,1
DA:286,1
DA:287,1
DA:288,1
DA:289,1
DA:290,1
DA:291,1
DA:296,1
DA:302,22
DA:324,22
DA:338,1
DA:345,6
DA:358,6
DA:362,1
DA:363,1
DA:372,1
DA:373,1
DA:382,1
DA:383,1
DA:392,1
DA:393,1
DA:402,1
DA:403,1
DA:413,1
DA:414,1
DA:422,1
DA:423,1
DA:432,1
DA:433,1
DA:455,1
DA:456,1
DA:471,1
DA:472,1
DA:482,1
DA:483,1
DA:508,1
DA:509,1
DA:517,1
DA:518,1
DA:534,1
DA:535,1
DA:545,1
DA:546,1
DA:560,1
DA:561,1
DA:570,1
DA:571,1
DA:580,1
DA:581,1
DA:590,1
DA:591,1
DA:600,1
DA:601,1
DA:610,1
DA:611,1
DA:620,1
DA:621,1
DA:631,1
DA:632,1
DA:641,1
DA:642,1
DA:652,1
DA:653,1
LF:106
LH:106
BRDA:73,0,0,8
BRDA:73,0,1,8
BRDA:82,1,0,6
BRDA:82,1,1,2
BRDA:87,2,0,1
BRDA:87,2,1,13
BRDA:159,3,0,30
BRDA:159,3,1,29
BRDA:178,4,0,7
BRDA:178,4,1,7
BRDA:236,5,0,12
BRDA:236,5,1,7
BRDA:308,6,0,16
BRDA:308,6,1,6
BRF:14
BRH:14
end_of_record
TN:
SF:src\BeregningsgrunnlagProsessIndex.tsx
FN:17,(anonymous_0)
FNF:1
FNH:1
FNDA:6,(anonymous_0)
DA:10,1
DA:17,1
DA:29,6
LF:3
LH:3
BRF:0
BRH:0
end_of_record
TN:
SF:src\components\BeregningFP.tsx
FN:30,(anonymous_0)
FN:49,(anonymous_1)
FN:50,(anonymous_2)
FN:53,(anonymous_3)
FN:54,(anonymous_4)
FN:55,(anonymous_5)
FN:56,(anonymous_6)
FN:57,(anonymous_7)
FN:58,(anonymous_8)
FN:59,(anonymous_9)
FN:60,(anonymous_10)
FN:62,(anonymous_11)
FN:63,(anonymous_12)
FN:66,(anonymous_13)
FN:67,(anonymous_14)
FN:70,(anonymous_15)
FN:71,(anonymous_16)
FN:93,(anonymous_17)
FNF:18
FNH:17
FNDA:0,(anonymous_0)
FNDA:6,(anonymous_1)
FNDA:4,(anonymous_2)
FNDA:6,(anonymous_3)
FNDA:6,(anonymous_4)
FNDA:6,(anonymous_5)
FNDA:6,(anonymous_6)
FNDA:6,(anonymous_7)
FNDA:6,(anonymous_8)
FNDA:6,(anonymous_9)
FNDA:6,(anonymous_10)
FNDA:6,(anonymous_11)
FNDA:6,(anonymous_12)
FNDA:6,(anonymous_13)
FNDA:6,(anonymous_14)
FNDA:6,(anonymous_15)
FNDA:4,(anonymous_16)
FNDA:6,(anonymous_17)
DA:30,1
DA:31,0
DA:49,6
DA:50,4
DA:53,6
DA:54,6
DA:55,6
DA:56,6
DA:57,6
DA:58,6
DA:59,6
DA:60,6
DA:62,6
DA:63,6
DA:66,6
DA:67,6
DA:70,6
DA:71,4
DA:93,1
DA:105,6
DA:106,0
DA:108,6
DA:109,6
DA:110,6
DA:111,6
DA:112,6
LF:26
LH:24
BRDA:49,0,0,6
BRDA:49,0,1,0
BRDA:53,1,0,6
BRDA:53,1,1,0
BRDA:61,2,0,6
BRDA:61,2,1,6
BRDA:62,3,0,6
BRDA:62,3,1,6
BRDA:66,4,0,6
BRDA:66,4,1,0
BRDA:67,5,0,6
BRDA:67,5,1,6
BRDA:70,6,0,6
BRDA:70,6,1,0
BRDA:105,7,0,0
BRDA:105,7,1,6
BRDA:128,8,0,6
BRDA:128,8,1,0
BRF:18
BRH:12
end_of_record
TN:
SF:src\components\arbeidstaker\AksjonspunktBehandlerAT.tsx
FN:27,(anonymous_0)
FN:35,(anonymous_1)
FN:40,(anonymous_2)
FN:41,(anonymous_3)
FN:42,(anonymous_4)
FN:45,(anonymous_5)
FN:55,(anonymous_6)
FN:58,(anonymous_7)
FN:90,(anonymous_8)
FN:105,(anonymous_9)
FN:111,(anonymous_10)
FNF:11
FNH:11
FNDA:9,(anonymous_0)
FNDA:9,(anonymous_1)
FNDA:9,(anonymous_2)
FNDA:9,(anonymous_3)
FNDA:9,(anonymous_4)
FNDA:8,(anonymous_5)
FNDA:8,(anonymous_6)
FNDA:8,(anonymous_7)
FNDA:8,(anonymous_8)
FNDA:1,(anonymous_9)
FNDA:1,(anonymous_10)
DA:27,1
DA:28,9
DA:29,0
DA:32,9
DA:35,1
DA:36,9
DA:37,0
DA:39,9
DA:40,9
DA:41,9
DA:42,9
DA:45,1
DA:48,8
DA:49,8
DA:50,0
DA:52,8
DA:55,1
DA:58,8
DA:59,8
DA:90,1
DA:96,8
DA:97,8
DA:98,8
DA:105,1
DA:108,1
DA:109,1
DA:110,1
DA:112,1
DA:113,1
DA:119,1
LF:30
LH:27
BRDA:28,0,0,0
BRDA:28,0,1,9
BRDA:28,1,0,9
BRDA:28,1,1,0
BRDA:32,2,0,9
BRDA:32,2,1,9
BRDA:36,3,0,0
BRDA:36,3,1,9
BRDA:49,4,0,0
BRDA:49,4,1,8
BRDA:50,5,0,0
BRDA:50,5,1,0
BRDA:66,6,0,0
BRDA:66,6,1,8
BRDA:109,7,0,1
BRDA:109,7,1,0
BRDA:114,8,0,0
BRDA:114,8,1,1
BRDA:114,9,0,1
BRDA:114,9,1,1
BRF:20
BRH:11
end_of_record
TN:
SF:src\components\arbeidstaker\AksjonspunktBehandlerTB.tsx
FN:47,(anonymous_0)
FN:48,(anonymous_1)
FN:51,(anonymous_2)
FN:52,(anonymous_3)
FN:55,(anonymous_4)
FN:71,(anonymous_5)
FN:78,(anonymous_6)
FN:79,(anonymous_7)
FN:80,(anonymous_8)
FN:82,(anonymous_9)
FN:91,(anonymous_10)
FN:94,(anonymous_11)
FN:95,(anonymous_12)
FN:102,(anonymous_13)
FN:109,(anonymous_14)
FN:122,(anonymous_15)
FN:128,(anonymous_16)
FN:142,(anonymous_17)
FN:151,(anonymous_18)
FN:153,(anonymous_19)
FN:168,(anonymous_20)
FN:175,(anonymous_21)
FN:183,(anonymous_22)
FN:186,(anonymous_23)
FN:198,(anonymous_24)
FN:207,(anonymous_25)
FN:223,(anonymous_26)
FN:227,(anonymous_27)
FN:263,(anonymous_28)
FN:279,(anonymous_29)
FN:283,(anonymous_30)
FN:283,(anonymous_31)
FN:284,(anonymous_32)
FN:290,(anonymous_33)
FN:292,(anonymous_34)
FN:293,(anonymous_35)
FN:298,(anonymous_36)
FN:316,(anonymous_37)
FN:333,(anonymous_38)
FN:336,(anonymous_39)
FN:338,(anonymous_40)
FN:339,(anonymous_41)
FN:346,(anonymous_42)
FN:350,(anonymous_43)
FN:353,(anonymous_44)
FNF:45
FNH:43
FNDA:10,(anonymous_0)
FNDA:10,(anonymous_1)
FNDA:34,(anonymous_2)
FNDA:31,(anonymous_3)
FNDA:59,(anonymous_4)
FNDA:72,(anonymous_5)
FNDA:32,(anonymous_6)
FNDA:32,(anonymous_7)
FNDA:32,(anonymous_8)
FNDA:40,(anonymous_9)
FNDA:10,(anonymous_10)
FNDA:10,(anonymous_11)
FNDA:10,(anonymous_12)
FNDA:40,(anonymous_13)
FNDA:10,(anonymous_14)
FNDA:10,(anonymous_15)
FNDA:10,(anonymous_16)
FNDA:10,(anonymous_17)
FNDA:20,(anonymous_18)
FNDA:20,(anonymous_19)
FNDA:10,(anonymous_20)
FNDA:20,(anonymous_21)
FNDA:10,(anonymous_22)
FNDA:20,(anonymous_23)
FNDA:10,(anonymous_24)
FNDA:20,(anonymous_25)
FNDA:10,(anonymous_26)
FNDA:30,(anonymous_27)
FNDA:10,(anonymous_28)
FNDA:10,(anonymous_29)
FNDA:10,(anonymous_30)
FNDA:10,(anonymous_31)
FNDA:0,(anonymous_32)
FNDA:20,(anonymous_33)
FNDA:20,(anonymous_34)
FNDA:20,(anonymous_35)
FNDA:0,(anonymous_36)
FNDA:10,(anonymous_37)
FNDA:38,(anonymous_38)
FNDA:48,(anonymous_39)
FNDA:48,(anonymous_40)
FNDA:30,(anonymous_41)
FNDA:1,(anonymous_42)
FNDA:2,(anonymous_43)
FNDA:2,(anonymous_44)
DA:39,1
DA:45,1
DA:47,10
DA:48,10
DA:51,34
DA:52,31
DA:55,1
DA:56,59
DA:57,59
DA:58,59
DA:59,90
DA:60,90
DA:61,90
DA:62,3
DA:64,90
DA:65,90
DA:67,59
DA:71,1
DA:72,72
DA:73,0
DA:75,72
DA:78,32
DA:79,32
DA:80,32
DA:82,1
DA:83,40
DA:84,40
DA:85,0
DA:87,40
DA:91,1
DA:93,10
DA:94,10
DA:95,10
DA:96,10
DA:98,10
DA:102,40
DA:109,1
DA:112,10
DA:113,10
DA:114,0
DA:116,10
DA:122,1
DA:125,10
DA:126,10
DA:127,10
DA:128,10
DA:129,10
DA:130,10
DA:131,10
DA:132,10
DA:134,10
DA:135,10
DA:136,10
DA:137,10
DA:139,10
DA:142,1
DA:146,10
DA:147,10
DA:148,10
DA:151,10
DA:152,20
DA:153,20
DA:154,20
DA:155,20
DA:156,20
DA:157,20
DA:158,20
DA:159,20
DA:160,20
DA:161,20
DA:162,20
DA:165,10
DA:168,1
DA:169,10
DA:176,20
DA:183,1
DA:184,10
DA:187,20
DA:188,20
DA:198,1
DA:202,10
DA:203,10
DA:204,10
DA:208,20
DA:223,10
DA:224,10
DA:225,10
DA:228,30
DA:229,10
DA:237,20
DA:257,10
DA:258,10
DA:260,10
DA:263,1
DA:264,10
DA:265,10
DA:279,1
DA:280,10
DA:281,10
DA:282,10
DA:283,10
DA:284,10
DA:285,10
DA:290,10
DA:291,20
DA:292,20
DA:293,20
DA:294,20
DA:295,20
DA:296,20
DA:298,20
DA:299,20
DA:304,10
DA:316,1
DA:319,10
DA:320,10
DA:321,10
DA:322,10
DA:323,10
DA:324,10
DA:333,1
DA:334,38
DA:335,38
DA:336,38
DA:337,48
DA:338,48
DA:339,48
DA:340,30
DA:343,38
DA:346,1
DA:348,1
DA:349,1
DA:350,1
DA:351,2
DA:352,2
DA:353,2
DA:354,2
DA:355,2
DA:360,2
DA:366,1
LF:140
LH:137
BRDA:47,0,0,10
BRDA:47,0,1,10
BRDA:48,1,0,10
BRDA:48,1,1,0
BRDA:51,2,0,34
BRDA:51,2,1,34
BRDA:61,3,0,93
BRDA:61,3,1,34
BRDA:72,4,0,0
BRDA:72,4,1,72
BRDA:84,5,0,0
BRDA:84,5,1,40
BRDA:85,6,0,0
BRDA:85,6,1,0
BRDA:113,7,0,0
BRDA:113,7,1,10
BRDA:114,8,0,0
BRDA:114,8,1,0
BRDA:132,9,0,10
BRDA:132,9,1,0
BRDA:157,10,0,0
BRDA:157,10,1,20
BRDA:157,11,0,20
BRDA:157,11,1,20
BRDA:228,12,0,10
BRDA:228,12,1,20
BRDA:240,13,0,0
BRDA:240,13,1,20
BRDA:240,14,0,20
BRDA:240,14,1,0
BRDA:265,15,0,10
BRDA:265,15,1,0
BRDA:296,16,0,4
BRDA:296,16,1,16
BRDA:296,17,0,20
BRDA:296,17,1,16
BRDA:340,18,0,30
BRDA:340,18,1,0
BRF:38
BRH:24
end_of_record
TN:
SF:src\components\arbeidstaker\AvvikopplysningerAT.tsx
FN:13,(anonymous_0)
FN:34,(anonymous_1)
FN:51,(anonymous_2)
FNF:3
FNH:2
FNDA:0,(anonymous_0)
FNDA:20,(anonymous_1)
FNDA:19,(anonymous_2)
DA:13,1
DA:14,0
DA:34,1
DA:39,20
DA:43,20
DA:47,20
DA:48,0
DA:50,20
DA:51,19
DA:54,20
DA:55,1
DA:57,19
DA:58,19
DA:59,19
DA:60,19
DA:61,19
DA:66,19
DA:77,1
LF:18
LH:16
BRDA:17,0,0,0
BRDA:17,0,1,0
BRDA:20,1,0,0
BRDA:20,1,1,0
BRDA:39,2,0,20
BRDA:39,2,1,0
BRDA:39,2,2,0
BRDA:39,2,3,0
BRDA:43,3,0,20
BRDA:43,3,1,0
BRDA:43,3,2,0
BRDA:43,3,3,0
BRDA:47,4,0,0
BRDA:47,4,1,20
BRDA:47,5,0,20
BRDA:47,5,1,20
BRDA:50,6,0,19
BRDA:50,6,1,1
BRDA:51,7,0,19
BRDA:51,7,1,19
BRDA:54,8,0,1
BRDA:54,8,1,19
BRDA:58,9,0,18
BRDA:58,9,1,1
BRF:24
BRH:13
end_of_record
TN:
SF:src\components\arbeidstaker\GrunnlagForAarsinntektPanelAT.tsx
FN:28,(anonymous_0)
FN:38,(anonymous_1)
FN:43,(anonymous_2)
FN:44,(anonymous_3)
FN:47,(anonymous_4)
FN:60,(anonymous_5)
FN:75,(anonymous_6)
FN:85,(anonymous_7)
FN:88,(anonymous_8)
FN:91,(anonymous_9)
FN:192,(anonymous_10)
FN:239,(anonymous_11)
FN:242,(anonymous_12)
FNF:13
FNH:13
FNDA:91,(anonymous_0)
FNDA:58,(anonymous_1)
FNDA:40,(anonymous_2)
FNDA:40,(anonymous_3)
FNDA:20,(anonymous_4)
FNDA:20,(anonymous_5)
FNDA:40,(anonymous_6)
FNDA:20,(anonymous_7)
FNDA:20,(anonymous_8)
FNDA:20,(anonymous_9)
FNDA:20,(anonymous_10)
FNDA:38,(anonymous_11)
FNDA:20,(anonymous_12)
DA:28,1
DA:30,91
DA:31,0
DA:35,91
DA:38,1
DA:39,58
DA:40,0
DA:42,58
DA:43,40
DA:44,40
DA:47,1
DA:48,20
DA:50,20
DA:51,20
DA:53,20
DA:54,20
DA:55,20
DA:57,20
DA:60,1
DA:62,20
DA:63,20
DA:64,20
DA:66,20
DA:67,20
DA:69,20
DA:70,20
DA:72,0
DA:75,1
DA:78,40
DA:79,40
DA:80,0
DA:82,40
DA:85,1
DA:88,20
DA:89,20
DA:90,20
DA:91,20
DA:92,20
DA:143,20
DA:145,0
DA:170,0
DA:172,20
DA:192,1
DA:198,20
DA:199,20
DA:200,20
DA:201,20
DA:235,1
DA:239,1
DA:240,38
DA:241,38
DA:242,38
DA:243,20
DA:245,38
LF:54
LH:48
BRDA:30,0,0,0
BRDA:30,0,1,91
BRDA:30,1,0,91
BRDA:30,1,1,0
BRDA:35,2,0,91
BRDA:35,2,1,91
BRDA:39,3,0,0
BRDA:39,3,1,58
BRDA:50,4,0,20
BRDA:50,4,1,0
BRDA:50,5,0,20
BRDA:50,5,1,20
BRDA:53,6,0,20
BRDA:53,6,1,0
BRDA:53,7,0,20
BRDA:53,7,1,20
BRDA:63,8,0,20
BRDA:63,8,1,0
BRDA:63,9,0,20
BRDA:63,9,1,20
BRDA:66,10,0,20
BRDA:66,10,1,0
BRDA:66,11,0,20
BRDA:66,11,1,20
BRDA:69,12,0,20
BRDA:69,12,1,0
BRDA:79,13,0,0
BRDA:79,13,1,40
BRDA:80,14,0,0
BRDA:80,14,1,0
BRDA:89,15,0,20
BRDA:89,15,1,0
BRDA:108,16,0,20
BRDA:108,16,1,0
BRDA:114,17,0,20
BRDA:114,17,1,20
BRDA:114,17,2,20
BRDA:121,18,0,20
BRDA:121,18,1,20
BRDA:121,18,2,20
BRDA:128,19,0,20
BRDA:128,19,1,10
BRDA:136,20,0,20
BRDA:136,20,1,20
BRDA:143,21,0,0
BRDA:143,21,1,20
BRDA:200,22,0,0
BRDA:200,22,1,20
BRDA:200,23,0,20
BRDA:200,23,1,20
BRF:50
BRH:35
end_of_record
TN:
SF:src\components\arbeidstaker\NaturalytelsePanel.tsx
FN:28,(anonymous_0)
FN:32,(anonymous_1)
FN:38,(anonymous_2)
FN:49,(anonymous_3)
FN:51,(anonymous_4)
FN:57,(anonymous_5)
FN:59,(anonymous_6)
FN:60,(anonymous_7)
FN:61,(anonymous_8)
FN:62,(anonymous_9)
FN:70,(anonymous_10)
FN:72,(anonymous_11)
FN:73,(anonymous_12)
FN:77,(anonymous_13)
FN:79,(anonymous_14)
FN:93,(anonymous_15)
FN:97,(anonymous_16)
FN:100,(anonymous_17)
FN:102,(anonymous_18)
FN:127,(anonymous_19)
FN:130,(anonymous_20)
FN:134,(anonymous_21)
FN:139,(anonymous_22)
FN:146,(anonymous_23)
FN:146,(anonymous_24)
FN:153,(anonymous_25)
FN:175,(anonymous_26)
FN:176,(anonymous_27)
FNF:28
FNH:28
FNDA:8,(anonymous_0)
FNDA:4,(anonymous_1)
FNDA:4,(anonymous_2)
FNDA:12,(anonymous_3)
FNDA:4,(anonymous_4)
FNDA:8,(anonymous_5)
FNDA:8,(anonymous_6)
FNDA:4,(anonymous_7)
FNDA:4,(anonymous_8)
FNDA:3,(anonymous_9)
FNDA:4,(anonymous_10)
FNDA:4,(anonymous_11)
FNDA:4,(anonymous_12)
FNDA:1,(anonymous_13)
FNDA:4,(anonymous_14)
FNDA:1,(anonymous_15)
FNDA:3,(anonymous_16)
FNDA:4,(anonymous_17)
FNDA:13,(anonymous_18)
FNDA:4,(anonymous_19)
FNDA:1,(anonymous_20)
FNDA:4,(anonymous_21)
FNDA:4,(anonymous_22)
FNDA:1,(anonymous_23)
FNDA:1,(anonymous_24)
FNDA:4,(anonymous_25)
FNDA:20,(anonymous_26)
FNDA:4,(anonymous_27)
DA:28,8
DA:32,1
DA:34,4
DA:35,4
DA:38,1
DA:39,4
DA:40,4
DA:41,4
DA:42,4
DA:49,12
DA:51,1
DA:53,4
DA:54,0
DA:56,4
DA:57,4
DA:58,8
DA:59,8
DA:60,4
DA:62,4
DA:63,1
DA:67,4
DA:70,1
DA:71,4
DA:72,4
DA:73,4
DA:74,4
DA:77,1
DA:78,1
DA:79,1
DA:80,4
DA:81,4
DA:82,4
DA:90,1
DA:93,1
DA:94,1
DA:95,0
DA:97,3
DA:98,1
DA:99,1
DA:100,1
DA:101,4
DA:102,13
DA:103,4
DA:104,3
DA:105,3
DA:111,3
DA:114,1
DA:115,1
DA:124,1
DA:127,1
DA:129,4
DA:130,4
DA:131,1
DA:133,1
DA:134,4
DA:136,4
DA:139,1
DA:140,4
DA:141,3
DA:143,1
DA:146,1
DA:147,1
DA:154,4
DA:175,1
DA:176,20
DA:177,20
DA:178,19
DA:180,1
LF:68
LH:66
BRDA:28,0,0,0
BRDA:28,0,1,8
BRDA:53,1,0,0
BRDA:53,1,1,4
BRDA:53,2,0,4
BRDA:53,2,1,4
BRDA:62,3,0,1
BRDA:62,3,1,3
BRDA:81,4,0,4
BRDA:81,4,1,0
BRDA:94,5,0,0
BRDA:94,5,1,1
BRDA:94,6,0,1
BRDA:94,6,1,1
BRDA:101,7,0,4
BRDA:101,7,1,0
BRDA:102,8,0,13
BRDA:102,8,1,3
BRDA:103,9,0,3
BRDA:103,9,1,1
BRDA:136,10,0,3
BRDA:136,10,1,1
BRDA:136,11,0,4
BRDA:136,11,1,4
BRDA:140,12,0,3
BRDA:140,12,1,1
BRDA:177,13,0,19
BRDA:177,13,1,1
BRF:28
BRH:23
end_of_record
TN:
SF:src\components\beregningForm\BeregningForm.tsx
FN:58,(anonymous_0)
FN:59,(anonymous_1)
FN:62,(anonymous_2)
FN:64,(anonymous_3)
FN:71,(anonymous_4)
FN:72,(anonymous_5)
FN:73,(anonymous_6)
FN:84,(anonymous_7)
FN:86,(anonymous_8)
FN:88,(anonymous_9)
FN:92,(anonymous_10)
FN:112,(anonymous_11)
FN:116,(anonymous_12)
FN:118,(anonymous_13)
FN:119,(anonymous_14)
FN:146,(anonymous_15)
FN:176,(anonymous_16)
FNF:17
FNH:16
FNDA:38,(anonymous_0)
FNDA:0,(anonymous_1)
FNDA:38,(anonymous_2)
FNDA:38,(anonymous_3)
FNDA:38,(anonymous_4)
FNDA:38,(anonymous_5)
FNDA:38,(anonymous_6)
FNDA:14,(anonymous_7)
FNDA:14,(anonymous_8)
FNDA:4,(anonymous_9)
FNDA:1,(anonymous_10)
FNDA:38,(anonymous_11)
FNDA:38,(anonymous_12)
FNDA:38,(anonymous_13)
FNDA:38,(anonymous_14)
FNDA:38,(anonymous_15)
FNDA:4,(anonymous_16)
DA:46,1
DA:53,1
DA:58,38
DA:59,0
DA:62,38
DA:64,1
DA:66,38
DA:67,0
DA:69,38
DA:70,38
DA:71,38
DA:72,38
DA:73,38
DA:74,38
DA:84,14
DA:86,14
DA:88,1
DA:92,4
DA:93,4
DA:95,4
DA:96,4
DA:97,0
DA:99,4
DA:100,1
DA:102,3
DA:104,2
DA:106,1
DA:107,1
DA:109,0
DA:112,38
DA:116,38
DA:118,38
DA:119,38
DA:146,1
DA:162,38
DA:163,38
DA:167,38
DA:168,38
DA:170,38
DA:171,38
DA:172,38
DA:173,38
DA:176,4
LF:43
LH:39
BRDA:58,0,0,0
BRDA:58,0,1,38
BRDA:58,1,0,38
BRDA:58,1,1,27
BRDA:66,2,0,0
BRDA:66,2,1,38
BRDA:66,3,0,38
BRDA:66,3,1,38
BRDA:84,4,0,14
BRDA:84,4,1,14
BRDA:84,4,2,14
BRDA:93,5,0,4
BRDA:93,5,1,0
BRDA:96,6,0,0
BRDA:96,6,1,4
BRDA:99,7,0,1
BRDA:99,7,1,3
BRDA:102,8,0,2
BRDA:102,8,1,1
BRDA:102,9,0,3
BRDA:102,9,1,2
BRDA:106,10,0,1
BRDA:106,10,1,0
BRDA:112,11,0,29
BRDA:112,11,1,9
BRDA:164,12,0,38
BRDA:164,12,1,38
BRDA:172,13,0,38
BRDA:172,13,1,38
BRDA:179,14,0,38
BRDA:179,14,1,36
BRDA:197,15,0,38
BRDA:197,15,1,38
BRDA:209,16,0,38
BRDA:209,16,1,0
BRDA:232,17,0,38
BRDA:232,17,1,36
BRF:37
BRH:31
end_of_record
TN:
SF:src\components\beregningsgrunnlagPanel\Beregningsgrunnlag.tsx
FN:44,(anonymous_0)
FN:45,(anonymous_1)
FN:49,(anonymous_2)
FN:56,(anonymous_3)
FN:156,(anonymous_4)
FN:186,(anonymous_5)
FN:193,(anonymous_6)
FN:202,(anonymous_7)
FNF:8
FNH:8
FNDA:38,(anonymous_0)
FNDA:36,(anonymous_1)
FNDA:38,(anonymous_2)
FNDA:38,(anonymous_3)
FNDA:38,(anonymous_4)
FNDA:38,(anonymous_5)
FNDA:1,(anonymous_6)
FNDA:1,(anonymous_7)
DA:37,1
DA:42,1
DA:44,38
DA:45,36
DA:49,1
DA:50,38
DA:51,38
DA:53,0
DA:56,1
DA:64,38
DA:156,1
DA:165,38
DA:166,38
DA:180,1
DA:186,1
DA:187,38
DA:188,38
DA:193,1
DA:195,1
DA:202,1
DA:203,1
LF:21
LH:20
BRDA:44,0,0,38
BRDA:44,0,1,38
BRDA:45,1,0,36
BRDA:45,1,1,28
BRDA:50,2,0,38
BRDA:50,2,1,0
BRDA:50,3,0,38
BRDA:50,3,1,38
BRDA:65,4,0,38
BRDA:65,4,1,20
BRDA:74,5,0,38
BRDA:74,5,1,0
BRDA:80,6,0,38
BRDA:80,6,1,0
BRDA:90,7,0,38
BRDA:90,7,1,0
BRDA:96,8,0,38
BRDA:96,8,1,0
BRDA:103,9,0,38
BRDA:103,9,1,18
BRDA:115,10,0,38
BRDA:115,10,1,20
BRDA:115,10,2,0
BRDA:115,10,3,0
BRDA:115,10,4,0
BRDA:115,10,5,0
BRDA:189,11,0,18
BRDA:189,11,1,20
BRDA:199,12,0,0
BRDA:199,12,1,1
BRDA:207,13,0,0
BRDA:207,13,1,1
BRF:32
BRH:21
end_of_record
TN:
SF:src\components\beregningsgrunnlagPanel\beregningsgrunnlag.less
FNF:0
FNH:0
DA:1,1
LF:1
LH:1
BRF:0
BRH:0
end_of_record
TN:
SF:src\components\beregningsresultatPanel\BeregningsresultatTable.tsx
FN:23,(anonymous_0)
FN:29,(anonymous_1)
FN:32,(anonymous_2)
FN:43,(anonymous_3)
FN:52,(anonymous_4)
FN:60,(anonymous_5)
FN:61,(anonymous_6)
FN:62,(anonymous_7)
FN:64,(anonymous_8)
FN:71,(anonymous_9)
FN:76,(anonymous_10)
FN:82,(anonymous_11)
FN:107,(anonymous_12)
FN:110,(anonymous_13)
FN:112,(anonymous_14)
FN:130,(anonymous_15)
FN:154,(anonymous_16)
FN:194,(anonymous_17)
FN:201,(anonymous_18)
FN:208,(anonymous_19)
FN:242,(anonymous_20)
FN:279,(anonymous_21)
FN:308,(anonymous_22)
FN:338,(anonymous_23)
FN:401,(anonymous_24)
FN:405,(anonymous_25)
FN:412,(anonymous_26)
FN:419,(anonymous_27)
FN:421,(anonymous_28)
FN:428,(anonymous_29)
FN:432,(anonymous_30)
FN:437,(anonymous_31)
FN:443,(anonymous_32)
FN:450,(anonymous_33)
FN:482,(anonymous_34)
FN:483,(anonymous_35)
FN:550,(anonymous_36)
FNF:37
FNH:26
FNDA:51,(anonymous_0)
FNDA:10,(anonymous_1)
FNDA:51,(anonymous_2)
FNDA:0,(anonymous_3)
FNDA:0,(anonymous_4)
FNDA:408,(anonymous_5)
FNDA:408,(anonymous_6)
FNDA:51,(anonymous_7)
FNDA:51,(anonymous_8)
FNDA:5,(anonymous_9)
FNDA:5,(anonymous_10)
FNDA:18,(anonymous_11)
FNDA:33,(anonymous_12)
FNDA:33,(anonymous_13)
FNDA:0,(anonymous_14)
FNDA:0,(anonymous_15)
FNDA:408,(anonymous_16)
FNDA:0,(anonymous_17)
FNDA:0,(anonymous_18)
FNDA:0,(anonymous_19)
FNDA:0,(anonymous_20)
FNDA:0,(anonymous_21)
FNDA:0,(anonymous_22)
FNDA:51,(anonymous_23)
FNDA:4,(anonymous_24)
FNDA:4,(anonymous_25)
FNDA:51,(anonymous_26)
FNDA:51,(anonymous_27)
FNDA:51,(anonymous_28)
FNDA:51,(anonymous_29)
FNDA:51,(anonymous_30)
FNDA:38,(anonymous_31)
FNDA:51,(anonymous_32)
FNDA:51,(anonymous_33)
FNDA:0,(anonymous_34)
FNDA:51,(anonymous_35)
FNDA:38,(anonymous_36)
DA:21,1
DA:23,1
DA:24,51
DA:25,41
DA:27,10
DA:29,10
DA:32,1
DA:33,51
DA:34,51
DA:35,5
DA:37,46
DA:38,0
DA:40,46
DA:43,1
DA:44,0
DA:45,0
DA:46,0
DA:48,0
DA:49,0
DA:51,0
DA:52,0
DA:53,0
DA:54,0
DA:57,0
DA:60,408
DA:61,408
DA:62,51
DA:64,1
DA:65,51
DA:71,1
DA:72,5
DA:73,0
DA:75,5
DA:76,5
DA:77,5
DA:79,5
DA:82,1
DA:83,18
DA:85,18
DA:86,18
DA:87,0
DA:88,0
DA:89,0
DA:91,0
DA:93,18
DA:94,18
DA:96,0
DA:98,18
DA:99,18
DA:107,1
DA:109,33
DA:110,33
DA:111,33
DA:112,0
DA:113,0
DA:114,0
DA:116,0
DA:118,33
DA:119,28
DA:121,5
DA:123,33
DA:130,1
DA:132,0
DA:133,0
DA:134,0
DA:135,0
DA:136,0
DA:137,0
DA:139,0
DA:141,0
DA:142,0
DA:144,0
DA:146,0
DA:147,0
DA:154,1
DA:155,408
DA:163,408
DA:164,408
DA:165,408
DA:166,357
DA:168,51
DA:169,51
DA:170,33
DA:171,33
DA:172,33
DA:173,33
DA:174,18
DA:175,18
DA:176,18
DA:177,18
DA:178,18
DA:179,18
DA:181,0
DA:182,0
DA:183,0
DA:184,0
DA:186,51
DA:187,51
DA:189,51
DA:190,51
DA:191,51
DA:194,1
DA:195,0
DA:196,0
DA:198,0
DA:201,1
DA:202,0
DA:203,0
DA:205,0
DA:208,1
DA:212,0
DA:217,0
DA:223,0
DA:224,0
DA:225,0
DA:226,0
DA:227,0
DA:229,0
DA:230,0
DA:233,0
DA:234,0
DA:236,0
DA:237,0
DA:239,0
DA:240,0
DA:242,1
DA:246,0
DA:251,0
DA:256,0
DA:261,0
DA:262,0
DA:263,0
DA:264,0
DA:265,0
DA:268,0
DA:270,0
DA:272,0
DA:274,0
DA:275,0
DA:276,0
DA:279,1
DA:283,0
DA:288,0
DA:293,0
DA:298,0
DA:299,0
DA:300,0
DA:301,0
DA:303,0
DA:304,0
DA:305,0
DA:308,1
DA:312,0
DA:317,0
DA:322,0
DA:328,0
DA:329,0
DA:330,0
DA:331,0
DA:333,0
DA:334,0
DA:335,0
DA:338,1
DA:343,51
DA:348,51
DA:353,51
DA:358,51
DA:363,51
DA:368,51
DA:373,51
DA:378,51
DA:384,51
DA:385,51
DA:386,51
DA:387,51
DA:388,51
DA:389,51
DA:390,51
DA:391,51
DA:393,51
DA:394,4
DA:400,4
DA:401,4
DA:405,4
DA:406,4
DA:407,4
DA:408,4
DA:412,1
DA:413,51
DA:414,24
DA:415,0
DA:416,0
DA:419,51
DA:421,1
DA:422,51
DA:423,0
DA:425,51
DA:428,1
DA:429,51
DA:430,0
DA:432,51
DA:437,1
DA:443,51
DA:444,38
DA:446,0
DA:448,38
DA:449,38
DA:450,38
DA:451,51
DA:452,51
DA:458,51
DA:463,51
DA:468,51
DA:472,51
DA:473,51
DA:474,51
DA:475,51
DA:476,51
DA:477,27
DA:479,51
DA:480,51
DA:481,51
DA:482,51
DA:483,51
DA:484,51
DA:486,0
DA:487,0
DA:490,0
DA:491,0
DA:494,0
DA:495,0
DA:498,0
DA:499,0
DA:502,51
DA:508,51
DA:509,27
DA:511,51
DA:512,51
DA:513,47
DA:515,51
DA:516,0
DA:519,51
DA:531,38
DA:550,1
DA:553,38
DA:555,38
LF:246
LH:140
BRDA:24,0,0,41
BRDA:24,0,1,10
BRDA:33,1,0,0
BRDA:33,1,1,51
BRDA:34,2,0,5
BRDA:34,2,1,46
BRDA:34,3,0,51
BRDA:34,3,1,5
BRDA:37,4,0,0
BRDA:37,4,1,46
BRDA:44,5,0,0
BRDA:44,5,1,0
BRDA:45,6,0,0
BRDA:45,6,1,0
BRDA:48,7,0,0
BRDA:48,7,1,0
BRDA:51,8,0,0
BRDA:51,8,1,0
BRDA:53,9,0,0
BRDA:53,9,1,0
BRDA:68,10,0,24
BRDA:68,10,1,27
BRDA:72,11,0,0
BRDA:72,11,1,5
BRDA:72,12,0,5
BRDA:72,12,1,5
BRDA:77,13,0,5
BRDA:77,13,1,0
BRDA:86,14,0,0
BRDA:86,14,1,18
BRDA:86,15,0,18
BRDA:86,15,1,18
BRDA:87,16,0,0
BRDA:87,16,1,0
BRDA:87,17,0,0
BRDA:87,17,1,0
BRDA:93,18,0,18
BRDA:93,18,1,0
BRDA:93,19,0,18
BRDA:93,19,1,18
BRDA:96,20,0,0
BRDA:96,20,1,0
BRDA:96,21,0,0
BRDA:96,21,1,0
BRDA:98,22,0,0
BRDA:98,22,1,18
BRDA:98,23,0,18
BRDA:98,23,1,18
BRDA:111,24,0,0
BRDA:111,24,1,33
BRDA:111,25,0,33
BRDA:111,25,1,28
BRDA:112,26,0,0
BRDA:112,26,1,0
BRDA:113,27,0,0
BRDA:113,27,1,0
BRDA:118,28,0,28
BRDA:118,28,1,5
BRDA:118,29,0,33
BRDA:118,29,1,28
BRDA:134,30,0,0
BRDA:134,30,1,0
BRDA:134,31,0,0
BRDA:134,31,1,0
BRDA:135,32,0,0
BRDA:135,32,1,0
BRDA:135,33,0,0
BRDA:135,33,1,0
BRDA:141,34,0,0
BRDA:141,34,1,0
BRDA:141,35,0,0
BRDA:141,35,1,0
BRDA:144,36,0,0
BRDA:144,36,1,0
BRDA:144,37,0,0
BRDA:144,37,1,0
BRDA:165,38,0,357
BRDA:165,38,1,51
BRDA:165,39,0,408
BRDA:165,39,1,408
BRDA:169,40,0,33
BRDA:169,40,1,18
BRDA:174,41,0,18
BRDA:174,41,1,0
BRDA:186,42,0,51
BRDA:186,42,1,0
BRDA:186,43,0,51
BRDA:186,43,1,0
BRDA:186,43,2,51
BRDA:195,44,0,0
BRDA:195,44,1,0
BRDA:195,45,0,0
BRDA:195,45,1,0
BRDA:202,46,0,0
BRDA:202,46,1,0
BRDA:202,47,0,0
BRDA:202,47,1,0
BRDA:224,48,0,0
BRDA:224,48,1,0
BRDA:224,49,0,0
BRDA:224,49,1,0
BRDA:229,50,0,0
BRDA:229,50,1,0
BRDA:233,51,0,0
BRDA:233,51,1,0
BRDA:262,52,0,0
BRDA:262,52,1,0
BRDA:268,53,0,0
BRDA:268,53,1,0
BRDA:298,54,0,0
BRDA:298,54,1,0
BRDA:328,55,0,0
BRDA:328,55,1,0
BRDA:384,56,0,0
BRDA:384,56,1,51
BRDA:384,57,0,51
BRDA:384,57,1,0
BRDA:385,58,0,33
BRDA:385,58,1,18
BRDA:385,59,0,51
BRDA:385,59,1,33
BRDA:386,60,0,0
BRDA:386,60,1,51
BRDA:386,61,0,51
BRDA:386,61,1,0
BRDA:387,62,0,18
BRDA:387,62,1,33
BRDA:387,63,0,51
BRDA:387,63,1,18
BRDA:388,64,0,0
BRDA:388,64,1,51
BRDA:388,65,0,51
BRDA:388,65,1,0
BRDA:389,66,0,0
BRDA:389,66,1,51
BRDA:389,67,0,51
BRDA:389,67,1,0
BRDA:390,68,0,0
BRDA:390,68,1,51
BRDA:390,69,0,51
BRDA:390,69,1,0
BRDA:391,70,0,0
BRDA:391,70,1,51
BRDA:391,71,0,51
BRDA:391,71,1,0
BRDA:393,72,0,4
BRDA:393,72,1,47
BRDA:401,73,0,4
BRDA:401,73,1,4
BRDA:405,74,0,4
BRDA:405,74,1,0
BRDA:405,75,0,4
BRDA:405,75,1,4
BRDA:413,76,0,27
BRDA:413,76,1,24
BRDA:413,77,0,51
BRDA:413,77,1,27
BRDA:414,78,0,24
BRDA:414,78,1,0
BRDA:414,79,0,24
BRDA:414,79,1,24
BRDA:415,80,0,0
BRDA:415,80,1,0
BRDA:415,81,0,0
BRDA:415,81,1,0
BRDA:419,82,0,51
BRDA:419,82,1,0
BRDA:422,83,0,0
BRDA:422,83,1,51
BRDA:422,84,0,51
BRDA:422,84,1,0
BRDA:429,85,0,0
BRDA:429,85,1,51
BRDA:432,86,0,51
BRDA:432,86,1,4
BRDA:432,86,2,4
BRDA:444,87,0,0
BRDA:444,87,1,38
BRDA:476,88,0,27
BRDA:476,88,1,24
BRDA:482,89,0,0
BRDA:482,89,1,0
BRDA:484,90,0,0
BRDA:484,90,1,0
BRDA:484,90,2,0
BRDA:484,90,3,0
BRDA:484,90,4,51
BRDA:508,91,0,27
BRDA:508,91,1,24
BRDA:512,92,0,47
BRDA:512,92,1,4
BRDA:515,93,0,0
BRDA:515,93,1,51
BRDA:515,94,0,51
BRDA:515,94,1,4
BRF:195
BRH:92
end_of_record
TN:
SF:src\components\beregningsresultatPanel\BeregningsresutatPanel.tsx
FN:23,(anonymous_0)
FN:39,(anonymous_1)
FN:55,(anonymous_2)
FN:72,(anonymous_3)
FN:80,(anonymous_4)
FN:81,(anonymous_5)
FN:95,(anonymous_6)
FN:96,(anonymous_7)
FN:122,(anonymous_8)
FN:150,(anonymous_9)
FN:166,(anonymous_10)
FN:172,(anonymous_11)
FN:181,(anonymous_12)
FN:188,(anonymous_13)
FN:212,(anonymous_14)
FN:223,(anonymous_15)
FNF:16
FNH:12
FNDA:14,(anonymous_0)
FNDA:51,(anonymous_1)
FNDA:5,(anonymous_2)
FNDA:4,(anonymous_3)
FNDA:0,(anonymous_4)
FNDA:0,(anonymous_5)
FNDA:51,(anonymous_6)
FNDA:55,(anonymous_7)
FNDA:51,(anonymous_8)
FNDA:0,(anonymous_9)
FNDA:0,(anonymous_10)
FNDA:24,(anonymous_11)
FNDA:51,(anonymous_12)
FNDA:51,(anonymous_13)
FNDA:38,(anonymous_14)
FNDA:51,(anonymous_15)
DA:23,1
DA:24,14
DA:25,9
DA:39,1
DA:40,51
DA:41,51
DA:55,5
DA:72,1
DA:73,4
DA:80,1
DA:81,0
DA:82,0
DA:95,1
DA:96,51
DA:97,55
DA:122,1
DA:130,51
DA:131,51
DA:132,51
DA:133,0
DA:135,51
DA:136,51
DA:138,51
DA:139,5
DA:140,4
DA:141,4
DA:143,5
DA:144,5
DA:146,51
DA:147,51
DA:150,1
DA:155,0
DA:166,0
DA:172,1
DA:173,24
DA:181,1
DA:182,51
DA:183,51
DA:185,0
DA:188,1
DA:194,51
DA:195,51
DA:196,51
DA:197,51
DA:198,51
DA:212,1
DA:215,38
DA:216,38
DA:217,38
DA:223,51
LF:50
LH:44
BRDA:24,0,0,5
BRDA:24,0,1,9
BRDA:24,1,0,14
BRDA:24,1,1,14
BRDA:24,1,2,10
BRDA:40,2,0,0
BRDA:40,2,1,51
BRDA:52,3,0,51
BRDA:52,3,1,5
BRDA:58,4,0,51
BRDA:58,4,1,46
BRDA:65,5,0,27
BRDA:65,5,1,24
BRDA:65,6,0,51
BRDA:65,6,1,24
BRDA:73,7,0,4
BRDA:73,7,1,0
BRDA:98,8,0,46
BRDA:98,8,1,9
BRDA:100,9,0,55
BRDA:100,9,1,0
BRDA:103,10,0,55
BRDA:103,10,1,9
BRDA:108,11,0,55
BRDA:108,11,1,46
BRDA:108,11,2,46
BRDA:113,12,0,55
BRDA:113,12,1,46
BRDA:113,12,2,0
BRDA:132,13,0,0
BRDA:132,13,1,51
BRDA:132,14,0,51
BRDA:132,14,1,51
BRDA:135,15,0,51
BRDA:135,15,1,0
BRDA:135,16,0,51
BRDA:135,16,1,51
BRDA:138,17,0,5
BRDA:138,17,1,46
BRDA:139,18,0,4
BRDA:139,18,1,1
BRDA:174,19,0,24
BRDA:174,19,1,13
BRDA:182,20,0,51
BRDA:182,20,1,0
BRDA:182,21,0,51
BRDA:182,21,1,51
BRDA:195,22,0,51
BRDA:195,22,1,51
BRDA:196,23,0,51
BRDA:196,23,1,51
BRDA:200,24,0,51
BRDA:200,24,1,51
BRDA:200,24,2,24
BRDA:201,25,0,51
BRDA:201,25,1,51
BRDA:202,26,0,51
BRDA:202,26,1,0
BRF:58
BRH:50
end_of_record
TN:
SF:src\components\beregningsresultatPanel\beregningsresultatTable.less
FNF:0
FNH:0
DA:1,1
LF:1
LH:1
BRF:0
BRH:0
end_of_record
TN:
SF:src\components\besteberegning\BesteberegningResultatGrunnlagPanel.tsx
FN:22,(anonymous_0)
FN:24,(anonymous_1)
FN:26,(anonymous_2)
FN:27,(anonymous_3)
FN:27,(anonymous_4)
FN:29,(anonymous_5)
FN:30,(anonymous_6)
FN:30,(anonymous_7)
FN:30,(anonymous_8)
FN:33,(anonymous_9)
FN:55,(anonymous_10)
FNF:11
FNH:0
FNDA:0,(anonymous_0)
FNDA:0,(anonymous_1)
FNDA:0,(anonymous_2)
FNDA:0,(anonymous_3)
FNDA:0,(anonymous_4)
FNDA:0,(anonymous_5)
FNDA:0,(anonymous_6)
FNDA:0,(anonymous_7)
FNDA:0,(anonymous_8)
FNDA:0,(anonymous_9)
FNDA:0,(anonymous_10)
DA:22,1
DA:24,1
DA:26,1
DA:27,0
DA:29,1
DA:30,0
DA:33,1
DA:35,1
DA:55,1
DA:59,0
DA:60,0
DA:62,0
DA:63,0
DA:64,0
LF:14
LH:7
BRDA:22,0,0,0
BRDA:22,0,1,0
BRDA:24,1,0,0
BRDA:24,1,1,0
BRDA:59,2,0,0
BRDA:59,2,1,0
BRDA:59,3,0,0
BRDA:59,3,1,0
BRDA:98,4,0,0
BRDA:98,4,1,0
BRDA:101,5,0,0
BRDA:101,5,1,0
BRF:12
BRH:0
end_of_record
TN:
SF:src\components\fellesPaneler\AksjonspunktBehandler.tsx
FN:40,(anonymous_0)
FN:46,(anonymous_1)
FN:47,(anonymous_2)
FN:54,(anonymous_3)
FN:55,(anonymous_4)
FN:56,(anonymous_5)
FN:58,(anonymous_6)
FN:63,(anonymous_7)
FN:69,(anonymous_8)
FN:70,(anonymous_9)
FN:103,(anonymous_10)
FN:113,(anonymous_11)
FN:116,(anonymous_12)
FN:189,(anonymous_13)
FN:232,(anonymous_14)
FN:233,(anonymous_15)
FN:270,(anonymous_16)
FNF:17
FNH:16
FNDA:36,(anonymous_0)
FNDA:18,(anonymous_1)
FNDA:18,(anonymous_2)
FNDA:18,(anonymous_3)
FNDA:28,(anonymous_4)
FNDA:10,(anonymous_5)
FNDA:18,(anonymous_6)
FNDA:18,(anonymous_7)
FNDA:18,(anonymous_8)
FNDA:18,(anonymous_9)
FNDA:18,(anonymous_10)
FNDA:18,(anonymous_11)
FNDA:18,(anonymous_12)
FNDA:36,(anonymous_13)
FNDA:18,(anonymous_14)
FNDA:18,(anonymous_15)
FNDA:0,(anonymous_16)
DA:37,1
DA:38,1
DA:40,1
DA:41,36
DA:42,36
DA:44,0
DA:46,18
DA:47,1
DA:48,18
DA:49,0
DA:51,18
DA:54,18
DA:55,28
DA:56,10
DA:58,1
DA:61,18
DA:62,18
DA:63,18
DA:65,18
DA:66,0
DA:68,18
DA:69,18
DA:70,18
DA:71,18
DA:103,1
DA:110,18
DA:111,18
DA:112,18
DA:113,18
DA:115,18
DA:116,18
DA:118,18
DA:119,18
DA:120,18
DA:189,1
DA:201,36
DA:202,36
DA:203,0
DA:206,36
DA:217,36
DA:218,18
DA:229,18
DA:232,18
DA:233,18
DA:234,18
DA:266,1
DA:270,1
LF:47
LH:43
BRDA:41,0,0,36
BRDA:41,0,1,0
BRDA:41,1,0,36
BRDA:41,1,1,36
BRDA:46,2,0,18
BRDA:46,2,1,18
BRDA:48,3,0,0
BRDA:48,3,1,18
BRDA:55,4,0,28
BRDA:55,4,1,28
BRDA:63,5,0,18
BRDA:63,5,1,18
BRDA:65,6,0,0
BRDA:65,6,1,18
BRDA:69,7,0,18
BRDA:69,7,1,18
BRDA:70,8,0,18
BRDA:70,8,1,18
BRDA:76,9,0,18
BRDA:76,9,1,8
BRDA:79,10,0,18
BRDA:79,10,1,0
BRDA:79,10,2,0
BRDA:82,11,0,18
BRDA:82,11,1,10
BRDA:82,11,2,10
BRDA:82,11,3,10
BRDA:85,12,0,18
BRDA:85,12,1,10
BRDA:85,12,2,0
BRDA:85,12,3,0
BRDA:113,13,0,18
BRDA:113,13,1,18
BRDA:116,14,0,18
BRDA:116,14,1,18
BRDA:118,15,0,18
BRDA:118,15,1,0
BRDA:119,16,0,18
BRDA:119,16,1,18
BRDA:130,17,0,18
BRDA:130,17,1,10
BRDA:140,18,0,18
BRDA:140,18,1,8
BRDA:140,18,2,8
BRDA:148,19,0,18
BRDA:148,19,1,0
BRDA:202,20,0,0
BRDA:202,20,1,36
BRDA:202,21,0,36
BRDA:202,21,1,36
BRDA:217,22,0,18
BRDA:217,22,1,18
BRDA:219,23,0,0
BRDA:219,23,1,18
BRDA:220,24,0,0
BRDA:220,24,1,18
BRDA:235,25,0,0
BRDA:235,25,1,18
BRDA:236,26,0,0
BRDA:236,26,1,18
BRDA:237,27,0,18
BRDA:237,27,1,18
BRDA:238,28,0,18
BRDA:238,28,1,0
BRF:64
BRH:49
end_of_record
TN:
SF:src\components\fellesPaneler\AksjonspunktTittel.tsx
FN:21,(anonymous_0)
FN:22,(anonymous_1)
FN:27,(anonymous_2)
FN:29,(anonymous_3)
FN:40,(anonymous_4)
FN:49,(anonymous_5)
FN:52,(anonymous_6)
FN:53,(anonymous_7)
FN:57,(anonymous_8)
FN:61,(anonymous_9)
FN:75,(anonymous_10)
FN:81,(anonymous_11)
FNF:12
FNH:12
FNDA:36,(anonymous_0)
FNDA:28,(anonymous_1)
FNDA:72,(anonymous_2)
FNDA:36,(anonymous_3)
FNDA:36,(anonymous_4)
FNDA:36,(anonymous_5)
FNDA:36,(anonymous_6)
FNDA:18,(anonymous_7)
FNDA:36,(anonymous_8)
FNDA:36,(anonymous_9)
FNDA:36,(anonymous_10)
FNDA:36,(anonymous_11)
DA:19,1
DA:21,1
DA:22,36
DA:23,36
DA:24,36
DA:27,72
DA:29,36
DA:33,1
DA:40,1
DA:41,36
DA:42,10
DA:46,26
DA:49,1
DA:52,36
DA:53,36
DA:54,36
DA:58,36
DA:61,36
DA:75,1
DA:79,36
DA:80,36
DA:81,36
DA:82,36
DA:83,36
DA:84,0
DA:86,36
DA:87,36
DA:88,36
LF:28
LH:27
BRDA:23,0,0,28
BRDA:23,0,1,8
BRDA:23,1,0,36
BRDA:23,1,1,28
BRDA:27,2,0,72
BRDA:27,2,1,72
BRDA:29,3,0,28
BRDA:29,3,1,8
BRDA:41,4,0,10
BRDA:41,4,1,26
BRDA:42,5,0,10
BRDA:42,5,1,0
BRDA:79,6,0,36
BRDA:79,6,1,0
BRDA:80,7,0,36
BRDA:80,7,1,0
BRDA:80,8,0,36
BRDA:80,8,1,36
BRDA:82,9,0,36
BRDA:82,9,1,36
BRDA:83,10,0,0
BRDA:83,10,1,36
BRF:22
BRH:18
end_of_record
TN:
SF:src\components\fellesPaneler\AvvikopplysningerATFLSN.tsx
FN:12,(anonymous_0)
FN:46,(anonymous_1)
FNF:2
FNH:2
FNDA:87,(anonymous_0)
FNDA:29,(anonymous_1)
DA:12,1
DA:13,87
DA:46,1
DA:49,29
DA:92,1
LF:5
LH:5
BRDA:14,0,0,29
BRDA:14,0,1,58
BRDA:15,1,0,87
BRDA:15,1,1,87
BRDA:18,2,0,87
BRDA:18,2,1,0
BRDA:18,2,2,0
BRDA:18,2,3,0
BRDA:21,3,0,87
BRDA:21,3,1,0
BRDA:21,3,2,0
BRDA:21,3,3,0
BRDA:24,4,0,87
BRDA:24,4,1,0
BRDA:24,4,2,0
BRDA:24,4,3,0
BRDA:50,5,0,29
BRDA:50,5,1,0
BRDA:57,6,0,19
BRDA:57,6,1,10
BRDA:57,7,0,29
BRDA:57,7,1,10
BRDA:79,8,0,0
BRDA:79,8,1,29
BRDA:84,9,0,28
BRDA:84,9,1,1
BRF:26
BRH:15
end_of_record
TN:
SF:src\components\fellesPaneler\AvvikopplysningerPanel.tsx
FN:22,(anonymous_0)
FN:28,(anonymous_1)
FN:36,(anonymous_2)
FN:42,(anonymous_3)
FN:43,(anonymous_4)
FN:46,(anonymous_5)
FN:52,(anonymous_6)
FN:55,(anonymous_7)
FN:56,(anonymous_8)
FN:57,(anonymous_9)
FN:63,(anonymous_10)
FN:130,(anonymous_11)
FN:142,(anonymous_12)
FNF:13
FNH:13
FNDA:38,(anonymous_0)
FNDA:20,(anonymous_1)
FNDA:20,(anonymous_2)
FNDA:20,(anonymous_3)
FNDA:20,(anonymous_4)
FNDA:40,(anonymous_5)
FNDA:20,(anonymous_6)
FNDA:20,(anonymous_7)
FNDA:20,(anonymous_8)
FNDA:20,(anonymous_9)
FNDA:38,(anonymous_10)
FNDA:38,(anonymous_11)
FNDA:38,(anonymous_12)
DA:22,1
DA:23,38
DA:24,38
DA:26,0
DA:28,1
DA:30,20
DA:31,0
DA:34,20
DA:36,1
DA:37,20
DA:38,0
DA:41,20
DA:42,20
DA:43,20
DA:46,1
DA:47,40
DA:48,39
DA:49,1
DA:52,1
DA:53,20
DA:54,20
DA:55,20
DA:56,20
DA:57,20
DA:58,20
DA:60,0
DA:63,1
DA:71,38
DA:72,0
DA:74,38
DA:75,0
DA:77,38
DA:130,38
DA:142,1
DA:145,38
DA:147,38
DA:148,38
DA:149,0
DA:152,38
DA:169,1
LF:40
LH:33
BRDA:23,0,0,38
BRDA:23,0,1,0
BRDA:23,1,0,38
BRDA:23,1,1,38
BRDA:30,2,0,0
BRDA:30,2,1,20
BRDA:30,3,0,20
BRDA:30,3,1,0
BRDA:34,4,0,20
BRDA:34,4,1,20
BRDA:37,5,0,0
BRDA:37,5,1,20
BRDA:47,6,0,39
BRDA:47,6,1,1
BRDA:54,7,0,20
BRDA:54,7,1,0
BRDA:71,8,0,0
BRDA:71,8,1,38
BRDA:74,9,0,0
BRDA:74,9,1,38
BRDA:80,10,0,38
BRDA:80,10,1,0
BRDA:91,11,0,38
BRDA:91,11,1,0
BRDA:102,12,0,38
BRDA:102,12,1,20
BRDA:111,13,0,38
BRDA:111,13,1,0
BRDA:119,14,0,38
BRDA:119,14,1,18
BRDA:130,15,0,38
BRDA:130,15,1,18
BRDA:130,15,2,18
BRDA:130,15,3,0
BRDA:130,15,4,0
BRDA:130,15,5,0
BRDA:130,15,6,0
BRDA:130,15,7,0
BRDA:148,16,0,0
BRDA:148,16,1,38
BRF:40
BRH:24
end_of_record
TN:
SF:src\components\fellesPaneler\DekningsgradAksjonspunktPanel.tsx
FN:37,(anonymous_0)
FN:64,(anonymous_1)
FN:65,(anonymous_2)
FN:77,(anonymous_3)
FNF:4
FNH:2
FNDA:0,(anonymous_0)
FNDA:38,(anonymous_1)
FNDA:36,(anonymous_2)
FNDA:0,(anonymous_3)
DA:17,1
DA:18,1
DA:20,1
DA:21,1
DA:37,1
DA:40,0
DA:41,0
DA:64,1
DA:65,38
DA:66,38
DA:67,38
DA:68,38
DA:69,0
DA:74,38
DA:77,1
LF:15
LH:12
BRDA:65,0,0,38
BRDA:65,0,1,38
BRDA:66,1,0,0
BRDA:66,1,1,38
BRDA:66,2,0,38
BRDA:66,2,1,0
BRDA:67,3,0,0
BRDA:67,3,1,38
BRDA:67,4,0,38
BRDA:67,4,1,0
BRDA:68,5,0,0
BRDA:68,5,1,38
BRDA:68,6,0,38
BRDA:68,6,1,0
BRF:14
BRH:8
end_of_record
TN:
SF:src\components\fellesPaneler\SammenligningsgrunnlagAOrdningen.tsx
FN:30,(anonymous_0)
FN:31,(anonymous_1)
FN:32,(anonymous_2)
FN:33,(anonymous_3)
FN:33,(anonymous_4)
FN:34,(anonymous_5)
FN:35,(anonymous_6)
FN:36,(anonymous_7)
FN:36,(anonymous_8)
FN:37,(anonymous_9)
FN:38,(anonymous_10)
FN:39,(anonymous_11)
FN:39,(anonymous_12)
FN:96,(anonymous_13)
FN:101,(anonymous_14)
FN:101,(anonymous_15)
FN:103,(anonymous_16)
FN:106,(anonymous_17)
FN:111,(anonymous_18)
FN:118,(anonymous_19)
FN:136,(anonymous_20)
FN:136,(anonymous_21)
FN:137,(anonymous_22)
FN:150,(anonymous_23)
FN:168,(anonymous_24)
FN:170,(anonymous_25)
FN:173,(anonymous_26)
FN:176,(anonymous_27)
FN:198,(anonymous_28)
FN:206,(anonymous_29)
FN:234,(anonymous_30)
FN:242,(anonymous_31)
FNF:32
FNH:0
FNDA:0,(anonymous_0)
FNDA:0,(anonymous_1)
FNDA:0,(anonymous_2)
FNDA:0,(anonymous_3)
FNDA:0,(anonymous_4)
FNDA:0,(anonymous_5)
FNDA:0,(anonymous_6)
FNDA:0,(anonymous_7)
FNDA:0,(anonymous_8)
FNDA:0,(anonymous_9)
FNDA:0,(anonymous_10)
FNDA:0,(anonymous_11)
FNDA:0,(anonymous_12)
FNDA:0,(anonymous_13)
FNDA:0,(anonymous_14)
FNDA:0,(anonymous_15)
FNDA:0,(anonymous_16)
FNDA:0,(anonymous_17)
FNDA:0,(anonymous_18)
FNDA:0,(anonymous_19)
FNDA:0,(anonymous_20)
FNDA:0,(anonymous_21)
FNDA:0,(anonymous_22)
FNDA:0,(anonymous_23)
FNDA:0,(anonymous_24)
FNDA:0,(anonymous_25)
FNDA:0,(anonymous_26)
FNDA:0,(anonymous_27)
FNDA:0,(anonymous_28)
FNDA:0,(anonymous_29)
FNDA:0,(anonymous_30)
FNDA:0,(anonymous_31)
DA:26,1
DA:27,1
DA:28,1
DA:30,1
DA:31,0
DA:32,0
DA:33,0
DA:34,0
DA:35,0
DA:36,0
DA:37,0
DA:38,0
DA:39,0
DA:40,0
DA:96,1
DA:97,0
DA:98,0
DA:100,0
DA:101,0
DA:103,0
DA:106,1
DA:107,0
DA:108,0
DA:109,0
DA:110,0
DA:111,0
DA:112,0
DA:113,0
DA:115,0
DA:118,1
DA:119,0
DA:136,1
DA:137,0
DA:150,1
DA:153,0
DA:154,0
DA:155,0
DA:156,0
DA:158,0
DA:164,0
DA:165,0
DA:166,0
DA:168,0
DA:170,0
DA:173,0
DA:176,0
DA:177,0
DA:178,0
DA:180,0
DA:183,0
DA:199,0
DA:200,0
DA:201,0
DA:202,0
DA:203,0
DA:205,0
DA:206,0
DA:208,0
DA:234,0
DA:243,0
DA:244,0
DA:245,0
DA:246,0
DA:247,0
DA:248,0
LF:65
LH:9
BRDA:50,0,0,0
BRDA:50,0,1,0
BRDA:64,1,0,0
BRDA:64,1,1,0
BRDA:78,2,0,0
BRDA:78,2,1,0
BRDA:97,3,0,0
BRDA:97,3,1,0
BRDA:97,4,0,0
BRDA:97,4,1,0
BRDA:100,5,0,0
BRDA:100,5,1,0
BRDA:155,6,0,0
BRDA:155,6,1,0
BRDA:155,7,0,0
BRDA:155,7,1,0
BRDA:155,7,2,0
BRDA:168,8,0,0
BRDA:168,8,1,0
BRDA:170,9,0,0
BRDA:170,9,1,0
BRDA:173,10,0,0
BRDA:173,10,1,0
BRDA:177,11,0,0
BRDA:177,11,1,0
BRDA:180,12,0,0
BRDA:180,12,1,0
BRDA:244,13,0,0
BRDA:244,13,1,0
BRDA:248,14,0,0
BRDA:248,14,1,0
BRF:31
BRH:0
end_of_record
TN:
SF:src\components\fellesPaneler\SkjeringspunktOgStatusPanel.tsx
FN:18,(anonymous_0)
FN:20,(anonymous_1)
FN:20,(anonymous_2)
FN:22,(anonymous_3)
FN:26,(anonymous_4)
FN:29,(anonymous_5)
FN:48,(anonymous_6)
FNF:7
FNH:6
FNDA:38,(anonymous_0)
FNDA:38,(anonymous_1)
FNDA:38,(anonymous_2)
FNDA:38,(anonymous_3)
FNDA:0,(anonymous_4)
FNDA:38,(anonymous_5)
FNDA:38,(anonymous_6)
DA:16,1
DA:18,1
DA:19,38
DA:20,38
DA:21,38
DA:22,38
DA:23,38
DA:24,38
DA:26,38
DA:27,38
DA:30,38
DA:48,1
DA:53,38
DA:54,38
LF:14
LH:14
BRDA:26,0,0,0
BRDA:26,0,1,0
BRF:2
BRH:0
end_of_record
TN:
SF:src\components\fellesPaneler\aksjonspunktBehandler.less
FNF:0
FNH:0
DA:1,1
LF:1
LH:1
BRF:0
BRH:0
end_of_record
TN:
SF:src\components\fellesPaneler\avvikopplysningerPanel.less
FNF:0
FNH:0
DA:1,1
LF:1
LH:1
BRF:0
BRH:0
end_of_record
TN:
SF:src\components\fellesPaneler\sammenligningsgrunnlagAOrdningen.less
FNF:0
FNH:0
DA:1,1
LF:1
LH:1
BRF:0
BRH:0
end_of_record
TN:
SF:src\components\fellesPaneler\skjeringspunktOgStatusPanel.less
FNF:0
FNH:0
DA:1,1
LF:1
LH:1
BRF:0
BRH:0
end_of_record
TN:
SF:src\components\frilanser\AksjonspunktBehandlerFL.tsx
FN:24,(anonymous_0)
FN:45,(anonymous_1)
FN:49,(anonymous_2)
FNF:3
FNH:1
FNDA:0,(anonymous_0)
FNDA:0,(anonymous_1)
FNDA:38,(anonymous_2)
DA:24,1
DA:25,0
DA:45,1
DA:49,1
DA:50,38
DA:51,38
DA:53,0
LF:7
LH:5
BRDA:32,0,0,0
BRDA:32,0,1,0
BRDA:45,1,0,0
BRDA:45,1,1,0
BRDA:50,2,0,38
BRDA:50,2,1,0
BRDA:54,3,0,0
BRDA:54,3,1,0
BRF:8
BRH:1
end_of_record
TN:
SF:src\components\frilanser\AvvikopplysningerFL.tsx
FN:19,(anonymous_0)
FN:39,(anonymous_1)
FN:45,(anonymous_2)
FNF:3
FNH:0
FNDA:0,(anonymous_0)
FNDA:0,(anonymous_1)
FNDA:0,(anonymous_2)
DA:19,1
DA:20,0
DA:24,0
DA:27,0
DA:28,0
DA:38,0
DA:39,0
DA:42,0
DA:43,0
DA:45,0
DA:46,0
DA:48,0
DA:49,0
DA:50,0
DA:51,0
DA:52,0
DA:57,0
DA:69,1
LF:18
LH:2
BRDA:20,0,0,0
BRDA:20,0,1,0
BRDA:20,0,2,0
BRDA:20,0,3,0
BRDA:24,1,0,0
BRDA:24,1,1,0
BRDA:24,1,2,0
BRDA:27,2,0,0
BRDA:27,2,1,0
BRDA:38,3,0,0
BRDA:38,3,1,0
BRDA:39,4,0,0
BRDA:39,4,1,0
BRDA:42,5,0,0
BRDA:42,5,1,0
BRDA:45,6,0,0
BRDA:45,6,1,0
BRDA:45,7,0,0
BRDA:45,7,1,0
BRDA:48,8,0,0
BRDA:48,8,1,0
BRDA:49,9,0,0
BRDA:49,9,1,0
BRF:23
BRH:0
end_of_record
TN:
SF:src\components\frilanser\GrunnlagForAarsinntektPanelFL.tsx
FN:24,(anonymous_0)
FN:25,(anonymous_1)
FNF:2
FNH:0
FNDA:0,(anonymous_0)
FNDA:0,(anonymous_1)
DA:24,1
DA:25,0
DA:26,0
DA:27,0
DA:28,0
LF:5
LH:1
BRDA:37,0,0,0
BRDA:37,0,1,0
BRF:2
BRH:0
end_of_record
TN:
SF:src\components\gradering\GraderingUtenBGReadOnly.tsx
FN:19,(anonymous_0)
FNF:1
FNH:0
FNDA:0,(anonymous_0)
DA:19,1
DA:22,0
DA:23,0
DA:25,0
LF:4
LH:1
BRDA:22,0,0,0
BRDA:22,0,1,0
BRDA:22,1,0,0
BRDA:22,1,1,0
BRF:4
BRH:0
end_of_record
TN:
SF:src\components\gradering\graderingUtenBGReadOnly.less
FNF:0
FNH:0
DA:1,1
LF:1
LH:1
BRF:0
BRH:0
end_of_record
TN:
SF:src\components\militar\MilitaerPanel.tsx
FN:22,(anonymous_0)
FN:23,(anonymous_1)
FNF:2
FNH:0
FNDA:0,(anonymous_0)
FNDA:0,(anonymous_1)
DA:22,1
DA:23,0
DA:24,0
DA:25,0
LF:4
LH:1
BRDA:24,0,0,0
BRDA:24,0,1,0
BRDA:24,1,0,0
BRDA:24,1,1,0
BRF:4
BRH:0
end_of_record
TN:
SF:src\components\redesign\LesMerToggle.tsx
FN:14,(anonymous_0)
FNF:1
FNH:1
FNDA:10,(anonymous_0)
DA:14,1
DA:17,10
DA:20,10
LF:3
LH:3
BRDA:18,0,0,10
BRDA:18,0,1,0
BRDA:31,1,0,10
BRDA:31,1,1,0
BRDA:32,2,0,10
BRDA:32,2,1,0
BRF:6
BRH:3
end_of_record
TN:
SF:src\components\redesign\LesmerPanel.tsx
FN:25,(anonymous_0)
FN:34,(anonymous_1)
FN:37,(anonymous_2)
FN:42,(anonymous_3)
FN:48,(anonymous_4)
FN:60,(anonymous_5)
FN:89,(anonymous_6)
FNF:7
FNH:3
FNDA:10,(anonymous_0)
FNDA:0,(anonymous_1)
FNDA:0,(anonymous_2)
FNDA:1,(anonymous_3)
FNDA:0,(anonymous_4)
FNDA:10,(anonymous_5)
FNDA:0,(anonymous_6)
DA:25,10
DA:32,1
DA:43,1
DA:44,1
DA:45,1
DA:49,0
DA:50,0
DA:51,0
DA:52,0
DA:53,0
DA:54,0
DA:56,0
DA:68,10
DA:69,10
DA:70,10
DA:71,10
DA:89,0
LF:17
LH:9
BRDA:25,0,0,0
BRDA:25,0,1,10
BRDA:53,1,0,0
BRDA:53,1,1,0
BRDA:66,2,0,10
BRDA:78,3,0,10
BRDA:78,3,1,10
BRDA:83,4,0,10
BRDA:83,4,1,10
BRDA:93,5,0,10
BRDA:93,5,1,10
BRF:11
BRH:8
end_of_record
TN:
SF:src\components\redesign\lesMerPanel.less
FNF:0
FNH:0
DA:1,1
LF:1
LH:1
BRF:0
BRH:0
end_of_record
TN:
SF:src\components\selvstendigNaeringsdrivende\AksjonspunktsbehandlerSN.tsx
FN:22,(anonymous_0)
FN:23,(anonymous_1)
FN:27,(anonymous_2)
FN:28,(anonymous_3)
FN:46,(anonymous_4)
FN:83,(anonymous_5)
FN:93,(anonymous_6)
FNF:7
FNH:7
FNDA:18,(anonymous_0)
FNDA:18,(anonymous_1)
FNDA:18,(anonymous_2)
FNDA:18,(anonymous_3)
FNDA:18,(anonymous_4)
FNDA:38,(anonymous_5)
FNDA:2,(anonymous_6)
DA:20,1
DA:22,18
DA:23,18
DA:27,18
DA:28,18
DA:46,1
DA:53,18
DA:54,0
DA:56,18
DA:57,18
DA:58,18
DA:59,8
DA:68,10
DA:77,1
DA:83,1
DA:85,38
DA:86,8
DA:88,30
DA:93,1
DA:95,2
DA:96,1
DA:98,1
LF:22
LH:21
BRDA:22,0,0,18
BRDA:22,0,1,18
BRDA:23,1,0,18
BRDA:23,1,1,8
BRDA:27,2,0,18
BRDA:27,2,1,18
BRDA:28,3,0,18
BRDA:28,3,1,8
BRDA:53,4,0,0
BRDA:53,4,1,18
BRDA:57,5,0,18
BRDA:57,5,1,0
BRDA:58,6,0,8
BRDA:58,6,1,10
BRDA:85,7,0,8
BRDA:85,7,1,30
BRDA:95,8,0,1
BRDA:95,8,1,1
BRF:18
BRH:16
end_of_record
TN:
SF:src\components\selvstendigNaeringsdrivende\AvvikopplysningerSN.tsx
FN:13,(anonymous_0)
FN:29,(anonymous_1)
FN:34,(anonymous_2)
FN:36,(anonymous_3)
FN:37,(anonymous_4)
FN:45,(anonymous_5)
FNF:6
FNH:6
FNDA:8,(anonymous_0)
FNDA:18,(anonymous_1)
FNDA:18,(anonymous_2)
FNDA:18,(anonymous_3)
FNDA:18,(anonymous_4)
FNDA:10,(anonymous_5)
DA:13,1
DA:14,8
DA:29,1
DA:34,18
DA:35,18
DA:36,18
DA:37,18
DA:38,18
DA:39,8
DA:41,10
DA:42,0
DA:44,10
DA:45,10
DA:48,10
DA:49,0
DA:51,10
DA:52,10
DA:53,10
DA:54,10
DA:55,10
DA:56,10
DA:61,10
LF:22
LH:20
BRDA:36,0,0,18
BRDA:36,0,1,18
BRDA:37,1,0,18
BRDA:37,1,1,18
BRDA:38,2,0,8
BRDA:38,2,1,10
BRDA:41,3,0,0
BRDA:41,3,1,10
BRDA:41,4,0,10
BRDA:41,4,1,0
BRDA:44,5,0,10
BRDA:44,5,1,0
BRDA:45,6,0,10
BRDA:45,6,1,10
BRDA:48,7,0,0
BRDA:48,7,1,10
BRDA:48,8,0,10
BRDA:48,8,1,10
BRDA:53,9,0,10
BRDA:53,9,1,0
BRF:20
BRH:15
end_of_record
TN:
SF:src\components\selvstendigNaeringsdrivende\FastsettSNNyIArbeid.tsx
FN:59,(anonymous_0)
FN:63,(anonymous_1)
FN:66,(anonymous_2)
FN:122,(anonymous_3)
FN:124,(anonymous_4)
FN:126,(anonymous_5)
FN:133,(anonymous_6)
FNF:7
FNH:7
FNDA:8,(anonymous_0)
FNDA:8,(anonymous_1)
FNDA:8,(anonymous_2)
FNDA:8,(anonymous_3)
FNDA:8,(anonymous_4)
FNDA:8,(anonymous_5)
FNDA:1,(anonymous_6)
DA:29,1
DA:30,1
DA:31,1
DA:32,1
DA:36,1
DA:59,1
DA:62,8
DA:63,8
DA:65,8
DA:66,8
DA:68,8
DA:70,8
DA:122,1
DA:124,8
DA:125,8
DA:126,8
DA:127,8
DA:133,1
LF:18
LH:18
BRDA:62,0,0,8
BRDA:62,0,1,0
BRDA:65,1,0,8
BRDA:65,1,1,0
BRDA:72,2,0,8
BRDA:72,2,1,8
BRDA:81,3,0,0
BRDA:81,3,1,8
BRDA:98,4,0,8
BRDA:98,4,1,8
BRDA:98,4,2,8
BRDA:104,5,0,0
BRDA:104,5,1,8
BRDA:128,6,0,8
BRDA:128,6,1,0
BRDA:129,7,0,0
BRDA:129,7,1,8
BRDA:129,8,0,8
BRDA:129,8,1,8
BRF:19
BRH:13
end_of_record
TN:
SF:src\components\selvstendigNaeringsdrivende\GrunnlagForAarsinntektPanelSN.tsx
FN:15,(anonymous_0)
FN:30,(anonymous_1)
FN:53,(anonymous_2)
FN:55,(anonymous_3)
FN:82,(anonymous_4)
FN:83,(anonymous_5)
FNF:6
FNH:5
FNDA:18,(anonymous_0)
FNDA:0,(anonymous_1)
FNDA:18,(anonymous_2)
FNDA:54,(anonymous_3)
FNDA:18,(anonymous_4)
FNDA:18,(anonymous_5)
DA:15,1
DA:16,18
DA:30,1
DA:31,0
DA:53,1
DA:54,18
DA:56,54
DA:82,1
DA:83,18
DA:84,18
DA:85,0
DA:87,18
DA:88,18
LF:13
LH:11
BRDA:84,0,0,0
BRDA:84,0,1,18
BRDA:104,1,0,18
BRDA:104,1,1,18
BRDA:109,2,0,18
BRDA:109,2,1,0
BRF:6
BRH:4
end_of_record
TN:
SF:src\components\selvstendigNaeringsdrivende\NaeringsOpplysningsPanel.tsx
FN:21,(anonymous_0)
FN:25,(anonymous_1)
FN:33,(anonymous_2)
FN:41,(anonymous_3)
FN:46,(anonymous_4)
FN:57,(anonymous_5)
FN:62,(anonymous_6)
FN:69,(anonymous_7)
FN:88,(anonymous_8)
FN:95,(anonymous_9)
FN:100,(anonymous_10)
FN:116,(anonymous_11)
FNF:12
FNH:12
FNDA:18,(anonymous_0)
FNDA:36,(anonymous_1)
FNDA:18,(anonymous_2)
FNDA:18,(anonymous_3)
FNDA:10,(anonymous_4)
FNDA:10,(anonymous_5)
FNDA:18,(anonymous_6)
FNDA:10,(anonymous_7)
FNDA:36,(anonymous_8)
FNDA:18,(anonymous_9)
FNDA:18,(anonymous_10)
FNDA:18,(anonymous_11)
DA:21,1
DA:22,18
DA:23,18
DA:25,1
DA:26,36
DA:27,36
DA:28,0
DA:30,36
DA:33,1
DA:34,18
DA:35,18
DA:36,0
DA:38,18
DA:41,1
DA:42,18
DA:43,18
DA:46,1
DA:49,10
DA:50,10
DA:51,10
DA:52,10
DA:53,0
DA:55,10
DA:57,10
DA:62,1
DA:65,18
DA:66,18
DA:69,1
DA:70,10
DA:88,36
DA:95,1
DA:99,18
DA:100,18
DA:101,18
DA:102,0
DA:105,18
DA:117,18
LF:37
LH:33
BRDA:23,0,0,18
BRDA:23,0,1,0
BRDA:27,1,0,0
BRDA:27,1,1,36
BRDA:30,2,0,0
BRDA:30,2,1,36
BRDA:35,3,0,0
BRDA:35,3,1,18
BRDA:38,4,0,18
BRDA:38,4,1,0
BRDA:43,5,0,0
BRDA:43,5,1,18
BRDA:50,6,0,10
BRDA:50,6,1,0
BRDA:51,7,0,10
BRDA:51,7,1,0
BRDA:52,8,0,0
BRDA:52,8,1,10
BRDA:66,9,0,18
BRDA:66,9,1,8
BRDA:79,10,0,10
BRDA:79,10,1,10
BRDA:79,10,2,10
BRDA:88,11,0,36
BRDA:88,11,1,0
BRDA:101,12,0,0
BRDA:101,12,1,18
BRDA:121,13,0,18
BRDA:121,13,1,18
BRDA:140,14,0,18
BRDA:140,14,1,18
BRDA:151,15,0,18
BRDA:151,15,1,0
BRDA:151,16,0,18
BRDA:151,16,1,18
BRDA:155,17,0,18
BRDA:155,17,1,18
BRDA:165,18,0,18
BRDA:165,18,1,18
BRDA:172,19,0,18
BRDA:172,19,1,10
BRF:41
BRH:29
end_of_record
TN:
SF:src\components\selvstendigNaeringsdrivende\VurderVarigEndretEllerNyoppstartetSN.tsx
FN:57,(anonymous_0)
FN:83,(anonymous_1)
FN:159,(anonymous_2)
FN:161,(anonymous_3)
FN:163,(anonymous_4)
FN:175,(anonymous_5)
FNF:6
FNH:6
FNDA:10,(anonymous_0)
FNDA:2,(anonymous_1)
FNDA:30,(anonymous_2)
FNDA:10,(anonymous_3)
FNDA:28,(anonymous_4)
FNDA:1,(anonymous_5)
DA:29,1
DA:30,1
DA:31,1
DA:32,1
DA:33,1
DA:34,1
DA:57,1
DA:60,10
DA:61,10
DA:62,10
DA:63,0
DA:64,0
DA:66,10
DA:67,10
DA:68,10
DA:70,10
DA:71,10
DA:72,10
DA:73,10
DA:83,2
DA:155,1
DA:159,1
DA:161,30
DA:162,30
DA:163,28
DA:164,30
DA:165,10
DA:172,20
DA:175,1
DA:176,1
DA:177,1
LF:31
LH:29
BRDA:62,0,0,0
BRDA:62,0,1,10
BRDA:62,1,0,10
BRDA:62,1,1,0
BRDA:66,2,0,10
BRDA:66,2,1,0
BRDA:66,3,0,10
BRDA:66,3,1,10
BRDA:75,4,0,10
BRDA:75,4,1,10
BRDA:97,5,0,10
BRDA:97,5,1,0
BRDA:102,6,0,0
BRDA:102,6,1,0
BRDA:105,7,0,0
BRDA:105,7,1,0
BRDA:114,8,0,10
BRDA:114,8,1,8
BRDA:124,9,0,0
BRDA:124,9,1,8
BRDA:164,10,0,10
BRDA:164,10,1,20
BRDA:166,11,0,10
BRDA:166,11,1,0
BRDA:166,12,0,0
BRDA:166,12,1,0
BRDA:168,13,0,0
BRDA:168,13,1,10
BRDA:169,14,0,10
BRDA:169,14,1,0
BRDA:181,15,0,1
BRDA:181,15,1,0
BRF:32
BRH:17
end_of_record
TN:
SF:src\components\selvstendigNaeringsdrivende\naeringsOpplysningsPanel.less
FNF:0
FNH:0
DA:1,1
LF:1
LH:1
BRF:0
BRH:0
end_of_record
TN:
SF:src\components\tilstotendeYtelser\TilstotendeYtelser.tsx
FN:14,(anonymous_0)
FN:23,(anonymous_1)
FN:31,(anonymous_2)
FN:32,(anonymous_3)
FN:62,(anonymous_4)
FNF:5
FNH:0
FNDA:0,(anonymous_0)
FNDA:0,(anonymous_1)
FNDA:0,(anonymous_2)
FNDA:0,(anonymous_3)
FNDA:0,(anonymous_4)
DA:14,1
DA:15,0
DA:16,0
DA:18,0
DA:19,0
DA:21,0
DA:23,1
DA:31,1
DA:32,0
DA:33,0
DA:34,0
DA:63,0
LF:12
LH:3
BRDA:15,0,0,0
BRDA:15,0,1,0
BRDA:18,1,0,0
BRDA:18,1,1,0
BRDA:36,2,0,0
BRDA:36,2,1,0
BRDA:74,3,0,0
BRDA:74,3,1,0
BRDA:77,4,0,0
BRDA:77,4,1,0
BRDA:81,5,0,0
BRDA:81,5,1,0
BRDA:81,5,2,0
BRF:13
BRH:0
end_of_record
TN:
SF:src\components\tilstotendeYtelser\YtelserFraInfotrygd.tsx
FN:19,(anonymous_0)
FNF:1
FNH:0
FNDA:0,(anonymous_0)
DA:19,1
DA:20,0
LF:2
LH:1
BRF:0
BRH:0
end_of_record
TN:
SF:src\felles\ProsessStegSubmitButton.tsx
FN:10,(anonymous_0)
FN:38,(anonymous_1)
FNF:2
FNH:2
FNDA:36,(anonymous_0)
FNDA:36,(anonymous_1)
DA:8,1
DA:10,1
DA:16,36
DA:17,8
DA:19,28
DA:20,28
DA:22,0
DA:38,1
DA:47,36
DA:48,36
DA:60,0
LF:11
LH:9
BRDA:16,0,0,8
BRDA:16,0,1,28
BRDA:16,1,0,36
BRDA:16,1,1,4
BRDA:16,1,2,36
BRDA:19,2,0,28
BRDA:19,2,1,0
BRDA:22,3,0,0
BRDA:22,3,1,0
BRDA:22,3,2,0
BRDA:47,4,0,36
BRDA:47,4,1,0
BRDA:53,5,0,36
BRDA:53,5,1,36
BRDA:54,6,0,0
BRDA:54,6,1,36
BRDA:56,7,0,36
BRDA:56,7,1,36
BRF:18
BRH:12
end_of_record
TN:
SF:src\util\createVisningsnavnForAktivitet.ts
FN:5,(anonymous_0)
FN:7,(anonymous_1)
FNF:2
FNH:2
FNDA:62,(anonymous_0)
FNDA:62,(anonymous_1)
DA:5,62
DA:7,1
DA:10,62
DA:11,62
DA:12,0
DA:16,62
LF:6
LH:5
BRDA:5,0,0,0
BRDA:5,0,1,62
BRDA:11,1,0,0
BRDA:11,1,1,62
BRDA:12,2,0,0
BRDA:12,2,1,0
BRDA:16,3,0,62
BRDA:16,3,1,0
BRF:8
BRH:3
end_of_record
