TN:
SF:src\AksjonspunktHelpTextHTML.stories.tsx
FN:11,(anonymous_0)
FN:17,(anonymous_1)
FNF:2
FNH:1
FNDA:1,(anonymous_0)
FNDA:0,(anonymous_1)
DA:11,1
DA:12,1
DA:17,1
DA:18,0
LF:4
LH:3
BRF:0
BRH:0
end_of_record
TN:
SF:src\AksjonspunktHelpTextHTML.tsx
FN:26,(anonymous_0)
FN:43,(anonymous_1)
FNF:2
FNH:2
FNDA:2,(anonymous_0)
FNDA:4,(anonymous_1)
DA:14,2
DA:26,2
DA:29,2
DA:30,0
DA:33,2
DA:34,2
DA:45,4
LF:7
LH:6
BRDA:29,0,0,0
BRDA:29,0,1,2
BRDA:29,1,0,2
BRDA:29,1,1,2
BRDA:29,1,2,2
BRDA:33,2,0,2
BRDA:33,2,1,0
BRDA:33,3,0,2
BRDA:33,3,1,2
BRDA:45,4,0,0
BRDA:45,4,1,4
BRF:11
BRH:8
end_of_record
TN:
SF:src\AksjonspunktHelpTextTemp.less
FNF:0
FNH:0
DA:1,1
LF:1
LH:1
BRF:0
BRH:0
end_of_record
TN:
SF:src\AksjonspunktHelpTextTemp.stories.tsx
FN:11,(anonymous_0)
FN:17,(anonymous_1)
FNF:2
FNH:2
FNDA:1,(anonymous_0)
FNDA:1,(anonymous_1)
DA:11,1
DA:12,1
DA:17,1
DA:18,1
LF:4
LH:4
BRF:0
BRH:0
end_of_record
TN:
SF:src\AksjonspunktHelpTextTemp.tsx
FN:21,(anonymous_0)
FN:33,(anonymous_1)
FNF:2
FNH:2
FNDA:2,(anonymous_0)
FNDA:2,(anonymous_1)
DA:11,1
DA:21,1
DA:25,2
DA:35,2
LF:4
LH:4
BRDA:26,0,0,2
BRDA:26,0,1,1
BRDA:31,1,0,2
BRDA:31,1,1,1
BRDA:35,2,0,0
BRDA:35,2,1,2
BRF:6
BRH:5
end_of_record
TN:
SF:src\DateLabel.stories.tsx
FN:19,(anonymous_0)
FNF:1
FNH:1
FNDA:1,(anonymous_0)
DA:8,1
DA:19,1
DA:20,1
DA:27,1
LF:4
LH:4
BRF:0
BRH:0
end_of_record
TN:
SF:src\DateLabel.tsx
FN:18,(anonymous_0)
FNF:1
FNH:1
FNDA:1,(anonymous_0)
DA:18,1
DA:21,1
LF:2
LH:2
BRF:0
BRH:0
end_of_record
TN:
SF:src\Image.stories.tsx
FN:13,(anonymous_0)
FN:20,(anonymous_1)
FN:28,(anonymous_2)
FN:34,(anonymous_3)
FN:41,(anonymous_4)
FN:49,(anonymous_5)
FNF:6
FNH:3
FNDA:1,(anonymous_0)
FNDA:2,(anonymous_1)
FNDA:1,(anonymous_2)
FNDA:0,(anonymous_3)
FNDA:0,(anonymous_4)
FNDA:0,(anonymous_5)
DA:13,1
DA:14,1
DA:20,1
DA:21,2
DA:23,2
DA:28,1
DA:34,0
DA:41,1
DA:42,0
DA:49,1
DA:50,0
LF:11
LH:8
BRDA:30,0,0,2
BRDA:30,0,1,1
BRF:2
BRH:2
end_of_record
TN:
SF:src\Image.tsx
FN:25,(anonymous_0)
FN:26,(anonymous_1)
FN:39,(anonymous_2)
FN:42,(anonymous_3)
FN:46,(anonymous_4)
FNF:5
FNH:3
FNDA:10,(anonymous_0)
FNDA:0,(anonymous_1)
FNDA:2,(anonymous_2)
FNDA:1,(anonymous_3)
FNDA:0,(anonymous_4)
DA:25,4
DA:26,0
DA:37,10
DA:39,10
DA:40,2
DA:42,10
DA:43,1
DA:46,10
DA:47,0
DA:48,0
DA:49,0
DA:51,0
DA:55,10
DA:58,10
DA:73,10
DA:74,10
DA:77,0
LF:17
LH:11
BRDA:26,0,0,5
BRDA:28,1,0,10
BRDA:29,2,0,10
BRDA:35,3,0,10
BRDA:47,4,0,0
BRDA:47,4,1,0
BRDA:47,5,0,0
BRDA:47,5,1,0
BRDA:48,6,0,0
BRDA:48,6,1,0
BRDA:55,7,0,0
BRDA:55,7,1,10
BRDA:55,8,0,10
BRDA:55,8,1,0
BRDA:73,9,0,10
BRDA:73,9,1,0
BRF:16
BRH:7
end_of_record
TN:
SF:src\LoadingPanel.stories.tsx
FN:11,(anonymous_0)
FNF:1
FNH:1
FNDA:1,(anonymous_0)
DA:11,1
DA:13,1
LF:2
LH:2
BRF:0
BRH:0
end_of_record
TN:
SF:src\LoadingPanel.tsx
FN:11,(anonymous_0)
FNF:1
FNH:1
FNDA:1,(anonymous_0)
DA:11,1
DA:12,1
LF:2
LH:2
BRF:0
BRH:0
end_of_record
TN:
SF:src\OkAvbrytModal.stories.tsx
FN:12,(anonymous_0)
FNF:1
FNH:1
FNDA:1,(anonymous_0)
DA:12,1
DA:13,1
DA:21,1
LF:3
LH:3
BRF:0
BRH:0
end_of_record
TN:
SF:src\OkAvbrytModal.tsx
FN:31,(anonymous_0)
FNF:1
FNH:1
FNDA:1,(anonymous_0)
DA:16,1
DA:31,1
DA:38,1
LF:3
LH:3
BRDA:57,0,0,1
BRDA:57,0,1,1
BRF:2
BRH:2
end_of_record
TN:
SF:src\Tooltip.tsx
FN:20,(anonymous_0)
FNF:1
FNH:0
FNDA:0,(anonymous_0)
DA:6,4
DA:20,4
DA:28,0
LF:3
LH:2
BRDA:23,0,0,0
BRDA:24,1,0,0
BRDA:25,2,0,0
BRDA:26,3,0,0
BRDA:30,4,0,0
BRDA:30,4,1,0
BRDA:30,4,2,0
BRDA:30,4,3,0
BRF:8
BRH:0
end_of_record
TN:
SF:src\VerticalSpacer.tsx
FN:22,(anonymous_0)
FNF:1
FNH:1
FNDA:1,(anonymous_0)
DA:6,1
DA:22,1
DA:30,1
LF:3
LH:3
BRDA:23,0,0,1
BRDA:24,1,0,1
BRDA:25,2,0,1
BRDA:26,3,0,1
BRDA:27,4,0,1
BRDA:28,5,0,0
BRF:6
BRH:5
end_of_record
TN:
SF:src\WarningModal.stories.tsx
FN:11,(anonymous_0)
FNF:1
FNH:1
FNDA:1,(anonymous_0)
DA:11,1
DA:12,1
LF:2
LH:2
BRF:0
BRH:0
end_of_record
TN:
SF:src\WarningModal.tsx
FN:24,(anonymous_0)
FNF:1
FNH:1
FNDA:2,(anonymous_0)
DA:24,2
DA:30,2
LF:2
LH:2
BRDA:44,0,0,2
BRDA:44,0,1,0
BRF:2
BRH:1
end_of_record
TN:
SF:src\aksjonspunktHelpTextHTML.less
FNF:0
FNH:0
DA:1,2
LF:1
LH:1
BRF:0
BRH:0
end_of_record
TN:
SF:src\loadingPanel.less
FNF:0
FNH:0
DA:1,1
LF:1
LH:1
BRF:0
BRH:0
end_of_record
TN:
SF:src\okAvbrytModal.less
FNF:0
FNH:0
DA:1,1
LF:1
LH:1
BRF:0
BRH:0
end_of_record
TN:
SF:src\tooltip.less
FNF:0
FNH:0
DA:1,4
LF:1
LH:1
BRF:0
BRH:0
end_of_record
TN:
SF:src\verticalSpacer.less
FNF:0
FNH:0
DA:1,1
LF:1
LH:1
BRF:0
BRH:0
end_of_record
TN:
SF:src\warningModal.less
FNF:0
FNH:0
DA:1,2
LF:1
LH:1
BRF:0
BRH:0
end_of_record
TN:
SF:src\flexGrid\FlexColumn.tsx
FN:13,(anonymous_0)
FNF:1
FNH:1
FNDA:12,(anonymous_0)
DA:6,4
DA:13,4
DA:17,12
LF:3
LH:3
BRF:0
BRH:0
end_of_record
TN:
SF:src\flexGrid\FlexContainer.stories.tsx
FN:10,(anonymous_0)
FNF:1
FNH:1
FNDA:1,(anonymous_0)
DA:10,1
DA:11,1
LF:2
LH:2
BRF:0
BRH:0
end_of_record
TN:
SF:src\flexGrid\FlexContainer.tsx
FN:14,(anonymous_0)
FNF:1
FNH:1
FNDA:4,(anonymous_0)
DA:6,4
DA:14,4
DA:19,4
LF:3
LH:3
BRDA:16,0,0,4
BRDA:17,1,0,4
BRF:2
BRH:2
end_of_record
TN:
SF:src\flexGrid\FlexRow.tsx
FN:20,(anonymous_0)
FNF:1
FNH:1
FNDA:5,(anonymous_0)
DA:6,4
DA:20,4
DA:28,5
LF:3
LH:3
BRDA:22,0,0,5
BRDA:23,1,0,5
BRDA:24,2,0,5
BRDA:25,3,0,5
BRF:4
BRH:4
end_of_record
TN:
SF:src\flexGrid\flexColumn.less
FNF:0
FNH:0
DA:1,4
LF:1
LH:1
BRF:0
BRH:0
end_of_record
TN:
SF:src\flexGrid\flexContainer.less
FNF:0
FNH:0
DA:1,4
LF:1
LH:1
BRF:0
BRH:0
end_of_record
TN:
SF:src\flexGrid\flexRow.less
FNF:0
FNH:0
DA:1,4
LF:1
LH:1
BRF:0
BRH:0
end_of_record
TN:
SF:src\table\Table.stories.tsx
FN:19,(anonymous_0)
FNF:1
FNH:1
FNDA:2,(anonymous_0)
DA:19,1
DA:26,2
DA:46,1
DA:47,1
DA:55,1
DA:56,1
LF:6
LH:6
BRF:0
BRH:0
end_of_record
TN:
SF:src\table\Table.tsx
FN:28,(anonymous_0)
FN:39,(anonymous_1)
FN:46,(anonymous_2)
FN:55,(anonymous_3)
FNF:4
FNH:3
FNDA:1,(anonymous_0)
FNDA:0,(anonymous_1)
FNDA:2,(anonymous_2)
FNDA:2,(anonymous_3)
DA:10,1
DA:12,1
DA:28,1
DA:36,1
DA:39,0
DA:47,2
DA:55,2
LF:7
LH:6
BRDA:29,0,0,1
BRDA:30,1,0,0
BRDA:31,2,0,1
BRDA:32,3,0,0
BRDA:33,4,0,1
BRDA:39,5,0,0
BRDA:39,5,1,0
BRDA:39,6,0,0
BRDA:39,6,1,0
BRDA:54,7,0,1
BRDA:54,7,1,0
BRF:11
BRH:4
end_of_record
TN:
SF:src\table\TableColumn.tsx
FN:20,(anonymous_0)
FNF:1
FNH:1
FNDA:6,(anonymous_0)
DA:6,1
DA:20,1
DA:26,6
DA:27,0
DA:29,6
LF:5
LH:4
BRDA:21,0,0,0
BRDA:23,1,0,6
BRDA:24,2,0,6
BRDA:26,3,0,0
BRDA:26,3,1,6
BRDA:30,4,0,0
BRDA:30,4,1,6
BRF:7
BRH:4
end_of_record
TN:
SF:src\table\TableRow.tsx
FN:8,(anonymous_0)
FN:12,(anonymous_1)
FN:19,(anonymous_2)
FN:21,(anonymous_3)
FN:32,(anonymous_4)
FN:37,(anonymous_5)
FN:53,(anonymous_6)
FN:55,(anonymous_7)
FN:87,(anonymous_8)
FNF:9
FNH:3
FNDA:3,(anonymous_0)
FNDA:0,(anonymous_1)
FNDA:0,(anonymous_2)
FNDA:0,(anonymous_3)
FNDA:3,(anonymous_4)
FNDA:0,(anonymous_5)
FNDA:0,(anonymous_6)
FNDA:0,(anonymous_7)
FNDA:3,(anonymous_8)
DA:6,1
DA:8,1
DA:12,3
DA:13,0
DA:14,0
DA:19,1
DA:21,1
DA:22,0
DA:23,0
DA:24,0
DA:26,0
DA:27,0
DA:28,0
DA:32,1
DA:37,3
DA:38,0
DA:39,0
DA:40,0
DA:41,0
DA:43,0
DA:44,0
DA:45,0
DA:47,0
DA:48,0
DA:49,0
DA:53,1
DA:55,0
DA:57,0
DA:58,0
DA:59,0
DA:87,1
DA:105,3
LF:32
LH:10
BRDA:13,0,0,0
BRDA:13,0,1,0
BRDA:13,1,0,0
BRDA:13,1,1,0
BRDA:19,2,0,0
BRDA:19,2,1,0
BRDA:23,3,0,0
BRDA:23,3,1,0
BRDA:24,4,0,0
BRDA:24,4,1,0
BRDA:26,5,0,0
BRDA:26,5,1,0
BRDA:38,6,0,0
BRDA:38,6,1,0
BRDA:40,7,0,0
BRDA:40,7,1,0
BRDA:43,8,0,0
BRDA:43,8,1,0
BRDA:43,9,0,0
BRDA:43,9,1,0
BRDA:43,9,2,0
BRDA:43,9,3,0
BRDA:47,10,0,0
BRDA:47,10,1,0
BRDA:47,11,0,0
BRDA:47,11,1,0
BRDA:47,11,2,0
BRDA:47,11,3,0
BRDA:57,12,0,0
BRDA:57,12,1,0
BRDA:57,13,0,0
BRDA:57,13,1,0
BRDA:57,13,2,0
BRDA:90,14,0,2
BRDA:91,15,0,2
BRDA:95,16,0,0
BRDA:96,17,0,2
BRDA:97,18,0,2
BRDA:98,19,0,2
BRDA:99,20,0,3
BRDA:100,21,0,2
BRDA:102,22,0,3
BRDA:103,23,0,3
BRDA:109,24,0,3
BRDA:109,24,1,2
BRDA:120,25,0,0
BRDA:120,25,1,3
BRF:47
BRH:12
end_of_record
TN:
SF:src\table\table.less
FNF:0
FNH:0
DA:1,1
LF:1
LH:1
BRF:0
BRH:0
end_of_record
TN:
SF:src\table\tableColumn.less
FNF:0
FNH:0
DA:1,1
LF:1
LH:1
BRF:0
BRH:0
end_of_record
TN:
SF:src\table\tableRow.less
FNF:0
FNH:0
DA:1,1
LF:1
LH:1
BRF:0
BRH:0
end_of_record
