{"C:\\develop\\ft-frontend-saksbehandling\\packages\\utils\\src\\arrayUtils.ts": {"path":"C:\\develop\\ft-frontend-saksbehandling\\packages\\utils\\src\\arrayUtils.ts","statementMap":{"0":{"start":{"line":1,"column":21},"end":{"line":1,"column":66}},"1":{"start":{"line":1,"column":41},"end":{"line":1,"column":66}},"2":{"start":{"line":3,"column":28},"end":{"line":3,"column":83}},"3":{"start":{"line":3,"column":55},"end":{"line":3,"column":83}},"4":{"start":{"line":5,"column":24},"end":{"line":12,"column":1}},"5":{"start":{"line":6,"column":20},"end":{"line":6,"column":95}},"6":{"start":{"line":7,"column":24},"end":{"line":7,"column":44}},"7":{"start":{"line":8,"column":2},"end":{"line":10,"column":3}},"8":{"start":{"line":9,"column":4},"end":{"line":9,"column":69}},"9":{"start":{"line":11,"column":2},"end":{"line":11,"column":68}}},"fnMap":{"0":{"name":"(anonymous_0)","decl":{"start":{"line":1,"column":21},"end":{"line":1,"column":22}},"loc":{"start":{"line":1,"column":41},"end":{"line":1,"column":66}},"line":1},"1":{"name":"(anonymous_1)","decl":{"start":{"line":3,"column":28},"end":{"line":3,"column":29}},"loc":{"start":{"line":3,"column":55},"end":{"line":3,"column":83}},"line":3},"2":{"name":"(anonymous_2)","decl":{"start":{"line":5,"column":24},"end":{"line":5,"column":25}},"loc":{"start":{"line":5,"column":108},"end":{"line":12,"column":1}},"line":5}},"branchMap":{"0":{"loc":{"start":{"line":3,"column":55},"end":{"line":3,"column":83}},"type":"binary-expr","locations":[{"start":{"line":3,"column":55},"end":{"line":3,"column":61}},{"start":{"line":3,"column":65},"end":{"line":3,"column":83}}],"line":3},"1":{"loc":{"start":{"line":5,"column":79},"end":{"line":5,"column":98}},"type":"default-arg","locations":[{"start":{"line":5,"column":94},"end":{"line":5,"column":98}}],"line":5},"2":{"loc":{"start":{"line":6,"column":20},"end":{"line":6,"column":95}},"type":"cond-expr","locations":[{"start":{"line":6,"column":42},"end":{"line":6,"column":46}},{"start":{"line":6,"column":49},"end":{"line":6,"column":95}}],"line":6},"3":{"loc":{"start":{"line":8,"column":2},"end":{"line":10,"column":3}},"type":"if","locations":[{"start":{"line":8,"column":2},"end":{"line":10,"column":3}},{"start":{},"end":{}}],"line":8},"4":{"loc":{"start":{"line":8,"column":6},"end":{"line":8,"column":43}},"type":"binary-expr","locations":[{"start":{"line":8,"column":6},"end":{"line":8,"column":19}},{"start":{"line":8,"column":23},"end":{"line":8,"column":43}}],"line":8},"5":{"loc":{"start":{"line":11,"column":9},"end":{"line":11,"column":67}},"type":"cond-expr","locations":[{"start":{"line":11,"column":39},"end":{"line":11,"column":51}},{"start":{"line":11,"column":54},"end":{"line":11,"column":67}}],"line":11}},"s":{"0":1,"1":4,"2":1,"3":0,"4":1,"5":3,"6":3,"7":3,"8":2,"9":1},"f":{"0":4,"1":0,"2":3},"b":{"0":[0,0],"1":[1],"2":[2,1],"3":[2,1],"4":[3,3],"5":[0,1]},"_coverageSchema":"1a1c01bbd47fc00a2c39e90264f33305004495a9","hash":"c3ca1b0e751543442aabcb3ddcbd447a29b152bd"}
,"C:\\develop\\ft-frontend-saksbehandling\\packages\\utils\\src\\browserUtils.ts": {"path":"C:\\develop\\ft-frontend-saksbehandling\\packages\\utils\\src\\browserUtils.ts","statementMap":{"0":{"start":{"line":8,"column":22},"end":{"line":8,"column":93}},"1":{"start":{"line":8,"column":37},"end":{"line":8,"column":93}},"2":{"start":{"line":10,"column":22},"end":{"line":10,"column":69}},"3":{"start":{"line":10,"column":37},"end":{"line":10,"column":69}},"4":{"start":{"line":17,"column":36},"end":{"line":19,"column":2}},"5":{"start":{"line":17,"column":42},"end":{"line":19,"column":2}},"6":{"start":{"line":18,"column":2},"end":{"line":18,"column":52}},"7":{"start":{"line":18,"column":19},"end":{"line":18,"column":50}},"8":{"start":{"line":21,"column":35},"end":{"line":29,"column":1}},"9":{"start":{"line":23,"column":2},"end":{"line":28,"column":3}},"10":{"start":{"line":25,"column":4},"end":{"line":25,"column":44}},"11":{"start":{"line":26,"column":9},"end":{"line":28,"column":3}},"12":{"start":{"line":27,"column":4},"end":{"line":27,"column":43}}},"fnMap":{"0":{"name":"(anonymous_0)","decl":{"start":{"line":8,"column":22},"end":{"line":8,"column":23}},"loc":{"start":{"line":8,"column":37},"end":{"line":8,"column":93}},"line":8},"1":{"name":"(anonymous_1)","decl":{"start":{"line":10,"column":22},"end":{"line":10,"column":23}},"loc":{"start":{"line":10,"column":37},"end":{"line":10,"column":69}},"line":10},"2":{"name":"(anonymous_2)","decl":{"start":{"line":17,"column":36},"end":{"line":17,"column":37}},"loc":{"start":{"line":17,"column":42},"end":{"line":19,"column":2}},"line":17},"3":{"name":"(anonymous_3)","decl":{"start":{"line":17,"column":54},"end":{"line":17,"column":55}},"loc":{"start":{"line":17,"column":67},"end":{"line":19,"column":1}},"line":17},"4":{"name":"(anonymous_4)","decl":{"start":{"line":18,"column":13},"end":{"line":18,"column":14}},"loc":{"start":{"line":18,"column":19},"end":{"line":18,"column":50}},"line":18},"5":{"name":"(anonymous_5)","decl":{"start":{"line":21,"column":35},"end":{"line":21,"column":36}},"loc":{"start":{"line":21,"column":50},"end":{"line":29,"column":1}},"line":21}},"branchMap":{"0":{"loc":{"start":{"line":8,"column":37},"end":{"line":8,"column":93}},"type":"binary-expr","locations":[{"start":{"line":8,"column":37},"end":{"line":8,"column":66}},{"start":{"line":8,"column":70},"end":{"line":8,"column":93}}],"line":8},"1":{"loc":{"start":{"line":23,"column":2},"end":{"line":28,"column":3}},"type":"if","locations":[{"start":{"line":23,"column":2},"end":{"line":28,"column":3}},{"start":{"line":26,"column":9},"end":{"line":28,"column":3}}],"line":23},"2":{"loc":{"start":{"line":26,"column":9},"end":{"line":28,"column":3}},"type":"if","locations":[{"start":{"line":26,"column":9},"end":{"line":28,"column":3}},{"start":{},"end":{}}],"line":26}},"s":{"0":1,"1":2,"2":1,"3":2,"4":1,"5":0,"6":0,"7":0,"8":1,"9":0,"10":0,"11":0,"12":0},"f":{"0":2,"1":2,"2":0,"3":0,"4":0,"5":0},"b":{"0":[2,1],"1":[0,0],"2":[0,0]},"_coverageSchema":"1a1c01bbd47fc00a2c39e90264f33305004495a9","hash":"d28c683346839f2f1b8b515b42110d2310377b2f"}
,"C:\\develop\\ft-frontend-saksbehandling\\packages\\utils\\src\\createIntl.ts": {"path":"C:\\develop\\ft-frontend-saksbehandling\\packages\\utils\\src\\createIntl.ts","statementMap":{"0":{"start":{"line":3,"column":14},"end":{"line":3,"column":31}},"1":{"start":{"line":5,"column":19},"end":{"line":10,"column":1}},"2":{"start":{"line":6,"column":2},"end":{"line":9,"column":11}}},"fnMap":{"0":{"name":"(anonymous_0)","decl":{"start":{"line":5,"column":19},"end":{"line":5,"column":20}},"loc":{"start":{"line":6,"column":2},"end":{"line":9,"column":11}},"line":6}},"branchMap":{},"s":{"0":2,"1":2,"2":2},"f":{"0":2},"b":{},"_coverageSchema":"1a1c01bbd47fc00a2c39e90264f33305004495a9","hash":"e352f45fc51c6f0cc4e760f0f9aa5d02b132380b"}
,"C:\\develop\\ft-frontend-saksbehandling\\packages\\utils\\src\\currencyUtils.ts": {"path":"C:\\develop\\ft-frontend-saksbehandling\\packages\\utils\\src\\currencyUtils.ts","statementMap":{"0":{"start":{"line":1,"column":36},"end":{"line":4,"column":1}},"1":{"start":{"line":2,"column":25},"end":{"line":2,"column":84}},"2":{"start":{"line":3,"column":2},"end":{"line":3,"column":32}},"3":{"start":{"line":6,"column":34},"end":{"line":16,"column":1}},"4":{"start":{"line":7,"column":2},"end":{"line":9,"column":3}},"5":{"start":{"line":8,"column":4},"end":{"line":8,"column":21}},"6":{"start":{"line":11,"column":17},"end":{"line":11,"column":52}},"7":{"start":{"line":12,"column":2},"end":{"line":14,"column":3}},"8":{"start":{"line":13,"column":4},"end":{"line":13,"column":21}},"9":{"start":{"line":15,"column":2},"end":{"line":15,"column":94}},"10":{"start":{"line":18,"column":38},"end":{"line":24,"column":1}},"11":{"start":{"line":19,"column":2},"end":{"line":21,"column":3}},"12":{"start":{"line":20,"column":4},"end":{"line":20,"column":27}},"13":{"start":{"line":22,"column":22},"end":{"line":22,"column":72}},"14":{"start":{"line":23,"column":2},"end":{"line":23,"column":67}},"15":{"start":{"line":26,"column":34},"end":{"line":30,"column":1}},"16":{"start":{"line":27,"column":23},"end":{"line":27,"column":58}},"17":{"start":{"line":28,"column":22},"end":{"line":28,"column":48}},"18":{"start":{"line":29,"column":2},"end":{"line":29,"column":74}}},"fnMap":{"0":{"name":"(anonymous_0)","decl":{"start":{"line":1,"column":36},"end":{"line":1,"column":37}},"loc":{"start":{"line":1,"column":72},"end":{"line":4,"column":1}},"line":1},"1":{"name":"(anonymous_1)","decl":{"start":{"line":6,"column":34},"end":{"line":6,"column":35}},"loc":{"start":{"line":6,"column":83},"end":{"line":16,"column":1}},"line":6},"2":{"name":"(anonymous_2)","decl":{"start":{"line":18,"column":38},"end":{"line":18,"column":39}},"loc":{"start":{"line":18,"column":74},"end":{"line":24,"column":1}},"line":18},"3":{"name":"(anonymous_3)","decl":{"start":{"line":26,"column":34},"end":{"line":26,"column":35}},"loc":{"start":{"line":26,"column":82},"end":{"line":30,"column":1}},"line":26}},"branchMap":{"0":{"loc":{"start":{"line":7,"column":2},"end":{"line":9,"column":3}},"type":"if","locations":[{"start":{"line":7,"column":2},"end":{"line":9,"column":3}},{"start":{},"end":{}}],"line":7},"1":{"loc":{"start":{"line":7,"column":6},"end":{"line":7,"column":43}},"type":"binary-expr","locations":[{"start":{"line":7,"column":6},"end":{"line":7,"column":20}},{"start":{"line":7,"column":24},"end":{"line":7,"column":43}}],"line":7},"2":{"loc":{"start":{"line":12,"column":2},"end":{"line":14,"column":3}},"type":"if","locations":[{"start":{"line":12,"column":2},"end":{"line":14,"column":3}},{"start":{},"end":{}}],"line":12},"3":{"loc":{"start":{"line":19,"column":2},"end":{"line":21,"column":3}},"type":"if","locations":[{"start":{"line":19,"column":2},"end":{"line":21,"column":3}},{"start":{},"end":{}}],"line":19},"4":{"loc":{"start":{"line":19,"column":6},"end":{"line":19,"column":39}},"type":"binary-expr","locations":[{"start":{"line":19,"column":6},"end":{"line":19,"column":12}},{"start":{"line":19,"column":16},"end":{"line":19,"column":39}}],"line":19},"5":{"loc":{"start":{"line":23,"column":9},"end":{"line":23,"column":66}},"type":"cond-expr","locations":[{"start":{"line":23,"column":37},"end":{"line":23,"column":52}},{"start":{"line":23,"column":55},"end":{"line":23,"column":66}}],"line":23},"6":{"loc":{"start":{"line":29,"column":9},"end":{"line":29,"column":73}},"type":"cond-expr","locations":[{"start":{"line":29,"column":37},"end":{"line":29,"column":39}},{"start":{"line":29,"column":42},"end":{"line":29,"column":73}}],"line":29}},"s":{"0":2,"1":1,"2":1,"3":2,"4":3,"5":0,"6":3,"7":3,"8":0,"9":3,"10":2,"11":1,"12":0,"13":1,"14":1,"15":2,"16":1,"17":1,"18":1},"f":{"0":1,"1":3,"2":1,"3":1},"b":{"0":[0,3],"1":[3,3],"2":[0,3],"3":[0,1],"4":[1,1],"5":[0,1],"6":[0,1]},"_coverageSchema":"1a1c01bbd47fc00a2c39e90264f33305004495a9","hash":"140d4c4a5f22674169fa6efa3377237836873b05"}
,"C:\\develop\\ft-frontend-saksbehandling\\packages\\utils\\src\\dateUtils.ts": {"path":"C:\\develop\\ft-frontend-saksbehandling\\packages\\utils\\src\\dateUtils.ts","statementMap":{"0":{"start":{"line":10,"column":0},"end":{"line":10,"column":18}},"1":{"start":{"line":11,"column":0},"end":{"line":11,"column":23}},"2":{"start":{"line":13,"column":28},"end":{"line":13,"column":40}},"3":{"start":{"line":22,"column":18},"end":{"line":54,"column":1}},"4":{"start":{"line":23,"column":23},"end":{"line":26,"column":3}},"5":{"start":{"line":28,"column":11},"end":{"line":28,"column":55}},"6":{"start":{"line":30,"column":2},"end":{"line":32,"column":3}},"7":{"start":{"line":31,"column":4},"end":{"line":31,"column":38}},"8":{"start":{"line":34,"column":2},"end":{"line":36,"column":3}},"9":{"start":{"line":35,"column":4},"end":{"line":35,"column":109}},"10":{"start":{"line":38,"column":2},"end":{"line":40,"column":3}},"11":{"start":{"line":39,"column":4},"end":{"line":39,"column":107}},"12":{"start":{"line":42,"column":2},"end":{"line":44,"column":3}},"13":{"start":{"line":43,"column":4},"end":{"line":43,"column":101}},"14":{"start":{"line":46,"column":2},"end":{"line":48,"column":3}},"15":{"start":{"line":47,"column":4},"end":{"line":47,"column":50}},"16":{"start":{"line":50,"column":2},"end":{"line":53,"column":4}},"17":{"start":{"line":56,"column":24},"end":{"line":86,"column":1}},"18":{"start":{"line":57,"column":2},"end":{"line":60,"column":3}},"19":{"start":{"line":59,"column":4},"end":{"line":59,"column":23}},"20":{"start":{"line":62,"column":18},"end":{"line":62,"column":57}},"21":{"start":{"line":63,"column":18},"end":{"line":63,"column":57}},"22":{"start":{"line":66,"column":2},"end":{"line":83,"column":3}},"23":{"start":{"line":67,"column":16},"end":{"line":67,"column":45}},"24":{"start":{"line":68,"column":15},"end":{"line":68,"column":54}},"25":{"start":{"line":69,"column":4},"end":{"line":69,"column":75}},"26":{"start":{"line":71,"column":4},"end":{"line":79,"column":5}},"27":{"start":{"line":72,"column":6},"end":{"line":72,"column":33}},"28":{"start":{"line":74,"column":6},"end":{"line":76,"column":7}},"29":{"start":{"line":75,"column":8},"end":{"line":75,"column":23}},"30":{"start":{"line":78,"column":6},"end":{"line":78,"column":17}},"31":{"start":{"line":82,"column":4},"end":{"line":82,"column":50}},"32":{"start":{"line":85,"column":2},"end":{"line":85,"column":19}},"33":{"start":{"line":88,"column":32},"end":{"line":95,"column":1}},"34":{"start":{"line":89,"column":20},"end":{"line":89,"column":60}},"35":{"start":{"line":91,"column":16},"end":{"line":91,"column":41}},"36":{"start":{"line":92,"column":15},"end":{"line":92,"column":28}},"37":{"start":{"line":94,"column":2},"end":{"line":94,"column":32}},"38":{"start":{"line":97,"column":44},"end":{"line":106,"column":1}},"39":{"start":{"line":98,"column":22},"end":{"line":98,"column":27}},"40":{"start":{"line":100,"column":20},"end":{"line":100,"column":73}},"41":{"start":{"line":102,"column":16},"end":{"line":102,"column":41}},"42":{"start":{"line":103,"column":15},"end":{"line":103,"column":28}},"43":{"start":{"line":105,"column":2},"end":{"line":105,"column":32}},"44":{"start":{"line":108,"column":26},"end":{"line":108,"column":101}},"45":{"start":{"line":108,"column":60},"end":{"line":108,"column":101}},"46":{"start":{"line":110,"column":26},"end":{"line":110,"column":89}},"47":{"start":{"line":110,"column":52},"end":{"line":110,"column":89}},"48":{"start":{"line":113,"column":29},"end":{"line":115,"column":86}},"49":{"start":{"line":113,"column":80},"end":{"line":115,"column":85}},"50":{"start":{"line":117,"column":26},"end":{"line":124,"column":1}},"51":{"start":{"line":121,"column":15},"end":{"line":121,"column":68}},"52":{"start":{"line":122,"column":23},"end":{"line":122,"column":43}},"53":{"start":{"line":123,"column":2},"end":{"line":123,"column":31}},"54":{"start":{"line":126,"column":45},"end":{"line":165,"column":1}},"55":{"start":{"line":130,"column":16},"end":{"line":130,"column":63}},"56":{"start":{"line":131,"column":16},"end":{"line":131,"column":63}},"57":{"start":{"line":132,"column":2},"end":{"line":134,"column":3}},"58":{"start":{"line":133,"column":4},"end":{"line":133,"column":21}},"59":{"start":{"line":137,"column":2},"end":{"line":145,"column":3}},"60":{"start":{"line":138,"column":17},"end":{"line":138,"column":48}},"61":{"start":{"line":139,"column":25},"end":{"line":139,"column":45}},"62":{"start":{"line":141,"column":4},"end":{"line":144,"column":6}},"63":{"start":{"line":147,"column":22},"end":{"line":147,"column":53}},"64":{"start":{"line":148,"column":20},"end":{"line":148,"column":21}},"65":{"start":{"line":150,"column":2},"end":{"line":154,"column":3}},"66":{"start":{"line":151,"column":4},"end":{"line":151,"column":23}},"67":{"start":{"line":153,"column":4},"end":{"line":153,"column":31}},"68":{"start":{"line":155,"column":2},"end":{"line":159,"column":3}},"69":{"start":{"line":156,"column":4},"end":{"line":156,"column":23}},"70":{"start":{"line":158,"column":4},"end":{"line":158,"column":58}},"71":{"start":{"line":161,"column":2},"end":{"line":164,"column":4}},"72":{"start":{"line":167,"column":32},"end":{"line":186,"column":1}},"73":{"start":{"line":168,"column":2},"end":{"line":168,"column":22}},"74":{"start":{"line":169,"column":19},"end":{"line":169,"column":46}},"75":{"start":{"line":170,"column":19},"end":{"line":170,"column":46}},"76":{"start":{"line":171,"column":21},"end":{"line":171,"column":29}},"77":{"start":{"line":172,"column":16},"end":{"line":175,"column":4}},"78":{"start":{"line":177,"column":2},"end":{"line":183,"column":3}},"79":{"start":{"line":178,"column":4},"end":{"line":178,"column":48}},"80":{"start":{"line":179,"column":4},"end":{"line":182,"column":7}},"81":{"start":{"line":185,"column":2},"end":{"line":185,"column":15}}},"fnMap":{"0":{"name":"(anonymous_0)","decl":{"start":{"line":22,"column":18},"end":{"line":22,"column":19}},"loc":{"start":{"line":22,"column":65},"end":{"line":54,"column":1}},"line":22},"1":{"name":"(anonymous_1)","decl":{"start":{"line":56,"column":24},"end":{"line":56,"column":25}},"loc":{"start":{"line":56,"column":104},"end":{"line":86,"column":1}},"line":56},"2":{"name":"(anonymous_2)","decl":{"start":{"line":88,"column":32},"end":{"line":88,"column":33}},"loc":{"start":{"line":88,"column":96},"end":{"line":95,"column":1}},"line":88},"3":{"name":"(anonymous_3)","decl":{"start":{"line":97,"column":44},"end":{"line":97,"column":45}},"loc":{"start":{"line":97,"column":108},"end":{"line":106,"column":1}},"line":97},"4":{"name":"(anonymous_4)","decl":{"start":{"line":108,"column":26},"end":{"line":108,"column":27}},"loc":{"start":{"line":108,"column":60},"end":{"line":108,"column":101}},"line":108},"5":{"name":"(anonymous_5)","decl":{"start":{"line":110,"column":26},"end":{"line":110,"column":27}},"loc":{"start":{"line":110,"column":52},"end":{"line":110,"column":89}},"line":110},"6":{"name":"(anonymous_6)","decl":{"start":{"line":113,"column":29},"end":{"line":113,"column":30}},"loc":{"start":{"line":113,"column":80},"end":{"line":115,"column":85}},"line":113},"7":{"name":"(anonymous_7)","decl":{"start":{"line":117,"column":26},"end":{"line":117,"column":27}},"loc":{"start":{"line":120,"column":5},"end":{"line":124,"column":1}},"line":120},"8":{"name":"(anonymous_8)","decl":{"start":{"line":126,"column":45},"end":{"line":126,"column":46}},"loc":{"start":{"line":129,"column":52},"end":{"line":165,"column":1}},"line":129},"9":{"name":"(anonymous_9)","decl":{"start":{"line":167,"column":32},"end":{"line":167,"column":33}},"loc":{"start":{"line":167,"column":97},"end":{"line":186,"column":1}},"line":167}},"branchMap":{"0":{"loc":{"start":{"line":30,"column":2},"end":{"line":32,"column":3}},"type":"if","locations":[{"start":{"line":30,"column":2},"end":{"line":32,"column":3}},{"start":{},"end":{}}],"line":30},"1":{"loc":{"start":{"line":30,"column":6},"end":{"line":30,"column":47}},"type":"binary-expr","locations":[{"start":{"line":30,"column":6},"end":{"line":30,"column":25}},{"start":{"line":30,"column":29},"end":{"line":30,"column":47}}],"line":30},"2":{"loc":{"start":{"line":34,"column":2},"end":{"line":36,"column":3}},"type":"if","locations":[{"start":{"line":34,"column":2},"end":{"line":36,"column":3}},{"start":{},"end":{}}],"line":34},"3":{"loc":{"start":{"line":35,"column":9},"end":{"line":35,"column":108}},"type":"cond-expr","locations":[{"start":{"line":35,"column":23},"end":{"line":35,"column":62}},{"start":{"line":35,"column":65},"end":{"line":35,"column":108}}],"line":35},"4":{"loc":{"start":{"line":38,"column":2},"end":{"line":40,"column":3}},"type":"if","locations":[{"start":{"line":38,"column":2},"end":{"line":40,"column":3}},{"start":{},"end":{}}],"line":38},"5":{"loc":{"start":{"line":39,"column":9},"end":{"line":39,"column":106}},"type":"cond-expr","locations":[{"start":{"line":39,"column":22},"end":{"line":39,"column":60}},{"start":{"line":39,"column":63},"end":{"line":39,"column":106}}],"line":39},"6":{"loc":{"start":{"line":42,"column":2},"end":{"line":44,"column":3}},"type":"if","locations":[{"start":{"line":42,"column":2},"end":{"line":44,"column":3}},{"start":{},"end":{}}],"line":42},"7":{"loc":{"start":{"line":43,"column":9},"end":{"line":43,"column":100}},"type":"cond-expr","locations":[{"start":{"line":43,"column":23},"end":{"line":43,"column":58}},{"start":{"line":43,"column":61},"end":{"line":43,"column":100}}],"line":43},"8":{"loc":{"start":{"line":46,"column":2},"end":{"line":48,"column":3}},"type":"if","locations":[{"start":{"line":46,"column":2},"end":{"line":48,"column":3}},{"start":{},"end":{}}],"line":46},"9":{"loc":{"start":{"line":56,"column":73},"end":{"line":56,"column":91}},"type":"default-arg","locations":[{"start":{"line":56,"column":87},"end":{"line":56,"column":91}}],"line":56},"10":{"loc":{"start":{"line":57,"column":2},"end":{"line":60,"column":3}},"type":"if","locations":[{"start":{"line":57,"column":2},"end":{"line":60,"column":3}},{"start":{},"end":{}}],"line":57},"11":{"loc":{"start":{"line":66,"column":2},"end":{"line":83,"column":3}},"type":"if","locations":[{"start":{"line":66,"column":2},"end":{"line":83,"column":3}},{"start":{"line":80,"column":9},"end":{"line":83,"column":3}}],"line":66},"12":{"loc":{"start":{"line":69,"column":16},"end":{"line":69,"column":74}},"type":"cond-expr","locations":[{"start":{"line":69,"column":69},"end":{"line":69,"column":70}},{"start":{"line":69,"column":73},"end":{"line":69,"column":74}}],"line":69},"13":{"loc":{"start":{"line":69,"column":16},"end":{"line":69,"column":66}},"type":"binary-expr","locations":[{"start":{"line":69,"column":16},"end":{"line":69,"column":39}},{"start":{"line":69,"column":43},"end":{"line":69,"column":66}}],"line":69},"14":{"loc":{"start":{"line":74,"column":6},"end":{"line":76,"column":7}},"type":"if","locations":[{"start":{"line":74,"column":6},"end":{"line":76,"column":7}},{"start":{},"end":{}}],"line":74},"15":{"loc":{"start":{"line":74,"column":10},"end":{"line":74,"column":60}},"type":"binary-expr","locations":[{"start":{"line":74,"column":10},"end":{"line":74,"column":33}},{"start":{"line":74,"column":37},"end":{"line":74,"column":60}}],"line":74},"16":{"loc":{"start":{"line":113,"column":80},"end":{"line":115,"column":85}},"type":"cond-expr","locations":[{"start":{"line":114,"column":4},"end":{"line":114,"column":14}},{"start":{"line":115,"column":4},"end":{"line":115,"column":85}}],"line":113},"17":{"loc":{"start":{"line":132,"column":2},"end":{"line":134,"column":3}},"type":"if","locations":[{"start":{"line":132,"column":2},"end":{"line":134,"column":3}},{"start":{},"end":{}}],"line":132},"18":{"loc":{"start":{"line":132,"column":6},"end":{"line":132,"column":66}},"type":"binary-expr","locations":[{"start":{"line":132,"column":6},"end":{"line":132,"column":22}},{"start":{"line":132,"column":26},"end":{"line":132,"column":42}},{"start":{"line":132,"column":46},"end":{"line":132,"column":66}}],"line":132},"19":{"loc":{"start":{"line":137,"column":2},"end":{"line":145,"column":3}},"type":"if","locations":[{"start":{"line":137,"column":2},"end":{"line":145,"column":3}},{"start":{},"end":{}}],"line":137},"20":{"loc":{"start":{"line":150,"column":2},"end":{"line":154,"column":3}},"type":"if","locations":[{"start":{"line":150,"column":2},"end":{"line":154,"column":3}},{"start":{"line":152,"column":9},"end":{"line":154,"column":3}}],"line":150},"21":{"loc":{"start":{"line":155,"column":2},"end":{"line":159,"column":3}},"type":"if","locations":[{"start":{"line":155,"column":2},"end":{"line":159,"column":3}},{"start":{"line":157,"column":9},"end":{"line":159,"column":3}}],"line":155}},"s":{"0":1,"1":1,"2":1,"3":1,"4":2,"5":2,"6":2,"7":0,"8":2,"9":0,"10":2,"11":0,"12":2,"13":0,"14":2,"15":0,"16":2,"17":1,"18":2,"19":0,"20":2,"21":2,"22":2,"23":1,"24":1,"25":1,"26":1,"27":46,"28":46,"29":33,"30":46,"31":1,"32":2,"33":1,"34":1,"35":1,"36":1,"37":1,"38":1,"39":1,"40":1,"41":1,"42":1,"43":1,"44":1,"45":1,"46":1,"47":1,"48":1,"49":1,"50":1,"51":6,"52":6,"53":6,"54":1,"55":9,"56":9,"57":9,"58":1,"59":8,"60":2,"61":2,"62":2,"63":6,"64":6,"65":6,"66":3,"67":3,"68":6,"69":2,"70":4,"71":6,"72":1,"73":0,"74":0,"75":0,"76":0,"77":0,"78":0,"79":0,"80":0,"81":0},"f":{"0":2,"1":2,"2":1,"3":1,"4":1,"5":1,"6":1,"7":6,"8":9,"9":0},"b":{"0":[0,2],"1":[2,0],"2":[0,2],"3":[0,0],"4":[0,2],"5":[0,0],"6":[0,2],"7":[0,0],"8":[0,2],"9":[1],"10":[0,2],"11":[1,1],"12":[1,0],"13":[1,1],"14":[33,13],"15":[46,39],"16":[0,1],"17":[1,8],"18":[9,9,9],"19":[2,6],"20":[3,3],"21":[2,4]},"_coverageSchema":"1a1c01bbd47fc00a2c39e90264f33305004495a9","hash":"34b6dd24b4a8e29105d1366848189e0b78f0dc16"}
,"C:\\develop\\ft-frontend-saksbehandling\\packages\\utils\\src\\decodeHtmlEntity.ts": {"path":"C:\\develop\\ft-frontend-saksbehandling\\packages\\utils\\src\\decodeHtmlEntity.ts","statementMap":{"0":{"start":{"line":5,"column":25},"end":{"line":198,"column":1}},"1":{"start":{"line":6,"column":2},"end":{"line":8,"column":3}},"2":{"start":{"line":7,"column":4},"end":{"line":7,"column":15}},"3":{"start":{"line":9,"column":2},"end":{"line":197,"column":5}},"4":{"start":{"line":10,"column":4},"end":{"line":195,"column":5}},"5":{"start":{"line":11,"column":20},"end":{"line":188,"column":7}},"6":{"start":{"line":190,"column":23},"end":{"line":190,"column":33}},"7":{"start":{"line":191,"column":6},"end":{"line":193,"column":7}},"8":{"start":{"line":192,"column":8},"end":{"line":192,"column":45}},"9":{"start":{"line":194,"column":6},"end":{"line":194,"column":19}},"10":{"start":{"line":196,"column":4},"end":{"line":196,"column":36}}},"fnMap":{"0":{"name":"(anonymous_0)","decl":{"start":{"line":5,"column":25},"end":{"line":5,"column":26}},"loc":{"start":{"line":5,"column":63},"end":{"line":198,"column":1}},"line":5},"1":{"name":"(anonymous_1)","decl":{"start":{"line":9,"column":47},"end":{"line":9,"column":48}},"loc":{"start":{"line":9,"column":63},"end":{"line":197,"column":3}},"line":9}},"branchMap":{"0":{"loc":{"start":{"line":6,"column":2},"end":{"line":8,"column":3}},"type":"if","locations":[{"start":{"line":6,"column":2},"end":{"line":8,"column":3}},{"start":{},"end":{}}],"line":6},"1":{"loc":{"start":{"line":6,"column":6},"end":{"line":6,"column":39}},"type":"binary-expr","locations":[{"start":{"line":6,"column":6},"end":{"line":6,"column":18}},{"start":{"line":6,"column":22},"end":{"line":6,"column":39}}],"line":6},"2":{"loc":{"start":{"line":10,"column":4},"end":{"line":195,"column":5}},"type":"if","locations":[{"start":{"line":10,"column":4},"end":{"line":195,"column":5}},{"start":{},"end":{}}],"line":10},"3":{"loc":{"start":{"line":191,"column":6},"end":{"line":193,"column":7}},"type":"if","locations":[{"start":{"line":191,"column":6},"end":{"line":193,"column":7}},{"start":{},"end":{}}],"line":191}},"s":{"0":1,"1":2,"2":0,"3":2,"4":4,"5":3,"6":3,"7":3,"8":1,"9":2,"10":1},"f":{"0":2,"1":4},"b":{"0":[0,2],"1":[2,2],"2":[3,1],"3":[1,2]},"_coverageSchema":"1a1c01bbd47fc00a2c39e90264f33305004495a9","hash":"050a6b29617b5b3642db468bc3be8c50fcea7204"}
,"C:\\develop\\ft-frontend-saksbehandling\\packages\\utils\\src\\fodselsnummerUtils.ts": {"path":"C:\\develop\\ft-frontend-saksbehandling\\packages\\utils\\src\\fodselsnummerUtils.ts","statementMap":{"0":{"start":{"line":1,"column":36},"end":{"line":1,"column":46}},"1":{"start":{"line":3,"column":12},"end":{"line":9,"column":1}},"2":{"start":{"line":4,"column":10},"end":{"line":4,"column":11}},"3":{"start":{"line":5,"column":2},"end":{"line":7,"column":3}},"4":{"start":{"line":5,"column":15},"end":{"line":5,"column":16}},"5":{"start":{"line":6,"column":4},"end":{"line":6,"column":53}},"6":{"start":{"line":8,"column":2},"end":{"line":8,"column":11}},"7":{"start":{"line":11,"column":36},"end":{"line":27,"column":1}},"8":{"start":{"line":12,"column":24},"end":{"line":12,"column":34}},"9":{"start":{"line":13,"column":2},"end":{"line":15,"column":3}},"10":{"start":{"line":14,"column":4},"end":{"line":14,"column":17}},"11":{"start":{"line":16,"column":16},"end":{"line":16,"column":43}},"12":{"start":{"line":17,"column":20},"end":{"line":17,"column":59}},"13":{"start":{"line":18,"column":2},"end":{"line":20,"column":3}},"14":{"start":{"line":19,"column":4},"end":{"line":19,"column":20}},"15":{"start":{"line":21,"column":2},"end":{"line":21,"column":43}},"16":{"start":{"line":22,"column":20},"end":{"line":22,"column":59}},"17":{"start":{"line":23,"column":2},"end":{"line":25,"column":3}},"18":{"start":{"line":24,"column":4},"end":{"line":24,"column":20}},"19":{"start":{"line":26,"column":2},"end":{"line":26,"column":107}}},"fnMap":{"0":{"name":"(anonymous_0)","decl":{"start":{"line":3,"column":12},"end":{"line":3,"column":13}},"loc":{"start":{"line":3,"column":66},"end":{"line":9,"column":1}},"line":3},"1":{"name":"(anonymous_1)","decl":{"start":{"line":11,"column":36},"end":{"line":11,"column":37}},"loc":{"start":{"line":11,"column":64},"end":{"line":27,"column":1}},"line":11}},"branchMap":{"0":{"loc":{"start":{"line":13,"column":2},"end":{"line":15,"column":3}},"type":"if","locations":[{"start":{"line":13,"column":2},"end":{"line":15,"column":3}},{"start":{},"end":{}}],"line":13},"1":{"loc":{"start":{"line":18,"column":2},"end":{"line":20,"column":3}},"type":"if","locations":[{"start":{"line":18,"column":2},"end":{"line":20,"column":3}},{"start":{},"end":{}}],"line":18},"2":{"loc":{"start":{"line":23,"column":2},"end":{"line":25,"column":3}},"type":"if","locations":[{"start":{"line":23,"column":2},"end":{"line":25,"column":3}},{"start":{},"end":{}}],"line":23},"3":{"loc":{"start":{"line":26,"column":9},"end":{"line":26,"column":106}},"type":"binary-expr","locations":[{"start":{"line":26,"column":9},"end":{"line":26,"column":55}},{"start":{"line":26,"column":59},"end":{"line":26,"column":106}}],"line":26}},"s":{"0":2,"1":2,"2":6,"3":6,"4":6,"5":57,"6":6,"7":2,"8":6,"9":6,"10":3,"11":3,"12":3,"13":3,"14":0,"15":3,"16":3,"17":3,"18":0,"19":3},"f":{"0":6,"1":6},"b":{"0":[3,3],"1":[0,3],"2":[0,3],"3":[3,2]},"_coverageSchema":"1a1c01bbd47fc00a2c39e90264f33305004495a9","hash":"8416966c1f98b8ec5b0892d8536cf0771795c0ec"}
,"C:\\develop\\ft-frontend-saksbehandling\\packages\\utils\\src\\formats.ts": {"path":"C:\\develop\\ft-frontend-saksbehandling\\packages\\utils\\src\\formats.ts","statementMap":{"0":{"start":{"line":1,"column":31},"end":{"line":1,"column":43}},"1":{"start":{"line":2,"column":36},"end":{"line":2,"column":48}},"2":{"start":{"line":3,"column":34},"end":{"line":3,"column":44}},"3":{"start":{"line":4,"column":32},"end":{"line":4,"column":39}},"4":{"start":{"line":5,"column":32},"end":{"line":5,"column":48}},"5":{"start":{"line":6,"column":30},"end":{"line":6,"column":39}},"6":{"start":{"line":8,"column":43},"end":{"line":8,"column":105}}},"fnMap":{},"branchMap":{},"s":{"0":2,"1":2,"2":2,"3":2,"4":2,"5":2,"6":2},"f":{},"b":{},"_coverageSchema":"1a1c01bbd47fc00a2c39e90264f33305004495a9","hash":"ad87131d2cd72df2c145104b7cb81504b75cca4e"}
,"C:\\develop\\ft-frontend-saksbehandling\\packages\\utils\\src\\getAddresses.ts": {"path":"C:\\develop\\ft-frontend-saksbehandling\\packages\\utils\\src\\getAddresses.ts","statementMap":{"0":{"start":{"line":4,"column":20},"end":{"line":4,"column":73}},"1":{"start":{"line":4,"column":48},"end":{"line":4,"column":72}},"2":{"start":{"line":6,"column":25},"end":{"line":11,"column":112}},"3":{"start":{"line":11,"column":13},"end":{"line":11,"column":112}},"4":{"start":{"line":15,"column":21},"end":{"line":40,"column":6}},"5":{"start":{"line":15,"column":68},"end":{"line":40,"column":6}},"6":{"start":{"line":16,"column":2},"end":{"line":21,"column":3}},"7":{"start":{"line":17,"column":4},"end":{"line":20,"column":6}},"8":{"start":{"line":23,"column":25},"end":{"line":25,"column":15}},"9":{"start":{"line":24,"column":23},"end":{"line":24,"column":30}},"10":{"start":{"line":26,"column":2},"end":{"line":28,"column":3}},"11":{"start":{"line":27,"column":4},"end":{"line":27,"column":15}},"12":{"start":{"line":30,"column":18},"end":{"line":30,"column":77}},"13":{"start":{"line":31,"column":2},"end":{"line":39,"column":4}}},"fnMap":{"0":{"name":"(anonymous_0)","decl":{"start":{"line":4,"column":20},"end":{"line":4,"column":21}},"loc":{"start":{"line":4,"column":48},"end":{"line":4,"column":72}},"line":4},"1":{"name":"(anonymous_1)","decl":{"start":{"line":6,"column":25},"end":{"line":6,"column":26}},"loc":{"start":{"line":11,"column":13},"end":{"line":11,"column":112}},"line":11},"2":{"name":"(anonymous_2)","decl":{"start":{"line":15,"column":21},"end":{"line":15,"column":22}},"loc":{"start":{"line":15,"column":68},"end":{"line":40,"column":6}},"line":15},"3":{"name":"(anonymous_3)","decl":{"start":{"line":15,"column":95},"end":{"line":15,"column":96}},"loc":{"start":{"line":15,"column":113},"end":{"line":40,"column":1}},"line":15},"4":{"name":"(anonymous_4)","decl":{"start":{"line":24,"column":12},"end":{"line":24,"column":13}},"loc":{"start":{"line":24,"column":23},"end":{"line":24,"column":30}},"line":24}},"branchMap":{"0":{"loc":{"start":{"line":4,"column":48},"end":{"line":4,"column":72}},"type":"cond-expr","locations":[{"start":{"line":4,"column":63},"end":{"line":4,"column":65}},{"start":{"line":4,"column":68},"end":{"line":4,"column":72}}],"line":4},"1":{"loc":{"start":{"line":7,"column":2},"end":{"line":7,"column":14}},"type":"default-arg","locations":[{"start":{"line":7,"column":12},"end":{"line":7,"column":14}}],"line":7},"2":{"loc":{"start":{"line":8,"column":2},"end":{"line":8,"column":17}},"type":"default-arg","locations":[{"start":{"line":8,"column":15},"end":{"line":8,"column":17}}],"line":8},"3":{"loc":{"start":{"line":9,"column":2},"end":{"line":9,"column":15}},"type":"default-arg","locations":[{"start":{"line":9,"column":13},"end":{"line":9,"column":15}}],"line":9},"4":{"loc":{"start":{"line":10,"column":2},"end":{"line":10,"column":11}},"type":"default-arg","locations":[{"start":{"line":10,"column":9},"end":{"line":10,"column":11}}],"line":10},"5":{"loc":{"start":{"line":15,"column":22},"end":{"line":15,"column":53}},"type":"default-arg","locations":[{"start":{"line":15,"column":51},"end":{"line":15,"column":53}}],"line":15},"6":{"loc":{"start":{"line":16,"column":2},"end":{"line":21,"column":3}},"type":"if","locations":[{"start":{"line":16,"column":2},"end":{"line":21,"column":3}},{"start":{},"end":{}}],"line":16},"7":{"loc":{"start":{"line":16,"column":6},"end":{"line":16,"column":82}},"type":"binary-expr","locations":[{"start":{"line":16,"column":6},"end":{"line":16,"column":26}},{"start":{"line":16,"column":30},"end":{"line":16,"column":82}}],"line":16},"8":{"loc":{"start":{"line":26,"column":2},"end":{"line":28,"column":3}},"type":"if","locations":[{"start":{"line":26,"column":2},"end":{"line":28,"column":3}},{"start":{},"end":{}}],"line":26},"9":{"loc":{"start":{"line":30,"column":18},"end":{"line":30,"column":77}},"type":"cond-expr","locations":[{"start":{"line":30,"column":53},"end":{"line":30,"column":65}},{"start":{"line":30,"column":68},"end":{"line":30,"column":77}}],"line":30}},"s":{"0":1,"1":20,"2":1,"3":5,"4":1,"5":5,"6":5,"7":0,"8":5,"9":15,"10":5,"11":0,"12":5,"13":5},"f":{"0":20,"1":5,"2":5,"3":5,"4":15},"b":{"0":[0,20],"1":[0],"2":[0],"3":[0],"4":[4],"5":[0],"6":[0,5],"7":[5,5],"8":[0,5],"9":[4,1]},"_coverageSchema":"1a1c01bbd47fc00a2c39e90264f33305004495a9","hash":"589cfb843b669b1461a71855538e1a1c93273f2f"}
,"C:\\develop\\ft-frontend-saksbehandling\\packages\\utils\\src\\kodeverkUtils.ts": {"path":"C:\\develop\\ft-frontend-saksbehandling\\packages\\utils\\src\\kodeverkUtils.ts","statementMap":{"0":{"start":{"line":4,"column":38},"end":{"line":22,"column":1}},"1":{"start":{"line":11,"column":43},"end":{"line":11,"column":69}},"2":{"start":{"line":12,"column":2},"end":{"line":14,"column":3}},"3":{"start":{"line":13,"column":4},"end":{"line":13,"column":14}},"4":{"start":{"line":15,"column":2},"end":{"line":18,"column":3}},"5":{"start":{"line":17,"column":4},"end":{"line":17,"column":49}},"6":{"start":{"line":20,"column":19},"end":{"line":20,"column":63}},"7":{"start":{"line":20,"column":47},"end":{"line":20,"column":62}},"8":{"start":{"line":21,"column":2},"end":{"line":21,"column":39}},"9":{"start":{"line":24,"column":33},"end":{"line":30,"column":80}},"10":{"start":{"line":26,"column":5},"end":{"line":30,"column":80}},"11":{"start":{"line":30,"column":13},"end":{"line":30,"column":80}}},"fnMap":{"0":{"name":"(anonymous_0)","decl":{"start":{"line":4,"column":38},"end":{"line":4,"column":39}},"loc":{"start":{"line":9,"column":13},"end":{"line":22,"column":1}},"line":9},"1":{"name":"(anonymous_1)","decl":{"start":{"line":20,"column":40},"end":{"line":20,"column":41}},"loc":{"start":{"line":20,"column":47},"end":{"line":20,"column":62}},"line":20},"2":{"name":"(anonymous_2)","decl":{"start":{"line":24,"column":33},"end":{"line":24,"column":34}},"loc":{"start":{"line":26,"column":5},"end":{"line":30,"column":80}},"line":26},"3":{"name":"(anonymous_3)","decl":{"start":{"line":26,"column":5},"end":{"line":26,"column":6}},"loc":{"start":{"line":30,"column":13},"end":{"line":30,"column":80}},"line":30}},"branchMap":{"0":{"loc":{"start":{"line":12,"column":2},"end":{"line":14,"column":3}},"type":"if","locations":[{"start":{"line":12,"column":2},"end":{"line":14,"column":3}},{"start":{},"end":{}}],"line":12},"1":{"loc":{"start":{"line":12,"column":6},"end":{"line":12,"column":54}},"type":"binary-expr","locations":[{"start":{"line":12,"column":6},"end":{"line":12,"column":22}},{"start":{"line":12,"column":26},"end":{"line":12,"column":54}}],"line":12},"2":{"loc":{"start":{"line":15,"column":2},"end":{"line":18,"column":3}},"type":"if","locations":[{"start":{"line":15,"column":2},"end":{"line":18,"column":3}},{"start":{},"end":{}}],"line":15},"3":{"loc":{"start":{"line":21,"column":9},"end":{"line":21,"column":38}},"type":"cond-expr","locations":[{"start":{"line":21,"column":20},"end":{"line":21,"column":33}},{"start":{"line":21,"column":36},"end":{"line":21,"column":38}}],"line":21}},"s":{"0":1,"1":3,"2":3,"3":0,"4":3,"5":1,"6":3,"7":3,"8":3,"9":1,"10":2,"11":2},"f":{"0":3,"1":3,"2":2,"3":2},"b":{"0":[0,3],"1":[3,3],"2":[1,2],"3":[3,0]},"_coverageSchema":"1a1c01bbd47fc00a2c39e90264f33305004495a9","hash":"9282157f292efb8e80287c702d31ad5a771a8616"}
,"C:\\develop\\ft-frontend-saksbehandling\\packages\\utils\\src\\languageUtils.ts": {"path":"C:\\develop\\ft-frontend-saksbehandling\\packages\\utils\\src\\languageUtils.ts","statementMap":{"0":{"start":{"line":4,"column":13},"end":{"line":4,"column":33}},"1":{"start":{"line":6,"column":42},"end":{"line":10,"column":1}},"2":{"start":{"line":7,"column":15},"end":{"line":7,"column":40}},"3":{"start":{"line":8,"column":2},"end":{"line":8,"column":40}},"4":{"start":{"line":9,"column":2},"end":{"line":9,"column":38}},"5":{"start":{"line":12,"column":40},"end":{"line":25,"column":1}},"6":{"start":{"line":13,"column":2},"end":{"line":15,"column":3}},"7":{"start":{"line":14,"column":4},"end":{"line":14,"column":56}},"8":{"start":{"line":17,"column":2},"end":{"line":24,"column":3}},"9":{"start":{"line":19,"column":6},"end":{"line":19,"column":59}},"10":{"start":{"line":21,"column":6},"end":{"line":21,"column":59}},"11":{"start":{"line":23,"column":6},"end":{"line":23,"column":58}}},"fnMap":{"0":{"name":"(anonymous_0)","decl":{"start":{"line":6,"column":42},"end":{"line":6,"column":43}},"loc":{"start":{"line":6,"column":67},"end":{"line":10,"column":1}},"line":6},"1":{"name":"(anonymous_1)","decl":{"start":{"line":12,"column":40},"end":{"line":12,"column":41}},"loc":{"start":{"line":12,"column":72},"end":{"line":25,"column":1}},"line":12}},"branchMap":{"0":{"loc":{"start":{"line":13,"column":2},"end":{"line":15,"column":3}},"type":"if","locations":[{"start":{"line":13,"column":2},"end":{"line":15,"column":3}},{"start":{},"end":{}}],"line":13},"1":{"loc":{"start":{"line":17,"column":2},"end":{"line":24,"column":3}},"type":"switch","locations":[{"start":{"line":18,"column":4},"end":{"line":19,"column":59}},{"start":{"line":20,"column":4},"end":{"line":21,"column":59}},{"start":{"line":22,"column":4},"end":{"line":23,"column":58}}],"line":17}},"s":{"0":1,"1":1,"2":1,"3":1,"4":1,"5":1,"6":0,"7":0,"8":0,"9":0,"10":0,"11":0},"f":{"0":1,"1":0},"b":{"0":[0,0],"1":[0,0,0]},"_coverageSchema":"1a1c01bbd47fc00a2c39e90264f33305004495a9","hash":"0599ba5c7c8ef86e375b200bc20c5129b97803b1"}
,"C:\\develop\\ft-frontend-saksbehandling\\packages\\utils\\src\\objectUtils.ts": {"path":"C:\\develop\\ft-frontend-saksbehandling\\packages\\utils\\src\\objectUtils.ts","statementMap":{"0":{"start":{"line":1,"column":19},"end":{"line":3,"column":1}},"1":{"start":{"line":2,"column":2},"end":{"line":2,"column":27}},"2":{"start":{"line":5,"column":23},"end":{"line":5,"column":131}},"3":{"start":{"line":5,"column":51},"end":{"line":5,"column":130}},"4":{"start":{"line":7,"column":29},"end":{"line":7,"column":103}},"5":{"start":{"line":7,"column":71},"end":{"line":7,"column":103}},"6":{"start":{"line":9,"column":23},"end":{"line":9,"column":135}},"7":{"start":{"line":9,"column":90},"end":{"line":9,"column":135}},"8":{"start":{"line":11,"column":24},"end":{"line":11,"column":130}},"9":{"start":{"line":11,"column":52},"end":{"line":11,"column":130}},"10":{"start":{"line":13,"column":20},"end":{"line":16,"column":44}},"11":{"start":{"line":13,"column":78},"end":{"line":16,"column":44}},"12":{"start":{"line":14,"column":19},"end":{"line":14,"column":44}},"13":{"start":{"line":15,"column":17},"end":{"line":15,"column":39}},"14":{"start":{"line":16,"column":20},"end":{"line":16,"column":39}},"15":{"start":{"line":18,"column":23},"end":{"line":22,"column":1}},"16":{"start":{"line":19,"column":46},"end":{"line":19,"column":59}},"17":{"start":{"line":20,"column":2},"end":{"line":20,"column":22}},"18":{"start":{"line":21,"column":2},"end":{"line":21,"column":11}},"19":{"start":{"line":24,"column":24},"end":{"line":30,"column":1}},"20":{"start":{"line":25,"column":15},"end":{"line":25,"column":35}},"21":{"start":{"line":26,"column":2},"end":{"line":28,"column":5}},"22":{"start":{"line":27,"column":4},"end":{"line":27,"column":79}},"23":{"start":{"line":29,"column":2},"end":{"line":29,"column":16}},"24":{"start":{"line":34,"column":26},"end":{"line":34,"column":105}},"25":{"start":{"line":34,"column":63},"end":{"line":34,"column":105}},"26":{"start":{"line":35,"column":27},"end":{"line":35,"column":124}},"27":{"start":{"line":35,"column":64},"end":{"line":35,"column":124}},"28":{"start":{"line":37,"column":28},"end":{"line":47,"column":1}},"29":{"start":{"line":38,"column":2},"end":{"line":45,"column":3}},"30":{"start":{"line":39,"column":4},"end":{"line":44,"column":5}},"31":{"start":{"line":41,"column":6},"end":{"line":41,"column":38}},"32":{"start":{"line":43,"column":6},"end":{"line":43,"column":18}},"33":{"start":{"line":46,"column":2},"end":{"line":46,"column":16}},"34":{"start":{"line":49,"column":20},"end":{"line":85,"column":1}},"35":{"start":{"line":50,"column":17},"end":{"line":50,"column":42}},"36":{"start":{"line":51,"column":17},"end":{"line":51,"column":42}},"37":{"start":{"line":52,"column":2},"end":{"line":54,"column":3}},"38":{"start":{"line":53,"column":4},"end":{"line":53,"column":16}},"39":{"start":{"line":55,"column":2},"end":{"line":57,"column":3}},"40":{"start":{"line":56,"column":4},"end":{"line":56,"column":17}},"41":{"start":{"line":59,"column":18},"end":{"line":72,"column":3}},"42":{"start":{"line":60,"column":4},"end":{"line":66,"column":5}},"43":{"start":{"line":61,"column":6},"end":{"line":64,"column":7}},"44":{"start":{"line":62,"column":23},"end":{"line":62,"column":61}},"45":{"start":{"line":63,"column":8},"end":{"line":63,"column":80}},"46":{"start":{"line":63,"column":52},"end":{"line":63,"column":78}},"47":{"start":{"line":65,"column":6},"end":{"line":65,"column":18}},"48":{"start":{"line":69,"column":4},"end":{"line":71,"column":89}},"49":{"start":{"line":71,"column":31},"end":{"line":71,"column":82}},"50":{"start":{"line":74,"column":2},"end":{"line":84,"column":3}},"51":{"start":{"line":76,"column":6},"end":{"line":76,"column":23}},"52":{"start":{"line":83,"column":6},"end":{"line":83,"column":31}}},"fnMap":{"0":{"name":"(anonymous_0)","decl":{"start":{"line":1,"column":19},"end":{"line":1,"column":20}},"loc":{"start":{"line":1,"column":40},"end":{"line":3,"column":1}},"line":1},"1":{"name":"(anonymous_1)","decl":{"start":{"line":5,"column":23},"end":{"line":5,"column":24}},"loc":{"start":{"line":5,"column":51},"end":{"line":5,"column":130}},"line":5},"2":{"name":"(anonymous_2)","decl":{"start":{"line":7,"column":29},"end":{"line":7,"column":30}},"loc":{"start":{"line":7,"column":71},"end":{"line":7,"column":103}},"line":7},"3":{"name":"(anonymous_3)","decl":{"start":{"line":9,"column":23},"end":{"line":9,"column":24}},"loc":{"start":{"line":9,"column":90},"end":{"line":9,"column":135}},"line":9},"4":{"name":"(anonymous_4)","decl":{"start":{"line":11,"column":24},"end":{"line":11,"column":25}},"loc":{"start":{"line":11,"column":52},"end":{"line":11,"column":130}},"line":11},"5":{"name":"(anonymous_5)","decl":{"start":{"line":13,"column":20},"end":{"line":13,"column":21}},"loc":{"start":{"line":13,"column":78},"end":{"line":16,"column":44}},"line":13},"6":{"name":"(anonymous_6)","decl":{"start":{"line":14,"column":10},"end":{"line":14,"column":11}},"loc":{"start":{"line":14,"column":19},"end":{"line":14,"column":44}},"line":14},"7":{"name":"(anonymous_7)","decl":{"start":{"line":15,"column":7},"end":{"line":15,"column":8}},"loc":{"start":{"line":15,"column":17},"end":{"line":15,"column":39}},"line":15},"8":{"name":"(anonymous_8)","decl":{"start":{"line":16,"column":10},"end":{"line":16,"column":11}},"loc":{"start":{"line":16,"column":20},"end":{"line":16,"column":39}},"line":16},"9":{"name":"(anonymous_9)","decl":{"start":{"line":18,"column":23},"end":{"line":18,"column":24}},"loc":{"start":{"line":18,"column":86},"end":{"line":22,"column":1}},"line":18},"10":{"name":"(anonymous_10)","decl":{"start":{"line":24,"column":24},"end":{"line":24,"column":25}},"loc":{"start":{"line":24,"column":90},"end":{"line":30,"column":1}},"line":24},"11":{"name":"(anonymous_11)","decl":{"start":{"line":26,"column":21},"end":{"line":26,"column":22}},"loc":{"start":{"line":26,"column":30},"end":{"line":28,"column":3}},"line":26},"12":{"name":"(anonymous_12)","decl":{"start":{"line":34,"column":26},"end":{"line":34,"column":27}},"loc":{"start":{"line":34,"column":63},"end":{"line":34,"column":105}},"line":34},"13":{"name":"(anonymous_13)","decl":{"start":{"line":35,"column":27},"end":{"line":35,"column":28}},"loc":{"start":{"line":35,"column":64},"end":{"line":35,"column":124}},"line":35},"14":{"name":"(anonymous_14)","decl":{"start":{"line":37,"column":28},"end":{"line":37,"column":29}},"loc":{"start":{"line":37,"column":116},"end":{"line":47,"column":1}},"line":37},"15":{"name":"(anonymous_15)","decl":{"start":{"line":49,"column":20},"end":{"line":49,"column":21}},"loc":{"start":{"line":49,"column":103},"end":{"line":85,"column":1}},"line":49},"16":{"name":"(anonymous_16)","decl":{"start":{"line":59,"column":18},"end":{"line":59,"column":19}},"loc":{"start":{"line":59,"column":24},"end":{"line":72,"column":3}},"line":59},"17":{"name":"(anonymous_17)","decl":{"start":{"line":63,"column":45},"end":{"line":63,"column":46}},"loc":{"start":{"line":63,"column":52},"end":{"line":63,"column":78}},"line":63},"18":{"name":"(anonymous_18)","decl":{"start":{"line":71,"column":14},"end":{"line":71,"column":15}},"loc":{"start":{"line":71,"column":31},"end":{"line":71,"column":82}},"line":71}},"branchMap":{"0":{"loc":{"start":{"line":5,"column":51},"end":{"line":5,"column":130}},"type":"cond-expr","locations":[{"start":{"line":5,"column":91},"end":{"line":5,"column":122}},{"start":{"line":5,"column":125},"end":{"line":5,"column":130}}],"line":5},"1":{"loc":{"start":{"line":5,"column":51},"end":{"line":5,"column":88}},"type":"binary-expr","locations":[{"start":{"line":5,"column":51},"end":{"line":5,"column":70}},{"start":{"line":5,"column":74},"end":{"line":5,"column":88}}],"line":5},"2":{"loc":{"start":{"line":11,"column":52},"end":{"line":11,"column":130}},"type":"binary-expr","locations":[{"start":{"line":11,"column":52},"end":{"line":11,"column":74}},{"start":{"line":11,"column":78},"end":{"line":11,"column":95}},{"start":{"line":11,"column":99},"end":{"line":11,"column":130}}],"line":11},"3":{"loc":{"start":{"line":34,"column":63},"end":{"line":34,"column":105}},"type":"binary-expr","locations":[{"start":{"line":34,"column":63},"end":{"line":34,"column":75}},{"start":{"line":34,"column":79},"end":{"line":34,"column":105}}],"line":34},"4":{"loc":{"start":{"line":35,"column":64},"end":{"line":35,"column":124}},"type":"binary-expr","locations":[{"start":{"line":35,"column":64},"end":{"line":35,"column":76}},{"start":{"line":35,"column":80},"end":{"line":35,"column":103}},{"start":{"line":35,"column":107},"end":{"line":35,"column":124}}],"line":35},"5":{"loc":{"start":{"line":38,"column":2},"end":{"line":45,"column":3}},"type":"if","locations":[{"start":{"line":38,"column":2},"end":{"line":45,"column":3}},{"start":{},"end":{}}],"line":38},"6":{"loc":{"start":{"line":38,"column":6},"end":{"line":38,"column":61}},"type":"binary-expr","locations":[{"start":{"line":38,"column":6},"end":{"line":38,"column":31}},{"start":{"line":38,"column":35},"end":{"line":38,"column":61}}],"line":38},"7":{"loc":{"start":{"line":52,"column":2},"end":{"line":54,"column":3}},"type":"if","locations":[{"start":{"line":52,"column":2},"end":{"line":54,"column":3}},{"start":{},"end":{}}],"line":52},"8":{"loc":{"start":{"line":55,"column":2},"end":{"line":57,"column":3}},"type":"if","locations":[{"start":{"line":55,"column":2},"end":{"line":57,"column":3}},{"start":{},"end":{}}],"line":55},"9":{"loc":{"start":{"line":55,"column":6},"end":{"line":55,"column":40}},"type":"binary-expr","locations":[{"start":{"line":55,"column":6},"end":{"line":55,"column":21}},{"start":{"line":55,"column":25},"end":{"line":55,"column":40}}],"line":55},"10":{"loc":{"start":{"line":60,"column":4},"end":{"line":66,"column":5}},"type":"if","locations":[{"start":{"line":60,"column":4},"end":{"line":66,"column":5}},{"start":{},"end":{}}],"line":60},"11":{"loc":{"start":{"line":61,"column":6},"end":{"line":64,"column":7}},"type":"if","locations":[{"start":{"line":61,"column":6},"end":{"line":64,"column":7}},{"start":{},"end":{}}],"line":61},"12":{"loc":{"start":{"line":74,"column":2},"end":{"line":84,"column":3}},"type":"switch","locations":[{"start":{"line":75,"column":4},"end":{"line":76,"column":23}},{"start":{"line":77,"column":4},"end":{"line":77,"column":21}},{"start":{"line":78,"column":4},"end":{"line":78,"column":20}},{"start":{"line":79,"column":4},"end":{"line":79,"column":18}},{"start":{"line":80,"column":4},"end":{"line":80,"column":18}},{"start":{"line":81,"column":4},"end":{"line":81,"column":19}},{"start":{"line":82,"column":4},"end":{"line":83,"column":31}}],"line":74}},"s":{"0":1,"1":2,"2":1,"3":3,"4":1,"5":2,"6":1,"7":2,"8":1,"9":2,"10":1,"11":0,"12":0,"13":0,"14":0,"15":1,"16":0,"17":0,"18":0,"19":1,"20":0,"21":0,"22":0,"23":0,"24":1,"25":146,"26":1,"27":24,"28":1,"29":146,"30":6,"31":6,"32":0,"33":140,"34":1,"35":73,"36":73,"37":73,"38":16,"39":57,"40":1,"41":56,"42":27,"43":19,"44":19,"45":19,"46":33,"47":0,"48":8,"49":9,"50":56,"51":27,"52":29},"f":{"0":2,"1":3,"2":2,"3":2,"4":2,"5":0,"6":0,"7":0,"8":0,"9":0,"10":0,"11":0,"12":146,"13":24,"14":146,"15":73,"16":27,"17":33,"18":9},"b":{"0":[2,1],"1":[3,2],"2":[2,2,2],"3":[146,140],"4":[24,22,6],"5":[6,140],"6":[146,24],"7":[16,57],"8":[1,56],"9":[57,1],"10":[19,8],"11":[19,0],"12":[27,0,2,21,27,29,29]},"_coverageSchema":"1a1c01bbd47fc00a2c39e90264f33305004495a9","hash":"ee5e3df7e20a9eb7cb8f0fb06b1f1da552d6f897"}
,"C:\\develop\\ft-frontend-saksbehandling\\packages\\utils\\src\\urlUtils.ts": {"path":"C:\\develop\\ft-frontend-saksbehandling\\packages\\utils\\src\\urlUtils.ts","statementMap":{"0":{"start":{"line":1,"column":32},"end":{"line":9,"column":1}},"1":{"start":{"line":2,"column":2},"end":{"line":8,"column":43}},"2":{"start":{"line":6,"column":20},"end":{"line":6,"column":36}},"3":{"start":{"line":7,"column":28},"end":{"line":7,"column":64}},"4":{"start":{"line":8,"column":23},"end":{"line":8,"column":37}},"5":{"start":{"line":11,"column":33},"end":{"line":21,"column":1}},"6":{"start":{"line":12,"column":2},"end":{"line":20,"column":5}},"7":{"start":{"line":15,"column":33},"end":{"line":15,"column":86}},"8":{"start":{"line":16,"column":30},"end":{"line":16,"column":72}},"9":{"start":{"line":17,"column":36},"end":{"line":17,"column":60}},"10":{"start":{"line":23,"column":28},"end":{"line":23,"column":52}},"11":{"start":{"line":25,"column":21},"end":{"line":38,"column":1}},"12":{"start":{"line":25,"column":54},"end":{"line":38,"column":1}},"13":{"start":{"line":26,"column":2},"end":{"line":28,"column":3}},"14":{"start":{"line":27,"column":4},"end":{"line":27,"column":19}},"15":{"start":{"line":30,"column":16},"end":{"line":30,"column":49}},"16":{"start":{"line":31,"column":2},"end":{"line":33,"column":3}},"17":{"start":{"line":32,"column":4},"end":{"line":32,"column":14}},"18":{"start":{"line":34,"column":46},"end":{"line":34,"column":63}},"19":{"start":{"line":35,"column":21},"end":{"line":35,"column":79}},"20":{"start":{"line":36,"column":21},"end":{"line":36,"column":79}},"21":{"start":{"line":37,"column":2},"end":{"line":37,"column":49}},"22":{"start":{"line":40,"column":25},"end":{"line":49,"column":1}},"23":{"start":{"line":41,"column":2},"end":{"line":48,"column":11}},"24":{"start":{"line":46,"column":25},"end":{"line":46,"column":39}}},"fnMap":{"0":{"name":"(anonymous_0)","decl":{"start":{"line":1,"column":32},"end":{"line":1,"column":33}},"loc":{"start":{"line":2,"column":2},"end":{"line":8,"column":43}},"line":2},"1":{"name":"(anonymous_1)","decl":{"start":{"line":6,"column":9},"end":{"line":6,"column":10}},"loc":{"start":{"line":6,"column":20},"end":{"line":6,"column":36}},"line":6},"2":{"name":"(anonymous_2)","decl":{"start":{"line":7,"column":9},"end":{"line":7,"column":10}},"loc":{"start":{"line":7,"column":28},"end":{"line":7,"column":64}},"line":7},"3":{"name":"(anonymous_3)","decl":{"start":{"line":8,"column":12},"end":{"line":8,"column":13}},"loc":{"start":{"line":8,"column":23},"end":{"line":8,"column":37}},"line":8},"4":{"name":"(anonymous_4)","decl":{"start":{"line":11,"column":33},"end":{"line":11,"column":34}},"loc":{"start":{"line":12,"column":2},"end":{"line":20,"column":5}},"line":12},"5":{"name":"(anonymous_5)","decl":{"start":{"line":15,"column":14},"end":{"line":15,"column":15}},"loc":{"start":{"line":15,"column":33},"end":{"line":15,"column":86}},"line":15},"6":{"name":"(anonymous_6)","decl":{"start":{"line":16,"column":11},"end":{"line":16,"column":12}},"loc":{"start":{"line":16,"column":30},"end":{"line":16,"column":72}},"line":16},"7":{"name":"(anonymous_7)","decl":{"start":{"line":17,"column":11},"end":{"line":17,"column":12}},"loc":{"start":{"line":17,"column":36},"end":{"line":17,"column":60}},"line":17},"8":{"name":"(anonymous_8)","decl":{"start":{"line":25,"column":21},"end":{"line":25,"column":22}},"loc":{"start":{"line":25,"column":54},"end":{"line":38,"column":1}},"line":25},"9":{"name":"(anonymous_9)","decl":{"start":{"line":25,"column":54},"end":{"line":25,"column":55}},"loc":{"start":{"line":25,"column":83},"end":{"line":38,"column":1}},"line":25},"10":{"name":"(anonymous_10)","decl":{"start":{"line":40,"column":25},"end":{"line":40,"column":26}},"loc":{"start":{"line":41,"column":2},"end":{"line":48,"column":11}},"line":41},"11":{"name":"(anonymous_11)","decl":{"start":{"line":46,"column":12},"end":{"line":46,"column":13}},"loc":{"start":{"line":46,"column":25},"end":{"line":46,"column":39}},"line":46}},"branchMap":{"0":{"loc":{"start":{"line":1,"column":33},"end":{"line":1,"column":49}},"type":"default-arg","locations":[{"start":{"line":1,"column":47},"end":{"line":1,"column":49}}],"line":1},"1":{"loc":{"start":{"line":11,"column":34},"end":{"line":11,"column":71}},"type":"default-arg","locations":[{"start":{"line":11,"column":69},"end":{"line":11,"column":71}}],"line":11},"2":{"loc":{"start":{"line":15,"column":33},"end":{"line":15,"column":86}},"type":"binary-expr","locations":[{"start":{"line":15,"column":33},"end":{"line":15,"column":52}},{"start":{"line":15,"column":56},"end":{"line":15,"column":70}},{"start":{"line":15,"column":74},"end":{"line":15,"column":86}}],"line":15},"3":{"loc":{"start":{"line":26,"column":2},"end":{"line":28,"column":3}},"type":"if","locations":[{"start":{"line":26,"column":2},"end":{"line":28,"column":3}},{"start":{},"end":{}}],"line":26},"4":{"loc":{"start":{"line":31,"column":2},"end":{"line":33,"column":3}},"type":"if","locations":[{"start":{"line":31,"column":2},"end":{"line":33,"column":3}},{"start":{},"end":{}}],"line":31},"5":{"loc":{"start":{"line":35,"column":32},"end":{"line":35,"column":54}},"type":"binary-expr","locations":[{"start":{"line":35,"column":32},"end":{"line":35,"column":44}},{"start":{"line":35,"column":48},"end":{"line":35,"column":54}}],"line":35},"6":{"loc":{"start":{"line":36,"column":21},"end":{"line":36,"column":79}},"type":"cond-expr","locations":[{"start":{"line":36,"column":34},"end":{"line":36,"column":74}},{"start":{"line":36,"column":77},"end":{"line":36,"column":79}}],"line":36},"7":{"loc":{"start":{"line":37,"column":9},"end":{"line":37,"column":48}},"type":"binary-expr","locations":[{"start":{"line":37,"column":9},"end":{"line":37,"column":19}},{"start":{"line":37,"column":24},"end":{"line":37,"column":47}}],"line":37},"8":{"loc":{"start":{"line":37,"column":24},"end":{"line":37,"column":47}},"type":"cond-expr","locations":[{"start":{"line":37,"column":35},"end":{"line":37,"column":37}},{"start":{"line":37,"column":40},"end":{"line":37,"column":47}}],"line":37},"9":{"loc":{"start":{"line":40,"column":40},"end":{"line":40,"column":72}},"type":"default-arg","locations":[{"start":{"line":40,"column":70},"end":{"line":40,"column":72}}],"line":40}},"s":{"0":1,"1":2,"2":3,"3":3,"4":3,"5":1,"6":0,"7":0,"8":0,"9":0,"10":1,"11":1,"12":2,"13":12,"14":5,"15":7,"16":7,"17":0,"18":7,"19":7,"20":7,"21":7,"22":1,"23":2,"24":12},"f":{"0":2,"1":3,"2":3,"3":3,"4":0,"5":0,"6":0,"7":0,"8":2,"9":12,"10":2,"11":12},"b":{"0":[0],"1":[0],"2":[0,0,0],"3":[5,7],"4":[0,7],"5":[7,4],"6":[5,2],"7":[7,4],"8":[2,2],"9":[0]},"_coverageSchema":"1a1c01bbd47fc00a2c39e90264f33305004495a9","hash":"8b0be18f110dc5bfa78833d7e611b18107309ab4"}
,"C:\\develop\\ft-frontend-saksbehandling\\packages\\utils\\src\\validation\\messages.ts": {"path":"C:\\develop\\ft-frontend-saksbehandling\\packages\\utils\\src\\validation\\messages.ts","statementMap":{"0":{"start":{"line":5,"column":13},"end":{"line":5,"column":33}},"1":{"start":{"line":7,"column":33},"end":{"line":7,"column":103}},"2":{"start":{"line":7,"column":47},"end":{"line":7,"column":103}},"3":{"start":{"line":8,"column":32},"end":{"line":8,"column":129}},"4":{"start":{"line":8,"column":60},"end":{"line":8,"column":129}},"5":{"start":{"line":9,"column":32},"end":{"line":9,"column":129}},"6":{"start":{"line":9,"column":60},"end":{"line":9,"column":129}},"7":{"start":{"line":10,"column":43},"end":{"line":10,"column":151}},"8":{"start":{"line":10,"column":71},"end":{"line":10,"column":151}},"9":{"start":{"line":11,"column":31},"end":{"line":11,"column":127}},"10":{"start":{"line":11,"column":59},"end":{"line":11,"column":127}},"11":{"start":{"line":12,"column":31},"end":{"line":12,"column":127}},"12":{"start":{"line":12,"column":59},"end":{"line":12,"column":127}},"13":{"start":{"line":13,"column":34},"end":{"line":13,"column":107}},"14":{"start":{"line":13,"column":48},"end":{"line":13,"column":107}},"15":{"start":{"line":14,"column":37},"end":{"line":14,"column":135}},"16":{"start":{"line":14,"column":63},"end":{"line":14,"column":135}},"17":{"start":{"line":15,"column":37},"end":{"line":15,"column":135}},"18":{"start":{"line":15,"column":63},"end":{"line":15,"column":135}},"19":{"start":{"line":16,"column":43},"end":{"line":16,"column":149}},"20":{"start":{"line":16,"column":70},"end":{"line":16,"column":149}},"21":{"start":{"line":17,"column":42},"end":{"line":17,"column":147}},"22":{"start":{"line":17,"column":69},"end":{"line":17,"column":147}},"23":{"start":{"line":18,"column":44},"end":{"line":18,"column":127}},"24":{"start":{"line":18,"column":58},"end":{"line":18,"column":127}},"25":{"start":{"line":19,"column":29},"end":{"line":19,"column":128}},"26":{"start":{"line":19,"column":56},"end":{"line":19,"column":128}},"27":{"start":{"line":20,"column":49},"end":{"line":20,"column":137}},"28":{"start":{"line":20,"column":63},"end":{"line":20,"column":137}},"29":{"start":{"line":21,"column":43},"end":{"line":21,"column":125}},"30":{"start":{"line":21,"column":57},"end":{"line":21,"column":125}},"31":{"start":{"line":22,"column":49},"end":{"line":22,"column":137}},"32":{"start":{"line":22,"column":63},"end":{"line":22,"column":137}},"33":{"start":{"line":23,"column":61},"end":{"line":25,"column":2}},"34":{"start":{"line":23,"column":75},"end":{"line":25,"column":2}},"35":{"start":{"line":26,"column":34},"end":{"line":26,"column":129}},"36":{"start":{"line":26,"column":60},"end":{"line":26,"column":129}},"37":{"start":{"line":27,"column":35},"end":{"line":27,"column":133}},"38":{"start":{"line":27,"column":62},"end":{"line":27,"column":133}},"39":{"start":{"line":28,"column":37},"end":{"line":28,"column":139}},"40":{"start":{"line":28,"column":65},"end":{"line":28,"column":139}},"41":{"start":{"line":29,"column":43},"end":{"line":29,"column":125}},"42":{"start":{"line":29,"column":57},"end":{"line":29,"column":125}},"43":{"start":{"line":30,"column":36},"end":{"line":30,"column":111}},"44":{"start":{"line":30,"column":50},"end":{"line":30,"column":111}},"45":{"start":{"line":31,"column":41},"end":{"line":31,"column":121}},"46":{"start":{"line":31,"column":55},"end":{"line":31,"column":121}},"47":{"start":{"line":32,"column":64},"end":{"line":34,"column":2}},"48":{"start":{"line":32,"column":78},"end":{"line":34,"column":2}},"49":{"start":{"line":35,"column":55},"end":{"line":35,"column":149}},"50":{"start":{"line":35,"column":69},"end":{"line":35,"column":149}},"51":{"start":{"line":36,"column":53},"end":{"line":36,"column":145}},"52":{"start":{"line":36,"column":67},"end":{"line":36,"column":145}},"53":{"start":{"line":37,"column":36},"end":{"line":37,"column":133}},"54":{"start":{"line":37,"column":62},"end":{"line":37,"column":133}},"55":{"start":{"line":38,"column":57},"end":{"line":40,"column":2}},"56":{"start":{"line":38,"column":71},"end":{"line":40,"column":2}},"57":{"start":{"line":41,"column":67},"end":{"line":41,"column":153}},"58":{"start":{"line":41,"column":81},"end":{"line":41,"column":153}},"59":{"start":{"line":42,"column":38},"end":{"line":42,"column":115}},"60":{"start":{"line":42,"column":52},"end":{"line":42,"column":115}},"61":{"start":{"line":43,"column":62},"end":{"line":43,"column":156}},"62":{"start":{"line":43,"column":76},"end":{"line":43,"column":156}},"63":{"start":{"line":44,"column":39},"end":{"line":44,"column":127}},"64":{"start":{"line":44,"column":53},"end":{"line":44,"column":127}},"65":{"start":{"line":45,"column":50},"end":{"line":45,"column":149}},"66":{"start":{"line":45,"column":64},"end":{"line":45,"column":149}},"67":{"start":{"line":46,"column":29},"end":{"line":46,"column":103}},"68":{"start":{"line":46,"column":43},"end":{"line":46,"column":103}}},"fnMap":{"0":{"name":"(anonymous_0)","decl":{"start":{"line":7,"column":33},"end":{"line":7,"column":34}},"loc":{"start":{"line":7,"column":47},"end":{"line":7,"column":103}},"line":7},"1":{"name":"(anonymous_1)","decl":{"start":{"line":8,"column":32},"end":{"line":8,"column":33}},"loc":{"start":{"line":8,"column":60},"end":{"line":8,"column":129}},"line":8},"2":{"name":"(anonymous_2)","decl":{"start":{"line":9,"column":32},"end":{"line":9,"column":33}},"loc":{"start":{"line":9,"column":60},"end":{"line":9,"column":129}},"line":9},"3":{"name":"(anonymous_3)","decl":{"start":{"line":10,"column":43},"end":{"line":10,"column":44}},"loc":{"start":{"line":10,"column":71},"end":{"line":10,"column":151}},"line":10},"4":{"name":"(anonymous_4)","decl":{"start":{"line":11,"column":31},"end":{"line":11,"column":32}},"loc":{"start":{"line":11,"column":59},"end":{"line":11,"column":127}},"line":11},"5":{"name":"(anonymous_5)","decl":{"start":{"line":12,"column":31},"end":{"line":12,"column":32}},"loc":{"start":{"line":12,"column":59},"end":{"line":12,"column":127}},"line":12},"6":{"name":"(anonymous_6)","decl":{"start":{"line":13,"column":34},"end":{"line":13,"column":35}},"loc":{"start":{"line":13,"column":48},"end":{"line":13,"column":107}},"line":13},"7":{"name":"(anonymous_7)","decl":{"start":{"line":14,"column":37},"end":{"line":14,"column":38}},"loc":{"start":{"line":14,"column":63},"end":{"line":14,"column":135}},"line":14},"8":{"name":"(anonymous_8)","decl":{"start":{"line":15,"column":37},"end":{"line":15,"column":38}},"loc":{"start":{"line":15,"column":63},"end":{"line":15,"column":135}},"line":15},"9":{"name":"(anonymous_9)","decl":{"start":{"line":16,"column":43},"end":{"line":16,"column":44}},"loc":{"start":{"line":16,"column":70},"end":{"line":16,"column":149}},"line":16},"10":{"name":"(anonymous_10)","decl":{"start":{"line":17,"column":42},"end":{"line":17,"column":43}},"loc":{"start":{"line":17,"column":69},"end":{"line":17,"column":147}},"line":17},"11":{"name":"(anonymous_11)","decl":{"start":{"line":18,"column":44},"end":{"line":18,"column":45}},"loc":{"start":{"line":18,"column":58},"end":{"line":18,"column":127}},"line":18},"12":{"name":"(anonymous_12)","decl":{"start":{"line":19,"column":29},"end":{"line":19,"column":30}},"loc":{"start":{"line":19,"column":56},"end":{"line":19,"column":128}},"line":19},"13":{"name":"(anonymous_13)","decl":{"start":{"line":20,"column":49},"end":{"line":20,"column":50}},"loc":{"start":{"line":20,"column":63},"end":{"line":20,"column":137}},"line":20},"14":{"name":"(anonymous_14)","decl":{"start":{"line":21,"column":43},"end":{"line":21,"column":44}},"loc":{"start":{"line":21,"column":57},"end":{"line":21,"column":125}},"line":21},"15":{"name":"(anonymous_15)","decl":{"start":{"line":22,"column":49},"end":{"line":22,"column":50}},"loc":{"start":{"line":22,"column":63},"end":{"line":22,"column":137}},"line":22},"16":{"name":"(anonymous_16)","decl":{"start":{"line":23,"column":61},"end":{"line":23,"column":62}},"loc":{"start":{"line":23,"column":75},"end":{"line":25,"column":2}},"line":23},"17":{"name":"(anonymous_17)","decl":{"start":{"line":26,"column":34},"end":{"line":26,"column":35}},"loc":{"start":{"line":26,"column":60},"end":{"line":26,"column":129}},"line":26},"18":{"name":"(anonymous_18)","decl":{"start":{"line":27,"column":35},"end":{"line":27,"column":36}},"loc":{"start":{"line":27,"column":62},"end":{"line":27,"column":133}},"line":27},"19":{"name":"(anonymous_19)","decl":{"start":{"line":28,"column":37},"end":{"line":28,"column":38}},"loc":{"start":{"line":28,"column":65},"end":{"line":28,"column":139}},"line":28},"20":{"name":"(anonymous_20)","decl":{"start":{"line":29,"column":43},"end":{"line":29,"column":44}},"loc":{"start":{"line":29,"column":57},"end":{"line":29,"column":125}},"line":29},"21":{"name":"(anonymous_21)","decl":{"start":{"line":30,"column":36},"end":{"line":30,"column":37}},"loc":{"start":{"line":30,"column":50},"end":{"line":30,"column":111}},"line":30},"22":{"name":"(anonymous_22)","decl":{"start":{"line":31,"column":41},"end":{"line":31,"column":42}},"loc":{"start":{"line":31,"column":55},"end":{"line":31,"column":121}},"line":31},"23":{"name":"(anonymous_23)","decl":{"start":{"line":32,"column":64},"end":{"line":32,"column":65}},"loc":{"start":{"line":32,"column":78},"end":{"line":34,"column":2}},"line":32},"24":{"name":"(anonymous_24)","decl":{"start":{"line":35,"column":55},"end":{"line":35,"column":56}},"loc":{"start":{"line":35,"column":69},"end":{"line":35,"column":149}},"line":35},"25":{"name":"(anonymous_25)","decl":{"start":{"line":36,"column":53},"end":{"line":36,"column":54}},"loc":{"start":{"line":36,"column":67},"end":{"line":36,"column":145}},"line":36},"26":{"name":"(anonymous_26)","decl":{"start":{"line":37,"column":36},"end":{"line":37,"column":37}},"loc":{"start":{"line":37,"column":62},"end":{"line":37,"column":133}},"line":37},"27":{"name":"(anonymous_27)","decl":{"start":{"line":38,"column":57},"end":{"line":38,"column":58}},"loc":{"start":{"line":38,"column":71},"end":{"line":40,"column":2}},"line":38},"28":{"name":"(anonymous_28)","decl":{"start":{"line":41,"column":67},"end":{"line":41,"column":68}},"loc":{"start":{"line":41,"column":81},"end":{"line":41,"column":153}},"line":41},"29":{"name":"(anonymous_29)","decl":{"start":{"line":42,"column":38},"end":{"line":42,"column":39}},"loc":{"start":{"line":42,"column":52},"end":{"line":42,"column":115}},"line":42},"30":{"name":"(anonymous_30)","decl":{"start":{"line":43,"column":62},"end":{"line":43,"column":63}},"loc":{"start":{"line":43,"column":76},"end":{"line":43,"column":156}},"line":43},"31":{"name":"(anonymous_31)","decl":{"start":{"line":44,"column":39},"end":{"line":44,"column":40}},"loc":{"start":{"line":44,"column":53},"end":{"line":44,"column":127}},"line":44},"32":{"name":"(anonymous_32)","decl":{"start":{"line":45,"column":50},"end":{"line":45,"column":51}},"loc":{"start":{"line":45,"column":64},"end":{"line":45,"column":149}},"line":45},"33":{"name":"(anonymous_33)","decl":{"start":{"line":46,"column":29},"end":{"line":46,"column":30}},"loc":{"start":{"line":46,"column":43},"end":{"line":46,"column":103}},"line":46}},"branchMap":{},"s":{"0":1,"1":1,"2":6,"3":1,"4":1,"5":1,"6":1,"7":1,"8":0,"9":1,"10":1,"11":1,"12":1,"13":1,"14":3,"15":1,"16":1,"17":1,"18":1,"19":1,"20":3,"21":1,"22":3,"23":1,"24":1,"25":1,"26":0,"27":1,"28":1,"29":1,"30":1,"31":1,"32":0,"33":1,"34":1,"35":1,"36":2,"37":1,"38":0,"39":1,"40":0,"41":1,"42":2,"43":1,"44":1,"45":1,"46":2,"47":1,"48":0,"49":1,"50":0,"51":1,"52":0,"53":1,"54":2,"55":1,"56":0,"57":1,"58":0,"59":1,"60":0,"61":1,"62":0,"63":1,"64":0,"65":1,"66":0,"67":1,"68":0},"f":{"0":6,"1":1,"2":1,"3":0,"4":1,"5":1,"6":3,"7":1,"8":1,"9":3,"10":3,"11":1,"12":0,"13":1,"14":1,"15":0,"16":1,"17":2,"18":0,"19":0,"20":2,"21":1,"22":2,"23":0,"24":0,"25":0,"26":2,"27":0,"28":0,"29":0,"30":0,"31":0,"32":0,"33":0},"b":{},"_coverageSchema":"1a1c01bbd47fc00a2c39e90264f33305004495a9","hash":"fa7e49fd01cc5f92424d126d06e54391d10e404b"}
,"C:\\develop\\ft-frontend-saksbehandling\\packages\\utils\\src\\validation\\validators.ts": {"path":"C:\\develop\\ft-frontend-saksbehandling\\packages\\utils\\src\\validation\\validators.ts","statementMap":{"0":{"start":{"line":61,"column":36},"end":{"line":63,"column":90}},"1":{"start":{"line":61,"column":56},"end":{"line":63,"column":90}},"2":{"start":{"line":61,"column":97},"end":{"line":63,"column":89}},"3":{"start":{"line":64,"column":24},"end":{"line":64,"column":120}},"4":{"start":{"line":64,"column":71},"end":{"line":64,"column":119}},"5":{"start":{"line":65,"column":23},"end":{"line":65,"column":117}},"6":{"start":{"line":65,"column":69},"end":{"line":65,"column":116}},"7":{"start":{"line":67,"column":37},"end":{"line":73,"column":55}},"8":{"start":{"line":72,"column":28},"end":{"line":73,"column":54}},"9":{"start":{"line":75,"column":46},"end":{"line":83,"column":117}},"10":{"start":{"line":78,"column":5},"end":{"line":83,"column":117}},"11":{"start":{"line":83,"column":28},"end":{"line":83,"column":116}},"12":{"start":{"line":85,"column":49},"end":{"line":89,"column":106}},"13":{"start":{"line":87,"column":5},"end":{"line":89,"column":106}},"14":{"start":{"line":89,"column":28},"end":{"line":89,"column":105}},"15":{"start":{"line":91,"column":25},"end":{"line":93,"column":79}},"16":{"start":{"line":91,"column":45},"end":{"line":93,"column":79}},"17":{"start":{"line":91,"column":86},"end":{"line":93,"column":78}},"18":{"start":{"line":94,"column":25},"end":{"line":96,"column":79}},"19":{"start":{"line":94,"column":45},"end":{"line":96,"column":79}},"20":{"start":{"line":94,"column":86},"end":{"line":96,"column":78}},"21":{"start":{"line":98,"column":24},"end":{"line":98,"column":137}},"22":{"start":{"line":98,"column":44},"end":{"line":98,"column":137}},"23":{"start":{"line":98,"column":87},"end":{"line":98,"column":136}},"24":{"start":{"line":99,"column":24},"end":{"line":99,"column":137}},"25":{"start":{"line":99,"column":44},"end":{"line":99,"column":137}},"26":{"start":{"line":99,"column":87},"end":{"line":99,"column":136}},"27":{"start":{"line":101,"column":33},"end":{"line":102,"column":32}},"28":{"start":{"line":101,"column":50},"end":{"line":102,"column":32}},"29":{"start":{"line":101,"column":93},"end":{"line":102,"column":31}},"30":{"start":{"line":103,"column":33},"end":{"line":104,"column":32}},"31":{"start":{"line":103,"column":50},"end":{"line":104,"column":32}},"32":{"start":{"line":103,"column":93},"end":{"line":104,"column":31}},"33":{"start":{"line":106,"column":33},"end":{"line":106,"column":149}},"34":{"start":{"line":106,"column":76},"end":{"line":106,"column":148}},"35":{"start":{"line":107,"column":44},"end":{"line":108,"column":88}},"36":{"start":{"line":107,"column":87},"end":{"line":108,"column":87}},"37":{"start":{"line":109,"column":31},"end":{"line":109,"column":116}},"38":{"start":{"line":109,"column":73},"end":{"line":109,"column":115}},"39":{"start":{"line":111,"column":23},"end":{"line":112,"column":49}},"40":{"start":{"line":111,"column":73},"end":{"line":112,"column":48}},"41":{"start":{"line":113,"column":20},"end":{"line":114,"column":50}},"42":{"start":{"line":113,"column":70},"end":{"line":114,"column":49}},"43":{"start":{"line":115,"column":20},"end":{"line":116,"column":50}},"44":{"start":{"line":115,"column":70},"end":{"line":116,"column":49}},"45":{"start":{"line":117,"column":31},"end":{"line":117,"column":123}},"46":{"start":{"line":117,"column":81},"end":{"line":117,"column":122}},"47":{"start":{"line":118,"column":31},"end":{"line":118,"column":123}},"48":{"start":{"line":118,"column":81},"end":{"line":118,"column":122}},"49":{"start":{"line":120,"column":55},"end":{"line":121,"column":59}},"50":{"start":{"line":120,"column":96},"end":{"line":121,"column":58}},"51":{"start":{"line":123,"column":28},"end":{"line":123,"column":140}},"52":{"start":{"line":123,"column":69},"end":{"line":123,"column":139}},"53":{"start":{"line":124,"column":33},"end":{"line":128,"column":1}},"54":{"start":{"line":124,"column":55},"end":{"line":128,"column":1}},"55":{"start":{"line":125,"column":2},"end":{"line":127,"column":78}},"56":{"start":{"line":129,"column":24},"end":{"line":132,"column":1}},"57":{"start":{"line":130,"column":15},"end":{"line":130,"column":60}},"58":{"start":{"line":131,"column":2},"end":{"line":131,"column":90}},"59":{"start":{"line":133,"column":32},"end":{"line":139,"column":1}},"60":{"start":{"line":133,"column":125},"end":{"line":139,"column":1}},"61":{"start":{"line":136,"column":2},"end":{"line":138,"column":59}},"62":{"start":{"line":140,"column":28},"end":{"line":146,"column":1}},"63":{"start":{"line":140,"column":122},"end":{"line":146,"column":1}},"64":{"start":{"line":143,"column":2},"end":{"line":145,"column":83}},"65":{"start":{"line":148,"column":40},"end":{"line":148,"column":159}},"66":{"start":{"line":148,"column":87},"end":{"line":148,"column":158}},"67":{"start":{"line":149,"column":50},"end":{"line":150,"column":60}},"68":{"start":{"line":149,"column":97},"end":{"line":150,"column":59}},"69":{"start":{"line":152,"column":31},"end":{"line":152,"column":124}},"70":{"start":{"line":152,"column":88},"end":{"line":152,"column":124}},"71":{"start":{"line":153,"column":40},"end":{"line":153,"column":145}},"72":{"start":{"line":153,"column":97},"end":{"line":153,"column":145}},"73":{"start":{"line":154,"column":30},"end":{"line":154,"column":121}},"74":{"start":{"line":154,"column":87},"end":{"line":154,"column":121}},"75":{"start":{"line":155,"column":39},"end":{"line":155,"column":143}},"76":{"start":{"line":155,"column":96},"end":{"line":155,"column":143}},"77":{"start":{"line":157,"column":43},"end":{"line":158,"column":47}},"78":{"start":{"line":157,"column":84},"end":{"line":158,"column":46}},"79":{"start":{"line":159,"column":37},"end":{"line":159,"column":145}},"80":{"start":{"line":159,"column":78},"end":{"line":159,"column":144}},"81":{"start":{"line":161,"column":28},"end":{"line":167,"column":1}},"82":{"start":{"line":162,"column":2},"end":{"line":165,"column":3}},"83":{"start":{"line":163,"column":25},"end":{"line":163,"column":58}},"84":{"start":{"line":164,"column":4},"end":{"line":164,"column":78}},"85":{"start":{"line":166,"column":2},"end":{"line":166,"column":14}},"86":{"start":{"line":169,"column":28},"end":{"line":175,"column":1}},"87":{"start":{"line":170,"column":2},"end":{"line":173,"column":3}},"88":{"start":{"line":171,"column":25},"end":{"line":171,"column":58}},"89":{"start":{"line":172,"column":4},"end":{"line":172,"column":78}},"90":{"start":{"line":174,"column":2},"end":{"line":174,"column":14}},"91":{"start":{"line":177,"column":29},"end":{"line":177,"column":156}},"92":{"start":{"line":177,"column":48},"end":{"line":177,"column":156}},"93":{"start":{"line":177,"column":97},"end":{"line":177,"column":155}},"94":{"start":{"line":179,"column":30},"end":{"line":180,"column":41}},"95":{"start":{"line":179,"column":50},"end":{"line":180,"column":41}},"96":{"start":{"line":179,"column":92},"end":{"line":180,"column":40}},"97":{"start":{"line":182,"column":27},"end":{"line":182,"column":116}},"98":{"start":{"line":182,"column":79},"end":{"line":182,"column":116}},"99":{"start":{"line":183,"column":28},"end":{"line":184,"column":69}},"100":{"start":{"line":183,"column":85},"end":{"line":184,"column":68}},"101":{"start":{"line":186,"column":21},"end":{"line":200,"column":1}},"102":{"start":{"line":192,"column":16},"end":{"line":192,"column":64}},"103":{"start":{"line":193,"column":2},"end":{"line":195,"column":3}},"104":{"start":{"line":194,"column":4},"end":{"line":194,"column":48}},"105":{"start":{"line":196,"column":2},"end":{"line":198,"column":3}},"106":{"start":{"line":197,"column":4},"end":{"line":197,"column":47}},"107":{"start":{"line":199,"column":2},"end":{"line":199,"column":15}},"108":{"start":{"line":208,"column":50},"end":{"line":247,"column":1}},"109":{"start":{"line":213,"column":16},"end":{"line":213,"column":48}},"110":{"start":{"line":214,"column":21},"end":{"line":214,"column":56}},"111":{"start":{"line":215,"column":2},"end":{"line":217,"column":3}},"112":{"start":{"line":216,"column":4},"end":{"line":216,"column":40}},"113":{"start":{"line":218,"column":21},"end":{"line":218,"column":57}},"114":{"start":{"line":219,"column":2},"end":{"line":221,"column":3}},"115":{"start":{"line":220,"column":4},"end":{"line":220,"column":43}},"116":{"start":{"line":222,"column":22},"end":{"line":238,"column":4}},"117":{"start":{"line":223,"column":27},"end":{"line":223,"column":62}},"118":{"start":{"line":224,"column":27},"end":{"line":224,"column":62}},"119":{"start":{"line":225,"column":28},"end":{"line":225,"column":94}},"120":{"start":{"line":226,"column":26},"end":{"line":226,"column":92}},"121":{"start":{"line":227,"column":4},"end":{"line":229,"column":5}},"122":{"start":{"line":228,"column":6},"end":{"line":228,"column":92}},"123":{"start":{"line":230,"column":4},"end":{"line":236,"column":5}},"124":{"start":{"line":231,"column":6},"end":{"line":235,"column":8}},"125":{"start":{"line":237,"column":4},"end":{"line":237,"column":16}},"126":{"start":{"line":239,"column":2},"end":{"line":241,"column":3}},"127":{"start":{"line":239,"column":35},"end":{"line":239,"column":50}},"128":{"start":{"line":240,"column":4},"end":{"line":240,"column":23}},"129":{"start":{"line":242,"column":23},"end":{"line":242,"column":117}},"130":{"start":{"line":242,"column":91},"end":{"line":242,"column":115}},"131":{"
[...]
ine":145,"column":6},"end":{"line":145,"column":83}}],"line":143},"40":{"loc":{"start":{"line":143,"column":3},"end":{"line":143,"column":94}},"type":"binary-expr","locations":[{"start":{"line":143,"column":3},"end":{"line":143,"column":21}},{"start":{"line":143,"column":25},"end":{"line":143,"column":94}}],"line":143},"41":{"loc":{"start":{"line":148,"column":87},"end":{"line":148,"column":158}},"type":"cond-expr","locations":[{"start":{"line":148,"column":121},"end":{"line":148,"column":125}},{"start":{"line":148,"column":128},"end":{"line":148,"column":158}}],"line":148},"42":{"loc":{"start":{"line":149,"column":97},"end":{"line":150,"column":59}},"type":"cond-expr","locations":[{"start":{"line":150,"column":4},"end":{"line":150,"column":8}},{"start":{"line":150,"column":11},"end":{"line":150,"column":59}}],"line":149},"43":{"loc":{"start":{"line":157,"column":84},"end":{"line":158,"column":46}},"type":"cond-expr","locations":[{"start":{"line":158,"column":4},"end":{"line":158,"column":39}},{"start":{"line":158,"column":42},"end":{"line":158,"column":46}}],"line":157},"44":{"loc":{"start":{"line":159,"column":78},"end":{"line":159,"column":144}},"type":"cond-expr","locations":[{"start":{"line":159,"column":108},"end":{"line":159,"column":137}},{"start":{"line":159,"column":140},"end":{"line":159,"column":144}}],"line":159},"45":{"loc":{"start":{"line":162,"column":2},"end":{"line":165,"column":3}},"type":"if","locations":[{"start":{"line":162,"column":2},"end":{"line":165,"column":3}},{"start":{},"end":{}}],"line":162},"46":{"loc":{"start":{"line":170,"column":2},"end":{"line":173,"column":3}},"type":"if","locations":[{"start":{"line":170,"column":2},"end":{"line":173,"column":3}},{"start":{},"end":{}}],"line":170},"47":{"loc":{"start":{"line":177,"column":97},"end":{"line":177,"column":155}},"type":"cond-expr","locations":[{"start":{"line":177,"column":122},"end":{"line":177,"column":148}},{"start":{"line":177,"column":151},"end":{"line":177,"column":155}}],"line":177},"48":{"loc":{"start":{"line":179,"column":92},"end":{"line":180,"column":40}},"type":"cond-expr","locations":[{"start":{"line":180,"column":4},"end":{"line":180,"column":8}},{"start":{"line":180,"column":11},"end":{"line":180,"column":40}}],"line":179},"49":{"loc":{"start":{"line":179,"column":92},"end":{"line":179,"column":123}},"type":"binary-expr","locations":[{"start":{"line":179,"column":92},"end":{"line":179,"column":97}},{"start":{"line":179,"column":101},"end":{"line":179,"column":123}}],"line":179},"50":{"loc":{"start":{"line":183,"column":85},"end":{"line":184,"column":68}},"type":"cond-expr","locations":[{"start":{"line":184,"column":4},"end":{"line":184,"column":61}},{"start":{"line":184,"column":64},"end":{"line":184,"column":68}}],"line":183},"51":{"loc":{"start":{"line":192,"column":16},"end":{"line":192,"column":64}},"type":"binary-expr","locations":[{"start":{"line":192,"column":16},"end":{"line":192,"column":36}},{"start":{"line":192,"column":40},"end":{"line":192,"column":64}}],"line":192},"52":{"loc":{"start":{"line":193,"column":2},"end":{"line":195,"column":3}},"type":"if","locations":[{"start":{"line":193,"column":2},"end":{"line":195,"column":3}},{"start":{},"end":{}}],"line":193},"53":{"loc":{"start":{"line":193,"column":6},"end":{"line":193,"column":28}},"type":"binary-expr","locations":[{"start":{"line":193,"column":6},"end":{"line":193,"column":12}},{"start":{"line":193,"column":16},"end":{"line":193,"column":28}}],"line":193},"54":{"loc":{"start":{"line":196,"column":2},"end":{"line":198,"column":3}},"type":"if","locations":[{"start":{"line":196,"column":2},"end":{"line":198,"column":3}},{"start":{},"end":{}}],"line":196},"55":{"loc":{"start":{"line":196,"column":6},"end":{"line":196,"column":26}},"type":"binary-expr","locations":[{"start":{"line":196,"column":6},"end":{"line":196,"column":12}},{"start":{"line":196,"column":16},"end":{"line":196,"column":26}}],"line":196},"56":{"loc":{"start":{"line":210,"column":2},"end":{"line":210,"column":41}},"type":"default-arg","locations":[{"start":{"line":210,"column":37},"end":{"line":210,"column":41}}],"line":210},"57":{"loc":{"start":{"line":211,"column":2},"end":{"line":211,"column":23}},"type":"default-arg","locations":[{"start":{"line":211,"column":21},"end":{"line":211,"column":23}}],"line":211},"58":{"loc":{"start":{"line":214,"column":21},"end":{"line":214,"column":56}},"type":"cond-expr","locations":[{"start":{"line":214,"column":44},"end":{"line":214,"column":49}},{"start":{"line":214,"column":52},"end":{"line":214,"column":56}}],"line":214},"59":{"loc":{"start":{"line":215,"column":2},"end":{"line":217,"column":3}},"type":"if","locations":[{"start":{"line":215,"column":2},"end":{"line":217,"column":3}},{"start":{},"end":{}}],"line":215},"60":{"loc":{"start":{"line":218,"column":21},"end":{"line":218,"column":57}},"type":"cond-expr","locations":[{"start":{"line":218,"column":45},"end":{"line":218,"column":50}},{"start":{"line":218,"column":53},"end":{"line":218,"column":57}}],"line":218},"61":{"loc":{"start":{"line":219,"column":2},"end":{"line":221,"column":3}},"type":"if","locations":[{"start":{"line":219,"column":2},"end":{"line":221,"column":3}},{"start":{},"end":{}}],"line":219},"62":{"loc":{"start":{"line":219,"column":6},"end":{"line":219,"column":31}},"type":"binary-expr","locations":[{"start":{"line":219,"column":6},"end":{"line":219,"column":13}},{"start":{"line":219,"column":17},"end":{"line":219,"column":31}}],"line":219},"63":{"loc":{"start":{"line":227,"column":4},"end":{"line":229,"column":5}},"type":"if","locations":[{"start":{"line":227,"column":4},"end":{"line":229,"column":5}},{"start":{},"end":{}}],"line":227},"64":{"loc":{"start":{"line":228,"column":24},"end":{"line":228,"column":91}},"type":"binary-expr","locations":[{"start":{"line":228,"column":24},"end":{"line":228,"column":39}},{"start":{"line":228,"column":43},"end":{"line":228,"column":91}}],"line":228},"65":{"loc":{"start":{"line":230,"column":4},"end":{"line":236,"column":5}},"type":"if","locations":[{"start":{"line":230,"column":4},"end":{"line":236,"column":5}},{"start":{},"end":{}}],"line":230},"66":{"loc":{"start":{"line":230,"column":8},"end":{"line":230,"column":73}},"type":"binary-expr","locations":[{"start":{"line":230,"column":8},"end":{"line":230,"column":23}},{"start":{"line":230,"column":27},"end":{"line":230,"column":42}},{"start":{"line":230,"column":46},"end":{"line":230,"column":73}}],"line":230},"67":{"loc":{"start":{"line":239,"column":2},"end":{"line":241,"column":3}},"type":"if","locations":[{"start":{"line":239,"column":2},"end":{"line":241,"column":3}},{"start":{},"end":{}}],"line":239},"68":{"loc":{"start":{"line":243,"column":2},"end":{"line":245,"column":3}},"type":"if","locations":[{"start":{"line":243,"column":2},"end":{"line":245,"column":3}},{"start":{},"end":{}}],"line":243},"69":{"loc":{"start":{"line":250,"column":2},"end":{"line":252,"column":3}},"type":"if","locations":[{"start":{"line":250,"column":2},"end":{"line":252,"column":3}},{"start":{},"end":{}}],"line":250},"70":{"loc":{"start":{"line":250,"column":6},"end":{"line":250,"column":42}},"type":"binary-expr","locations":[{"start":{"line":250,"column":6},"end":{"line":250,"column":22}},{"start":{"line":250,"column":26},"end":{"line":250,"column":42}}],"line":250},"71":{"loc":{"start":{"line":253,"column":9},"end":{"line":253,"column":103}},"type":"cond-expr","locations":[{"start":{"line":253,"column":74},"end":{"line":253,"column":78}},{"start":{"line":253,"column":81},"end":{"line":253,"column":103}}],"line":253},"72":{"loc":{"start":{"line":257,"column":2},"end":{"line":259,"column":3}},"type":"if","locations":[{"start":{"line":257,"column":2},"end":{"line":259,"column":3}},{"start":{},"end":{}}],"line":257},"73":{"loc":{"start":{"line":257,"column":6},"end":{"line":257,"column":42}},"type":"binary-expr","locations":[{"start":{"line":257,"column":6},"end":{"line":257,"column":22}},{"start":{"line":257,"column":26},"end":{"line":257,"column":42}}],"line":257},"74":{"loc":{"start":{"line":260,"column":2},"end":{"line":262,"column":3}},"type":"if","locations":[{"start":{"line":260,"column":2},"end":{"line":262,"column":3}},{"start":{},"end":{}}],"line":260},"75":{"loc":{"start":{"line":260,"column":6},"end":{"line":260,"column":64}},"type":"binary-expr","locations":[{"start":{"line":260,"column":6},"end":{"line":260,"column":33}},{"start":{"line":260,"column":37},"end":{"line":260,"column":64}}],"line":260},"76":{"loc":{"start":{"line":263,"column":9},"end":{"line":263,"column":103}},"type":"cond-expr","locations":[{"start":{"line":263,"column":74},"end":{"line":263,"column":78}},{"start":{"line":263,"column":81},"end":{"line":263,"column":103}}],"line":263},"77":{"loc":{"start":{"line":269,"column":9},"end":{"line":269,"column":65}},"type":"cond-expr","locations":[{"start":{"line":269,"column":31},"end":{"line":269,"column":58}},{"start":{"line":269,"column":61},"end":{"line":269,"column":65}}],"line":269},"78":{"loc":{"start":{"line":269,"column":9},"end":{"line":269,"column":28}},"type":"binary-expr","locations":[{"start":{"line":269,"column":9},"end":{"line":269,"column":17}},{"start":{"line":269,"column":21},"end":{"line":269,"column":28}}],"line":269},"79":{"loc":{"start":{"line":273,"column":2},"end":{"line":275,"column":3}},"type":"if","locations":[{"start":{"line":273,"column":2},"end":{"line":275,"column":3}},{"start":{},"end":{}}],"line":273},"80":{"loc":{"start":{"line":280,"column":2},"end":{"line":282,"column":3}},"type":"if","locations":[{"start":{"line":280,"column":2},"end":{"line":282,"column":3}},{"start":{},"end":{}}],"line":280},"81":{"loc":{"start":{"line":280,"column":6},"end":{"line":280,"column":54}},"type":"binary-expr","locations":[{"start":{"line":280,"column":6},"end":{"line":280,"column":17}},{"start":{"line":280,"column":21},"end":{"line":280,"column":31}},{"start":{"line":280,"column":35},"end":{"line":280,"column":54}}],"line":280},"82":{"loc":{"start":{"line":286,"column":93},"end":{"line":287,"column":94}},"type":"binary-expr","locations":[{"start":{"line":286,"column":93},"end":{"line":286,"column":115}},{"start":{"line":287,"column":5},"end":{"line":287,"column":34}},{"start":{"line":287,"column":38},"end":{"line":287,"column":94}}],"line":286},"83":{"loc":{"start":{"line":292,"column":4},"end":{"line":296,"column":5}},"type":"if","locations":[{"start":{"line":292,"column":4},"end":{"line":296,"column":5}},{"start":{"line":294,"column":11},"end":{"line":296,"column":5}}],"line":292},"84":{"loc":{"start":{"line":294,"column":11},"end":{"line":296,"column":5}},"type":"if","locations":[{"start":{"line":294,"column":11},"end":{"line":296,"column":5}},{"start":{},"end":{}}],"line":294},"85":{"loc":{"start":{"line":297,"column":4},"end":{"line":305,"column":5}},"type":"if","locations":[{"start":{"line":297,"column":4},"end":{"line":305,"column":5}},{"start":{},"end":{}}],"line":297},"86":{"loc":{"start":{"line":297,"column":8},"end":{"line":297,"column":35}},"type":"binary-expr","locations":[{"start":{"line":297,"column":8},"end":{"line":297,"column":14}},{"start":{"line":297,"column":18},"end":{"line":297,"column":35}}],"line":297},"87":{"loc":{"start":{"line":309,"column":90},"end":{"line":309,"column":150}},"type":"cond-expr","locations":[{"start":{"line":309,"column":102},"end":{"line":309,"column":143}},{"start":{"line":309,"column":146},"end":{"line":309,"column":150}}],"line":309},"88":{"loc":{"start":{"line":311,"column":90},"end":{"line":311,"column":148}},"type":"cond-expr","locations":[{"start":{"line":311,"column":102},"end":{"line":311,"column":141}},{"start":{"line":311,"column":144},"end":{"line":311,"column":148}}],"line":311}},"s":{"0":1,"1":0,"2":0,"3":1,"4":3,"5":1,"6":0,"7":1,"8":4,"9":1,"10":4,"11":4,"12":1,"13":0,"14":0,"15":1,"16":2,"17":2,"18":1,"19":2,"20":2,"21":1,"22":2,"23":2,"24":1,"25":2,"26":2,"27":1,"28":0,"29":0,"30":1,"31":0,"32":0,"33":1,"34":0,"35":1,"36":0,"37":1,"38":0,"39":1,"40":6,"41":1,"42":2,"43":1,"44":2,"45":1,"46":3,"47":1,"48":3,"49":1,"50":2,"51":1,"52":5,"53":1,"54":11,"55":11,"56":1,"57":3,"58":3,"59":1,"60":10,"61":10,"62":1,"63":3,"64":3,"65":1,"66":2,"67":1,"68":0,"69":1,"70":3,"71":1,"72":4,"73":1,"74":3,"75":1,"76":3,"77":1,"78":2,"79":1,"80":2,"81":1,"82":2,"83":1,"84":1,"85":1,"86":1,"87":2,"88":1,"89":1,"90":1,"91":1,"92":0,"93":0,"94":1,"95":0,"96":0,"97":1,"98":0,"99":1,"100":0,"101":1,"102":0,"103":0,"104":0,"105":0,"106":0,"107":0,"108":1,"109":0,"110":0,"111":0,"112":0,"113":0,"114":0,"115":0,"116":0,"117":0,"118":0,"119":0,"120":0,"121":0,"122":0,"123":0,"124":0,"125":0,"126":0,"127":0,"128":0,"129":0,"130":0,"131":0,"132":0,"133":0,"134":1,"135":0,"136":0,"137":0,"138":1,"139":6,"140":1,"141":5,"142":2,"143":3,"144":1,"145":4,"146":4,"147":4,"148":4,"149":1,"150":0,"151":0,"152":0,"153":1,"154":0,"155":0,"156":0,"157":1,"158":0,"159":1,"160":0,"161":0,"162":0,"163":0,"164":0,"165":0,"166":0,"167":0,"168":0,"169":0,"170":0,"171":0,"172":0,"173":1,"174":0,"175":1,"176":0},"f":{"0":0,"1":0,"2":3,"3":0,"4":4,"5":4,"6":4,"7":0,"8":0,"9":2,"10":2,"11":2,"12":2,"13":2,"14":2,"15":2,"16":2,"17":0,"18":0,"19":0,"20":0,"21":0,"22":0,"23":0,"24":6,"25":2,"26":2,"27":3,"28":3,"29":2,"30":5,"31":11,"32":11,"33":3,"34":10,"35":10,"36":3,"37":3,"38":2,"39":0,"40":3,"41":4,"42":3,"43":3,"44":2,"45":2,"46":2,"47":2,"48":0,"49":0,"50":0,"51":0,"52":0,"53":0,"54":0,"55":0,"56":0,"57":0,"58":0,"59":0,"60":6,"61":4,"62":4,"63":0,"64":0,"65":0,"66":0,"67":0,"68":0,"69":0},"b":{"0":[0,0],"1":[0,0],"2":[2,1],"3":[0,0],"4":[2,2],"5":[4,3],"6":[2,2],"7":[4,3],"8":[0,0],"9":[0,0],"10":[1,1],"11":[2,2],"12":[1,1],"13":[2,2],"14":[1,1],"15":[1,1],"16":[0,0],"17":[0,0],"18":[0,0],"19":[0,0],"20":[0,0],"21":[0,0],"22":[4,2],"23":[6,6],"24":[1,1],"25":[2,2],"26":[1,1],"27":[2,2],"28":[3,2],"29":[3,2],"30":[1,1],"31":[2,2],"32":[2,3],"33":[5,4],"34":[8,3],"35":[11,8],"36":[0,3],"37":[7,3],"38":[10,7],"39":[1,2],"40":[3,3],"41":[1,1],"42":[0,0],"43":[1,1],"44":[1,1],"45":[1,1],"46":[1,1],"47":[0,0],"48":[0,0],"49":[0,0],"50":[0,0],"51":[0,0],"52":[0,0],"53":[0,0],"54":[0,0],"55":[0,0],"56":[0],"57":[0],"58":[0,0],"59":[0,0],"60":[0,0],"61":[0,0],"62":[0,0],"63":[0,0],"64":[0,0],"65":[0,0],"66":[0,0,0],"67":[0,0],"68":[0,0],"69":[0,0],"70":[0,0],"71":[0,0],"72":[1,5],"73":[6,1],"74":[2,3],"75":[5,4],"76":[2,1],"77":[2,2],"78":[4,3],"79":[0,0],"80":[0,0],"81":[0,0,0],"82":[0,0,0],"83":[0,0],"84":[0,0],"85":[0,0],"86":[0,0],"87":[0,0],"88":[0,0]},"_coverageSchema":"1a1c01bbd47fc00a2c39e90264f33305004495a9","hash":"5629f0bd339fe3fda8e6fd4bab0b53c966f04e9e"}
,"C:\\develop\\ft-frontend-saksbehandling\\packages\\utils\\src\\validation\\validatorsHelper.ts": {"path":"C:\\develop\\ft-frontend-saksbehandling\\packages\\utils\\src\\validation\\validatorsHelper.ts","statementMap":{"0":{"start":{"line":3,"column":28},"end":{"line":3,"column":84}},"1":{"start":{"line":4,"column":27},"end":{"line":4,"column":44}},"2":{"start":{"line":5,"column":28},"end":{"line":5,"column":41}},"3":{"start":{"line":6,"column":28},"end":{"line":6,"column":46}},"4":{"start":{"line":7,"column":48},"end":{"line":7,"column":60}},"5":{"start":{"line":9,"column":25},"end":{"line":9,"column":140}},"6":{"start":{"line":10,"column":31},"end":{"line":10,"column":145}},"7":{"start":{"line":12,"column":25},"end":{"line":12,"column":119}},"8":{"start":{"line":13,"column":31},"end":{"line":13,"column":124}},"9":{"start":{"line":15,"column":23},"end":{"line":15,"column":158}},"10":{"start":{"line":15,"column":84},"end":{"line":15,"column":158}},"11":{"start":{"line":17,"column":25},"end":{"line":17,"column":89}},"12":{"start":{"line":17,"column":46},"end":{"line":17,"column":89}},"13":{"start":{"line":18,"column":24},"end":{"line":18,"column":83}},"14":{"start":{"line":18,"column":45},"end":{"line":18,"column":83}},"15":{"start":{"line":20,"column":39},"end":{"line":36,"column":1}},"16":{"start":{"line":21,"column":2},"end":{"line":33,"column":3}},"17":{"start":{"line":22,"column":32},"end":{"line":26,"column":5}},"18":{"start":{"line":23,"column":22},"end":{"line":23,"column":52}},"19":{"start":{"line":24,"column":19},"end":{"line":24,"column":92}},"20":{"start":{"line":25,"column":6},"end":{"line":25,"column":59}},"21":{"start":{"line":28,"column":4},"end":{"line":32,"column":34}},"22":{"start":{"line":29,"column":33},"end":{"line":29,"column":116}},"23":{"start":{"line":30,"column":23},"end":{"line":30,"column":65}},"24":{"start":{"line":31,"column":34},"end":{"line":31,"column":55}},"25":{"start":{"line":35,"column":2},"end":{"line":35,"column":14}}},"fnMap":{"0":{"name":"(anonymous_0)","decl":{"start":{"line":15,"column":23},"end":{"line":15,"column":24}},"loc":{"start":{"line":15,"column":84},"end":{"line":15,"column":158}},"line":15},"1":{"name":"(anonymous_1)","decl":{"start":{"line":17,"column":25},"end":{"line":17,"column":26}},"loc":{"start":{"line":17,"column":46},"end":{"line":17,"column":89}},"line":17},"2":{"name":"(anonymous_2)","decl":{"start":{"line":18,"column":24},"end":{"line":18,"column":25}},"loc":{"start":{"line":18,"column":45},"end":{"line":18,"column":83}},"line":18},"3":{"name":"(anonymous_3)","decl":{"start":{"line":20,"column":39},"end":{"line":20,"column":40}},"loc":{"start":{"line":20,"column":72},"end":{"line":36,"column":1}},"line":20},"4":{"name":"(anonymous_4)","decl":{"start":{"line":22,"column":32},"end":{"line":22,"column":33}},"loc":{"start":{"line":22,"column":94},"end":{"line":26,"column":5}},"line":22},"5":{"name":"(anonymous_5)","decl":{"start":{"line":29,"column":12},"end":{"line":29,"column":13}},"loc":{"start":{"line":29,"column":33},"end":{"line":29,"column":116}},"line":29},"6":{"name":"(anonymous_6)","decl":{"start":{"line":30,"column":11},"end":{"line":30,"column":12}},"loc":{"start":{"line":30,"column":23},"end":{"line":30,"column":65}},"line":30},"7":{"name":"(anonymous_7)","decl":{"start":{"line":31,"column":14},"end":{"line":31,"column":15}},"loc":{"start":{"line":31,"column":34},"end":{"line":31,"column":55}},"line":31}},"branchMap":{"0":{"loc":{"start":{"line":15,"column":84},"end":{"line":15,"column":158}},"type":"binary-expr","locations":[{"start":{"line":15,"column":84},"end":{"line":15,"column":97}},{"start":{"line":15,"column":101},"end":{"line":15,"column":119}},{"start":{"line":15,"column":123},"end":{"line":15,"column":158}}],"line":15},"1":{"loc":{"start":{"line":21,"column":2},"end":{"line":33,"column":3}},"type":"if","locations":[{"start":{"line":21,"column":2},"end":{"line":33,"column":3}},{"start":{},"end":{}}],"line":21},"2":{"loc":{"start":{"line":24,"column":19},"end":{"line":24,"column":92}},"type":"cond-expr","locations":[{"start":{"line":24,"column":46},"end":{"line":24,"column":85}},{"start":{"line":24,"column":88},"end":{"line":24,"column":92}}],"line":24},"3":{"loc":{"start":{"line":25,"column":13},"end":{"line":25,"column":58}},"type":"cond-expr","locations":[{"start":{"line":25,"column":29},"end":{"line":25,"column":51}},{"start":{"line":25,"column":54},"end":{"line":25,"column":58}}],"line":25},"4":{"loc":{"start":{"line":29,"column":33},"end":{"line":29,"column":116}},"type":"cond-expr","locations":[{"start":{"line":29,"column":110},"end":{"line":29,"column":111}},{"start":{"line":29,"column":114},"end":{"line":29,"column":116}}],"line":29},"5":{"loc":{"start":{"line":30,"column":23},"end":{"line":30,"column":65}},"type":"cond-expr","locations":[{"start":{"line":30,"column":47},"end":{"line":30,"column":57}},{"start":{"line":30,"column":60},"end":{"line":30,"column":65}}],"line":30}},"s":{"0":2,"1":2,"2":2,"3":2,"4":2,"5":2,"6":2,"7":2,"8":2,"9":2,"10":64,"11":2,"12":4,"13":2,"14":4,"15":2,"16":4,"17":4,"18":12,"19":12,"20":12,"21":4,"22":4,"23":8,"24":4,"25":0},"f":{"0":64,"1":4,"2":4,"3":4,"4":12,"5":4,"6":8,"7":4},"b":{"0":[64,59,49],"1":[4,0],"2":[10,2],"3":[10,2],"4":[1,3],"5":[0,8]},"_coverageSchema":"1a1c01bbd47fc00a2c39e90264f33305004495a9","hash":"be58f0a05ff4c41087e66a60ad85de9912bba2a6"}
}
