TN:
SF:src\arrayUtils.ts
FN:1,(anonymous_0)
FN:3,(anonymous_1)
FN:5,(anonymous_2)
FNF:3
FNH:2
FNDA:4,(anonymous_0)
FNDA:0,(anonymous_1)
FNDA:3,(anonymous_2)
DA:1,4
DA:3,1
DA:5,1
DA:6,3
DA:7,3
DA:8,3
DA:9,2
DA:11,1
LF:8
LH:8
BRDA:3,0,0,0
BRDA:3,0,1,0
BRDA:5,1,0,1
BRDA:6,2,0,2
BRDA:6,2,1,1
BRDA:8,3,0,2
BRDA:8,3,1,1
BRDA:8,4,0,3
BRDA:8,4,1,3
BRDA:11,5,0,0
BRDA:11,5,1,1
BRF:11
BRH:8
end_of_record
TN:
SF:src\browserUtils.ts
FN:8,(anonymous_0)
FN:10,(anonymous_1)
FN:17,(anonymous_2)
FN:17,(anonymous_3)
FN:18,(anonymous_4)
FN:21,(anonymous_5)
FNF:6
FNH:2
FNDA:2,(anonymous_0)
FNDA:2,(anonymous_1)
FNDA:0,(anonymous_2)
FNDA:0,(anonymous_3)
FNDA:0,(anonymous_4)
FNDA:0,(anonymous_5)
DA:8,2
DA:10,2
DA:17,1
DA:18,0
DA:21,1
DA:23,0
DA:25,0
DA:26,0
DA:27,0
LF:9
LH:4
BRDA:8,0,0,2
BRDA:8,0,1,1
BRDA:23,1,0,0
BRDA:23,1,1,0
BRDA:26,2,0,0
BRDA:26,2,1,0
BRF:6
BRH:2
end_of_record
TN:
SF:src\createIntl.ts
FN:5,(anonymous_0)
FNF:1
FNH:1
FNDA:2,(anonymous_0)
DA:3,2
DA:5,2
DA:6,2
LF:3
LH:3
BRF:0
BRH:0
end_of_record
TN:
SF:src\currencyUtils.ts
FN:1,(anonymous_0)
FN:6,(anonymous_1)
FN:18,(anonymous_2)
FN:26,(anonymous_3)
FNF:4
FNH:4
FNDA:1,(anonymous_0)
FNDA:3,(anonymous_1)
FNDA:1,(anonymous_2)
FNDA:1,(anonymous_3)
DA:1,2
DA:2,1
DA:3,1
DA:6,2
DA:7,3
DA:8,0
DA:11,3
DA:12,3
DA:13,0
DA:15,3
DA:18,2
DA:19,1
DA:20,0
DA:22,1
DA:23,1
DA:26,2
DA:27,1
DA:28,1
DA:29,1
LF:19
LH:16
BRDA:7,0,0,0
BRDA:7,0,1,3
BRDA:7,1,0,3
BRDA:7,1,1,3
BRDA:12,2,0,0
BRDA:12,2,1,3
BRDA:19,3,0,0
BRDA:19,3,1,1
BRDA:19,4,0,1
BRDA:19,4,1,1
BRDA:23,5,0,0
BRDA:23,5,1,1
BRDA:29,6,0,0
BRDA:29,6,1,1
BRF:14
BRH:9
end_of_record
TN:
SF:src\dateUtils.ts
FN:22,(anonymous_0)
FN:56,(anonymous_1)
FN:88,(anonymous_2)
FN:97,(anonymous_3)
FN:108,(anonymous_4)
FN:110,(anonymous_5)
FN:113,(anonymous_6)
FN:117,(anonymous_7)
FN:126,(anonymous_8)
FN:167,(anonymous_9)
FNF:10
FNH:9
FNDA:2,(anonymous_0)
FNDA:2,(anonymous_1)
FNDA:1,(anonymous_2)
FNDA:1,(anonymous_3)
FNDA:1,(anonymous_4)
FNDA:1,(anonymous_5)
FNDA:1,(anonymous_6)
FNDA:6,(anonymous_7)
FNDA:9,(anonymous_8)
FNDA:0,(anonymous_9)
DA:10,1
DA:11,1
DA:13,1
DA:22,1
DA:23,2
DA:28,2
DA:30,2
DA:31,0
DA:34,2
DA:35,0
DA:38,2
DA:39,0
DA:42,2
DA:43,0
DA:46,2
DA:47,0
DA:50,2
DA:56,1
DA:57,2
DA:59,0
DA:62,2
DA:63,2
DA:66,2
DA:67,1
DA:68,1
DA:69,1
DA:71,1
DA:72,46
DA:74,46
DA:75,33
DA:78,46
DA:82,1
DA:85,2
DA:88,1
DA:89,1
DA:91,1
DA:92,1
DA:94,1
DA:97,1
DA:98,1
DA:100,1
DA:102,1
DA:103,1
DA:105,1
DA:108,1
DA:110,1
DA:113,1
DA:117,1
DA:121,6
DA:122,6
DA:123,6
DA:126,1
DA:130,9
DA:131,9
DA:132,9
DA:133,1
DA:137,8
DA:138,2
DA:139,2
DA:141,2
DA:147,6
DA:148,6
DA:150,6
DA:151,3
DA:153,3
DA:155,6
DA:156,2
DA:158,4
DA:161,6
DA:167,1
DA:168,0
DA:169,0
DA:170,0
DA:171,0
DA:172,0
DA:177,0
DA:178,0
DA:179,0
DA:185,0
LF:79
LH:64
BRDA:30,0,0,0
BRDA:30,0,1,2
BRDA:30,1,0,2
BRDA:30,1,1,0
BRDA:34,2,0,0
BRDA:34,2,1,2
BRDA:35,3,0,0
BRDA:35,3,1,0
BRDA:38,4,0,0
BRDA:38,4,1,2
BRDA:39,5,0,0
BRDA:39,5,1,0
BRDA:42,6,0,0
BRDA:42,6,1,2
BRDA:43,7,0,0
BRDA:43,7,1,0
BRDA:46,8,0,0
BRDA:46,8,1,2
BRDA:56,9,0,1
BRDA:57,10,0,0
BRDA:57,10,1,2
BRDA:66,11,0,1
BRDA:66,11,1,1
BRDA:69,12,0,1
BRDA:69,12,1,0
BRDA:69,13,0,1
BRDA:69,13,1,1
BRDA:74,14,0,33
BRDA:74,14,1,13
BRDA:74,15,0,46
BRDA:74,15,1,39
BRDA:113,16,0,0
BRDA:113,16,1,1
BRDA:132,17,0,1
BRDA:132,17,1,8
BRDA:132,18,0,9
BRDA:132,18,1,9
BRDA:132,18,2,9
BRDA:137,19,0,2
BRDA:137,19,1,6
BRDA:150,20,0,3
BRDA:150,20,1,3
BRDA:155,21,0,2
BRDA:155,21,1,4
BRF:44
BRH:29
end_of_record
TN:
SF:src\decodeHtmlEntity.ts
FN:5,(anonymous_0)
FN:9,(anonymous_1)
FNF:2
FNH:2
FNDA:2,(anonymous_0)
FNDA:4,(anonymous_1)
DA:5,1
DA:6,2
DA:7,0
DA:9,2
DA:10,4
DA:11,3
DA:190,3
DA:191,3
DA:192,1
DA:194,2
DA:196,1
LF:11
LH:10
BRDA:6,0,0,0
BRDA:6,0,1,2
BRDA:6,1,0,2
BRDA:6,1,1,2
BRDA:10,2,0,3
BRDA:10,2,1,1
BRDA:191,3,0,1
BRDA:191,3,1,2
BRF:8
BRH:7
end_of_record
TN:
SF:src\fodselsnummerUtils.ts
FN:3,(anonymous_0)
FN:11,(anonymous_1)
FNF:2
FNH:2
FNDA:6,(anonymous_0)
FNDA:6,(anonymous_1)
DA:1,2
DA:3,2
DA:4,6
DA:5,6
DA:6,57
DA:8,6
DA:11,2
DA:12,6
DA:13,6
DA:14,3
DA:16,3
DA:17,3
DA:18,3
DA:19,0
DA:21,3
DA:22,3
DA:23,3
DA:24,0
DA:26,3
LF:19
LH:17
BRDA:13,0,0,3
BRDA:13,0,1,3
BRDA:18,1,0,0
BRDA:18,1,1,3
BRDA:23,2,0,0
BRDA:23,2,1,3
BRDA:26,3,0,3
BRDA:26,3,1,2
BRF:8
BRH:6
end_of_record
TN:
SF:src\formats.ts
FNF:0
FNH:0
DA:1,2
DA:2,2
DA:3,2
DA:4,2
DA:5,2
DA:6,2
DA:8,2
LF:7
LH:7
BRF:0
BRH:0
end_of_record
TN:
SF:src\getAddresses.ts
FN:4,(anonymous_0)
FN:6,(anonymous_1)
FN:15,(anonymous_2)
FN:15,(anonymous_3)
FN:24,(anonymous_4)
FNF:5
FNH:5
FNDA:20,(anonymous_0)
FNDA:5,(anonymous_1)
FNDA:5,(anonymous_2)
FNDA:5,(anonymous_3)
FNDA:15,(anonymous_4)
DA:4,20
DA:6,1
DA:11,5
DA:15,5
DA:16,5
DA:17,0
DA:23,5
DA:24,15
DA:26,5
DA:27,0
DA:30,5
DA:31,5
LF:12
LH:10
BRDA:4,0,0,0
BRDA:4,0,1,20
BRDA:7,1,0,0
BRDA:8,2,0,0
BRDA:9,3,0,0
BRDA:10,4,0,4
BRDA:15,5,0,0
BRDA:16,6,0,0
BRDA:16,6,1,5
BRDA:16,7,0,5
BRDA:16,7,1,5
BRDA:26,8,0,0
BRDA:26,8,1,5
BRDA:30,9,0,4
BRDA:30,9,1,1
BRF:15
BRH:8
end_of_record
TN:
SF:src\kodeverkUtils.ts
FN:4,(anonymous_0)
FN:20,(anonymous_1)
FN:24,(anonymous_2)
FN:26,(anonymous_3)
FNF:4
FNH:4
FNDA:3,(anonymous_0)
FNDA:3,(anonymous_1)
FNDA:2,(anonymous_2)
FNDA:2,(anonymous_3)
DA:4,1
DA:11,3
DA:12,3
DA:13,0
DA:15,3
DA:17,1
DA:20,3
DA:21,3
DA:24,1
DA:26,2
DA:30,2
LF:11
LH:10
BRDA:12,0,0,0
BRDA:12,0,1,3
BRDA:12,1,0,3
BRDA:12,1,1,3
BRDA:15,2,0,1
BRDA:15,2,1,2
BRDA:21,3,0,3
BRDA:21,3,1,0
BRF:8
BRH:6
end_of_record
TN:
SF:src\languageUtils.ts
FN:6,(anonymous_0)
FN:12,(anonymous_1)
FNF:2
FNH:1
FNDA:1,(anonymous_0)
FNDA:0,(anonymous_1)
DA:4,1
DA:6,1
DA:7,1
DA:8,1
DA:9,1
DA:12,1
DA:13,0
DA:14,0
DA:17,0
DA:19,0
DA:21,0
DA:23,0
LF:12
LH:6
BRDA:13,0,0,0
BRDA:13,0,1,0
BRDA:17,1,0,0
BRDA:17,1,1,0
BRDA:17,1,2,0
BRF:5
BRH:0
end_of_record
TN:
SF:src\objectUtils.ts
FN:1,(anonymous_0)
FN:5,(anonymous_1)
FN:7,(anonymous_2)
FN:9,(anonymous_3)
FN:11,(anonymous_4)
FN:13,(anonymous_5)
FN:14,(anonymous_6)
FN:15,(anonymous_7)
FN:16,(anonymous_8)
FN:18,(anonymous_9)
FN:24,(anonymous_10)
FN:26,(anonymous_11)
FN:34,(anonymous_12)
FN:35,(anonymous_13)
FN:37,(anonymous_14)
FN:49,(anonymous_15)
FN:59,(anonymous_16)
FN:63,(anonymous_17)
FN:71,(anonymous_18)
FNF:19
FNH:12
FNDA:2,(anonymous_0)
FNDA:3,(anonymous_1)
FNDA:2,(anonymous_2)
FNDA:2,(anonymous_3)
FNDA:2,(anonymous_4)
FNDA:0,(anonymous_5)
FNDA:0,(anonymous_6)
FNDA:0,(anonymous_7)
FNDA:0,(anonymous_8)
FNDA:0,(anonymous_9)
FNDA:0,(anonymous_10)
FNDA:0,(anonymous_11)
FNDA:146,(anonymous_12)
FNDA:24,(anonymous_13)
FNDA:146,(anonymous_14)
FNDA:73,(anonymous_15)
FNDA:27,(anonymous_16)
FNDA:33,(anonymous_17)
FNDA:9,(anonymous_18)
DA:1,1
DA:2,2
DA:5,3
DA:7,2
DA:9,2
DA:11,2
DA:13,1
DA:14,0
DA:15,0
DA:16,0
DA:18,1
DA:19,0
DA:20,0
DA:21,0
DA:24,1
DA:25,0
DA:26,0
DA:27,0
DA:29,0
DA:34,146
DA:35,24
DA:37,1
DA:38,146
DA:39,6
DA:41,6
DA:43,0
DA:46,140
DA:49,1
DA:50,73
DA:51,73
DA:52,73
DA:53,16
DA:55,57
DA:56,1
DA:59,56
DA:60,27
DA:61,19
DA:62,19
DA:63,33
DA:65,0
DA:69,8
DA:71,9
DA:74,56
DA:76,27
DA:83,29
LF:45
LH:33
BRDA:5,0,0,2
BRDA:5,0,1,1
BRDA:5,1,0,3
BRDA:5,1,1,2
BRDA:11,2,0,2
BRDA:11,2,1,2
BRDA:11,2,2,2
BRDA:34,3,0,146
BRDA:34,3,1,140
BRDA:35,4,0,24
BRDA:35,4,1,22
BRDA:35,4,2,6
BRDA:38,5,0,6
BRDA:38,5,1,140
BRDA:38,6,0,146
BRDA:38,6,1,24
BRDA:52,7,0,16
BRDA:52,7,1,57
BRDA:55,8,0,1
BRDA:55,8,1,56
BRDA:55,9,0,57
BRDA:55,9,1,1
BRDA:60,10,0,19
BRDA:60,10,1,8
BRDA:61,11,0,19
BRDA:61,11,1,0
BRDA:74,12,0,27
BRDA:74,12,1,0
BRDA:74,12,2,2
BRDA:74,12,3,21
BRDA:74,12,4,27
BRDA:74,12,5,29
BRDA:74,12,6,29
BRF:33
BRH:31
end_of_record
TN:
SF:src\urlUtils.ts
FN:1,(anonymous_0)
FN:6,(anonymous_1)
FN:7,(anonymous_2)
FN:8,(anonymous_3)
FN:11,(anonymous_4)
FN:15,(anonymous_5)
FN:16,(anonymous_6)
FN:17,(anonymous_7)
FN:25,(anonymous_8)
FN:25,(anonymous_9)
FN:40,(anonymous_10)
FN:46,(anonymous_11)
FNF:12
FNH:8
FNDA:2,(anonymous_0)
FNDA:3,(anonymous_1)
FNDA:3,(anonymous_2)
FNDA:3,(anonymous_3)
FNDA:0,(anonymous_4)
FNDA:0,(anonymous_5)
FNDA:0,(anonymous_6)
FNDA:0,(anonymous_7)
FNDA:2,(anonymous_8)
FNDA:12,(anonymous_9)
FNDA:2,(anonymous_10)
FNDA:12,(anonymous_11)
DA:1,1
DA:2,2
DA:6,3
DA:7,3
DA:8,3
DA:11,1
DA:12,0
DA:15,0
DA:16,0
DA:17,0
DA:23,1
DA:25,2
DA:26,12
DA:27,5
DA:30,7
DA:31,7
DA:32,0
DA:34,7
DA:35,7
DA:36,7
DA:37,7
DA:40,1
DA:41,2
DA:46,12
LF:24
LH:19
BRDA:1,0,0,0
BRDA:11,1,0,0
BRDA:15,2,0,0
BRDA:15,2,1,0
BRDA:15,2,2,0
BRDA:26,3,0,5
BRDA:26,3,1,7
BRDA:31,4,0,0
BRDA:31,4,1,7
BRDA:35,5,0,7
BRDA:35,5,1,4
BRDA:36,6,0,5
BRDA:36,6,1,2
BRDA:37,7,0,7
BRDA:37,7,1,4
BRDA:37,8,0,2
BRDA:37,8,1,2
BRDA:40,9,0,0
BRF:18
BRH:11
end_of_record
TN:
SF:src\validation\messages.ts
FN:7,(anonymous_0)
FN:8,(anonymous_1)
FN:9,(anonymous_2)
FN:10,(anonymous_3)
FN:11,(anonymous_4)
FN:12,(anonymous_5)
FN:13,(anonymous_6)
FN:14,(anonymous_7)
FN:15,(anonymous_8)
FN:16,(anonymous_9)
FN:17,(anonymous_10)
FN:18,(anonymous_11)
FN:19,(anonymous_12)
FN:20,(anonymous_13)
FN:21,(anonymous_14)
FN:22,(anonymous_15)
FN:23,(anonymous_16)
FN:26,(anonymous_17)
FN:27,(anonymous_18)
FN:28,(anonymous_19)
FN:29,(anonymous_20)
FN:30,(anonymous_21)
FN:31,(anonymous_22)
FN:32,(anonymous_23)
FN:35,(anonymous_24)
FN:36,(anonymous_25)
FN:37,(anonymous_26)
FN:38,(anonymous_27)
FN:41,(anonymous_28)
FN:42,(anonymous_29)
FN:43,(anonymous_30)
FN:44,(anonymous_31)
FN:45,(anonymous_32)
FN:46,(anonymous_33)
FNF:34
FNH:19
FNDA:6,(anonymous_0)
FNDA:1,(anonymous_1)
FNDA:1,(anonymous_2)
FNDA:0,(anonymous_3)
FNDA:1,(anonymous_4)
FNDA:1,(anonymous_5)
FNDA:3,(anonymous_6)
FNDA:1,(anonymous_7)
FNDA:1,(anonymous_8)
FNDA:3,(anonymous_9)
FNDA:3,(anonymous_10)
FNDA:1,(anonymous_11)
FNDA:0,(anonymous_12)
FNDA:1,(anonymous_13)
FNDA:1,(anonymous_14)
FNDA:0,(anonymous_15)
FNDA:1,(anonymous_16)
FNDA:2,(anonymous_17)
FNDA:0,(anonymous_18)
FNDA:0,(anonymous_19)
FNDA:2,(anonymous_20)
FNDA:1,(anonymous_21)
FNDA:2,(anonymous_22)
FNDA:0,(anonymous_23)
FNDA:0,(anonymous_24)
FNDA:0,(anonymous_25)
FNDA:2,(anonymous_26)
FNDA:0,(anonymous_27)
FNDA:0,(anonymous_28)
FNDA:0,(anonymous_29)
FNDA:0,(anonymous_30)
FNDA:0,(anonymous_31)
FNDA:0,(anonymous_32)
FNDA:0,(anonymous_33)
DA:5,1
DA:7,6
DA:8,1
DA:9,1
DA:10,1
DA:11,1
DA:12,1
DA:13,3
DA:14,1
DA:15,1
DA:16,3
DA:17,3
DA:18,1
DA:19,1
DA:20,1
DA:21,1
DA:22,1
DA:23,1
DA:26,2
DA:27,1
DA:28,1
DA:29,2
DA:30,1
DA:31,2
DA:32,1
DA:35,1
DA:36,1
DA:37,2
DA:38,1
DA:41,1
DA:42,1
DA:43,1
DA:44,1
DA:45,1
DA:46,1
LF:35
LH:35
BRF:0
BRH:0
end_of_record
TN:
SF:src\validation\validators.ts
FN:61,(anonymous_0)
FN:61,(anonymous_1)
FN:64,(anonymous_2)
FN:65,(anonymous_3)
FN:67,(anonymous_4)
FN:75,(anonymous_5)
FN:78,(anonymous_6)
FN:85,(anonymous_7)
FN:87,(anonymous_8)
FN:91,(anonymous_9)
FN:91,(anonymous_10)
FN:94,(anonymous_11)
FN:94,(anonymous_12)
FN:98,(anonymous_13)
FN:98,(anonymous_14)
FN:99,(anonymous_15)
FN:99,(anonymous_16)
FN:101,(anonymous_17)
FN:101,(anonymous_18)
FN:103,(anonymous_19)
FN:103,(anonymous_20)
FN:106,(anonymous_21)
FN:107,(anonymous_22)
FN:109,(anonymous_23)
FN:111,(anonymous_24)
FN:113,(anonymous_25)
FN:115,(anonymous_26)
FN:117,(anonymous_27)
FN:118,(anonymous_28)
FN:120,(anonymous_29)
FN:123,(anonymous_30)
FN:124,(anonymous_31)
FN:124,(anonymous_32)
FN:129,(anonymous_33)
FN:133,(anonymous_34)
FN:133,(anonymous_35)
FN:140,(anonymous_36)
FN:140,(anonymous_37)
FN:148,(anonymous_38)
FN:149,(anonymous_39)
FN:152,(anonymous_40)
FN:153,(anonymous_41)
FN:154,(anonymous_42)
FN:155,(anonymous_43)
FN:157,(anonymous_44)
FN:159,(anonymous_45)
FN:161,(anonymous_46)
FN:169,(anonymous_47)
FN:177,(anonymous_48)
FN:177,(anonymous_49)
FN:179,(anonymous_50)
FN:179,(anonymous_51)
FN:182,(anonymous_52)
FN:183,(anonymous_53)
FN:186,(anonymous_54)
FN:208,(anonymous_55)
FN:222,(anonymous_56)
FN:239,(anonymous_57)
FN:242,(anonymous_58)
FN:249,(anonymous_59)
FN:256,(anonymous_60)
FN:266,(anonymous_61)
FN:266,(anonymous_62)
FN:272,(anonymous_63)
FN:279,(anonymous_64)
FN:286,(anonymous_65)
FN:289,(anonymous_66)
FN:291,(anonymous_67)
FN:309,(anonymous_68)
FN:311,(anonymous_69)
FNF:70
FNH:38
FNDA:0,(anonymous_0)
FNDA:0,(anonymous_1)
FNDA:3,(anonymous_2)
FNDA:0,(anonymous_3)
FNDA:4,(anonymous_4)
FNDA:4,(anonymous_5)
FNDA:4,(anonymous_6)
FNDA:0,(anonymous_7)
FNDA:0,(anonymous_8)
FNDA:2,(anonymous_9)
FNDA:2,(anonymous_10)
FNDA:2,(anonymous_11)
FNDA:2,(anonymous_12)
FNDA:2,(anonymous_13)
FNDA:2,(anonymous_14)
FNDA:2,(anonymous_15)
FNDA:2,(anonymous_16)
FNDA:0,(anonymous_17)
FNDA:0,(anonymous_18)
FNDA:0,(anonymous_19)
FNDA:0,(anonymous_20)
FNDA:0,(anonymous_21)
FNDA:0,(anonymous_22)
FNDA:0,(anonymous_23)
FNDA:6,(anonymous_24)
FNDA:2,(anonymous_25)
FNDA:2,(anonymous_26)
FNDA:3,(anonymous_27)
FNDA:3,(anonymous_28)
FNDA:2,(anonymous_29)
FNDA:5,(anonymous_30)
FNDA:11,(anonymous_31)
FNDA:11,(anonymous_32)
FNDA:3,(anonymous_33)
FNDA:10,(anonymous_34)
FNDA:10,(anonymous_35)
FNDA:3,(anonymous_36)
FNDA:3,(anonymous_37)
FNDA:2,(anonymous_38)
FNDA:0,(anonymous_39)
FNDA:3,(anonymous_40)
FNDA:4,(anonymous_41)
FNDA:3,(anonymous_42)
FNDA:3,(anonymous_43)
FNDA:2,(anonymous_44)
FNDA:2,(anonymous_45)
FNDA:2,(anonymous_46)
FNDA:2,(anonymous_47)
FNDA:0,(anonymous_48)
FNDA:0,(anonymous_49)
FNDA:0,(anonymous_50)
FNDA:0,(anonymous_51)
FNDA:0,(anonymous_52)
FNDA:0,(anonymous_53)
FNDA:0,(anonymous_54)
FNDA:0,(anonymous_55)
FNDA:0,(anonymous_56)
FNDA:0,(anonymous_57)
FNDA:0,(anonymous_58)
FNDA:0,(anonymous_59)
FNDA:6,(anonymous_60)
FNDA:4,(anonymous_61)
FNDA:4,(anonymous_62)
FNDA:0,(anonymous_63)
FNDA:0,(anonymous_64)
FNDA:0,(anonymous_65)
FNDA:0,(anonymous_66)
FNDA:0,(anonymous_67)
FNDA:0,(anonymous_68)
FNDA:0,(anonymous_69)
DA:61,1
DA:64,3
DA:65,1
DA:67,1
DA:72,4
DA:75,1
DA:78,4
DA:83,4
DA:85,1
DA:87,0
DA:89,0
DA:91,2
DA:94,2
DA:98,2
DA:99,2
DA:101,1
DA:103,1
DA:106,1
DA:107,1
DA:109,1
DA:111,6
DA:113,2
DA:115,2
DA:117,3
DA:118,3
DA:120,2
DA:123,5
DA:124,11
DA:125,11
DA:129,1
DA:130,3
DA:131,3
DA:133,10
DA:136,10
DA:140,3
DA:143,3
DA:148,2
DA:149,1
DA:152,3
DA:153,4
DA:154,3
DA:155,3
DA:157,2
DA:159,2
DA:161,1
DA:162,2
DA:163,1
DA:164,1
DA:166,1
DA:169,1
DA:170,2
DA:171,1
DA:172,1
DA:174,1
DA:177,1
DA:179,1
DA:182,1
DA:183,1
DA:186,1
DA:192,0
DA:193,0
DA:194,0
DA:196,0
DA:197,0
DA:199,0
DA:208,1
DA:213,0
DA:214,0
DA:215,0
DA:216,0
DA:218,0
DA:219,0
DA:220,0
DA:222,0
DA:223,0
DA:224,0
DA:225,0
DA:226,0
DA:227,0
DA:228,0
DA:230,0
DA:231,0
DA:237,0
DA:239,0
DA:240,0
DA:242,0
DA:243,0
DA:244,0
DA:246,0
DA:249,1
DA:250,0
DA:251,0
DA:253,0
DA:256,1
DA:257,6
DA:258,1
DA:260,5
DA:261,2
DA:263,3
DA:266,4
DA:267,4
DA:268,4
DA:269,4
DA:272,1
DA:273,0
DA:274,0
DA:276,0
DA:279,1
DA:280,0
DA:281,0
DA:283,0
DA:286,1
DA:289,1
DA:291,0
DA:292,0
DA:293,0
DA:294,0
DA:295,0
DA:297,0
DA:298,0
DA:299,0
DA:300,0
DA:301,0
DA:302,0
DA:303,0
DA:304,0
DA:309,1
DA:311,1
LF:128
LH:75
BRDA:61,0,0,0
BRDA:61,0,1,0
BRDA:61,1,0,0
BRDA:61,1,1,0
BRDA:64,2,0,2
BRDA:64,2,1,1
BRDA:65,3,0,0
BRDA:65,3,1,0
BRDA:72,4,0,2
BRDA:72,4,1,2
BRDA:72,5,0,4
BRDA:72,5,1,3
BRDA:83,6,0,2
BRDA:83,6,1,2
BRDA:83,7,0,4
BRDA:83,7,1,3
BRDA:89,8,0,0
BRDA:89,8,1,0
BRDA:89,9,0,0
BRDA:89,9,1,0
BRDA:91,10,0,1
BRDA:91,10,1,1
BRDA:91,11,0,2
BRDA:91,11,1,2
BRDA:94,12,0,1
BRDA:94,12,1,1
BRDA:94,13,0,2
BRDA:94,13,1,2
BRDA:98,14,0,1
BRDA:98,14,1,1
BRDA:99,15,0,1
BRDA:99,15,1,1
BRDA:101,16,0,0
BRDA:101,16,1,0
BRDA:103,17,0,0
BRDA:103,17,1,0
BRDA:106,18,0,0
BRDA:106,18,1,0
BRDA:107,19,0,0
BRDA:107,19,1,0
BRDA:107,20,0,0
BRDA:107,20,1,0
BRDA:109,21,0,0
BRDA:109,21,1,0
BRDA:111,22,0,4
BRDA:111,22,1,2
BRDA:111,23,0,6
BRDA:111,23,1,6
BRDA:113,24,0,1
BRDA:113,24,1,1
BRDA:113,25,0,2
BRDA:113,25,1,2
BRDA:115,26,0,1
BRDA:115,26,1,1
BRDA:115,27,0,2
BRDA:115,27,1,2
BRDA:117,28,0,3
BRDA:117,28,1,2
BRDA:118,29,0,3
BRDA:118,29,1,2
BRDA:120,30,0,1
BRDA:120,30,1,1
BRDA:120,31,0,2
BRDA:120,31,1,2
BRDA:123,32,0,2
BRDA:123,32,1,3
BRDA:123,33,0,5
BRDA:123,33,1,4
BRDA:125,34,0,8
BRDA:125,34,1,3
BRDA:125,35,0,11
BRDA:125,35,1,8
BRDA:131,36,0,0
BRDA:131,36,1,3
BRDA:136,37,0,7
BRDA:136,37,1,3
BRDA:136,38,0,10
BRDA:136,38,1,7
BRDA:143,39,0,1
BRDA:143,39,1,2
BRDA:143,40,0,3
BRDA:143,40,1,3
BRDA:148,41,0,1
BRDA:148,41,1,1
BRDA:149,42,0,0
BRDA:149,42,1,0
BRDA:157,43,0,1
BRDA:157,43,1,1
BRDA:159,44,0,1
BRDA:159,44,1,1
BRDA:162,45,0,1
BRDA:162,45,1,1
BRDA:170,46,0,1
BRDA:170,46,1,1
BRDA:177,47,0,0
BRDA:177,47,1,0
BRDA:179,48,0,0
BRDA:179,48,1,0
BRDA:179,49,0,0
BRDA:179,49,1,0
BRDA:183,50,0,0
BRDA:183,50,1,0
BRDA:192,51,0,0
BRDA:192,51,1,0
BRDA:193,52,0,0
BRDA:193,52,1,0
BRDA:193,53,0,0
BRDA:193,53,1,0
BRDA:196,54,0,0
BRDA:196,54,1,0
BRDA:196,55,0,0
BRDA:196,55,1,0
BRDA:210,56,0,0
BRDA:211,57,0,0
BRDA:214,58,0,0
BRDA:214,58,1,0
BRDA:215,59,0,0
BRDA:215,59,1,0
BRDA:218,60,0,0
BRDA:218,60,1,0
BRDA:219,61,0,0
BRDA:219,61,1,0
BRDA:219,62,0,0
BRDA:219,62,1,0
BRDA:227,63,0,0
BRDA:227,63,1,0
BRDA:228,64,0,0
BRDA:228,64,1,0
BRDA:230,65,0,0
BRDA:230,65,1,0
BRDA:230,66,0,0
BRDA:230,66,1,0
BRDA:230,66,2,0
BRDA:239,67,0,0
BRDA:239,67,1,0
BRDA:243,68,0,0
BRDA:243,68,1,0
BRDA:250,69,0,0
BRDA:250,69,1,0
BRDA:250,70,0,0
BRDA:250,70,1,0
BRDA:253,71,0,0
BRDA:253,71,1,0
BRDA:257,72,0,1
BRDA:257,72,1,5
BRDA:257,73,0,6
BRDA:257,73,1,1
BRDA:260,74,0,2
BRDA:260,74,1,3
BRDA:260,75,0,5
BRDA:260,75,1,4
BRDA:263,76,0,2
BRDA:263,76,1,1
BRDA:269,77,0,2
BRDA:269,77,1,2
BRDA:269,78,0,4
BRDA:269,78,1,3
BRDA:273,79,0,0
BRDA:273,79,1,0
BRDA:280,80,0,0
BRDA:280,80,1,0
BRDA:280,81,0,0
BRDA:280,81,1,0
BRDA:280,81,2,0
BRDA:286,82,0,0
BRDA:286,82,1,0
BRDA:286,82,2,0
BRDA:292,83,0,0
BRDA:292,83,1,0
BRDA:294,84,0,0
BRDA:294,84,1,0
BRDA:297,85,0,0
BRDA:297,85,1,0
BRDA:297,86,0,0
BRDA:297,86,1,0
BRDA:309,87,0,0
BRDA:309,87,1,0
BRDA:311,88,0,0
BRDA:311,88,1,0
BRF:179
BRH:83
end_of_record
TN:
SF:src\validation\validatorsHelper.ts
FN:15,(anonymous_0)
FN:17,(anonymous_1)
FN:18,(anonymous_2)
FN:20,(anonymous_3)
FN:22,(anonymous_4)
FN:29,(anonymous_5)
FN:30,(anonymous_6)
FN:31,(anonymous_7)
FNF:8
FNH:8
FNDA:64,(anonymous_0)
FNDA:4,(anonymous_1)
FNDA:4,(anonymous_2)
FNDA:4,(anonymous_3)
FNDA:12,(anonymous_4)
FNDA:4,(anonymous_5)
FNDA:8,(anonymous_6)
FNDA:4,(anonymous_7)
DA:3,2
DA:4,2
DA:5,2
DA:6,2
DA:7,2
DA:9,2
DA:10,2
DA:12,2
DA:13,2
DA:15,64
DA:17,4
DA:18,4
DA:20,2
DA:21,4
DA:22,4
DA:23,12
DA:24,12
DA:25,12
DA:28,4
DA:29,4
DA:30,8
DA:31,4
DA:35,0
LF:23
LH:22
BRDA:15,0,0,64
BRDA:15,0,1,59
BRDA:15,0,2,49
BRDA:21,1,0,4
BRDA:21,1,1,0
BRDA:24,2,0,10
BRDA:24,2,1,2
BRDA:25,3,0,10
BRDA:25,3,1,2
BRDA:29,4,0,1
BRDA:29,4,1,3
BRDA:30,5,0,0
BRDA:30,5,1,8
BRF:13
BRH:11
end_of_record
