<?xml version="1.0" encoding="UTF-8"?>
<coverage generated="1649150426751" clover="3.2.0">
  <project timestamp="1649150426751" name="All files">
    <metrics statements="714" coveredstatements="505" conditionals="536" coveredconditionals="347" methods="236" coveredmethods="135" elements="1486" coveredelements="987" complexity="0" loc="714" ncloc="714" packages="5" files="20" classes="20"/>
    <package name="components">
      <metrics statements="297" coveredstatements="205" conditionals="225" coveredconditionals="160" methods="105" coveredmethods="57"/>
      <file name="BgFordelingUtils.ts" path="C:\develop\ft-frontend-saksbehandling\packages\fakta-fordel-beregningsgrunnlag\src\components\BgFordelingUtils.ts">
        <metrics statements="36" coveredstatements="34" conditionals="68" coveredconditionals="63" methods="9" coveredmethods="9"/>
        <line num="14" count="5" type="stmt"/>
        <line num="16" count="27" type="cond" truecount="2" falsecount="0"/>
        <line num="18" count="5" type="stmt"/>
        <line num="19" count="15" type="cond" truecount="2" falsecount="0"/>
        <line num="20" count="1" type="stmt"/>
        <line num="22" count="14" type="cond" truecount="2" falsecount="0"/>
        <line num="24" count="10" type="stmt"/>
        <line num="26" count="4" type="stmt"/>
        <line num="27" count="4" type="stmt"/>
        <line num="28" count="4" type="stmt"/>
        <line num="31" count="14" type="cond" truecount="4" falsecount="0"/>
        <line num="34" count="5" type="stmt"/>
        <line num="38" count="14" type="cond" truecount="3" falsecount="1"/>
        <line num="39" count="0" type="stmt"/>
        <line num="41" count="14" type="cond" truecount="4" falsecount="0"/>
        <line num="42" count="10" type="stmt"/>
        <line num="43" count="10" type="cond" truecount="2" falsecount="0"/>
        <line num="44" count="3" type="cond" truecount="1" falsecount="1"/>
        <line num="46" count="7" type="stmt"/>
        <line num="48" count="4" type="cond" truecount="2" falsecount="2"/>
        <line num="49" count="0" type="stmt"/>
        <line num="51" count="4" type="stmt"/>
        <line num="54" count="26" type="cond" truecount="2" falsecount="0"/>
        <line num="56" count="5" type="stmt"/>
        <line num="58" count="14" type="stmt"/>
        <line num="59" count="14" type="cond" truecount="2" falsecount="0"/>
        <line num="60" count="5" type="stmt"/>
        <line num="62" count="9" type="cond" truecount="4" falsecount="0"/>
        <line num="65" count="14" type="stmt"/>
        <line num="76" count="5" type="stmt"/>
        <line num="79" count="14" type="stmt"/>
        <line num="90" count="5" type="stmt"/>
        <line num="91" count="20" type="stmt"/>
        <line num="92" count="20" type="cond" truecount="2" falsecount="0"/>
        <line num="93" count="9" type="cond" truecount="1" falsecount="1"/>
        <line num="95" count="11" type="cond" truecount="2" falsecount="0"/>
      </file>
      <file name="FinnUnikeArbeidsforhold.ts" path="C:\develop\ft-frontend-saksbehandling\packages\fakta-fordel-beregningsgrunnlag\src\components\FinnUnikeArbeidsforhold.ts">
        <metrics statements="28" coveredstatements="8" conditionals="15" coveredconditionals="0" methods="14" coveredmethods="0"/>
        <line num="13" count="3" type="stmt"/>
        <line num="14" count="0" type="cond" truecount="0" falsecount="2"/>
        <line num="15" count="0" type="stmt"/>
        <line num="17" count="0" type="stmt"/>
        <line num="20" count="3" type="stmt"/>
        <line num="21" count="0" type="cond" truecount="0" falsecount="3"/>
        <line num="25" count="3" type="stmt"/>
        <line num="27" count="0" type="stmt"/>
        <line num="28" count="0" type="cond" truecount="0" falsecount="2"/>
        <line num="29" count="0" type="stmt"/>
        <line num="31" count="0" type="stmt"/>
        <line num="32" count="0" type="cond" truecount="0" falsecount="4"/>
        <line num="33" count="0" type="stmt"/>
        <line num="34" count="0" type="stmt"/>
        <line num="41" count="0" type="stmt"/>
        <line num="44" count="0" type="stmt"/>
        <line num="47" count="3" type="stmt"/>
        <line num="49" count="3" type="cond" truecount="0" falsecount="2"/>
        <line num="50" count="0" type="stmt"/>
        <line num="52" count="3" type="cond" truecount="0" falsecount="2"/>
        <line num="53" count="0" type="stmt"/>
        <line num="55" count="3" type="stmt"/>
        <line num="56" count="0" type="stmt"/>
        <line num="65" count="3" type="stmt"/>
        <line num="66" count="0" type="stmt"/>
        <line num="68" count="0" type="stmt"/>
        <line num="69" count="0" type="stmt"/>
        <line num="70" count="0" type="stmt"/>
      </file>
      <file name="FordelingHelpText.tsx" path="C:\develop\ft-frontend-saksbehandling\packages\fakta-fordel-beregningsgrunnlag\src\components\FordelingHelpText.tsx">
        <metrics statements="84" coveredstatements="36" conditionals="44" coveredconditionals="13" methods="30" coveredmethods="10"/>
        <line num="20" count="1" type="stmt"/>
        <line num="22" count="1" type="stmt"/>
        <line num="29" count="8" type="cond" truecount="2" falsecount="0"/>
        <line num="31" count="1" type="stmt"/>
        <line num="32" count="8" type="cond" truecount="1" falsecount="1"/>
        <line num="33" count="0" type="stmt"/>
        <line num="35" count="8" type="cond" truecount="1" falsecount="1"/>
        <line num="36" count="8" type="stmt"/>
        <line num="38" count="0" type="cond" truecount="0" falsecount="2"/>
        <line num="39" count="0" type="stmt"/>
        <line num="41" count="0" type="cond" truecount="0" falsecount="2"/>
        <line num="42" count="0" type="stmt"/>
        <line num="44" count="0" type="stmt"/>
        <line num="47" count="1" type="stmt"/>
        <line num="48" count="3" type="stmt"/>
        <line num="49" count="3" type="stmt"/>
        <line num="50" count="3" type="cond" truecount="1" falsecount="1"/>
        <line num="51" count="3" type="stmt"/>
        <line num="53" count="3" type="stmt"/>
        <line num="55" count="3" type="stmt"/>
        <line num="63" count="1" type="stmt"/>
        <line num="66" count="5" type="stmt"/>
        <line num="67" count="5" type="cond" truecount="1" falsecount="1"/>
        <line num="68" count="0" type="cond" truecount="0" falsecount="2"/>
        <line num="70" count="5" type="stmt"/>
        <line num="73" count="1" type="stmt"/>
        <line num="77" count="5" type="stmt"/>
        <line num="78" count="5" type="stmt"/>
        <line num="79" count="5" type="cond" truecount="2" falsecount="0"/>
        <line num="80" count="2" type="stmt"/>
        <line num="82" count="4" type="cond" truecount="2" falsecount="0"/>
        <line num="83" count="2" type="stmt"/>
        <line num="85" count="3" type="cond" truecount="2" falsecount="0"/>
        <line num="86" count="1" type="stmt"/>
        <line num="88" count="2" type="cond" truecount="1" falsecount="1"/>
        <line num="89" count="2" type="stmt"/>
        <line num="91" count="0" type="stmt"/>
        <line num="93" count="5" type="stmt"/>
        <line num="96" count="1" type="stmt"/>
        <line num="104" count="0" type="stmt"/>
        <line num="105" count="0" type="cond" truecount="0" falsecount="2"/>
        <line num="106" count="0" type="stmt"/>
        <line num="108" count="0" type="stmt"/>
        <line num="116" count="0" type="cond" truecount="0" falsecount="2"/>
        <line num="117" count="0" type="stmt"/>
        <line num="118" count="0" type="stmt"/>
        <line num="124" count="0" type="cond" truecount="0" falsecount="2"/>
        <line num="125" count="0" type="stmt"/>
        <line num="126" count="0" type="stmt"/>
        <line num="132" count="0" type="cond" truecount="0" falsecount="2"/>
        <line num="133" count="0" type="stmt"/>
        <line num="134" count="0" type="stmt"/>
        <line num="140" count="0" type="cond" truecount="0" falsecount="2"/>
        <line num="141" count="0" type="stmt"/>
        <line num="143" count="0" type="stmt"/>
        <line num="147" count="0" type="stmt"/>
        <line num="150" count="1" type="stmt"/>
        <line num="151" count="0" type="cond" truecount="0" falsecount="2"/>
        <line num="152" count="0" type="stmt"/>
        <line num="154" count="1" type="stmt"/>
        <line num="157" count="0" type="stmt"/>
        <line num="158" count="0" type="stmt"/>
        <line num="159" count="0" type="stmt"/>
        <line num="160" count="0" type="stmt"/>
        <line num="161" count="0" type="stmt"/>
        <line num="162" count="0" type="cond" truecount="0" falsecount="2"/>
        <line num="163" count="0" type="stmt"/>
        <line num="164" count="0" type="stmt"/>
        <line num="165" count="0" type="stmt"/>
        <line num="166" count="0" type="stmt"/>
        <line num="172" count="0" type="cond" truecount="0" falsecount="2"/>
        <line num="173" count="0" type="stmt"/>
        <line num="180" count="0" type="stmt"/>
        <line num="198" count="1" type="stmt"/>
        <line num="199" count="0" type="stmt"/>
        <line num="202" count="1" type="stmt"/>
        <line num="203" count="0" type="stmt"/>
        <line num="204" count="0" type="stmt"/>
        <line num="205" count="0" type="stmt"/>
        <line num="206" count="0" type="stmt"/>
        <line num="211" count="0" type="stmt"/>
        <line num="212" count="0" type="cond" truecount="0" falsecount="2"/>
        <line num="213" count="0" type="cond" truecount="0" falsecount="2"/>
        <line num="219" count="1" type="stmt"/>
      </file>
      <file name="ValidateAndelerUtils.tsx" path="C:\develop\ft-frontend-saksbehandling\packages\fakta-fordel-beregningsgrunnlag\src\components\ValidateAndelerUtils.tsx">
        <metrics statements="149" coveredstatements="127" conditionals="98" coveredconditionals="84" methods="52" coveredmethods="38"/>
        <line num="19" count="4" type="cond" truecount="3" falsecount="1"/>
        <line num="43" count="4" type="stmt"/>
        <line num="44" count="56" type="cond" truecount="2" falsecount="0"/>
        <line num="45" count="13" type="cond" truecount="2" falsecount="0"/>
        <line num="46" count="8" type="stmt"/>
        <line num="48" count="5" type="cond" truecount="2" falsecount="0"/>
        <line num="50" count="43" type="cond" truecount="2" falsecount="0"/>
        <line num="53" count="4" type="stmt"/>
        <line num="56" count="45" type="stmt"/>
        <line num="57" count="45" type="cond" truecount="2" falsecount="0"/>
        <line num="58" count="11" type="cond" truecount="2" falsecount="0"/>
        <line num="59" count="11" type="stmt"/>
        <line num="60" count="4" type="cond" truecount="2" falsecount="0"/>
        <line num="61" count="3" type="stmt"/>
        <line num="64" count="8" type="cond" truecount="2" falsecount="0"/>
        <line num="65" count="7" type="stmt"/>
        <line num="67" count="1" type="stmt"/>
        <line num="69" count="34" type="cond" truecount="2" falsecount="0"/>
        <line num="70" count="5" type="stmt"/>
        <line num="72" count="29" type="stmt"/>
        <line num="75" count="14" type="stmt"/>
        <line num="78" count="17" type="cond" truecount="2" falsecount="0"/>
        <line num="81" count="4" type="stmt"/>
        <line num="84" count="45" type="stmt"/>
        <line num="85" count="49" type="stmt"/>
        <line num="86" count="17" type="stmt"/>
        <line num="87" count="17" type="cond" truecount="2" falsecount="0"/>
        <line num="88" count="7" type="stmt"/>
        <line num="91" count="10" type="stmt"/>
        <line num="94" count="17" type="stmt"/>
        <line num="97" count="4" type="stmt"/>
        <line num="98" count="18" type="stmt"/>
        <line num="99" count="6" type="stmt"/>
        <line num="100" count="6" type="stmt"/>
        <line num="101" count="14" type="stmt"/>
        <line num="102" count="8" type="cond" truecount="2" falsecount="0"/>
        <line num="103" count="14" type="cond" truecount="2" falsecount="0"/>
        <line num="104" count="4" type="stmt"/>
        <line num="105" count="4" type="cond" truecount="1" falsecount="1"/>
        <line num="106" count="0" type="stmt"/>
        <line num="108" count="4" type="cond" truecount="3" falsecount="1"/>
        <line num="109" count="4" type="stmt"/>
        <line num="115" count="10" type="stmt"/>
        <line num="116" count="10" type="stmt"/>
        <line num="117" count="10" type="cond" truecount="3" falsecount="1"/>
        <line num="118" count="10" type="stmt"/>
        <line num="120" count="10" type="stmt"/>
        <line num="130" count="6" type="stmt"/>
        <line num="133" count="6" type="stmt"/>
        <line num="136" count="4" type="stmt"/>
        <line num="140" count="6" type="stmt"/>
        <line num="141" count="6" type="stmt"/>
        <line num="142" count="10" type="stmt"/>
        <line num="143" count="6" type="cond" truecount="2" falsecount="0"/>
        <line num="144" count="3" type="stmt"/>
        <line num="146" count="3" type="cond" truecount="1" falsecount="1"/>
        <line num="147" count="0" type="stmt"/>
        <line num="149" count="3" type="stmt"/>
        <line num="151" count="3" type="stmt"/>
        <line num="153" count="3" type="stmt"/>
        <line num="156" count="4" type="stmt"/>
        <line num="159" count="4" type="stmt"/>
        <line num="162" count="4" type="stmt"/>
        <line num="165" count="4" type="stmt"/>
        <line num="166" count="0" type="cond" truecount="0" falsecount="2"/>
        <line num="168" count="4" type="stmt"/>
        <line num="171" count="4" type="stmt"/>
        <line num="174" count="0" type="cond" truecount="0" falsecount="2"/>
        <line num="176" count="4" type="stmt"/>
        <line num="178" count="6" type="cond" truecount="2" falsecount="0"/>
        <line num="180" count="4" type="stmt"/>
        <line num="182" count="16" type="cond" truecount="2" falsecount="0"/>
        <line num="183" count="6" type="stmt"/>
        <line num="185" count="16" type="stmt"/>
        <line num="188" count="4" type="stmt"/>
        <line num="189" count="15" type="cond" truecount="2" falsecount="0"/>
        <line num="190" count="15" type="cond" truecount="4" falsecount="0"/>
        <line num="191" count="12" type="stmt"/>
        <line num="193" count="3" type="cond" truecount="2" falsecount="0"/>
        <line num="194" count="2" type="stmt"/>
        <line num="195" count="2" type="cond" truecount="4" falsecount="0"/>
        <line num="196" count="1" type="stmt"/>
        <line num="199" count="2" type="stmt"/>
        <line num="200" count="3" type="stmt"/>
        <line num="201" count="2" type="cond" truecount="4" falsecount="0"/>
        <line num="202" count="1" type="stmt"/>
        <line num="204" count="1" type="stmt"/>
        <line num="207" count="4" type="stmt"/>
        <line num="208" count="22" type="stmt"/>
        <line num="209" count="22" type="cond" truecount="2" falsecount="0"/>
        <line num="210" count="15" type="stmt"/>
        <line num="212" count="22" type="stmt"/>
        <line num="215" count="16" type="cond" truecount="4" falsecount="0"/>
        <line num="218" count="4" type="stmt"/>
        <line num="224" count="16" type="stmt"/>
        <line num="225" count="16" type="stmt"/>
        <line num="231" count="16" type="stmt"/>
        <line num="232" count="16" type="stmt"/>
        <line num="233" count="16" type="stmt"/>
        <line num="234" count="16" type="stmt"/>
        <line num="235" count="16" type="cond" truecount="2" falsecount="0"/>
        <line num="238" count="4" type="stmt"/>
        <line num="239" count="14" type="cond" truecount="1" falsecount="1"/>
        <line num="240" count="0" type="stmt"/>
        <line num="242" count="14" type="stmt"/>
        <line num="243" count="18" type="cond" truecount="2" falsecount="0"/>
        <line num="244" count="2" type="stmt"/>
        <line num="246" count="16" type="stmt"/>
        <line num="248" count="14" type="cond" truecount="2" falsecount="0"/>
        <line num="249" count="8" type="stmt"/>
        <line num="251" count="6" type="stmt"/>
        <line num="254" count="4" type="stmt"/>
        <line num="255" count="6" type="stmt"/>
        <line num="256" count="18" type="stmt"/>
        <line num="257" count="6" type="cond" truecount="3" falsecount="1"/>
        <line num="260" count="4" type="stmt"/>
        <line num="261" count="2" type="cond" truecount="2" falsecount="0"/>
        <line num="262" count="2" type="stmt"/>
        <line num="263" count="2" type="stmt"/>
        <line num="264" count="2" type="stmt"/>
        <line num="265" count="2" type="cond" truecount="1" falsecount="1"/>
        <line num="268" count="4" type="stmt"/>
        <line num="271" count="0" type="stmt"/>
        <line num="272" count="0" type="stmt"/>
        <line num="273" count="0" type="stmt"/>
        <line num="274" count="0" type="stmt"/>
        <line num="277" count="4" type="stmt"/>
        <line num="278" count="0" type="stmt"/>
        <line num="280" count="0" type="stmt"/>
        <line num="282" count="4" type="stmt"/>
        <line num="286" count="0" type="stmt"/>
        <line num="287" count="0" type="stmt"/>
        <line num="288" count="0" type="stmt"/>
        <line num="289" count="0" type="stmt"/>
        <line num="292" count="4" type="stmt"/>
        <line num="296" count="0" type="stmt"/>
        <line num="300" count="0" type="stmt"/>
        <line num="301" count="0" type="stmt"/>
        <line num="302" count="0" type="stmt"/>
        <line num="303" count="0" type="stmt"/>
        <line num="306" count="4" type="stmt"/>
        <line num="310" count="6" type="cond" truecount="2" falsecount="0"/>
        <line num="311" count="6" type="stmt"/>
        <line num="312" count="6" type="cond" truecount="1" falsecount="1"/>
        <line num="313" count="0" type="stmt"/>
        <line num="315" count="6" type="cond" truecount="2" falsecount="0"/>
        <line num="316" count="6" type="cond" truecount="1" falsecount="1"/>
        <line num="317" count="0" type="stmt"/>
        <line num="319" count="6" type="stmt"/>
      </file>
    </package>
    <package name="components.fordeling">
      <metrics statements="283" coveredstatements="223" conditionals="202" coveredconditionals="140" methods="87" coveredmethods="65"/>
      <file name="FordelBeregningsgrunnlagForm.tsx" path="C:\develop\ft-frontend-saksbehandling\packages\fakta-fordel-beregningsgrunnlag\src\components\fordeling\FordelBeregningsgrunnlagForm.tsx">
        <metrics statements="96" coveredstatements="88" conditionals="41" coveredconditionals="33" methods="37" coveredmethods="34"/>
        <line num="29" count="1" type="stmt"/>
        <line num="31" count="39" type="stmt"/>
        <line num="33" count="17" type="stmt"/>
        <line num="39" count="1" type="stmt"/>
        <line num="40" count="5" type="stmt"/>
        <line num="42" count="1" type="stmt"/>
        <line num="43" count="15" type="cond" truecount="1" falsecount="1"/>
        <line num="44" count="0" type="stmt"/>
        <line num="46" count="15" type="stmt"/>
        <line num="49" count="15" type="stmt"/>
        <line num="66" count="1" type="stmt"/>
        <line num="70" count="23" type="stmt"/>
        <line num="71" count="23" type="cond" truecount="2" falsecount="0"/>
        <line num="72" count="10" type="stmt"/>
        <line num="74" count="13" type="cond" truecount="6" falsecount="0"/>
        <line num="75" count="12" type="stmt"/>
        <line num="76" count="12" type="stmt"/>
        <line num="77" count="11" type="stmt"/>
        <line num="78" count="3" type="stmt"/>
        <line num="80" count="10" type="cond" truecount="2" falsecount="0"/>
        <line num="81" count="2" type="stmt"/>
        <line num="82" count="2" type="stmt"/>
        <line num="83" count="2" type="stmt"/>
        <line num="85" count="8" type="stmt"/>
        <line num="88" count="1" type="stmt"/>
        <line num="89" count="9" type="stmt"/>
        <line num="91" count="9" type="stmt"/>
        <line num="92" count="9" type="stmt"/>
        <line num="95" count="18" type="stmt"/>
        <line num="97" count="41" type="cond" truecount="2" falsecount="0"/>
        <line num="98" count="18" type="stmt"/>
        <line num="99" count="18" type="stmt"/>
        <line num="101" count="54" type="stmt"/>
        <line num="102" count="23" type="cond" truecount="1" falsecount="1"/>
        <line num="103" count="23" type="cond" truecount="2" falsecount="0"/>
        <line num="104" count="9" type="stmt"/>
        <line num="105" count="9" type="stmt"/>
        <line num="107" count="14" type="stmt"/>
        <line num="109" count="14" type="stmt"/>
        <line num="112" count="12" type="cond" truecount="3" falsecount="0"/>
        <line num="116" count="1" type="stmt"/>
        <line num="119" count="4" type="stmt"/>
        <line num="121" count="7" type="stmt"/>
        <line num="127" count="1" type="stmt"/>
        <line num="128" count="9" type="stmt"/>
        <line num="129" count="5" type="stmt"/>
        <line num="132" count="1" type="stmt"/>
        <line num="133" count="18" type="stmt"/>
        <line num="135" count="1" type="stmt"/>
        <line num="138" count="4" type="stmt"/>
        <line num="139" count="4" type="stmt"/>
        <line num="140" count="4" type="stmt"/>
        <line num="141" count="9" type="stmt"/>
        <line num="142" count="9" type="cond" truecount="2" falsecount="0"/>
        <line num="143" count="4" type="stmt"/>
        <line num="144" count="7" type="stmt"/>
        <line num="147" count="4" type="stmt"/>
        <line num="172" count="1" type="stmt"/>
        <line num="180" count="4" type="stmt"/>
        <line num="181" count="4" type="cond" truecount="4" falsecount="0"/>
        <line num="182" count="3" type="stmt"/>
        <line num="183" count="3" type="stmt"/>
        <line num="184" count="3" type="stmt"/>
        <line num="185" count="5" type="stmt"/>
        <line num="186" count="5" type="stmt"/>
        <line num="187" count="5" type="stmt"/>
        <line num="188" count="5" type="cond" truecount="2" falsecount="0"/>
        <line num="189" count="5" type="stmt"/>
        <line num="190" count="5" type="stmt"/>
        <line num="194" count="4" type="stmt"/>
        <line num="197" count="1" type="stmt"/>
        <line num="199" count="0" type="stmt"/>
        <line num="203" count="1" type="stmt"/>
        <line num="207" count="1" type="stmt"/>
        <line num="208" count="1" type="cond" truecount="1" falsecount="1"/>
        <line num="209" count="0" type="stmt"/>
        <line num="211" count="1" type="stmt"/>
        <line num="212" count="1" type="stmt"/>
        <line num="213" count="1" type="stmt"/>
        <line num="214" count="2" type="stmt"/>
        <line num="215" count="2" type="stmt"/>
        <line num="218" count="1" type="stmt"/>
        <line num="222" count="1" type="stmt"/>
        <line num="223" count="1" type="stmt"/>
        <line num="224" count="3" type="stmt"/>
        <line num="226" count="1" type="stmt"/>
        <line num="230" count="0" type="stmt"/>
        <line num="231" count="0" type="cond" truecount="0" falsecount="2"/>
        <line num="232" count="0" type="stmt"/>
        <line num="234" count="0" type="stmt"/>
        <line num="235" count="0" type="stmt"/>
        <line num="249" count="1" type="stmt"/>
        <line num="250" count="1" type="stmt"/>
        <line num="251" count="1" type="stmt"/>
        <line num="254" count="2" type="stmt"/>
        <line num="261" count="6" type="cond" truecount="1" falsecount="1"/>
      </file>
      <file name="FordelBeregningsgrunnlagPeriodePanel.tsx" path="C:\develop\ft-frontend-saksbehandling\packages\fakta-fordel-beregningsgrunnlag\src\components\fordeling\FordelBeregningsgrunnlagPeriodePanel.tsx">
        <metrics statements="35" coveredstatements="27" conditionals="51" coveredconditionals="40" methods="11" coveredmethods="7"/>
        <line num="32" count="2" type="stmt"/>
        <line num="34" count="2" type="cond" truecount="0" falsecount="2"/>
        <line num="36" count="2" type="stmt"/>
        <line num="37" count="0" type="cond" truecount="0" falsecount="2"/>
        <line num="38" count="0" type="stmt"/>
        <line num="47" count="0" type="stmt"/>
        <line num="96" count="2" type="stmt"/>
        <line num="110" count="0" type="stmt"/>
        <line num="114" count="0" type="stmt"/>
        <line num="130" count="2" type="stmt"/>
        <line num="135" count="2" type="stmt"/>
        <line num="136" count="5" type="stmt"/>
        <line num="139" count="2" type="stmt"/>
        <line num="140" count="12" type="stmt"/>
        <line num="141" count="49" type="stmt"/>
        <line num="143" count="2" type="stmt"/>
        <line num="144" count="10" type="cond" truecount="4" falsecount="0"/>
        <line num="147" count="2" type="stmt"/>
        <line num="148" count="24" type="cond" truecount="1" falsecount="1"/>
        <line num="149" count="0" type="stmt"/>
        <line num="151" count="24" type="cond" truecount="3" falsecount="1"/>
        <line num="152" count="24" type="cond" truecount="3" falsecount="1"/>
        <line num="153" count="24" type="cond" truecount="3" falsecount="1"/>
        <line num="154" count="0" type="stmt"/>
        <line num="156" count="24" type="cond" truecount="4" falsecount="0"/>
        <line num="157" count="4" type="stmt"/>
        <line num="159" count="20" type="cond" truecount="4" falsecount="0"/>
        <line num="160" count="14" type="stmt"/>
        <line num="162" count="6" type="stmt"/>
        <line num="165" count="2" type="stmt"/>
        <line num="171" count="3" type="cond" truecount="3" falsecount="1"/>
        <line num="172" count="0" type="stmt"/>
        <line num="174" count="3" type="stmt"/>
        <line num="177" count="12" type="stmt"/>
        <line num="178" count="12" type="stmt"/>
      </file>
      <file name="RenderFordelBGFieldArray.tsx" path="C:\develop\ft-frontend-saksbehandling\packages\fakta-fordel-beregningsgrunnlag\src\components\fordeling\RenderFordelBGFieldArray.tsx">
        <metrics statements="149" coveredstatements="105" conditionals="110" coveredconditionals="67" methods="39" coveredmethods="24"/>
        <line num="36" count="3" type="stmt"/>
        <line num="47" count="3" type="stmt"/>
        <line num="48" count="3" type="cond" truecount="2" falsecount="0"/>
        <line num="49" count="2" type="stmt"/>
        <line num="51" count="1" type="stmt"/>
        <line num="54" count="3" type="stmt"/>
        <line num="57" count="5" type="stmt"/>
        <line num="58" count="5" type="cond" truecount="1" falsecount="1"/>
        <line num="59" count="0" type="cond" truecount="0" falsecount="2"/>
        <line num="61" count="5" type="stmt"/>
        <line num="64" count="3" type="stmt"/>
        <line num="66" count="4" type="stmt"/>
        <line num="68" count="4" type="stmt"/>
        <line num="73" count="3" type="stmt"/>
        <line num="77" count="1" type="stmt"/>
        <line num="79" count="1" type="stmt"/>
        <line num="83" count="1" type="stmt"/>
        <line num="88" count="1" type="stmt"/>
        <line num="91" count="9" type="stmt"/>
        <line num="92" count="18" type="stmt"/>
        <line num="97" count="3" type="stmt"/>
        <line num="98" count="5" type="stmt"/>
        <line num="99" count="5" type="stmt"/>
        <line num="100" count="5" type="stmt"/>
        <line num="101" count="9" type="stmt"/>
        <line num="102" count="9" type="cond" truecount="4" falsecount="1"/>
        <line num="103" count="9" type="stmt"/>
        <line num="106" count="5" type="cond" truecount="1" falsecount="1"/>
        <line num="109" count="3" type="stmt"/>
        <line num="110" count="5" type="stmt"/>
        <line num="111" count="5" type="stmt"/>
        <line num="112" count="5" type="stmt"/>
        <line num="113" count="9" type="stmt"/>
        <line num="114" count="9" type="cond" truecount="1" falsecount="1"/>
        <line num="115" count="9" type="cond" truecount="1" falsecount="1"/>
        <line num="117" count="0" type="cond" truecount="0" falsecount="2"/>
        <line num="120" count="5" type="cond" truecount="1" falsecount="1"/>
        <line num="123" count="3" type="stmt"/>
        <line num="124" count="5" type="stmt"/>
        <line num="125" count="5" type="stmt"/>
        <line num="126" count="5" type="stmt"/>
        <line num="127" count="9" type="stmt"/>
        <line num="128" count="9" type="cond" truecount="2" falsecount="0"/>
        <line num="129" count="4" type="cond" truecount="1" falsecount="1"/>
        <line num="132" count="5" type="cond" truecount="2" falsecount="0"/>
        <line num="135" count="9" type="cond" truecount="2" falsecount="0"/>
        <line num="139" count="3" type="cond" truecount="0" falsecount="4"/>
        <line num="141" count="5" type="cond" truecount="2" falsecount="2"/>
        <line num="144" count="3" type="stmt"/>
        <line num="145" count="5" type="stmt"/>
        <line num="146" count="0" type="cond" truecount="0" falsecount="2"/>
        <line num="147" count="0" type="stmt"/>
        <line num="151" count="3" type="stmt"/>
        <line num="152" count="0" type="stmt"/>
        <line num="153" count="0" type="stmt"/>
        <line num="156" count="3" type="stmt"/>
        <line num="157" count="0" type="stmt"/>
        <line num="158" count="0" type="stmt"/>
        <line num="159" count="0" type="cond" truecount="0" falsecount="2"/>
        <line num="160" count="0" type="stmt"/>
        <line num="163" count="0" type="stmt"/>
        <line num="166" count="3" type="stmt"/>
        <line num="170" count="0" type="stmt"/>
        <line num="171" count="0" type="stmt"/>
        <line num="172" count="0" type="cond" truecount="0" falsecount="2"/>
        <line num="173" count="0" type="stmt"/>
        <line num="174" count="0" type="stmt"/>
        <line num="175" count="0" type="stmt"/>
        <line num="176" count="0" type="stmt"/>
        <line num="177" count="0" type="stmt"/>
        <line num="178" count="0" type="stmt"/>
        <line num="179" count="0" type="stmt"/>
        <line num="180" count="0" type="stmt"/>
        <line num="181" count="0" type="stmt"/>
        <line num="182" count="0" type="stmt"/>
        <line num="183" count="0" type="stmt"/>
        <line num="187" count="3" type="stmt"/>
        <line num="193" count="9" type="stmt"/>
        <line num="210" count="0" type="stmt"/>
        <line num="216" count="3" type="stmt"/>
        <line num="220" count="10" type="cond" truecount="4" falsecount="0"/>
        <line num="221" count="1" type="stmt"/>
        <line num="233" count="9" type="stmt"/>
        <line num="246" count="3" type="stmt"/>
        <line num="248" count="9" type="cond" truecount="3" falsecount="0"/>
        <line num="251" count="3" type="stmt"/>
        <line num="259" count="5" type="cond" truecount="2" falsecount="0"/>
        <line num="260" count="5" type="stmt"/>
        <line num="261" count="9" type="stmt"/>
        <line num="292" count="0" type="cond" truecount="0" falsecount="4"/>
        <line num="293" count="0" type="stmt"/>
        <line num="295" count="0" type="stmt"/>
        <line num="298" count="0" type="cond" truecount="0" falsecount="2"/>
        <line num="337" count="0" type="stmt"/>
        <line num="346" count="3" type="stmt"/>
        <line num="350" count="5" type="stmt"/>
        <line num="379" count="3" type="stmt"/>
        <line num="380" count="5" type="stmt"/>
        <line num="381" count="5" type="stmt"/>
        <line num="382" count="5" type="cond" truecount="1" falsecount="1"/>
        <line num="383" count="0" type="stmt"/>
        <line num="385" count="5" type="stmt"/>
        <line num="386" count="5" type="stmt"/>
        <line num="387" count="5" type="stmt"/>
        <line num="388" count="5" type="stmt"/>
        <line num="389" count="5" type="stmt"/>
        <line num="390" count="5" type="stmt"/>
        <line num="430" count="3" type="stmt"/>
        <line num="444" count="5" type="stmt"/>
        <line num="445" count="5" type="stmt"/>
        <line num="446" count="5" type="stmt"/>
        <line num="447" count="5" type="cond" truecount="2" falsecount="0"/>
        <line num="450" count="5" type="stmt"/>
        <line num="452" count="5" type="stmt"/>
        <line num="453" count="5" type="stmt"/>
        <line num="454" count="5" type="stmt"/>
        <line num="468" count="0" type="stmt"/>
        <line num="492" count="3" type="stmt"/>
        <line num="494" count="3" type="stmt"/>
        <line num="496" count="14" type="stmt"/>
        <line num="497" count="14" type="cond" truecount="2" falsecount="0"/>
        <line num="498" count="8" type="stmt"/>
        <line num="500" count="6" type="cond" truecount="1" falsecount="1"/>
        <line num="501" count="0" type="stmt"/>
        <line num="503" count="6" type="stmt"/>
        <line num="504" count="6" type="cond" truecount="1" falsecount="1"/>
        <line num="505" count="0" type="stmt"/>
        <line num="507" count="6" type="stmt"/>
        <line num="508" count="6" type="cond" truecount="1" falsecount="1"/>
        <line num="509" count="0" type="stmt"/>
        <line num="511" count="6" type="cond" truecount="2" falsecount="0"/>
        <line num="512" count="2" type="stmt"/>
        <line num="513" count="2" type="cond" truecount="1" falsecount="1"/>
        <line num="514" count="0" type="stmt"/>
        <line num="516" count="2" type="stmt"/>
        <line num="517" count="2" type="cond" truecount="1" falsecount="1"/>
        <line num="518" count="2" type="stmt"/>
        <line num="521" count="4" type="cond" truecount="5" falsecount="0"/>
        <line num="522" count="2" type="stmt"/>
        <line num="523" count="2" type="cond" truecount="1" falsecount="1"/>
        <line num="524" count="0" type="stmt"/>
        <line num="527" count="4" type="stmt"/>
        <line num="530" count="3" type="stmt"/>
        <line num="531" count="0" type="stmt"/>
        <line num="532" count="0" type="cond" truecount="0" falsecount="2"/>
        <line num="533" count="0" type="stmt"/>
        <line num="534" count="0" type="stmt"/>
        <line num="535" count="0" type="stmt"/>
        <line num="541" count="0" type="stmt"/>
      </file>
      <file name="fordelBeregningsgrunnlagForm.less" path="C:\develop\ft-frontend-saksbehandling\packages\fakta-fordel-beregningsgrunnlag\src\components\fordeling\fordelBeregningsgrunnlagForm.less">
        <metrics statements="1" coveredstatements="1" conditionals="0" coveredconditionals="0" methods="0" coveredmethods="0"/>
        <line num="1" count="1" type="stmt"/>
      </file>
      <file name="fordelBeregningsgrunnlagPeriodePanel.less" path="C:\develop\ft-frontend-saksbehandling\packages\fakta-fordel-beregningsgrunnlag\src\components\fordeling\fordelBeregningsgrunnlagPeriodePanel.less">
        <metrics statements="1" coveredstatements="1" conditionals="0" coveredconditionals="0" methods="0" coveredmethods="0"/>
        <line num="1" count="2" type="stmt"/>
      </file>
      <file name="renderFordelBGFieldArray.less" path="C:\develop\ft-frontend-saksbehandling\packages\fakta-fordel-beregningsgrunnlag\src\components\fordeling\renderFordelBGFieldArray.less">
        <metrics statements="1" coveredstatements="1" conditionals="0" coveredconditionals="0" methods="0" coveredmethods="0"/>
        <line num="1" count="3" type="stmt"/>
      </file>
    </package>
    <package name="components.refusjon">
      <metrics statements="87" coveredstatements="44" conditionals="45" coveredconditionals="12" methods="30" coveredmethods="7"/>
      <file name="TidligereUtbetalingRad.tsx" path="C:\develop\ft-frontend-saksbehandling\packages\fakta-fordel-beregningsgrunnlag\src\components\refusjon\TidligereUtbetalingRad.tsx">
        <metrics statements="11" coveredstatements="4" conditionals="10" coveredconditionals="0" methods="6" coveredmethods="0"/>
        <line num="13" count="1" type="stmt"/>
        <line num="14" count="0" type="stmt"/>
        <line num="23" count="1" type="stmt"/>
        <line num="24" count="0" type="cond" truecount="0" falsecount="2"/>
        <line num="25" count="0" type="stmt"/>
        <line num="27" count="0" type="cond" truecount="0" falsecount="2"/>
        <line num="28" count="0" type="stmt"/>
        <line num="36" count="1" type="stmt"/>
        <line num="37" count="0" type="stmt"/>
        <line num="49" count="1" type="stmt"/>
        <line num="53" count="0" type="stmt"/>
      </file>
      <file name="TidligereUtbetalinger.tsx" path="C:\develop\ft-frontend-saksbehandling\packages\fakta-fordel-beregningsgrunnlag\src\components\refusjon\TidligereUtbetalinger.tsx">
        <metrics statements="8" coveredstatements="2" conditionals="2" coveredconditionals="0" methods="3" coveredmethods="0"/>
        <line num="15" count="1" type="stmt"/>
        <line num="16" count="0" type="cond" truecount="0" falsecount="2"/>
        <line num="17" count="0" type="stmt"/>
        <line num="19" count="0" type="stmt"/>
        <line num="22" count="1" type="stmt"/>
        <line num="23" count="0" type="stmt"/>
        <line num="24" count="0" type="stmt"/>
        <line num="34" count="0" type="stmt"/>
      </file>
      <file name="VurderEndringRefusjonForm.tsx" path="C:\develop\ft-frontend-saksbehandling\packages\fakta-fordel-beregningsgrunnlag\src\components\refusjon\VurderEndringRefusjonForm.tsx">
        <metrics statements="32" coveredstatements="12" conditionals="14" coveredconditionals="0" methods="12" coveredmethods="2"/>
        <line num="20" count="1" type="stmt"/>
        <line num="21" count="1" type="stmt"/>
        <line num="25" count="1" type="stmt"/>
        <line num="27" count="1" type="cond" truecount="0" falsecount="2"/>
        <line num="28" count="0" type="stmt"/>
        <line num="30" count="1" type="stmt"/>
        <line num="31" count="0" type="cond" truecount="0" falsecount="2"/>
        <line num="32" count="0" type="stmt"/>
        <line num="34" count="0" type="stmt"/>
        <line num="52" count="1" type="stmt"/>
        <line num="61" count="0" type="stmt"/>
        <line num="62" count="0" type="stmt"/>
        <line num="63" count="0" type="cond" truecount="0" falsecount="2"/>
        <line num="64" count="0" type="stmt"/>
        <line num="75" count="0" type="stmt"/>
        <line num="106" count="1" type="stmt"/>
        <line num="107" count="0" type="stmt"/>
        <line num="108" count="0" type="stmt"/>
        <line num="109" count="0" type="stmt"/>
        <line num="110" count="0" type="stmt"/>
        <line num="115" count="0" type="stmt"/>
        <line num="116" count="0" type="cond" truecount="0" falsecount="4"/>
        <line num="117" count="0" type="stmt"/>
        <line num="120" count="1" type="stmt"/>
        <line num="121" count="4" type="stmt"/>
        <line num="122" count="7" type="stmt"/>
        <line num="123" count="4" type="stmt"/>
        <line num="130" count="1" type="stmt"/>
        <line num="131" count="0" type="stmt"/>
        <line num="132" count="0" type="stmt"/>
        <line num="133" count="0" type="stmt"/>
        <line num="134" count="0" type="stmt"/>
      </file>
      <file name="VurderEndringRefusjonRad.tsx" path="C:\develop\ft-frontend-saksbehandling\packages\fakta-fordel-beregningsgrunnlag\src\components\refusjon\VurderEndringRefusjonRad.tsx">
        <metrics statements="34" coveredstatements="24" conditionals="19" coveredconditionals="12" methods="9" coveredmethods="5"/>
        <line num="27" count="2" type="stmt"/>
        <line num="28" count="2" type="stmt"/>
        <line num="30" count="2" type="stmt"/>
        <line num="31" count="19" type="cond" truecount="1" falsecount="1"/>
        <line num="32" count="19" type="stmt"/>
        <line num="34" count="0" type="stmt"/>
        <line num="37" count="16" type="stmt"/>
        <line num="38" count="3" type="stmt"/>
        <line num="58" count="2" type="stmt"/>
        <line num="65" count="2" type="cond" truecount="1" falsecount="1"/>
        <line num="66" count="0" type="stmt"/>
        <line num="68" count="2" type="stmt"/>
        <line num="69" count="2" type="cond" truecount="1" falsecount="1"/>
        <line num="72" count="2" type="stmt"/>
        <line num="81" count="0" type="stmt"/>
        <line num="128" count="2" type="stmt"/>
        <line num="129" count="0" type="stmt"/>
        <line num="130" count="0" type="stmt"/>
        <line num="131" count="0" type="stmt"/>
        <line num="132" count="0" type="stmt"/>
        <line num="135" count="2" type="stmt"/>
        <line num="138" count="7" type="stmt"/>
        <line num="139" count="7" type="stmt"/>
        <line num="140" count="7" type="stmt"/>
        <line num="141" count="7" type="cond" truecount="4" falsecount="0"/>
        <line num="142" count="1" type="stmt"/>
        <line num="143" count="1" type="stmt"/>
        <line num="145" count="7" type="stmt"/>
        <line num="154" count="2" type="stmt"/>
        <line num="155" count="0" type="cond" truecount="0" falsecount="2"/>
        <line num="156" count="0" type="stmt"/>
        <line num="158" count="0" type="stmt"/>
        <line num="161" count="2" type="stmt"/>
        <line num="166" count="2" type="stmt"/>
      </file>
      <file name="tidligereUtbetalinger.less" path="C:\develop\ft-frontend-saksbehandling\packages\fakta-fordel-beregningsgrunnlag\src\components\refusjon\tidligereUtbetalinger.less">
        <metrics statements="1" coveredstatements="1" conditionals="0" coveredconditionals="0" methods="0" coveredmethods="0"/>
        <line num="1" count="1" type="stmt"/>
      </file>
      <file name="vurderEndringRefusjonRad.less" path="C:\develop\ft-frontend-saksbehandling\packages\fakta-fordel-beregningsgrunnlag\src\components\refusjon\vurderEndringRefusjonRad.less">
        <metrics statements="1" coveredstatements="1" conditionals="0" coveredconditionals="0" methods="0" coveredmethods="0"/>
        <line num="1" count="2" type="stmt"/>
      </file>
    </package>
    <package name="components.util">
      <metrics statements="16" coveredstatements="11" conditionals="16" coveredconditionals="7" methods="3" coveredmethods="3"/>
      <file name="visningsnavnHelper.ts" path="C:\develop\ft-frontend-saksbehandling\packages\fakta-fordel-beregningsgrunnlag\src\components\util\visningsnavnHelper.ts">
        <metrics statements="16" coveredstatements="11" conditionals="16" coveredconditionals="7" methods="3" coveredmethods="3"/>
        <line num="9" count="24" type="cond" truecount="2" falsecount="0"/>
        <line num="11" count="9" type="stmt"/>
        <line num="15" count="22" type="stmt"/>
        <line num="16" count="22" type="cond" truecount="1" falsecount="1"/>
        <line num="17" count="0" type="cond" truecount="0" falsecount="2"/>
        <line num="21" count="22" type="cond" truecount="1" falsecount="1"/>
        <line num="26" count="9" type="stmt"/>
        <line num="28" count="2" type="cond" truecount="1" falsecount="1"/>
        <line num="29" count="2" type="stmt"/>
        <line num="30" count="2" type="cond" truecount="1" falsecount="1"/>
        <line num="31" count="0" type="stmt"/>
        <line num="33" count="2" type="cond" truecount="1" falsecount="1"/>
        <line num="34" count="0" type="cond" truecount="0" falsecount="2"/>
        <line num="35" count="0" type="stmt"/>
        <line num="37" count="0" type="stmt"/>
        <line num="39" count="2" type="stmt"/>
      </file>
    </package>
    <package name="legacy">
      <metrics statements="31" coveredstatements="22" conditionals="48" coveredconditionals="28" methods="11" coveredmethods="3"/>
      <file name="FaktaBegrunnelseTextField.tsx" path="C:\develop\ft-frontend-saksbehandling\packages\fakta-fordel-beregningsgrunnlag\src\legacy\FaktaBegrunnelseTextField.tsx">
        <metrics statements="14" coveredstatements="11" conditionals="23" coveredconditionals="11" methods="4" coveredmethods="1"/>
        <line num="12" count="2" type="stmt"/>
        <line num="14" count="2" type="stmt"/>
        <line num="15" count="2" type="stmt"/>
        <line num="42" count="2" type="stmt"/>
        <line num="50" count="6" type="cond" truecount="2" falsecount="0"/>
        <line num="51" count="6" type="cond" truecount="2" falsecount="0"/>
        <line num="52" count="6" type="stmt"/>
        <line num="70" count="2" type="stmt"/>
        <line num="75" count="2" type="stmt"/>
        <line num="76" count="0" type="cond" truecount="0" falsecount="4"/>
        <line num="77" count="0" type="cond" truecount="0" falsecount="2"/>
        <line num="79" count="0" type="cond" truecount="0" falsecount="4"/>
        <line num="82" count="2" type="cond" truecount="0" falsecount="1"/>
        <line num="86" count="2" type="cond" truecount="0" falsecount="1"/>
      </file>
      <file name="FaktaSubmitButton.tsx" path="C:\develop\ft-frontend-saksbehandling\packages\fakta-fordel-beregningsgrunnlag\src\legacy\FaktaSubmitButton.tsx">
        <metrics statements="16" coveredstatements="10" conditionals="25" coveredconditionals="17" methods="7" coveredmethods="2"/>
        <line num="12" count="2" type="stmt"/>
        <line num="14" count="2" type="stmt"/>
        <line num="21" count="6" type="cond" truecount="4" falsecount="0"/>
        <line num="22" count="2" type="stmt"/>
        <line num="24" count="4" type="cond" truecount="2" falsecount="0"/>
        <line num="25" count="3" type="cond" truecount="3" falsecount="0"/>
        <line num="28" count="1" type="stmt"/>
        <line num="51" count="2" type="stmt"/>
        <line num="61" count="7" type="stmt"/>
        <line num="77" count="2" type="stmt"/>
        <line num="78" count="0" type="cond" truecount="0" falsecount="2"/>
        <line num="79" count="0" type="cond" truecount="0" falsecount="2"/>
        <line num="80" count="0" type="stmt"/>
        <line num="81" count="0" type="stmt"/>
        <line num="82" count="0" type="stmt"/>
        <line num="85" count="0" type="stmt"/>
      </file>
      <file name="faktaBegrunnelseTextField.less" path="C:\develop\ft-frontend-saksbehandling\packages\fakta-fordel-beregningsgrunnlag\src\legacy\faktaBegrunnelseTextField.less">
        <metrics statements="1" coveredstatements="1" conditionals="0" coveredconditionals="0" methods="0" coveredmethods="0"/>
        <line num="1" count="2" type="stmt"/>
      </file>
    </package>
  </project>
</coverage>
