{"C:\\develop\\ft-frontend-saksbehandling\\packages\\fakta-fordel-beregningsgrunnlag\\src\\components\\BgFordelingUtils.ts": {"path":"C:\\develop\\ft-frontend-saksbehandling\\packages\\fakta-fordel-beregningsgrunnlag\\src\\components\\BgFordelingUtils.ts","statementMap":{"0":{"start":{"line":14,"column":43},"end":{"line":14,"column":48}},"1":{"start":{"line":16,"column":24},"end":{"line":16,"column":89}},"2":{"start":{"line":16,"column":52},"end":{"line":16,"column":89}},"3":{"start":{"line":18,"column":32},"end":{"line":29,"column":1}},"4":{"start":{"line":19,"column":2},"end":{"line":21,"column":3}},"5":{"start":{"line":20,"column":4},"end":{"line":20,"column":14}},"6":{"start":{"line":22,"column":2},"end":{"line":25,"column":3}},"7":{"start":{"line":24,"column":4},"end":{"line":24,"column":57}},"8":{"start":{"line":26,"column":19},"end":{"line":26,"column":46}},"9":{"start":{"line":27,"column":19},"end":{"line":27,"column":46}},"10":{"start":{"line":28,"column":2},"end":{"line":28,"column":64}},"11":{"start":{"line":31,"column":34},"end":{"line":32,"column":89}},"12":{"start":{"line":31,"column":85},"end":{"line":32,"column":88}},"13":{"start":{"line":34,"column":24},"end":{"line":52,"column":1}},"14":{"start":{"line":38,"column":2},"end":{"line":40,"column":3}},"15":{"start":{"line":39,"column":4},"end":{"line":39,"column":14}},"16":{"start":{"line":41,"column":2},"end":{"line":47,"column":3}},"17":{"start":{"line":42,"column":27},"end":{"line":42,"column":96}},"18":{"start":{"line":43,"column":4},"end":{"line":45,"column":5}},"19":{"start":{"line":44,"column":6},"end":{"line":44,"column":157}},"20":{"start":{"line":46,"column":4},"end":{"line":46,"column":113}},"21":{"start":{"line":48,"column":2},"end":{"line":50,"column":3}},"22":{"start":{"line":49,"column":4},"end":{"line":49,"column":20}},"23":{"start":{"line":51,"column":2},"end":{"line":51,"column":79}},"24":{"start":{"line":54,"column":33},"end":{"line":54,"column":127}},"25":{"start":{"line":54,"column":75},"end":{"line":54,"column":126}},"26":{"start":{"line":56,"column":33},"end":{"line":63,"column":1}},"27":{"start":{"line":58,"column":19},"end":{"line":58,"column":50}},"28":{"start":{"line":59,"column":2},"end":{"line":61,"column":3}},"29":{"start":{"line":60,"column":4},"end":{"line":60,"column":40}},"30":{"start":{"line":62,"column":2},"end":{"line":62,"column":118}},"31":{"start":{"line":65,"column":46},"end":{"line":74,"column":2}},"32":{"start":{"line":65,"column":132},"end":{"line":74,"column":1}},"33":{"start":{"line":76,"column":37},"end":{"line":88,"column":2}},"34":{"start":{"line":79,"column":113},"end":{"line":88,"column":1}},"35":{"start":{"line":90,"column":26},"end":{"line":96,"column":1}},"36":{"start":{"line":91,"column":43},"end":{"line":91,"column":48}},"37":{"start":{"line":92,"column":2},"end":{"line":94,"column":3}},"38":{"start":{"line":93,"column":4},"end":{"line":93,"column":69}},"39":{"start":{"line":95,"column":2},"end":{"line":95,"column":67}}},"fnMap":{"0":{"name":"(anonymous_0)","decl":{"start":{"line":16,"column":24},"end":{"line":16,"column":25}},"loc":{"start":{"line":16,"column":52},"end":{"line":16,"column":89}},"line":16},"1":{"name":"(anonymous_1)","decl":{"start":{"line":18,"column":32},"end":{"line":18,"column":33}},"loc":{"start":{"line":18,"column":70},"end":{"line":29,"column":1}},"line":18},"2":{"name":"(anonymous_2)","decl":{"start":{"line":31,"column":34},"end":{"line":31,"column":35}},"loc":{"start":{"line":31,"column":85},"end":{"line":32,"column":88}},"line":31},"3":{"name":"(anonymous_3)","decl":{"start":{"line":34,"column":24},"end":{"line":34,"column":25}},"loc":{"start":{"line":37,"column":75},"end":{"line":52,"column":1}},"line":37},"4":{"name":"(anonymous_4)","decl":{"start":{"line":54,"column":33},"end":{"line":54,"column":34}},"loc":{"start":{"line":54,"column":75},"end":{"line":54,"column":126}},"line":54},"5":{"name":"(anonymous_5)","decl":{"start":{"line":56,"column":33},"end":{"line":56,"column":34}},"loc":{"start":{"line":57,"column":60},"end":{"line":63,"column":1}},"line":57},"6":{"name":"(anonymous_6)","decl":{"start":{"line":65,"column":46},"end":{"line":65,"column":47}},"loc":{"start":{"line":65,"column":132},"end":{"line":74,"column":1}},"line":65},"7":{"name":"(anonymous_7)","decl":{"start":{"line":76,"column":37},"end":{"line":76,"column":38}},"loc":{"start":{"line":79,"column":113},"end":{"line":88,"column":1}},"line":79},"8":{"name":"(anonymous_8)","decl":{"start":{"line":90,"column":26},"end":{"line":90,"column":27}},"loc":{"start":{"line":90,"column":82},"end":{"line":96,"column":1}},"line":90}},"branchMap":{"0":{"loc":{"start":{"line":16,"column":52},"end":{"line":16,"column":89}},"type":"binary-expr","locations":[{"start":{"line":16,"column":52},"end":{"line":16,"column":66}},{"start":{"line":16,"column":70},"end":{"line":16,"column":89}}],"line":16},"1":{"loc":{"start":{"line":19,"column":2},"end":{"line":21,"column":3}},"type":"if","locations":[{"start":{"line":19,"column":2},"end":{"line":21,"column":3}},{"start":{},"end":{}}],"line":19},"2":{"loc":{"start":{"line":22,"column":2},"end":{"line":25,"column":3}},"type":"if","locations":[{"start":{"line":22,"column":2},"end":{"line":25,"column":3}},{"start":{},"end":{}}],"line":22},"3":{"loc":{"start":{"line":31,"column":85},"end":{"line":32,"column":88}},"type":"cond-expr","locations":[{"start":{"line":32,"column":61},"end":{"line":32,"column":83}},{"start":{"line":32,"column":86},"end":{"line":32,"column":88}}],"line":31},"4":{"loc":{"start":{"line":31,"column":85},"end":{"line":32,"column":58}},"type":"binary-expr","locations":[{"start":{"line":31,"column":85},"end":{"line":31,"column":107}},{"start":{"line":32,"column":3},"end":{"line":32,"column":58}}],"line":31},"5":{"loc":{"start":{"line":38,"column":2},"end":{"line":40,"column":3}},"type":"if","locations":[{"start":{"line":38,"column":2},"end":{"line":40,"column":3}},{"start":{},"end":{}}],"line":38},"6":{"loc":{"start":{"line":38,"column":6},"end":{"line":38,"column":83}},"type":"binary-expr","locations":[{"start":{"line":38,"column":6},"end":{"line":38,"column":28}},{"start":{"line":38,"column":32},"end":{"line":38,"column":83}}],"line":38},"7":{"loc":{"start":{"line":41,"column":2},"end":{"line":47,"column":3}},"type":"if","locations":[{"start":{"line":41,"column":2},"end":{"line":47,"column":3}},{"start":{},"end":{}}],"line":41},"8":{"loc":{"start":{"line":41,"column":6},"end":{"line":41,"column":84}},"type":"binary-expr","locations":[{"start":{"line":41,"column":6},"end":{"line":41,"column":60}},{"start":{"line":41,"column":64},"end":{"line":41,"column":84}}],"line":41},"9":{"loc":{"start":{"line":43,"column":4},"end":{"line":45,"column":5}},"type":"if","locations":[{"start":{"line":43,"column":4},"end":{"line":45,"column":5}},{"start":{},"end":{}}],"line":43},"10":{"loc":{"start":{"line":44,"column":13},"end":{"line":44,"column":156}},"type":"cond-expr","locations":[{"start":{"line":44,"column":55},"end":{"line":44,"column":151}},{"start":{"line":44,"column":154},"end":{"line":44,"column":156}}],"line":44},"11":{"loc":{"start":{"line":48,"column":2},"end":{"line":50,"column":3}},"type":"if","locations":[{"start":{"line":48,"column":2},"end":{"line":50,"column":3}},{"start":{},"end":{}}],"line":48},"12":{"loc":{"start":{"line":48,"column":6},"end":{"line":48,"column":77}},"type":"binary-expr","locations":[{"start":{"line":48,"column":6},"end":{"line":48,"column":18}},{"start":{"line":48,"column":22},"end":{"line":48,"column":77}}],"line":48},"13":{"loc":{"start":{"line":54,"column":75},"end":{"line":54,"column":126}},"type":"cond-expr","locations":[{"start":{"line":54,"column":107},"end":{"line":54,"column":111}},{"start":{"line":54,"column":114},"end":{"line":54,"column":126}}],"line":54},"14":{"loc":{"start":{"line":59,"column":2},"end":{"line":61,"column":3}},"type":"if","locations":[{"start":{"line":59,"column":2},"end":{"line":61,"column":3}},{"start":{},"end":{}}],"line":59},"15":{"loc":{"start":{"line":62,"column":9},"end":{"line":62,"column":117}},"type":"cond-expr","locations":[{"start":{"line":62,"column":81},"end":{"line":62,"column":112}},{"start":{"line":62,"column":115},"end":{"line":62,"column":117}}],"line":62},"16":{"loc":{"start":{"line":62,"column":9},"end":{"line":62,"column":78}},"type":"binary-expr","locations":[{"start":{"line":62,"column":9},"end":{"line":62,"column":45}},{"start":{"line":62,"column":49},"end":{"line":62,"column":78}}],"line":62},"17":{"loc":{"start":{"line":66,"column":20},"end":{"line":66,"column":126}},"type":"cond-expr","locations":[{"start":{"line":66,"column":84},"end":{"line":66,"column":121}},{"start":{"line":66,"column":124},"end":{"line":66,"column":126}}],"line":66},"18":{"loc":{"start":{"line":66,"column":20},"end":{"line":66,"column":81}},"type":"binary-expr","locations":[{"start":{"line":66,"column":20},"end":{"line":66,"column":40}},{"start":{"line":66,"column":44},"end":{"line":66,"column":81}}],"line":66},"19":{"loc":{"start":{"line":67,"column":18},"end":{"line":67,"column":126}},"type":"cond-expr","locations":[{"start":{"line":67,"column":83},"end":{"line":67,"column":121}},{"start":{"line":67,"column":124},"end":{"line":67,"column":126}}],"line":67},"20":{"loc":{"start":{"line":67,"column":18},"end":{"line":67,"column":80}},"type":"binary-expr","locations":[{"start":{"line":67,"column":18},"end":{"line":67,"column":38}},{"start":{"line":67,"column":42},"end":{"line":67,"column":80}}],"line":67},"21":{"loc":{"start":{"line":68,"column":27},"end":{"line":68,"column":147}},"type":"cond-expr","locations":[{"start":{"line":68,"column":98},"end":{"line":68,"column":142}},{"start":{"line":68,"column":145},"end":{"line":68,"column":147}}],"line":68},"22":{"loc":{"start":{"line":68,"column":27},"end":{"line":68,"column":95}},"type":"binary-expr","locations":[{"start":{"line":68,"column":27},"end":{"line":68,"column":47}},{"start":{"line":68,"column":51},"end":{"line":68,"column":95}}],"line":68},"23":{"loc":{"start":{"line":69,"column":20},"end":{"line":69,"column":126}},"type":"cond-expr","locations":[{"start":{"line":69,"column":84},"end":{"line":69,"column":121}},{"start":{"line":69,"column":124},"end":{"line":69,"column":126}}],"line":69},"24":{"loc":{"start":{"line":69,"column":20},"end":{"line":69,"column":81}},"type":"binary-expr","locations":[{"start":{"line":69,"column":20},"end":{"line":69,"column":40}},{"start":{"line":69,"column":44},"end":{"line":69,"column":81}}],"line":69},"25":{"loc":{"start":{"line":70,"column":21},"end":{"line":70,"column":79}},"type":"cond-expr","locations":[{"start":{"line":70,"column":44},"end":{"line":70,"column":74}},{"start":{"line":70,"column":77},"end":{"line":70,"column":79}}],"line":70},"26":{"loc":{"start":{"line":71,"column":21},"end":{"line":72,"column":44}},"type":"cond-expr","locations":[{"start":{"line":72,"column":6},"end":{"line":72,"column":39}},{"start":{"line":72,"column":42},"end":{"line":72,"column":44}}],"line":71},"27":{"loc":{"start":{"line":71,"column":21},"end":{"line":71,"column":87}},"type":"binary-expr","locations":[{"start":{"line":71,"column":21},"end":{"line":71,"column":41}},{"start":{"line":71,"column":45},"end":{"line":71,"column":87}}],"line":71},"28":{"loc":{"start":{"line":84,"column":9},"end":{"line":84,"column":49}},"type":"cond-expr","locations":[{"start":{"line":84,"column":31},"end":{"line":84,"column":35}},{"start":{"line":84,"column":38},"end":{"line":84,"column":49}}],"line":84},"29":{"loc":{"start":{"line":87,"column":27},"end":{"line":87,"column":141}},"type":"cond-expr","locations":[{"start":{"line":87,"column":112},"end":{"line":87,"column":116}},{"start":{"line":87,"column":119},"end":{"line":87,"column":141}}],"line":87},"30":{"loc":{"start":{"line":87,"column":27},"end":{"line":87,"column":109}},"type":"binary-expr","locations":[{"start":{"line":87,"column":27},"end":{"line":87,"column":50}},{"start":{"line":87,"column":54},"end":{"line":87,"column":109}}],"line":87},"31":{"loc":{"start":{"line":92,"column":2},"end":{"line":94,"column":3}},"type":"if","locations":[{"start":{"line":92,"column":2},"end":{"line":94,"column":3}},{"start":{},"end":{}}],"line":92},"32":{"loc":{"start":{"line":93,"column":11},"end":{"line":93,"column":68}},"type":"cond-expr","locations":[{"start":{"line":93,"column":27},"end":{"line":93,"column":64}},{"start":{"line":93,"column":67},"end":{"line":93,"column":68}}],"line":93},"33":{"loc":{"start":{"line":95,"column":9},"end":{"line":95,"column":66}},"type":"cond-expr","locations":[{"start":{"line":95,"column":25},"end":{"line":95,"column":62}},{"start":{"line":95,"column":65},"end":{"line":95,"column":66}}],"line":95}},"s":{"0":5,"1":5,"2":27,"3":5,"4":15,"5":1,"6":14,"7":10,"8":4,"9":4,"10":4,"11":5,"12":14,"13":5,"14":14,"15":0,"16":14,"17":10,"18":10,"19":3,"20":7,"21":4,"22":0,"23":4,"24":5,"25":26,"26":5,"27":14,"28":14,"29":5,"30":9,"31":5,"32":14,"33":5,"34":14,"35":5,"36":20,"37":20,"38":9,"39":11},"f":{"0":27,"1":15,"2":14,"3":14,"4":26,"5":14,"6":14,"7":14,"8":20},"b":{"0":[27,16],"1":[1,14],"2":[10,4],"3":[13,1],"4":[14,14],"5":[0,14],"6":[14,14],"7":[10,4],"8":[14,10],"9":[3,7],"10":[3,0],"11":[0,4],"12":[4,0],"13":[17,9],"14":[5,9],"15":[1,8],"16":[9,1],"17":[3,11],"18":[14,11],"19":[8,6],"20":[14,11],"21":[7,7],"22":[14,11],"23":[9,5],"24":[14,11],"25":[11,3],"26":[11,3],"27":[14,11],"28":[13,1],"29":[1,13],"30":[14,14],"31":[9,11],"32":[9,0],"33":[7,4]},"_coverageSchema":"1a1c01bbd47fc00a2c39e90264f33305004495a9","hash":"d5e2e9565d3a84f41d7a636763cc3d5192c571a3"}
,"C:\\develop\\ft-frontend-saksbehandling\\packages\\fakta-fordel-beregningsgrunnlag\\src\\components\\FinnUnikeArbeidsforhold.ts": {"path":"C:\\develop\\ft-frontend-saksbehandling\\packages\\fakta-fordel-beregningsgrunnlag\\src\\components\\FinnUnikeArbeidsforhold.ts","statementMap":{"0":{"start":{"line":13,"column":40},"end":{"line":18,"column":1}},"1":{"start":{"line":14,"column":2},"end":{"line":16,"column":3}},"2":{"start":{"line":15,"column":4},"end":{"line":15,"column":117}},"3":{"start":{"line":15,"column":57},"end":{"line":15,"column":71}},"4":{"start":{"line":17,"column":2},"end":{"line":17,"column":118}},"5":{"start":{"line":17,"column":57},"end":{"line":17,"column":73}},"6":{"start":{"line":20,"column":42},"end":{"line":23,"column":81}},"7":{"start":{"line":21,"column":68},"end":{"line":23,"column":81}},"8":{"start":{"line":21,"column":92},"end":{"line":23,"column":80}},"9":{"start":{"line":25,"column":49},"end":{"line":45,"column":1}},"10":{"start":{"line":27,"column":27},"end":{"line":27,"column":29}},"11":{"start":{"line":28,"column":2},"end":{"line":30,"column":3}},"12":{"start":{"line":29,"column":4},"end":{"line":29,"column":28}},"13":{"start":{"line":31,"column":2},"end":{"line":43,"column":5}},"14":{"start":{"line":32,"column":4},"end":{"line":42,"column":5}},"15":{"start":{"line":33,"column":22},"end":{"line":33,"column":73}},"16":{"start":{"line":34,"column":35},"end":{"line":40,"column":7}},"17":{"start":{"line":41,"column":6},"end":{"line":41,"column":50}},"18":{"start":{"line":44,"column":2},"end":{"line":44,"column":26}},"19":{"start":{"line":47,"column":18},"end":{"line":47,"column":20}},"20":{"start":{"line":49,"column":40},"end":{"line":50,"column":81}},"21":{"start":{"line":49,"column":129},"end":{"line":50,"column":80}},"22":{"start":{"line":50,"column":34},"end":{"line":50,"column":67}},"23":{"start":{"line":52,"column":33},"end":{"line":53,"column":79}},"24":{"start":{"line":52,"column":110},"end":{"line":53,"column":78}},"25":{"start":{"line":53,"column":30},"end":{"line":53,"column":65}},"26":{"start":{"line":55,"column":50},"end":{"line":59,"column":1}},"27":{"start":{"line":56,"column":76},"end":{"line":59,"column":1}},"28":{"start":{"line":65,"column":32},"end":{"line":72,"column":1}},"29":{"start":{"line":66,"column":29},"end":{"line":66,"column":53}},"30":{"start":{"line":68,"column":29},"end":{"line":68,"column":122}},"31":{"start":{"line":69,"column":23},"end":{"line":69,"column":67}},"32":{"start":{"line":70,"column":4},"end":{"line":70,"column":83}}},"fnMap":{"0":{"name":"(anonymous_0)","decl":{"start":{"line":13,"column":40},"end":{"line":13,"column":41}},"loc":{"start":{"line":13,"column":147},"end":{"line":18,"column":1}},"line":13},"1":{"name":"(anonymous_1)","decl":{"start":{"line":15,"column":32},"end":{"line":15,"column":33}},"loc":{"start":{"line":15,"column":57},"end":{"line":15,"column":71}},"line":15},"2":{"name":"(anonymous_2)","decl":{"start":{"line":17,"column":30},"end":{"line":17,"column":31}},"loc":{"start":{"line":17,"column":57},"end":{"line":17,"column":73}},"line":17},"3":{"name":"(anonymous_3)","decl":{"start":{"line":20,"column":42},"end":{"line":20,"column":43}},"loc":{"start":{"line":21,"column":68},"end":{"line":23,"column":81}},"line":21},"4":{"name":"(anonymous_4)","decl":{"start":{"line":21,"column":83},"end":{"line":21,"column":84}},"loc":{"start":{"line":21,"column":92},"end":{"line":23,"column":80}},"line":21},"5":{"name":"(anonymous_5)","decl":{"start":{"line":25,"column":49},"end":{"line":25,"column":50}},"loc":{"start":{"line":26,"column":69},"end":{"line":45,"column":1}},"line":26},"6":{"name":"(anonymous_6)","decl":{"start":{"line":31,"column":18},"end":{"line":31,"column":19}},"loc":{"start":{"line":31,"column":29},"end":{"line":43,"column":3}},"line":31},"7":{"name":"(anonymous_7)","decl":{"start":{"line":49,"column":40},"end":{"line":49,"column":41}},"loc":{"start":{"line":49,"column":129},"end":{"line":50,"column":80}},"line":49},"8":{"name":"(anonymous_8)","decl":{"start":{"line":50,"column":27},"end":{"line":50,"column":28}},"loc":{"start":{"line":50,"column":34},"end":{"line":50,"column":67}},"line":50},"9":{"name":"(anonymous_9)","decl":{"start":{"line":52,"column":33},"end":{"line":52,"column":34}},"loc":{"start":{"line":52,"column":110},"end":{"line":53,"column":78}},"line":52},"10":{"name":"(anonymous_10)","decl":{"start":{"line":53,"column":23},"end":{"line":53,"column":24}},"loc":{"start":{"line":53,"column":30},"end":{"line":53,"column":65}},"line":53},"11":{"name":"(anonymous_11)","decl":{"start":{"line":55,"column":50},"end":{"line":55,"column":51}},"loc":{"start":{"line":56,"column":76},"end":{"line":59,"column":1}},"line":56},"12":{"name":"(anonymous_12)","decl":{"start":{"line":66,"column":3},"end":{"line":66,"column":4}},"loc":{"start":{"line":66,"column":29},"end":{"line":66,"column":53}},"line":66},"13":{"name":"(anonymous_13)","decl":{"start":{"line":67,"column":2},"end":{"line":67,"column":3}},"loc":{"start":{"line":67,"column":52},"end":{"line":71,"column":3}},"line":67}},"branchMap":{"0":{"loc":{"start":{"line":14,"column":2},"end":{"line":16,"column":3}},"type":"if","locations":[{"start":{"line":14,"column":2},"end":{"line":16,"column":3}},{"start":{},"end":{}}],"line":14},"1":{"loc":{"start":{"line":21,"column":92},"end":{"line":23,"column":80}},"type":"binary-expr","locations":[{"start":{"line":21,"column":92},"end":{"line":21,"column":112}},{"start":{"line":22,"column":3},"end":{"line":22,"column":82}},{"start":{"line":23,"column":3},"end":{"line":23,"column":80}}],"line":21},"2":{"loc":{"start":{"line":28,"column":2},"end":{"line":30,"column":3}},"type":"if","locations":[{"start":{"line":28,"column":2},"end":{"line":30,"column":3}},{"start":{},"end":{}}],"line":28},"3":{"loc":{"start":{"line":32,"column":4},"end":{"line":42,"column":5}},"type":"if","locations":[{"start":{"line":32,"column":4},"end":{"line":42,"column":5}},{"start":{},"end":{}}],"line":32},"4":{"loc":{"start":{"line":32,"column":8},"end":{"line":32,"column":104}},"type":"binary-expr","locations":[{"start":{"line":32,"column":8},"end":{"line":32,"column":28}},{"start":{"line":32,"column":32},"end":{"line":32,"column":104}}],"line":32},"5":{"loc":{"start":{"line":49,"column":129},"end":{"line":50,"column":80}},"type":"cond-expr","locations":[{"start":{"line":50,"column":4},"end":{"line":50,"column":68}},{"start":{"line":50,"column":71},"end":{"line":50,"column":80}}],"line":49},"6":{"loc":{"start":{"line":52,"column":110},"end":{"line":53,"column":78}},"type":"cond-expr","locations":[{"start":{"line":53,"column":4},"end":{"line":53,"column":66}},{"start":{"line":53,"column":69},"end":{"line":53,"column":78}}],"line":52}},"s":{"0":3,"1":0,"2":0,"3":0,"4":0,"5":0,"6":3,"7":0,"8":0,"9":3,"10":0,"11":0,"12":0,"13":0,"14":0,"15":0,"16":0,"17":0,"18":0,"19":3,"20":3,"21":0,"22":0,"23":3,"24":0,"25":0,"26":3,"27":0,"28":3,"29":0,"30":0,"31":0,"32":0},"f":{"0":0,"1":0,"2":0,"3":0,"4":0,"5":0,"6":0,"7":0,"8":0,"9":0,"10":0,"11":0,"12":0,"13":0},"b":{"0":[0,0],"1":[0,0,0],"2":[0,0],"3":[0,0],"4":[0,0],"5":[0,0],"6":[0,0]},"_coverageSchema":"1a1c01bbd47fc00a2c39e90264f33305004495a9","hash":"d17e0cbd10bcd0150d8cd0b55c274433bc1c9d9d"}
,"C:\\develop\\ft-frontend-saksbehandling\\packages\\fakta-fordel-beregningsgrunnlag\\src\\components\\FordelingHelpText.tsx": {"path":"C:\\develop\\ft-frontend-saksbehandling\\packages\\fakta-fordel-beregningsgrunnlag\\src\\components\\FordelingHelpText.tsx","statementMap":{"0":{"start":{"line":20,"column":4},"end":{"line":20,"column":20}},"1":{"start":{"line":22,"column":24},"end":{"line":27,"column":1}},"2":{"start":{"line":29,"column":19},"end":{"line":29,"column":118}},"3":{"start":{"line":29,"column":46},"end":{"line":29,"column":117}},"4":{"start":{"line":31,"column":27},"end":{"line":45,"column":1}},"5":{"start":{"line":32,"column":2},"end":{"line":34,"column":3}},"6":{"start":{"line":33,"column":4},"end":{"line":33,"column":14}},"7":{"start":{"line":35,"column":2},"end":{"line":37,"column":3}},"8":{"start":{"line":36,"column":4},"end":{"line":36,"column":31}},"9":{"start":{"line":38,"column":2},"end":{"line":40,"column":3}},"10":{"start":{"line":39,"column":4},"end":{"line":39,"column":62}},"11":{"start":{"line":41,"column":2},"end":{"line":43,"column":3}},"12":{"start":{"line":42,"column":4},"end":{"line":42,"column":135}},"13":{"start":{"line":44,"column":2},"end":{"line":44,"column":12}},"14":{"start":{"line":47,"column":25},"end":{"line":56,"column":1}},"15":{"start":{"line":48,"column":34},"end":{"line":54,"column":4}},"16":{"start":{"line":49,"column":24},"end":{"line":49,"column":60}},"17":{"start":{"line":50,"column":4},"end":{"line":52,"column":5}},"18":{"start":{"line":51,"column":6},"end":{"line":51,"column":83}},"19":{"start":{"line":53,"column":4},"end":{"line":53,"column":25}},"20":{"start":{"line":55,"column":2},"end":{"line":55,"column":53}},"21":{"start":{"line":63,"column":25},"end":{"line":71,"column":1}},"22":{"start":{"line":66,"column":25},"end":{"line":66,"column":88}},"23":{"start":{"line":67,"column":2},"end":{"line":69,"column":3}},"24":{"start":{"line":68,"column":4},"end":{"line":68,"column":143}},"25":{"start":{"line":70,"column":2},"end":{"line":70,"column":105}},"26":{"start":{"line":73,"column":48},"end":{"line":94,"column":1}},"27":{"start":{"line":77,"column":24},"end":{"line":92,"column":4}},"28":{"start":{"line":78,"column":25},"end":{"line":78,"column":105}},"29":{"start":{"line":79,"column":4},"end":{"line":81,"column":5}},"30":{"start":{"line":80,"column":6},"end":{"line":80,"column":136}},"31":{"start":{"line":80,"column":122},"end":{"line":80,"column":133}},"32":{"start":{"line":82,"column":4},"end":{"line":84,"column":5}},"33":{"start":{"line":83,"column":6},"end":{"line":83,"column":134}},"34":{"start":{"line":83,"column":121},"end":{"line":83,"column":131}},"35":{"start":{"line":85,"column":4},"end":{"line":87,"column":5}},"36":{"start":{"line":86,"column":6},"end":{"line":86,"column":138}},"37":{"start":{"line":86,"column":123},"end":{"line":86,"column":135}},"38":{"start":{"line":88,"column":4},"end":{"line":90,"column":5}},"39":{"start":{"line":89,"column":6},"end":{"line":89,"column":96}},"40":{"start":{"line":91,"column":4},"end":{"line":91,"column":16}},"41":{"start":{"line":93,"column":2},"end":{"line":93,"column":43}},"42":{"start":{"line":96,"column":40},"end":{"line":148,"column":1}},"43":{"start":{"line":104,"column":15},"end":{"line":104,"column":17}},"44":{"start":{"line":105,"column":2},"end":{"line":115,"column":3}},"45":{"start":{"line":106,"column":33},"end":{"line":107,"column":73}},"46":{"start":{"line":108,"column":4},"end":{"line":114,"column":8}},"47":{"start":{"line":116,"column":2},"end":{"line":123,"column":3}},"48":{"start":{"line":117,"column":33},"end":{"line":117,"column":158}},"49":{"start":{"line":118,"column":4},"end":{"line":122,"column":8}},"50":{"start":{"line":124,"column":2},"end":{"line":131,"column":3}},"51":{"start":{"line":125,"column":33},"end":{"line":125,"column":156}},"52":{"start":{"line":126,"column":4},"end":{"line":130,"column":8}},"53":{"start":{"line":132,"column":2},"end":{"line":139,"column":3}},"54":{"start":{"line":133,"column":33},"end":{"line":133,"column":153}},"55":{"start":{"line":134,"column":4},"end":{"line":138,"column":8}},"56":{"start":{"line":140,"column":2},"end":{"line":142,"column":3}},"57":{"start":{"line":141,"column":4},"end":{"line":141,"column":16}},"58":{"start":{"line":143,"column":2},"end":{"line":146,"column":6}},"59":{"start":{"line":147,"column":2},"end":{"line":147,"column":14}},"60":{"start":{"line":150,"column":34},"end":{"line":152,"column":93}},"61":{"start":{"line":151,"column":13},"end":{"line":152,"column":93}},"62":{"start":{"line":151,"column":71},"end":{"line":151,"column":81}},"63":{"start":{"line":152,"column":66},"end":{"line":152,"column":77}},"64":{"start":{"line":154,"column":29},"end":{"line":181,"column":1}},"65":{"start":{"line":157,"column":20},"end":{"line":158,"column":142}},"66":{"start":{"line":158,"column":55},"end":{"line":158,"column":141}},"67":{"start":{"line":158,"column":114},"end":{"line":158,"column":125}},"68":{"start":{"line":159,"column":19},"end":{"line":160,"column":140}},"69":{"start":{"line":160,"column":55},"end":{"line":160,"column":139}},"70":{"start":{"line":160,"column":113},"end":{"line":160,"column":123}},"71":{"start":{"line":161,"column":45},"end":{"line":163,"column":116}},"72":{"start":{"line":162,"column":31},"end":{"line":162,"column":76}},"73":{"start":{"line":163,"column":55},"end":{"line":163,"column":115}},"74":{"start":{"line":164,"column":24},"end":{"line":165,"column":144}},"75":{"start":{"line":165,"column":55},"end":{"line":165,"column":143}},"76":{"start":{"line":165,"column":115},"end":{"line":165,"column":127}},"77":{"start":{"line":166,"column":20},"end":{"line":171,"column":34}},"78":{"start":{"line":172,"column":2},"end":{"line":179,"column":3}},"79":{"start":{"line":173,"column":4},"end":{"line":178,"column":14}},"80":{"start":{"line":180,"column":2},"end":{"line":180,"column":19}},"81":{"start":{"line":198,"column":101},"end":{"line":200,"column":1}},"82":{"start":{"line":199,"column":2},"end":{"line":199,"column":108}},"83":{"start":{"line":202,"column":36},"end":{"line":217,"column":1}},"84":{"start":{"line":203,"column":34},"end":{"line":203,"column":61}},"85":{"start":{"line":204,"column":35},"end":{"line":204,"column":56}},"86":{"start":{"line":205,"column":35},"end":{"line":205,"column":73}},"87":{"start":{"line":206,"column":35},"end":{"line":206,"column":58}},"88":{"start":{"line":211,"column":21},"end":{"line":211,"column":81}},"89":{"start":{"line":212,"column":34},"end":{"line":212,"column":85}},"90":{"start":{"line":213,"column":4},"end":{"line":215,"column":11}},"91":{"start":{"line":219,"column":24},"end":{"line":221,"column":2}},"92":{"start":{"line":219,"column":84},"end":{"line":221,"column":1}}},"fnMap":{"0":{"name":"(anonymous_0)","decl":{"start":{"line":29,"column":19},"end":{"line":29,"column":20}},"loc":{"start":{"line":29,"column":46},"end":{"line":29,"column":117}},"line":29},"1":{"name":"(anonymous_1)","decl":{"start":{"line":31,"column":27},"end":{"line":31,"column":28}},"loc":{"start":{"line":31,"column":67},"end":{"line":45,"column":1}},"line":31},"2":{"name":"(anonymous_2)","decl":{"start":{"line":47,"column":25},"end":{"line":47,"column":26}},"loc":{"start":{"line":47,"column":84},"end":{"line":56,"column":1}},"line":47},"3":{"name":"(anonymous_3)","decl":{"start":{"line":48,"column":47},"end":{"line":48,"column":48}},"loc":{"start":{"line":48,"column":60},"end":{"line":54,"column":3}},"line":48},"4":{"name":"(anonymous_4)","decl":{"start":{"line":63,"column":25},"end":{"line":63,"column":26}},"loc":{"start":{"line":65,"column":80},"end":{"line":71,"column":1}},"line":65},"5":{"name":"(anonymous_5)","decl":{"start":{"line":73,"column":48},"end":{"line":73,"column":49}},"loc":{"start":{"line":76,"column":101},"end":{"line":94,"column":1}},"line":76},"6":{"name":"(anonymous_6)","decl":{"start":{"line":77,"column":49},"end":{"line":77,"column":50}},"loc":{"start":{"line":77,"column":69},"end":{"line":92,"column":3}},"line":77},"7":{"name":"(anonymous_7)","decl":{"start":{"line":80,"column":101},"end":{"line":80,"column":102}},"loc":{"start":{"line":80,"column":122},"end":{"line":80,"column":133}},"line":80},"8":{"name":"(anonymous_8)","decl":{"start":{"line":83,"column":101},"end":{"line":83,"column":102}},"loc":{"start":{"line":83,"column":121},"end":{"line":83,"column":131}},"line":83},"9":{"name":"(anonymous_9)","decl":{"start":{"line":86,"column":101},"end":{"line":86,"column":102}},"loc":{"start":{"line":86,"column":123},"end":{"line":86,"column":135}},"line":86},"10":{"name":"(anonymous_10)","decl":{"start":{"line":96,"column":40},"end":{"line":96,"column":41}},"loc":{"start":{"line":103,"column":21},"end":{"line":148,"column":1}},"line":103},"11":{"name":"(anonymous_11)","decl":{"start":{"line":150,"column":34},"end":{"line":150,"column":35}},"loc":{"start":{"line":151,"column":13},"end":{"line":152,"column":93}},"line":151},"12":{"name":"(anonymous_12)","decl":{"start":{"line":151,"column":51},"end":{"line":151,"column":52}},"loc":{"start":{"line":151,"column":71},"end":{"line":151,"column":81}},"line":151},"13":{"name":"(anonymous_13)","decl":{"start":{"line":152,"column":45},"end":{"line":152,"column":46}},"loc":{"start":{"line":152,"column":66},"end":{"line":152,"column":77}},"line":152},"14":{"name":"(anonymous_14)","decl":{"start":{"line":154,"column":29},"end":{"line":154,"column":30}},"loc":{"start":{"line":156,"column":83},"end":{"line":181,"column":1}},"line":156},"15":{"name":"(anonymous_15)","decl":{"start":{"line":158,"column":12},"end":{"line":158,"column":13}},"loc":{"start":{"line":158,"column":55},"end":{"line":158,"column":141}},"line":158},"16":{"name":"(anonymous_16)","decl":{"start":{"line":158,"column":93},"end":{"line":158,"column":94}},"loc":{"start":{"line":158,"column":114},"end":{"line":158,"column":125}},"line":158},"17":{"name":"(anonymous_17)","decl":{"start":{"line":160,"column":12},"end":{"line":160,"column":13}},"loc":{"start":{"line":160,"column":55},"end":{"line":160,"column":139}},"line":160},"18":{"name":"(anonymous_18)","decl":{"start":{"line":160,"column":93},"end":{"line":160,"column":94}},"loc":{"start":{"line":160,"column":113},"end":{"line":160,"column":123}},"line":160},"19":{"name":"(anonymous_19)","decl":{"start":{"line":162,"column":12},"end":{"line":162,"column":13}},"loc":{"start":{"line":162,"column":31},"end":{"line":162,"column":76}},"line":162},"20":{"name":"(anonymous_20)","decl":{"start":{"line":163,"column":12},"end":{"line":163,"column":13}},"loc":{"start":{"line":163,"column":55},"end":{"line":163,"column":115}},"line":163},"21":{"name":"(anonymous_21)","decl":{"start":{"line":165,"column":12},"end":{"line":165,"column":13}},"loc":{"start":{"line":165,"column":55},"end":{"line":165,"column":143}},"line":165},"22":{"name":"(anonymous_22)","decl":{"start":{"line":165,"column":93},"end":{"line":165,"column":94}},"loc":{"start":{"line":165,"column":115},"end":{"line":165,"column":127}},"line":165},"23":{"name":"(anonymous_23)","decl":{"start":{"line":198,"column":101},"end":{"line":198,"column":102}},"loc":{"start":{"line":199,"column":2},"end":{"line":199,"column":108}},"line":199},"24":{"name":"(anonymous_24)","decl":{"start":{"line":203,"column":3},"end":{"line":203,"column":4}},"loc":{"start":{"line":203,"column":34},"end":{"line":203,"column":61}},"line":203},"25":{"name":"(anonymous_25)","decl":{"start":{"line":204,"column":4},"end":{"line":204,"column":5}},"loc":{"start":{"line":204,"column":35},"end":{"line":204,"column":56}},"line":204},"26":{"name":"(anonymous_26)","decl":{"start":{"line":205,"column":4},"end":{"line":205,"column":5}},"loc":{"start":{"line":205,"column":35},"end":{"line":205,"column":73}},"line":205},"27":{"name":"(anonymous_27)","decl":{"start":{"line":206,"column":4},"end":{"line":206,"column":5}},"loc":{"start":{"line":206,"column":35},"end":{"line":206,"column":58}},"line":206},"28":{"name":"(anonymous_28)","decl":{"start":{"line":207,"column":2},"end":{"line":207,"column":3}},"loc":{"start":{"line":210,"column":39},"end":{"line":216,"column":3}},"line":210},"29":{"name":"(anonymous_29)","decl":{"start":{"line":219,"column":24},"end":{"line":219,"column":25}},"loc":{"start":{"line":219,"column":84},"end":{"line":221,"column":1}},"line":219}},"branchMap":{"0":{"loc":{"start":{"line":29,"column":46},"end":{"line":29,"column":117}},"type":"cond-expr","locations":[{"start":{"line":29,"column":53},"end":{"line":29,"column":111}},{"start":{"line":29,"column":114},"end":{"line":29,"column":117}}],"line":29},"1":{"loc":{"start":{"line":32,"column":2},"end":{"line":34,"column":3}},"type":"if","locations":[{"start":{"line":32,"column":2},"end":{"line":34,"column":3}},{"start":{},"end":{}}],"line":32},"2":{"loc":{"start":{"line":35,"column":2},"end":{"line":37,"column":3}},"type":"if","locations":[{"start":{"line":35,"column":2},"end":{"line":37,"column":3}},{"start":{},"end":{}}],"line":35},"3":{"loc":{"start":{"line":38,"column":2},"end":{"line":40,"column":3}},"type":"if","locations":[{"start":{"line":38,"column":2},"end":{"line":40,"column":3}},{"start":{},"end":{}}],"line":38},"4":{"loc":{"start":{"line":41,"column":2},"end":{"line":43,"column":3}},"type":"if","locations":[{"start":{"line":41,"column":2},"end":{"line":43,"column":3}},{"start":{},"end":{}}],"line":41},"5":{"loc":{"start":{"line":50,"column":4},"end":{"line":52,"column":5}},"type":"if","locations":[{"start":{"line":50,"column":4},"end":{"line":52,"column":5}},{"start":{},"end":{}}],"line":50},"6":{"loc":{"start":{"line":67,"column":2},"end":{"line":69,"column":3}},"type":"if","locations":[{"start":{"line":67,"column":2},"end":{"line":69,"column":3}},{"start":{},"end":{}}],"line":67},"7":{"loc":{"start":{"line":68,"column":11},"end":{"line":68,"column":142}},"type":"cond-expr","locations":[{"start":{"line":68,"column":47},"end":{"line":68,"column":137}},{"start":{"line":68,"column":140},"end":{"line":68,"column":142}}],"line":68},"8":{"loc":{"start":{"line":79,"column":4},"end":{"line":81,"column":5}},"type":"if","locations":[{"start":{"line":79,"column":4},"end":{"line":81,"column":5}},{"start":{},"end":{}}],"line":79},"9":{"loc":{"start":{"line":82,"column":4},"end":{"line":84,"column":5}},"type":"if","locations":[{"start":{"line":82,"column":4},"end":{"line":84,"column":5}},{"start":{},"end":{}}],"line":82},"10":{"loc":{"start":{"line":85,"column":4},"end":{"line":87,"column":5}},"type":"if","locations":[{"start":{"line":85,"column":4},"end":{"line":87,"column":5}},{"start":{},"end":{}}],"line":85},"11":{"loc":{"start":{"line":88,"column":4},"end":{"line":90,"column":5}},"type":"if","locations":[{"start":{"line":88,"column":4},"end":{"line":90,"column":5}},{"start":{},"end":{}}],"line":88},"12":{"loc":{"start":{"line":105,"column":2},"end":{"line":115,"column":3}},"type":"if","locations":[{"start":{"line":105,"column":2},"end":{"line":115,"column":3}},{"start":{},"end":{}}],"line":105},"13":{"loc":{"start":{"line":116,"column":2},"end":{"line":123,"column":3}},"type":"if","locations":[{"start":{"line":116,"column":2},"end":{"line":123,"column":3}},{"start":{},"end":{}}],"line":116},"14":{"loc":{"start":{"line":124,"column":2},"end":{"line":131,"column":3}},"type":"if","locations":[{"start":{"line":124,"column":2},"end":{"line":131,"column":3}},{"start":{},"end":{}}],"line":124},"15":{"loc":{"start":{"line":132,"column":2},"end":{"line":139,"column":3}},"type":"if","locations":[{"start":{"line":132,"column":2},"end":{"line":139,"column":3}},{"start":{},"end":{}}],"line":132},"16":{"loc":{"start":{"line":140,"column":2},"end":{"line":142,"column":3}},"type":"if","locations":[{"start":{"line":140,"column":2},"end":{"line":142,"column":3}},{"start":{},"end":{}}],"line":140},"17":{"loc":{"start":{"line":151,"column":13},"end":{"line":152,"column":93}},"type":"binary-expr","locations":[{"start":{"line":151,"column":13},"end":{"line":151,"column":97}},{"start":{"line":152,"column":7},"end":{"line":152,"column":93}}],"line":151},"18":{"loc":{"start":{"line":162,"column":31},"end":{"line":162,"column":76}},"type":"binary-expr","locations":[{"start":{"line":162,"column":31},"end":{"line":162,"column":54}},{"start":{"line":162,"column":58},"end":{"line":162,"column":76}}],"line":162},"19":{"loc":{"start":{"line":172,"column":2},"end":{"line":179,"column":3}},"type":"if","locations":[{"start":{"line":172,"column":2},"end":{"line":179,"column":3}},{"start":{},"end":{}}],"line":172},"20":{"loc":{"start":{"line":212,"column":34},"end":{"line":212,"column":85}},"type":"cond-expr","locations":[{"start":{"line":212,"column":45},"end":{"line":212,"column":80}},{"start":{"line":212,"column":83},"end":{"line":212,"column":85}}],"line":212},"21":{"loc":{"start":{"line":213,"column":11},"end":{"line":215,"column":10}},"type":"cond-expr","locations":[{"start":{"line":214,"column":8},"end":{"line":214,"column":115}},{"start":{"line":215,"column":8},"end":{"line":215,"column":10}}],"line":213}},"s":{"0":1,"1":1,"2":1,"3":8,"4":1,"5":8,"6":0,"7":8,"8":8,"9":0,"10":0,"11":0,"12":0,"13":0,"14":1,"15":3,"16":3,"17":3,"18":3,"19":3,"20":3,"21":1,"22":5,"23":5,"24":0,"25":5,"26":1,"27":5,"28":5,"29":5,"30":1,"31":2,"32":4,"33":1,"34":2,"35":3,"36":1,"37":1,"38":2,"39":2,"40":0,"41":5,"42":1,"43":0,"44":0,"45":0,"46":0,"47":0,"48":0,"49":0,"50":0,"51":0,"52":0,"53":0,"54":0,"55":0,"56":0,"57":0,"58":0,"59":0,"60":1,"61":0,"62":0,"63":0,"64":1,"65":0,"66":0,"67":0,"68":0,"69":0,"70":0,"71":0,"72":0,"73":0,"74":0,"75":0,"76":0,"77":0,"78":0,"79":0,"80":0,"81":1,"82":0,"83":1,"84":0,"85":0,"86":0,"87":0,"88":0,"89":0,"90":0,"91":1,"92":0},"f":{"0":8,"1":8,"2":3,"3":3,"4":5,"5":5,"6":5,"7":2,"8":2,"9":1,"10":0,"11":0,"12":0,"13":0,"14":0,"15":0,"16":0,"17":0,"18":0,"19":0,"20":0,"21":0,"22":0,"23":0,"24":0,"25":0,"26":0,"27":0,"28":0,"29":0},"b":{"0":[7,1],"1":[0,8],"2":[8,0],"3":[0,0],"4":[0,0],"5":[3,0],"6":[0,5],"7":[0,0],"8":[1,4],"9":[1,3],"10":[1,2],"11":[2,0],"12":[0,0],"13":[0,0],"14":[0,0],"15":[0,0],"16":[0,0],"17":[0,0],"18":[0,0],"19":[0,0],"20":[0,0],"21":[0,0]},"_coverageSchema":"1a1c01bbd47fc00a2c39e90264f33305004495a9","hash":"c727da4320116d0919edcd0e24d84ff87af18d15"}
,"C:\\develop\\ft-frontend-saksbehandling\\packages\\fakta-fordel-beregningsgrunnlag\\src\\components\\ValidateAndelerUtils.tsx": {"path":"C:\\develop\\ft-frontend-saksbehandling\\packages\\fakta-fordel-beregningsgrunnlag\\src\\components\\ValidateAndelerUtils.tsx","statementMap":{"0":{"start":{"line":19,"column":24},"end":{"line":19,"column":121}},"1":{"start":{"line":19,"column":48},"end":{"line":19,"column":120}},"2":{"start":{"line":43,"column":30},"end":{"line":51,"column":1}},"3":{"start":{"line":44,"column":2},"end":{"line":49,"column":3}},"4":{"start":{"line":45,"column":4},"end":{"line":47,"column":5}},"5":{"start":{"line":46,"column":6},"end":{"line":46,"column":15}},"6":{"start":{"line":48,"column":4},"end":{"line":48,"column":70}},"7":{"start":{"line":50,"column":2},"end":{"line":50,"column":56}},"8":{"start":{"line":53,"column":31},"end":{"line":73,"column":1}},"9":{"start":{"line":56,"column":6},"end":{"line":56,"column":11}},"10":{"start":{"line":57,"column":2},"end":{"line":68,"column":3}},"11":{"start":{"line":58,"column":4},"end":{"line":63,"column":5}},"12":{"start":{"line":59,"column":37},"end":{"line":59,"column":112}},"13":{"start":{"line":59,"column":70},"end":{"line":59,"column":111}},"14":{"start":{"line":60,"column":6},"end":{"line":62,"column":7}},"15":{"start":{"line":61,"column":8},"end":{"line":61,"column":100}},"16":{"start":{"line":64,"column":4},"end":{"line":66,"column":5}},"17":{"start":{"line":65,"column":6},"end":{"line":65,"column":53}},"18":{"start":{"line":67,"column":4},"end":{"line":67,"column":70}},"19":{"start":{"line":69,"column":2},"end":{"line":71,"column":3}},"20":{"start":{"line":70,"column":4},"end":{"line":70,"column":93}},"21":{"start":{"line":72,"column":2},"end":{"line":72,"column":68}},"22":{"start":{"line":75,"column":40},"end":{"line":76,"column":79}},"23":{"start":{"line":75,"column":69},"end":{"line":76,"column":79}},"24":{"start":{"line":78,"column":22},"end":{"line":79,"column":56}},"25":{"start":{"line":78,"column":87},"end":{"line":79,"column":56}},"26":{"start":{"line":81,"column":56},"end":{"line":92,"column":1}},"27":{"start":{"line":84,"column":24},"end":{"line":84,"column":79}},"28":{"start":{"line":84,"column":50},"end":{"line":84,"column":77}},"29":{"start":{"line":85,"column":24},"end":{"line":85,"column":102}},"30":{"start":{"line":85,"column":71},"end":{"line":85,"column":101}},"31":{"start":{"line":86,"column":2},"end":{"line":90,"column":3}},"32":{"start":{"line":86,"column":15},"end":{"line":86,"column":16}},"33":{"start":{"line":87,"column":4},"end":{"line":89,"column":5}},"34":{"start":{"line":88,"column":6},"end":{"line":88,"column":44}},"35":{"start":{"line":91,"column":2},"end":{"line":91,"column":14}},"36":{"start":{"line":94,"column":36},"end":{"line":95,"column":31}},"37":{"start":{"line":94,"column":107},"end":{"line":95,"column":31}},"38":{"start":{"line":97,"column":45},"end":{"line":131,"column":1}},"39":{"start":{"line":98,"column":35},"end":{"line":98,"column":93}},"40":{"start":{"line":98,"column":63},"end":{"line":98,"column":92}},"41":{"start":{"line":99,"column":39},"end":{"line":99,"column":41}},"42":{"start":{"line":100,"column":2},"end":{"line":129,"column":5}},"43":{"start":{"line":101,"column":22},"end":{"line":102,"column":146}},"44":{"start":{"line":102,"column":59},"end":{"line":102,"column":145}},"45":{"start":{"line":103,"column":4},"end":{"line":128,"column":5}},"46":{"start":{"line":104,"column":25},"end":{"line":104,"column":64}},"47":{"start":{"line":105,"column":6},"end":{"line":107,"column":7}},"48":{"start":{"line":106,"column":8},"end":{"line":106,"column":120}},"49":{"start":{"line":108,"column":6},"end":{"line":110,"column":7}},"50":{"start":{"line":109,"column":8},"end":{"line":109,"column":143}},"51":{"start":{"line":115,"column":10},"end":{"line":115,"column":15}},"52":{"start":{"line":116,"column":26},"end":{"line":116,"column":27}},"53":{"start":{"line":117,"column":6},"end":{"line":119,"column":7}},"54":{"start":{"line":118,"column":8},"end":{"line":118,"column":76}},"55":{"start":{"line":120,"column":6},"end":{"line":127,"column":9}},"56":{"start":{"line":130,"column":2},"end":{"line":130,"column":38}},"57":{"start":{"line":133,"column":65},"end":{"line":134,"column":122}},"58":{"start":{"line":133,"column":116},"end":{"line":134,"column":122}},"59":{"start":{"line":136,"column":53},"end":{"line":154,"column":1}},"60":{"start":{"line":140,"column":38},"end":{"line":140,"column":85}},"61":{"start":{"line":141,"column":42},"end":{"line":142,"column":107}},"62":{"start":{"line":142,"column":31},"end":{"line":142,"column":106}},"63":{"start":{"line":143,"column":2},"end":{"line":152,"column":3}},"64":{"start":{"line":144,"column":27},"end":{"line":144,"column":107}},"65":{"start":{"line":146,"column":4},"end":{"line":150,"column":5}},"66":{"start":{"line":147,"column":6},"end":{"line":147,"column":79}},"67":{"start":{"line":149,"column":6},"end":{"line":149,"column":143}},"68":{"start":{"line":151,"column":4},"end":{"line":151,"column":87}},"69":{"start":{"line":153,"column":2},"end":{"line":153,"column":14}},"70":{"start":{"line":156,"column":43},"end":{"line":157,"column":94}},"71":{"start":{"line":156,"column":91},"end":{"line":157,"column":94}},"72":{"start":{"line":159,"column":53},"end":{"line":160,"column":96}},"73":{"start":{"line":159,"column":82},"end":{"line":160,"column":96}},"74":{"start":{"line":162,"column":44},"end":{"line":163,"column":108}},"75":{"start":{"line":162,"column":88},"end":{"line":163,"column":108}},"76":{"start":{"line":165,"column":39},"end":{"line":166,"column":151}},"77":{"start":{"line":166,"column":46},"end":{"line":166,"column":150}},"78":{"start":{"line":168,"column":48},"end":{"line":169,"column":114}},"79":{"start":{"line":168,"column":113},"end":{"line":169,"column":114}},"80":{"start":{"line":171,"column":40},"end":{"line":174,"column":122}},"81":{"start":{"line":174,"column":14},"end":{"line":174,"column":121}},"82":{"start":{"line":176,"column":28},"end":{"line":178,"column":134}},"83":{"start":{"line":178,"column":14},"end":{"line":178,"column":133}},"84":{"start":{"line":180,"column":31},"end":{"line":186,"column":1}},"85":{"start":{"line":182,"column":2},"end":{"line":184,"column":3}},"86":{"start":{"line":183,"column":4},"end":{"line":183,"column":49}},"87":{"start":{"line":185,"column":2},"end":{"line":185,"column":28}},"88":{"start":{"line":188,"column":41},"end":{"line":205,"column":1}},"89":{"start":{"line":189,"column":36},"end":{"line":189,"column":113}},"90":{"start":{"line":190,"column":2},"end":{"line":192,"column":3}},"91":{"start":{"line":191,"column":4},"end":{"line":191,"column":16}},"92":{"start":{"line":193,"column":2},"end":{"line":198,"column":3}},"93":{"start":{"line":194,"column":27},"end":{"line":194,"column":53}},"94":{"start":{"line":195,"column":4},"end":{"line":197,"column":5}},"95":{"start":{"line":196,"column":6},"end":{"line":196,"column":57}},"96":{"start":{"line":199,"column":27},"end":{"line":199,"column":80}},"97":{"start":{"line":200,"column":35},"end":{"line":200,"column":84}},"98":{"start":{"line":200,"column":68},"end":{"line":200,"column":83}},"99":{"start":{"line":201,"column":2},"end":{"line":203,"column":3}},"100":{"start":{"line":202,"column":4},"end":{"line":202,"column":55}},"101":{"start":{"line":204,"column":2},"end":{"line":204,"column":14}},"102":{"start":{"line":207,"column":37},"end":{"line":213,"column":1}},"103":{"start":{"line":208,"column":27},"end":{"line":208,"column":67}},"104":{"start":{"line":209,"column":2},"end":{"line":211,"column":3}},"105":{"start":{"line":210,"column":4},"end":{"line":210,"column":91}},"106":{"start":{"line":212,"column":2},"end":{"line":212,"column":28}},"107":{"start":{"line":215,"column":23},"end":{"line":216,"column":67}},"108":{"start":{"line":215,"column":63},"end":{"line":216,"column":66}},"109":{"start":{"line":218,"column":35},"end":{"line":236,"column":1}},"110":{"start":{"line":224,"column":6},"end":{"line":224,"column":22}},"111":{"start":{"line":225,"column":22},"end":{"line":230,"column":3}},"112":{"start":{"line":231,"column":2},"end":{"line":231,"column":92}},"113":{"start":{"line":232,"column":2},"end":{"line":232,"column":85}},"114":{"start":{"line":233,"column":2},"end":{"line":233,"column":38}},"115":{"start":{"line":234,"column":2},"end":{"line":234,"column":60}},"116":{"start":{"line":235,"column":2},"end":{"line":235,"column":58}},"117":{"start":{"line":238,"column":31},"end":{"line":252,"column":1}},"118":{"start":{"line":239,"column":2},"end":{"line":241,"column":3}},"119":{"start":{"line":240,"column":4},"end":{"line":240,"column":16}},"120":{"start":{"line":242,"column":22},"end":{"line":247,"column":4}},"121":{"start":{"line":243,"column":4},"end":{"line":245,"column":5}},"122":{"start":{"line":244,"column":6},"end":{"line":244,"column":18}},"123":{"start":{"line":246,"column":4},"end":{"line":246,"column":64}},"124":{"start":{"line":248,"column":2},"end":{"line":250,"column":3}},"125":{"start":{"line":248,"column":35},"end":{"line":248,"column":50}},"126":{"start":{"line":249,"column":4},"end":{"line":249,"column":23}},"127":{"start":{"line":251,"column":2},"end":{"line":251,"column":14}},"128":{"start":{"line":254,"column":40},"end":{"line":258,"column":1}},"129":{"start":{"line":255,"column":27},"end":{"line":256,"column":59}},"130":{"start":{"line":256,"column":36},"end":{"line":256,"column":55}},"131":{"start":{"line":257,"column":2},"end":{"line":257,"column":112}},"132":{"start":{"line":260,"column":35},"end":{"line":266,"column":1}},"133":{"start":{"line":261,"column":35},"end":{"line":261,"column":124}},"134":{"start":{"line":261,"column":56},"end":{"line":261,"column":123}},"135":{"start":{"line":262,"column":22},"end":{"line":263,"column":59}},"136":{"start":{"line":262,"column":56},"end":{"line":262,"column":86}},"137":{"start":{"line":263,"column":36},"end":{"line":263,"column":55}},"138":{"start":{"line":264,"column":16},"end":{"line":264,"column":30}},"139":{"start":{"line":265,"column":2},"end":{"line":265,"column":100}},"140":{"start":{"line":268,"column":39},"end":{"line":275,"column":1}},"141":{"start":{"line":271,"column":16},"end":{"line":271,"column":96}},"142":{"start":{"line":271,"column":41},"end":{"line":271,"column":95}},"143":{"start":{"line":272,"column":2},"end":{"line":272,"column":43}},"144":{"start":{"line":272,"column":23},"end":{"line":272,"column":41}},"145":{"start":{"line":273,"column":20},"end":{"line":273,"column":39}},"146":{"start":{"line":274,"column":2},"end":{"line":274,"column":30}},"147":{"start":{"line":277,"column":35},"end":{"line":280,"column":57}},"148":{"start":{"line":278,"column":33},"end":{"line":280,"column":57}},"149":{"start":{"line":278,"column":54},"end":{"line":278,"column":90}},"150":{"start":{"line":280,"column":34},"end":{"line":280,"column":53}},"151":{"start":{"line":282,"column":40},"end":{"line":290,"column":1}},"152":{"start":{"line":286,"column":31},"end":{"line":286,"column":61}},"153":{"start":{"line":287,"column":27},"end":{"line":287,"column":83}},"154":{"start":{"line":288,"column":28},"end":{"line":288,"column":97}},"155":{"start":{"line":289,"column":2},"end":{"line":289,"column":125}},"156":{"start":{"line":292,"column":51},"end":{"line":304,"column":1}},"157":{"start":{"line":296,"column":39},"end":{"line":299,"column":44}},"158":{"start":{"line":300,"column":31},"end":{"line":300,"column":139}},"159":{"start":{"line":300,"column":52},"end":{"line":300,"column":108}},"160":{"start":{"line":300,"column":121},"end":{"line":300,"column":138}},"161":{"start":{"line":301,"column":27},"end":{"line":301,"column":83}},"162":{"start":{"line":302,"column":28},"end":{"line":302,"column":97}},"163":{"start":{"line":303,"column":2},"end":{"line":303,"column":125}},"164":{"start":{"line":306,"column":58},"end":{"line":320,"column":1}},"165":{"start":{"line":310,"column":24},"end":{"line":310,"column":122}},"166":{"start":{"line":310,"column":45},"end":{"line":310,"column":121}},"167":{"start":{"line":311,"column":16},"end":{"line":311,"column":30}},"168":{"start":{"line":312,"column":2},"end":{"line":314,"column":3}},"169":{"start":{"line":313,"column":4},"end":{"line":313,"column":81}},"170":{"start":{"line":315,"column":24},"end":{"line":315,"column":141}},"171":{"start":{"line":315,"column":45},"end":{"line":315,"column":140}},"172":{"start":{"line":316,"column":2},"end":{"line":318,"column":3}},"173":{"start":{"line":317,"column":4},"end":{"line":317,"column":92}},"174":{"start":{"line":319,"column":2},"end":{"line":319,"column":14}}},"fnMap":{"0":{"name":"(anonymous_0)","decl":{"start":{"line":19,"column":24},"end":{"line":19,"column":25}},"loc":{"start":{"line":19,"column":48},"end":{"line":19,"column":120}},"line":19},"1":{"name":"(anonymous_1)","decl":{"start":{"line":43,"column":30},"end":{"line":43,"column":31}},"loc":{"start":{"line":43,"column":94},"end":{"line":51,"column":1}},"line":43},"2":{"name":"(anonymous_2)","decl":{"start":{"line":53,"column":31},"end":{"line":53,"column":32}},"loc":{"start":{"line":53,"column":147},"end":{"line":73,"column":1}},"line":53},"3":{"name":"(anonymous_3)","decl":{"start":{"line":59,"column":54},"end":{"line":59,"column":55}},"loc":{"start":{"line":59,"column":70},"end":{"line":59,"column":111}},"line":59},"4":{"name":"(anonymous_4)","decl":{"start":{"line":75,"column":40},"end":{"line":75,"column":41}},"loc":{"start":{"line":75,"column":69},"end":{"line":76,"column":79}},"line":75},"5":{"name":"(anonymous_5)","decl":{"start":{"line":78,"column":22},"end":{"line":78,"column":23}},"loc":{"start":{"line":78,"column":87},"end":{"line":79,"column":56}},"line":78},"6":{"name":"(anonymous_6)","decl":{"start":{"line":81,"column":56},"end":{"line":81,"column":57}},"loc":{"start":{"line":83,"column":22},"end":{"line":92,"column":1}},"line":83},"7":{"name":"(anonymous_7)","decl":{"start":{"line":84,"column":38},"end":{"line":84,"column":39}},"loc":{"start":{"line":84,"column":50},"end":{"line":84,"column":77}},"line":84},"8":{"name":"(anonymous_8)","decl":{"start":{"line":85,"column":51},"end":{"line":85,"column":52}},"loc":{"start":{"line":85,"column":71},"end":{"line":85,"column":101}},"line":85},"9":{"name":"(anonymous_9)","decl":{"start":{"line":94,"column":36},"end":{"line":94,"column":37}},"loc":{"start":{"line":94,"column":107},"end":{"line":95,"column":31}},"line":94},"10":{"name":"(anonymous_10)","decl":{"start":{"line":97,"column":45},"end":{"line":97,"column":46}},"loc":{"start":{"line":97,"column":116},"end":{"line":131,"column":1}},"line":97},"11":{"name":"(anonymous_11)","decl":{"start":{"line":98,"column":52},"end":{"line":98,"column":53}},"loc":{"start":{"line":98,"column":63},"end":{"line":98,"column":92}},"line":98},"12":{"name":"(anonymous_12)","decl":{"start":{"line":100,"column":35},"end":{"line":100,"column":36}},"loc":{"start":{"line":100,"column":46},"end":{"line":129,"column":3}},"line":100},"13":{"name":"(anonymous_13)","decl":{"start":{"line":102,"column":17},"end":{"line":102,"column":18}},"loc":{"start":{"line":102,"column":59},"end":{"line":102,"column":145}},"line":102},"14":{"name":"(anonymous_14)","decl":{"start":{"line":133,"column":65},"end":{"line":133,"column":66}},"loc":{"start":{"line":133,"column":116},"end":{"line":134,"column":122}},"line":133},"15":{"name":"(anonymous_15)","decl":{"start":{"line":136,"column":53},"end":{"line":136,"column":54}},"loc":{"start":{"line":139,"column":30},"end":{"line":154,"column":1}},"line":139},"16":{"name":"(anonymous_16)","decl":{"start":{"line":142,"column":12},"end":{"line":142,"column":13}},"loc":{"start":{"line":142,"column":31},"end":{"line":142,"column":106}},"line":142},"17":{"name":"(anonymous_17)","decl":{"start":{"line":156,"column":43},"end":{"line":156,"column":44}},"loc":{"start":{"line":156,"column":91},"end":{"line":157,"column":94}},"line":156},"18":{"name":"(anonymous_18)","decl":{"start":{"line":159,"column":53},"end":{"line":159,"column":54}},"loc":{"start":{"line":159,"column":82},"end":{"line":160,"column":96}},"line":159},"19":{"name":"(anonymous_19)","decl":{"start":{"line":162,"column":44},"end":{"line":162,"column":45}},"loc":{"start":{"line":162,"column":88},"end":{"line":163,"column":108}},"line":162},"20":{"name":"(anonymous_20)","decl":{"start":{"line":165,"column":39},"end":{"line":165,"column":40}},"loc":{"start":{"line":166,"column":46},"end":{"line":166,"column":150}},"line":166},"21":{"name":"(anonymous_21)","decl":{"start":{"line":168,"column":48},"end":{"line":168,"column":49}},"loc":{"start":{"line":168,"column":113},"end":{"line":169,"column":114}},"line":168},"22":{"name":"(anonymous_22)","decl":{"start":{"line":171,"column":40},"end":{"line":171,"column":41}},"loc":{"start":{"line":174,"column":14},"end":{"line":174,"column":121}},"line":174},"23":{"name":"(anonymous_23)","decl":{"start":{"line":176,"column":28},"end":{"line":176,"column":29}},"loc":{"start":{"line":178,"column":14},"end":{"line":178,"column":133}},"line":178},"24":{"name":"(anonymous_24)","decl":{"start":{"line":180,"column":31},"end":{"line":180,"column":32}},"loc":{"start":{"line":180,"column":111},"end":{"line":186,"column":1}},"line":180},"25":{"name":"(anonymous_25)","decl":{"start":{"line":188,"column":41},"end":{"line":188,"column":42}},"loc":{"start":{"line":188,"column":145},"end":{"line":205,"column":1}},"line":188},"26":{"name":"(anonymous_26)","decl":{"start":{"line":200,"column":59},"end":{"line":200,"column":60}},"loc":{"start":{"line":200,"column":68},"end":{"line":200,"column":83}},"line":200},"27":{"name":"(anonymous_27)","decl":{"start":{"line":207,"column":37},"end":{"line":207,"column":38}},"loc":{"start":{"line":207,"column":152},"end":{"line":213,"column":1}},"line":207},"28":{"name":"(anonymous_28)","decl":{"start":{"line":215,"column":23},"end":{"line":215,"column":24}},"loc":{"start":{"line":215,"column":63},"end":{"line":216,"column":66}},"line":215},"29":{"name":"(anonymous_29)","decl":{"start":{"line":218,"column":35},"end":{"line":218,"column":36}},"loc":{"start":{"line":220,"column":57},"end":{"line":236,"column":1}},"line":220},"30":{"name":"(anonymous_30)","decl":{"start":{"line":238,"column":31},"end":{"line":238,"column":32}},"loc":{"start":{"line":238,"column":153},"end":{"line":252,"column":1}},"line":238},"31":{"name":"(anonymous_31)","decl":{"start":{"line":242,"column":33},"end":{"line":242,"column":34}},"loc":{"start":{"line":242,"column":55},"end":{"line":247,"column":3}},"line":242},"32":{"name":"(anonymous_32)","decl":{"start":{"line":248,"column":23},"end":{"line":248,"column":24}},"loc":{"start":{"line":248,"column":35},"end":{"line":248,"column":50}},"line":248},"33":{"name":"(anonymous_33)","decl":{"start":{"line":254,"column":40},"end":{"line":254,"column":41}},"loc":{"start":{"line":254,"column":135},"end":{"line":258,"column":1}},"line":254},"34":{"name":"(anonymous_34)","decl":{"start":{"line":256,"column":12},"end":{"line":256,"column":13}},"loc":{"start":{"line":256,"column":36},"end":{"line":256,"column":55}},"line":256},"35":{"name":"(anonymous_35)","decl":{"start":{"line":260,"column":35},"end":{"line":260,"column":36}},"loc":{"start":{"line":260,"column":131},"end":{"line":266,"column":1}},"line":260},"36":{"name":"(anonymous_36)","decl":{"start":{"line":261,"column":49},"end":{"line":261,"column":50}},"loc":{"start":{"line":261,"column":56},"end":{"line":261,"column":123}},"line":261},"37":{"name":"(anonymous_37)","decl":{"start":{"line":262,"column":33},"end":{"line":262,"column":34}},"loc":{"start":{"line":262,"column":56},"end":{"line":262,"column":86}},"line":262},"38":{"name":"(anonymous_38)","decl":{"start":{"line":263,"column":12},"end":{"line":263,"column":13}},"loc":{"start":{"line":263,"column":36},"end":{"line":263,"column":55}},"line":263},"39":{"name":"(anonymous_39)","decl":{"start":{"line":268,"column":39},"end":{"line":268,"column":40}},"loc":{"start":{"line":270,"column":80},"end":{"line":275,"column":1}},"line":270},"40":{"name":"(anonymous_40)","decl":{"start":{"line":271,"column":29},"end":{"line":271,"column":30}},"loc":{"start":{"line":271,"column":41},"end":{"line":271,"column":95}},"line":271},"41":{"name":"(anonymous_41)","decl":{"start":{"line":272,"column":13},"end":{"line":272,"column":14}},"loc":{"start":{"line":272,"column":23},"end":{"line":272,"column":41}},"line":272},"42":{"name":"(anonymous_42)","decl":{"start":{"line":277,"column":35},"end":{"line":277,"column":36}},"loc":{"start":{"line":278,"column":33},"end":{"line":280,"column":57}},"line":278},"43":{"name":"(anonymous_43)","decl":{"start":{"line":278,"column":47},"end":{"line":278,"column":48}},"loc":{"start":{"line":278,"column":54},"end":{"line":278,"column":90}},"line":278},"44":{"name":"(anonymous_44)","decl":{"start":{"line":280,"column":10},"end":{"line":280,"column":11}},"loc":{"start":{"line":280,"column":34},"end":{"line":280,"column":53}},"line":280},"45":{"name":"(anonymous_45)","decl":{"start":{"line":282,"column":40},"end":{"line":282,"column":41}},"loc":{"start":{"line":285,"column":30},"end":{"line":290,"column":1}},"line":285},"46":{"name":"(anonymous_46)","decl":{"start":{"line":292,"column":51},"end":{"line":292,"column":52}},"loc":{"start":{"line":295,"column":30},"end":{"line":304,"column":1}},"line":295},"47":{"name":"(anonymous_47)","decl":{"start":{"line":300,"column":45},"end":{"line":300,"column":46}},"loc":{"start":{"line":300,"column":52},"end":{"line":300,"column":108}},"line":300},"48":{"name":"(anonymous_48)","decl":{"start":{"line":300,"column":114},"end":{"line":300,"column":115}},"loc":{"start":{"line":300,"column":121},"end":{"line":300,"column":138}},"line":300},"49":{"name":"(anonymous_49)","decl":{"start":{"line":306,"column":58},"end":{"line":306,"column":59}},"loc":{"start":{"line":309,"column":30},"end":{"line":320,"column":1}},"line":309},"50":{"name":"(anonymous_50)","decl":{"start":{"line":310,"column":38},"end":{"line":310,"column":39}},"loc":{"start":{"line":310,"column":45},"end":{"line":310,"column":121}},"line":310},"51":{"name":"(anonymous_51)","decl":{"start":{"line":315,"column":38},"end":{"line":315,"column":39}},"loc":{"start":{"line":315,"column":45},"end":{"line":315,"column":140}},"line":315}},"branchMap":{"0":{"loc":{"start":{"line":19,"column":48},"end":{"line":19,"column":120}},"type":"cond-expr","locations":[{"start":{"line":19,"column":80},"end":{"line":19,"column":84}},{"start":{"line":19,"column":87},"end":{"line":19,"column":120}}],"line":19},"1":{"loc":{"start":{"line":19,"column":48},"end":{"line":19,"column":77}},"type":"binary-expr","locations":[{"start":{"line":19,"column":48},"end":{"line":19,"column":58}},{"start":{"line":19,"column":62},"end":{"line":19,"column":77}}],"line":19},"2":{"loc":{"start":{"line":44,"column":2},"end":{"line":49,"column":3}},"type":"if","locations":[{"start":{"line":44,"column":2},"end":{"line":49,"column":3}},{"start":{},"end":{}}],"line":44},"3":{"loc":{"start":{"line":45,"column":4},"end":{"line":47,"column":5}},"type":"if","locations":[{"start":{"line":45,"column":4},"end":{"line":47,"column":5}},{"start":{},"end":{}}],"line":45},"4":{"loc":{"start":{"line":48,"column":11},"end":{"line":48,"column":69}},"type":"cond-expr","locations":[{"start":{"line":48,"column":63},"end":{"line":48,"column":64}},{"start":{"line":48,"column":67},"end":{"line":48,"column":69}}],"line":48},"5":{"loc":{"start":{"line":50,"column":9},"end":{"line":50,"column":55}},"type":"cond-expr","locations":[{"start":{"line":50,"column":49},"end":{"line":50,"column":50}},{"start":{"line":50,"column":53},"end":{"line":50,"column":55}}],"line":50},"6":{"loc":{"start":{"line":57,"column":2},"end":{"line":68,"column":3}},"type":"if","locations":[{"start":{"line":57,"column":2},"end":{"line":68,"column":3}},{"start":{},"end":{}}],"line":57},"7":{"loc":{"start":{"line":58,"column":4},"end":{"line":63,"column":5}},"type":"if","locations":[{"start":{"line":58,"column":4},"end":{"line":63,"column":5}},{"start":{},"end":{}}],"line":58},"8":{"loc":{"start":{"line":60,"column":6},"end":{"line":62,"column":7}},"type":"if","locations":[{"start":{"line":60,"column":6},"end":{"line":62,"column":7}},{"start":{},"end":{}}],"line":60},"9":{"loc":{"start":{"line":64,"column":4},"end":{"line":66,"column":5}},"type":"if","locations":[{"start":{"line":64,"column":4},"end":{"line":66,"column":5}},{"start":{},"end":{}}],"line":64},"10":{"loc":{"start":{"line":69,"column":2},"end":{"line":71,"column":3}},"type":"if","locations":[{"start":{"line":69,"column":2},"end":{"line":71,"column":3}},{"start":{},"end":{}}],"line":69},"11":{"loc":{"start":{"line":78,"column":87},"end":{"line":79,"column":56}},"type":"binary-expr","locations":[{"start":{"line":78,"column":87},"end":{"line":78,"column":126}},{"start":{"line":79,"column":5},"end":{"line":79,"column":56}}],"line":78},"12":{"loc":{"start":{"line":87,"column":4},"end":{"line":89,"column":5}},"type":"if","locations":[{"start":{"line":87,"column":4},"end":{"line":89,"column":5}},{"start":{},"end":{}}],"line":87},"13":{"loc":{"start":{"line":102,"column":59},"end":{"line":102,"column":145}},"type":"binary-expr","locations":[{"start":{"line":102,"column":59},"end":{"line":102,"column":102}},{"start":{"line":102,"column":106},"end":{"line":102,"column":145}}],"line":102},"14":{"loc":{"start":{"line":103,"column":4},"end":{"line":128,"column":5}},"type":"if","locations":[{"start":{"line":103,"column":4},"end":{"line":128,"column":5}},{"start":{"line":111,"column":11},"end":{"line":128,"column":5}}],"line":103},"15":{"loc":{"start":{"line":105,"column":6},"end":{"line":107,"column":7}},"type":"if","locations":[{"start":{"line":105,"column":6},"end":{"line":107,"column":7}},{"start":{},"end":{}}],"line":105},"16":{"loc":{"start":{"line":108,"column":6},"end":{"line":110,"column":7}},"type":"if","locations":[{"start":{"line":108,"column":6},"end":{"line":110,"column":7}},{"start":{},"end":{}}],"line":108},"17":{"loc":{"start":{"line":108,"column":10},"end":{"line":108,"column":75}},"type":"binary-expr","locations":[{"start":{"line":108,"column":10},"end":{"line":108,"column":38}},{"start":{"line":108,"column":42},"end":{"line":108,"column":75}}],"line":108},"18":{"loc":{"start":{"line":117,"column":6},"end":{"line":119,"column":7}},"type":"if","locations":[{"start":{"line":117,"column":6},"end":{"line":119,"column":7}},{"start":{},"end":{}}],"line":117},"19":{"loc":{"start":{"line":117,"column":10},"end":{"line":117,"column":75}},"type":"binary-expr","locations":[{"start":{"line":117,"column":10},"end":{"line":117,"column":38}},{"start":{"line":117,"column":42},"end":{"line":117,"column":75}}],"line":117},"20":{"loc":{"start":{"line":143,"column":2},"end":{"line":152,"column":3}},"type":"if","locations":[{"start":{"line":143,"column":2},"end":{"line":152,"column":3}},{"start":{},"end":{}}],"line":143},"21":{"loc":{"start":{"line":146,"column":4},"end":{"line":150,"column":5}},"type":"if","locations":[{"start":{"line":146,"column":4},"end":{"line":150,"column":5}},{"start":{"line":148,"column":11},"end":{"line":150,"column":5}}],"line":146},"22":{"loc":{"start":{"line":166,"column":46},"end":{"line":166,"column":150}},"type":"cond-expr","locations":[{"start":{"line":166,"column":77},"end":{"line":166,"column":138}},{"start":{"line":166,"column":141},"end":{"line":166,"column":150}}],"line":166},"23":{"loc":{"start":{"line":174,"column":14},"end":{"line":174,"column":121}},"type":"cond-expr","locations":[{"start":{"line":174,"column":45},"end":{"line":174,"column":109}},{"start":{"line":174,"column":112},"end":{"line":174,"column":121}}],"line":174},"24":{"loc":{"start":{"line":178,"column":14},"end":{"line":178,"column":133}},"type":"cond-expr","locations":[{"start":{"line":178,"column":50},"end":{"line":178,"column":126}},{"start":{"line":178,"column":129},"end":{"line":178,"column":133}}],"line":178},"25":{"loc":{"start":{"line":182,"column":2},"end":{"line":184,"column":3}},"type":"if","locations":[{"start":{"line":182,"column":2},"end":{"line":184,"column":3}},{"start":{},"end":{}}],"line":182},"26":{"loc":{"start":{"line":189,"column":36},"end":{"line":189,"column":113}},"type":"binary-expr","locations":[{"start":{"line":189,"column":36},"end":{"line":189,"column":60}},{"start":{"line":189,"column":64},"end":{"line":189,"column":113}}],"line":189},"27":{"loc":{"start":{"line":190,"column":2},"end":{"line":192,"column":3}},"type":"if","locations":[{"start":{"line":190,"column":2},"end":{"line":192,"column":3}},{"start":{},"end":{}}],"line":190},"28":{"loc":{"start":{"line":190,"column":6},"end":{"line":190,"column":55}},"type":"binary-expr","locations":[{"start":{"line":190,"column":6},"end":{"line":190,"column":25}},{"start":{"line":190,"column":29},"end":{"line":190,"column":55}}],"line":190},"29":{"loc":{"start":{"line":193,"column":2},"end":{"line":198,"column":3}},"type":"if","locations":[{"start":{"line":193,"column":2},"end":{"line":198,"column":3}},{"start":{},"end":{}}],"line":193},"30":{"loc":{"start":{"line":195,"column":4},"end":{"line":197,"column":5}},"type":"if","locations":[{"start":{"line":195,"column":4},"end":{"line":197,"column":5}},{"start":{},"end":{}}],"line":195},"31":{"loc":{"start":{"line":195,"column":8},"end":{"line":195,"column":63}},"type":"binary-expr","locations":[{"start":{"line":195,"column":8},"end":{"line":195,"column":26}},{"start":{"line":195,"column":30},"end":{"line":195,"column":63}}],"line":195},"32":{"loc":{"start":{"line":201,"column":2},"end":{"line":203,"column":3}},"type":"if","locations":[{"start":{"line":201,"column":2},"end":{"line":203,"column":3}},{"start":{},"end":{}}],"line":201},"33":{"loc":{"start":{"line":201,"column":6},"end":{"line":201,"column":78}},"type":"binary-expr","locations":[{"start":{"line":201,"column":6},"end":{"line":201,"column":41}},{"start":{"line":201,"column":45},"end":{"line":201,"column":78}}],"line":201},"34":{"loc":{"start":{"line":209,"column":2},"end":{"line":211,"column":3}},"type":"if","locations":[{"start":{"line":209,"column":2},"end":{"line":211,"column":3}},{"start":{},"end":{}}],"line":209},"35":{"loc":{"start":{"line":215,"column":63},"end":{"line":216,"column":66}},"type":"binary-expr","locations":[{"start":{"line":215,"column":63},"end":{"line":215,"column":90}},{"start":{"line":215,"column":94},"end":{"line":215,"column":113}},{"start":{"line":216,"column":5},"end":{"line":216,"column":32}},{"start":{"line":216,"column":36},"end":{"line":216,"column":66}}],"line":215},"36":{"loc":{"start":{"line":235,"column":9},"end":{"line":235,"column":57}},"type":"cond-expr","locations":[{"start":{"line":235,"column":39},"end":{"line":235,"column":50}},{"start":{"line":235,"column":53},"end":{"line":235,"column":57}}],"line":235},"37":{"loc":{"start":{"line":239,"column":2},"end":{"line":241,"column":3}},"type":"if","locations":[{"start":{"line":239,"column":2},"end":{"line":241,"column":3}},{"start":{},"end":{}}],"line":239},"38":{"loc":{"start":{"line":243,"column":4},"end":{"line":245,"column":5}},"type":"if","locations":[{"start":{"line":243,"column":4},"end":{"line":245,"column":5}},{"start":{},"end":{}}],"line":243},"39":{"loc":{"start":{"line":248,"column":2},"end":{"line":250,"column":3}},"type":"if","locations":[{"start":{"line":248,"column":2},"end":{"line":250,"column":3}},{"start":{},"end":{}}],"line":248},"40":{"loc":{"start":{"line":257,"column":9},"end":{"line":257,"column":111}},"type":"cond-expr","locations":[{"start":{"line":257,"column":57},"end":{"line":257,"column":104}},{"start":{"line":257,"column":107},"end":{"line":257,"column":111}}],"line":257},"41":{"loc":{"start":{"line":257,"column":9},"end":{"line":257,"column":54}},"type":"binary-expr","locations":[{"start":{"line":257,"column":9},"end":{"line":257,"column":32}},{"start":{"line":257,"column":36},"end":{"line":257,"column":54}}],"line":257},"42":{"loc":{"start":{"line":261,"column":56},"end":{"line":261,"column":123}},"type":"binary-expr","locations":[{"start":{"line":261,"column":56},"end":{"line":261,"column":81}},{"start":{"line":261,"column":85},"end":{"line":261,"column":123}}],"line":261},"43":{"loc":{"start":{"line":265,"column":9},"end":{"line":265,"column":99}},"type":"cond-expr","locations":[{"start":{"line":265,"column":36},"end":{"line":265,"column":92}},{"start":{"line":265,"column":95},"end":{"line":265,"column":99}}],"line":265},"44":{"loc":{"start":{"line":310,"column":45},"end":{"line":310,"column":121}},"type":"binary-expr","locations":[{"start":{"line":310,"column":45},"end":{"line":310,"column":70}},{"start":{"line":310,"column":74},"end":{"line":310,"column":121}}],"line":310},"45":{"loc":{"start":{"line":312,"column":2},"end":{"line":314,"column":3}},"type":"if","locations":[{"start":{"line":312,"column":2},"end":{"line":314,"column":3}},{"start":{},"end":{}}],"line":312},"46":{"loc":{"start":{"line":315,"column":45},"end":{"line":315,"column":140}},"type":"binary-expr","locations":[{"start":{"line":315,"column":45},"end":{"line":315,"column":70}},{"start":{"line":315,"column":74},"end":{"line":315,"column":140}}],"line":315},"47":{"loc":{"start":{"line":316,"column":2},"end":{"line":318,"column":3}},"type":"if","locations":[{"start":{"line":316,"column":2},"end":{"line":318,"column":3}},{"start":{},"end":{}}],"line":316}},"s":{"0":4,"1":4,"2":4,"3":56,"4":13,"5":8,"6":5,"7":43,"8":4,"9":45,"10":45,"11":11,"12":4,"13":11,"14":4,"15":3,"16":8,"17":7,"18":1,"19":34,"20":5,"21":29,"22":4,"23":14,"24":4,"25":17,"26":4,"27":17,"28":45,"29":17,"30":49,"31":17,"32":17,"33":17,"34":7,"35":10,"36":4,"37":17,"38":4,"39":6,"40":18,"41":6,"42":6,"43":14,"44":8,"45":14,"46":4,"47":4,"48":0,"49":4,"50":4,"51":10,"52":10,"53":10,"54":10,"55":10,"56":6,"57":4,"58":6,"59":4,"60":6,"61":6,"62":10,"63":6,"64":3,"65":3,"66":0,"67":3,"68":3,"69":3,"70":4,"71":4,"72":4,"73":4,"74":4,"75":0,"76":4,"77":0,"78":4,"79":0,"80":4,"81":0,"82":4,"83":6,"84":4,"85":16,"86":6,"87":16,"88":4,"89":15,"90":15,"91":12,"92":3,"93":2,"94":2,"95":1,"96":2,"97":2,"98":3,"99":2,"100":1,"101":1,"102":4,"103":22,"104":22,"105":15,"106":22,"107":4,"108":16,"109":4,"110":16,"111":16,"112":16,"113":16,"114":16,"115":16,"116":16,"117":4,"118":14,"119":0,"120":14,"121":18,"122":2,"123":16,"124":14,"125":14,"126":8,"127":6,"128":4,"129":6,"130":18,"131":6,"132":4,"133":2,"134":2,"135":2,"136":2,"137":2,"138":2,"139":2,"140":4,"141":0,"142":0,"143":0,"144":0,"145":0,"146":0,"147":4,"148":0,"149":0,"150":0,"151":4,"152":0,"153":0,"154":0,"155":0,"156":4,"157":0,"158":0,"159":0,"160":0,"161":0,"162":0,"163":0,"164":4,"165":6,"166":6,"167":6,"168":6,"169":0,"170":6,"171":6,"172":6,"173":0,"174":6},"f":{"0":4,"1":56,"2":45,"3":11,"4":14,"5":17,"6":17,"7":45,"8":49,"9":17,"10":6,"11":18,"12":14,"13":8,"14":6,"15":6,"16":10,"17":4,"18":4,"19":0,"20":0,"21":0,"22":0,"23":6,"24":16,"25":15,"26":3,"27":22,"28":16,"29":16,"30":14,"31":18,"32":14,"33":6,"34":18,"35":2,"36":2,"37":2,"38":2,"39":0,"40":0,"41":0,"42":0,"43":0,"44":0,"45":0,"46":0,"47":0,"48":0,"49":6,"50":6,"51":6},"b":{"0":[0,4],"1":[4,4],"2":[13,43],"3":[8,5],"4":[4,1],"5":[14,29],"6":[11,34],"7":[4,7],"8":[3,1],"9":[7,1],"10":[5,29],"11":[17,10],"12":[7,10],"13":[8,5],"14":[4,10],"15":[0,4],"16":[4,0],"17":[4,4],"18":[10,0],"19":[10,10],"20":[3,3],"21":[0,3],"22":[0,0],"23":[0,0],"24":[2,4],"25":[6,10],"26":[15,2],"27":[12,3],"28":[15,4],"29":[2,1],"30":[1,1],"31":[2,1],"32":[1,1],"33":[2,1],"34":[15,7],"35":[16,15,12,8],"36":[9,7],"37":[0,14],"38":[2,16],"39":[8,6],"40":[6,0],"41":[6,6],"42":[2,2],"43":[0,2],"44":[6,5],"45":[0,6],"46":[6,5],"47":[0,6]},"_coverageSchema":"1a1c01bbd47fc00a2c39e90264f33305004495a9","hash":"5a036d2e5cab22b76d840ea74c25b053346e7ebc"}
,"C:\\develop\\ft-frontend-saksbehandling\\packages\\fakta-fordel-beregningsgrunnlag\\src\\components\\fordeling\\FordelBeregningsgrunnlagForm.tsx": {"path":"C:\\develop\\ft-frontend-saksbehandling\\packages\\fakta-fordel-beregningsgrunnlag\\src\\components\\fordeling\\FordelBeregningsgrunnlagForm.tsx","statementMap":{"0":{"start":{"line":29,"column":37},"end":{"line":29,"column":54}},"1":{"start":{"line":31,"column":31},"end":{"line":31,"column":96}},"2":{"start":{"line":31,"column":59},"end":{"line":31,"column":95}},"3":{"start":{"line":33,"column":38},"end":{"line":37,"column":2}},"4":{"start":{"line":33,"column":150},"end":{"line":37,"column":1}},"5":{"start":{"line":39,"column":28},"end":{"line":40,"column":151}},"6":{"start":{"line":40,"column":81},"end":{"line":40,"column":151}},"7":{"start":{"line":40,"column":104},"end":{"line":40,"column":150}},"8":{"start":{"line":42,"column":20},"end":{"line":47,"column":1}},"9":{"start":{"line":43,"column":2},"end":{"line":45,"column":3}},"10":{"start":{"line":44,"column":4},"end":{"line":44,"column":27}},"11":{"start":{"line":46,"column":2},"end":{"line":46,"column":28}},"12":{"start":{"line":49,"column":24},"end":{"line":64,"column":2}},"13":{"start":{"line":49,"column":125},"end":{"line":64,"column":1}},"14":{"start":{"line":66,"column":45},"end":{"line":86,"column":1}},"15":{"start":{"line":70,"column":32},"end":{"line":70,"column":67}},"16":{"start":{"line":71,"column":2},"end":{"line":73,"column":3}},"17":{"start":{"line":72,"column":4},"end":{"line":72,"column":17}},"18":{"start":{"line":74,"column":2},"end":{"line":79,"column":3}},"19":{"start":{"line":74,"column":44},"end":{"line":74,"column":48}},"20":{"start":{"line":75,"column":43},"end":{"line":75,"column":47}},"21":{"start":{"line":76,"column":43},"end":{"line":76,"column":47}},"22":{"start":{"line":77,"column":43},"end":{"line":77,"column":47}},"23":{"start":{"line":78,"column":4},"end":{"line":78,"column":17}},"24":{"start":{"line":80,"column":2},"end":{"line":84,"column":3}},"25":{"start":{"line":80,"column":44},"end":{"line":80,"column":48}},"26":{"start":{"line":81,"column":25},"end":{"line":81,"column":52}},"27":{"start":{"line":82,"column":27},"end":{"line":82,"column":55}},"28":{"start":{"line":83,"column":4},"end":{"line":83,"column":62}},"29":{"start":{"line":85,"column":2},"end":{"line":85,"column":14}},"30":{"start":{"line":88,"column":39},"end":{"line":93,"column":1}},"31":{"start":{"line":89,"column":25},"end":{"line":89,"column":36}},"32":{"start":{"line":91,"column":2},"end":{"line":91,"column":35}},"33":{"start":{"line":92,"column":2},"end":{"line":92,"column":29}},"34":{"start":{"line":95,"column":36},"end":{"line":110,"column":1}},"35":{"start":{"line":95,"column":85},"end":{"line":110,"column":1}},"36":{"start":{"line":97,"column":2},"end":{"line":100,"column":3}},"37":{"start":{"line":98,"column":4},"end":{"line":98,"column":46}},"38":{"start":{"line":99,"column":4},"end":{"line":99,"column":32}},"39":{"start":{"line":101,"column":29},"end":{"line":101,"column":99}},"40":{"start":{"line":101,"column":52},"end":{"line":101,"column":98}},"41":{"start":{"line":102,"column":2},"end":{"line":108,"column":3}},"42":{"start":{"line":103,"column":4},"end":{"line":106,"column":5}},"43":{"start":{"line":104,"column":6},"end":{"line":104,"column":68}},"44":{"start":{"line":105,"column":6},"end":{"line":105,"column":34}},"45":{"start":{"line":107,"column":4},"end":{"line":107,"column":46}},"46":{"start":{"line":109,"column":2},"end":{"line":109,"column":30}},"47":{"start":{"line":112,"column":26},"end":{"line":114,"column":80}},"48":{"start":{"line":112,"column":72},"end":{"line":114,"column":80}},"49":{"start":{"line":112,"column":132},"end":{"line":114,"column":80}},"50":{"start":{"line":116,"column":36},"end":{"line":125,"column":5}},"51":{"start":{"line":119,"column":110},"end":{"line":125,"column":5}},"52":{"start":{"line":121,"column":48},"end":{"line":125,"column":3}},"53":{"start":{"line":127,"column":31},"end":{"line":130,"column":1}},"54":{"start":{"line":128,"column":18},"end":{"line":128,"column":80}},"55":{"start":{"line":128,"column":41},"end":{"line":128,"column":79}},"56":{"start":{"line":129,"column":2},"end":{"line":129,"column":59}},"57":{"start":{"line":132,"column":34},"end":{"line":133,"column":145}},"58":{"start":{"line":133,"column":85},"end":{"line":133,"column":145}},"59":{"start":{"line":135,"column":33},"end":{"line":148,"column":1}},"60":{"start":{"line":138,"column":43},"end":{"line":138,"column":45}},"61":{"start":{"line":139,"column":29},"end":{"line":139,"column":77}},"62":{"start":{"line":140,"column":2},"end":{"line":146,"column":3}},"63":{"start":{"line":140,"column":19},"end":{"line":140,"column":20}},"64":{"start":{"line":141,"column":36},"end":{"line":141,"column":61}},"65":{"start":{"line":142,"column":4},"end":{"line":145,"column":5}},"66":{"start":{"line":143,"column":6},"end":{"line":144,"column":116}},"67":{"start":{"line":144,"column":74},"end":{"line":144,"column":114}},"68":{"start":{"line":147,"column":2},"end":{"line":147,"column":42}},"69":{"start":{"line":172,"column":20},"end":{"line":195,"column":3}},"70":{"start":{"line":180,"column":19},"end":{"line":180,"column":21}},"71":{"start":{"line":181,"column":4},"end":{"line":193,"colu
[...]
:27}},"loc":{"start":{"line":154,"column":75},"end":{"line":159,"column":1}},"line":154},"8":{"name":"(anonymous_8)","decl":{"start":{"line":161,"column":24},"end":{"line":161,"column":25}},"loc":{"start":{"line":161,"column":77},"end":{"line":164,"column":1}},"line":161}},"branchMap":{"0":{"loc":{"start":{"line":31,"column":2},"end":{"line":33,"column":3}},"type":"if","locations":[{"start":{"line":31,"column":2},"end":{"line":33,"column":3}},{"start":{},"end":{}}],"line":31},"1":{"loc":{"start":{"line":65,"column":2},"end":{"line":67,"column":3}},"type":"if","locations":[{"start":{"line":65,"column":2},"end":{"line":67,"column":3}},{"start":{},"end":{}}],"line":65},"2":{"loc":{"start":{"line":69,"column":21},"end":{"line":71,"column":60}},"type":"cond-expr","locations":[{"start":{"line":70,"column":6},"end":{"line":70,"column":55}},{"start":{"line":71,"column":6},"end":{"line":71,"column":60}}],"line":69},"3":{"loc":{"start":{"line":99,"column":22},"end":{"line":99,"column":90}},"type":"binary-expr","locations":[{"start":{"line":99,"column":22},"end":{"line":99,"column":66}},{"start":{"line":99,"column":70},"end":{"line":99,"column":90}}],"line":99},"4":{"loc":{"start":{"line":103,"column":7},"end":{"line":123,"column":7}},"type":"binary-expr","locations":[{"start":{"line":103,"column":7},"end":{"line":103,"column":53}},{"start":{"line":103,"column":57},"end":{"line":103,"column":75}},{"start":{"line":104,"column":8},"end":{"line":122,"column":14}}],"line":103},"5":{"loc":{"start":{"line":119,"column":24},"end":{"line":119,"column":91}},"type":"binary-expr","locations":[{"start":{"line":119,"column":24},"end":{"line":119,"column":67}},{"start":{"line":119,"column":71},"end":{"line":119,"column":91}}],"line":119},"6":{"loc":{"start":{"line":141,"column":2},"end":{"line":144,"column":3}},"type":"if","locations":[{"start":{"line":141,"column":2},"end":{"line":144,"column":3}},{"start":{},"end":{}}],"line":141},"7":{"loc":{"start":{"line":141,"column":6},"end":{"line":141,"column":83}},"type":"binary-expr","locations":[{"start":{"line":141,"column":6},"end":{"line":141,"column":44}},{"start":{"line":141,"column":48},"end":{"line":141,"column":83}}],"line":141},"8":{"loc":{"start":{"line":155,"column":2},"end":{"line":157,"column":3}},"type":"if","locations":[{"start":{"line":155,"column":2},"end":{"line":157,"column":3}},{"start":{},"end":{}}],"line":155}},"s":{"0":2,"1":2,"2":2,"3":19,"4":19,"5":0,"6":2,"7":16,"8":2,"9":3,"10":2,"11":2,"12":0,"13":2,"14":2,"15":2,"16":0,"17":2,"18":0,"19":0,"20":0,"21":0,"22":2,"23":7,"24":7,"25":7,"26":7,"27":1,"28":1,"29":7,"30":2,"31":0,"32":0,"33":0,"34":2,"35":0,"36":2},"f":{"0":19,"1":16,"2":3,"3":2,"4":0,"5":0,"6":7,"7":0,"8":0},"b":{"0":[19,0],"1":[0,2],"2":[2,0],"3":[2,0],"4":[2,2,1],"5":[1,0],"6":[1,6],"7":[7,1],"8":[0,0]},"_coverageSchema":"1a1c01bbd47fc00a2c39e90264f33305004495a9","hash":"e479f391300f04a60c5fb7d9680d840d1b73be88"}
,"C:\\develop\\ft-frontend-saksbehandling\\packages\\fakta-fordel-beregningsgrunnlag\\src\\components\\refusjon\\tidligereUtbetalinger.less": {"path":"C:\\develop\\ft-frontend-saksbehandling\\packages\\fakta-fordel-beregningsgrunnlag\\src\\components\\refusjon\\tidligereUtbetalinger.less","statementMap":{"0":{"start":{"line":1,"column":0},"end":{"line":1,"column":19}}},"fnMap":{},"branchMap":{},"s":{"0":1},"f":{},"b":{},"_coverageSchema":"1a1c01bbd47fc00a2c39e90264f33305004495a9","hash":"53432a487e7d5f5cfae8dbf3d6b7b1fd7c629ec3"}
,"C:\\develop\\ft-frontend-saksbehandling\\packages\\fakta-fordel-beregningsgrunnlag\\src\\components\\refusjon\\vurderEndringRefusjonRad.less": {"path":"C:\\develop\\ft-frontend-saksbehandling\\packages\\fakta-fordel-beregningsgrunnlag\\src\\components\\refusjon\\vurderEndringRefusjonRad.less","statementMap":{"0":{"start":{"line":1,"column":0},"end":{"line":1,"column":19}}},"fnMap":{},"branchMap":{},"s":{"0":2},"f":{},"b":{},"_coverageSchema":"1a1c01bbd47fc00a2c39e90264f33305004495a9","hash":"33756f3422e7f450b7c9f953d4ccd1abb8d4df48"}
,"C:\\develop\\ft-frontend-saksbehandling\\packages\\fakta-fordel-beregningsgrunnlag\\src\\components\\util\\visningsnavnHelper.ts": {"path":"C:\\develop\\ft-frontend-saksbehandling\\packages\\fakta-fordel-beregningsgrunnlag\\src\\components\\util\\visningsnavnHelper.ts","statementMap":{"0":{"start":{"line":9,"column":25},"end":{"line":9,"column":109}},"1":{"start":{"line":9,"column":52},"end":{"line":9,"column":108}},"2":{"start":{"line":11,"column":55},"end":{"line":24,"column":1}},"3":{"start":{"line":15,"column":6},"end":{"line":15,"column":20}},"4":{"start":{"line":16,"column":2},"end":{"line":20,"column":3}},"5":{"start":{"line":17,"column":4},"end":{"line":19,"column":13}},"6":{"start":{"line":21,"column":2},"end":{"line":23,"column":11}},"7":{"start":{"line":26,"column":54},"end":{"line":40,"column":1}},"8":{"start":{"line":28,"column":25},"end":{"line":28,"column":103}},"9":{"start":{"line":29,"column":23},"end":{"line":29,"column":68}},"10":{"start":{"line":30,"column":2},"end":{"line":32,"column":3}},"11":{"start":{"line":31,"column":4},"end":{"line":31,"column":14}},"12":{"start":{"line":33,"column":2},"end":{"line":38,"column":3}},"13":{"start":{"line":34,"column":4},"end":{"line":36,"column":5}},"14":{"start":{"line":35,"column":6},"end":{"line":35,"column":154}},"15":{"start":{"line":37,"column":4},"end":{"line":37,"column":85}},"16":{"start":{"line":39,"column":2},"end":{"line":39,"column":103}}},"fnMap":{"0":{"name":"(anonymous_0)","decl":{"start":{"line":9,"column":25},"end":{"line":9,"column":26}},"loc":{"start":{"line":9,"column":52},"end":{"line":9,"column":108}},"line":9},"1":{"name":"(anonymous_1)","decl":{"start":{"line":11,"column":55},"end":{"line":11,"column":56}},"loc":{"start":{"line":12,"column":45},"end":{"line":24,"column":1}},"line":12},"2":{"name":"(anonymous_2)","decl":{"start":{"line":26,"column":54},"end":{"line":26,"column":55}},"loc":{"start":{"line":27,"column":75},"end":{"line":40,"column":1}},"line":27}},"branchMap":{"0":{"loc":{"start":{"line":9,"column":52},"end":{"line":9,"column":108}},"type":"cond-expr","locations":[{"start":{"line":9,"column":57},"end":{"line":9,"column":103}},{"start":{"line":9,"column":106},"end":{"line":9,"column":108}}],"line":9},"1":{"loc":{"start":{"line":16,"column":2},"end":{"line":20,"column":3}},"type":"if","locations":[{"start":{"line":16,"column":2},"end":{"line":20,"column":3}},{"start":{},"end":{}}],"line":16},"2":{"loc":{"start":{"line":17,"column":11},"end":{"line":19,"column":12}},"type":"cond-expr","locations":[{"start":{"line":18,"column":8},"end":{"line":18,"column":113}},{"start":{"line":19,"column":8},"end":{"line":19,"column":12}}],"line":17},"3":{"loc":{"start":{"line":21,"column":9},"end":{"line":23,"column":10}},"type":"cond-expr","locations":[{"start":{"line":22,"column":6},"end":{"line":22,"column":76}},{"start":{"line":23,"column":6},"end":{"line":23,"column":10}}],"line":21},"4":{"loc":{"start":{"line":28,"column":25},"end":{"line":28,"column":103}},"type":"binary-expr","locations":[{"start":{"line":28,"column":25},"end":{"line":28,"column":61}},{"start":{"line":28,"column":65},"end":{"line":28,"column":103}}],"line":28},"5":{"loc":{"start":{"line":30,"column":2},"end":{"line":32,"column":3}},"type":"if","locations":[{"start":{"line":30,"column":2},"end":{"line":32,"column":3}},{"start":{},"end":{}}],"line":30},"6":{"loc":{"start":{"line":33,"column":2},"end":{"line":38,"column":3}},"type":"if","locations":[{"start":{"line":33,"column":2},"end":{"line":38,"column":3}},{"start":{},"end":{}}],"line":33},"7":{"loc":{"start":{"line":34,"column":4},"end":{"line":36,"column":5}},"type":"if","locations":[{"start":{"line":34,"column":4},"end":{"line":36,"column":5}},{"start":{},"end":{}}],"line":34}},"s":{"0":9,"1":24,"2":9,"3":22,"4":22,"5":0,"6":22,"7":9,"8":2,"9":2,"10":2,"11":0,"12":2,"13":0,"14":0,"15":0,"16":2},"f":{"0":24,"1":22,"2":2},"b":{"0":[21,3],"1":[0,22],"2":[0,0],"3":[22,0],"4":[2,0],"5":[0,2],"6":[0,2],"7":[0,0]},"_coverageSchema":"1a1c01bbd47fc00a2c39e90264f33305004495a9","hash":"de3828e72f9d6770e44d265b7cdeb5133756e164"}
,"C:\\develop\\ft-frontend-saksbehandling\\packages\\fakta-fordel-beregningsgrunnlag\\src\\legacy\\FaktaBegrunnelseTextField.tsx": {"path":"C:\\develop\\ft-frontend-saksbehandling\\packages\\fakta-fordel-beregningsgrunnlag\\src\\legacy\\FaktaBegrunnelseTextField.tsx","statementMap":{"0":{"start":{"line":12,"column":13},"end":{"line":12,"column":33}},"1":{"start":{"line":14,"column":19},"end":{"line":14,"column":31}},"2":{"start":{"line":15,"column":22},"end":{"line":15,"column":37}},"3":{"start":{"line":42,"column":81},"end":{"line":68,"column":1}},"4":{"start":{"line":50,"column":15},"end":{"line":50,"column":119}},"5":{"start":{"line":51,"column":24},"end":{"line":51,"column":45}},"6":{"start":{"line":52,"column":2},"end":{"line":67,"column":4}},"7":{"start":{"line":70,"column":0},"end":{"line":73,"column":2}},"8":{"start":{"line":75,"column":23},"end":{"line":80,"column":1}},"9":{"start":{"line":76,"column":2},"end":{"line":78,"column":3}},"10":{"start":{"line":77,"column":4},"end":{"line":77,"column":70}},"11":{"start":{"line":79,"column":2},"end":{"line":79,"column":86}},"12":{"start":{"line":82,"column":0},"end":{"line":84,"column":3}},"13":{"start":{"line":82,"column":147},"end":{"line":84,"column":1}},"14":{"start":{"line":86,"column":0},"end":{"line":88,"column":3}},"15":{"start":{"line":86,"column":110},"end":{"line":88,"column":1}}},"fnMap":{"0":{"name":"(anonymous_0)","decl":{"start":{"line":42,"column":81},"end":{"line":42,"column":82}},"loc":{"start":{"line":49,"column":6},"end":{"line":68,"column":1}},"line":49},"1":{"name":"(anonymous_1)","decl":{"start":{"line":75,"column":23},"end":{"line":75,"column":24}},"loc":{"start":{"line":75,"column":80},"end":{"line":80,"column":1}},"line":75},"2":{"name":"(anonymous_2)","decl":{"start":{"line":82,"column":47},"end":{"line":82,"column":48}},"loc":{"start":{"line":82,"column":147},"end":{"line":84,"column":1}},"line":82},"3":{"name":"(anonymous_3)","decl":{"start":{"line":86,"column":44},"end":{"line":86,"column":45}},"loc":{"start":{"line":86,"column":110},"end":{"line":88,"column":1}},"line":86}},"branchMap":{"0":{"loc":{"start":{"line":50,"column":15},"end":{"line":50,"column":119}},"type":"cond-expr","locations":[{"start":{"line":50,"column":34},"end":{"line":50,"column":71}},{"start":{"line":50,"column":74},"end":{"line":50,"column":119}}],"line":50},"1":{"loc":{"start":{"line":51,"column":24},"end":{"line":51,"column":45}},"type":"binary-expr","locations":[{"start":{"line":51,"column":24},"end":{"line":51,"column":29}},{"start":{"line":51,"column":33},"end":{"line":51,"column":45}}],"line":51},"2":{"loc":{"start":{"line":54,"column":7},"end":{"line":65,"column":7}},"type":"binary-expr","locations":[{"start":{"line":54,"column":8},"end":{"line":54,"column":21}},{"start":{"line":54,"column":25},"end":{"line":54,"column":39}},{"start":{"line":55,"column":8},"end":{"line":64,"column":14}}],"line":54},"3":{"loc":{"start":{"line":58,"column":19},"end":{"line":58,"column":50}},"type":"cond-expr","locations":[{"start":{"line":58,"column":32},"end":{"line":58,"column":34}},{"start":{"line":58,"column":37},"end":{"line":58,"column":50}}],"line":58},"4":{"loc":{"start":{"line":60,"column":27},"end":{"line":60,"column":103}},"type":"cond-expr","locations":[{"start":{"line":60,"column":40},"end":{"line":60,"column":74}},{"start":{"line":60,"column":77},"end":{"line":60,"column":103}}],"line":60},"5":{"loc":{"start":{"line":76,"column":2},"end":{"line":78,"column":3}},"type":"if","locations":[{"start":{"line":76,"column":2},"end":{"line":78,"column":3}},{"start":{},"end":{}}],"line":76},"6":{"loc":{"start":{"line":76,"column":6},"end":{"line":76,"column":49}},"type":"binary-expr","locations":[{"start":{"line":76,"column":6},"end":{"line":76,"column":18}},{"start":{"line":76,"column":22},"end":{"line":76,"column":49}}],"line":76},"7":{"loc":{"start":{"line":77,"column":11},"end":{"line":77,"column":69}},"type":"cond-expr","locations":[{"start":{"line":77,"column":37},"end":{"line":77,"column":64}},{"start":{"line":77,"column":67},"end":{"line":77,"column":69}}],"line":77},"8":{"loc":{"start":{"line":79,"column":9},"end":{"line":79,"column":85}},"type":"cond-expr","locations":[{"start":{"line":79,"column":56},"end":{"line":79,"column":80}},{"start":{"line":79,"column":83},"end":{"line":79,"column":85}}],"line":79},"9":{"loc":{"start":{"line":79,"column":9},"end":{"line":79,"column":53}},"type":"binary-expr","locations":[{"start":{"line":79,"column":9},"end":{"line":79,"column":21}},{"start":{"line":79,"column":25},"end":{"line":79,"column":53}}],"line":79},"10":{"loc":{"start":{"line":82,"column":93},"end":{"line":82,"column":129}},"type":"default-arg","locations":[{"start":{"line":82,"column":116},"end":{"line":82,"column":129}}],"line":82},"11":{"loc":{"start":{"line":86,"column":65},"end":{"line":86,"column":85}},"type":"default-arg","locations":[{"start":{"line":86,"column":72},"end":{"line":86,"column":85}}],"line":86}},"s":{"0":2,"1":2,"2":2,"3":2,"4":6,"5":6,"6":6,"7":2,"8":2,"9":0,"10":0,"11":0,"12":2,"13":0,"14":2,"15":0},"f":{"0":6,"1":0,"2":0,"3":0},"b":{"0":[1,5],"1":[6,5],"2":[6,1,5],"3":[1,4],"4":[1,4],"5":[0,0],"6":[0,0],"7":[0,0],"8":[0,0],"9":[0,0],"10":[0],"11":[0]},"_coverageSchema":"1a1c01bbd47fc00a2c39e90264f33305004495a9","hash":"510053478eeb2ad539e532734a408687a4a271e3"}
,"C:\\develop\\ft-frontend-saksbehandling\\packages\\fakta-fordel-beregningsgrunnlag\\src\\legacy\\FaktaSubmitButton.tsx": {"path":"C:\\develop\\ft-frontend-saksbehandling\\packages\\fakta-fordel-beregningsgrunnlag\\src\\legacy\\FaktaSubmitButton.tsx","statementMap":{"0":{"start":{"line":12,"column":13},"end":{"line":12,"column":33}},"1":{"start":{"line":14,"column":19},"end":{"line":29,"column":1}},"2":{"start":{"line":21,"column":2},"end":{"line":23,"column":3}},"3":{"start":{"line":22,"column":4},"end":{"line":22,"column":16}},"4":{"start":{"line":24,"column":2},"end":{"line":26,"column":3}},"5":{"start":{"line":25,"column":4},"end":{"line":25,"column":74}},"6":{"start":{"line":28,"column":2},"end":{"line":28,"column":18}},"7":{"start":{"line":51,"column":83},"end":{"line":75,"column":1}},"8":{"start":{"line":61,"column":2},"end":{"line":74,"column":20}},"9":{"start":{"line":77,"column":24},"end":{"line":87,"column":1}},"10":{"start":{"line":78,"column":17},"end":{"line":78,"column":78}},"11":{"start":{"line":79,"column":20},"end":{"line":79,"column":95}},"12":{"start":{"line":79,"column":39},"end":{"line":79,"column":93}},"13":{"start":{"line":80,"column":2},"end":{"line":86,"column":4}},"14":{"start":{"line":81,"column":47},"end":{"line":81,"column":81}},"15":{"start":{"line":82,"column":42},"end":{"line":82,"column":71}},"16":{"start":{"line":85,"column":45},"end":{"line":85,"column":112}}},"fnMap":{"0":{"name":"(anonymous_0)","decl":{"start":{"line":14,"column":19},"end":{"line":14,"column":20}},"loc":{"start":{"line":20,"column":14},"end":{"line":29,"column":1}},"line":20},"1":{"name":"(anonymous_1)","decl":{"start":{"line":51,"column":83},"end":{"line":51,"column":84}},"loc":{"start":{"line":61,"column":2},"end":{"line":74,"column":20}},"line":61},"2":{"name":"(anonymous_2)","decl":{"start":{"line":77,"column":24},"end":{"line":77,"column":25}},"loc":{"start":{"line":77,"column":80},"end":{"line":87,"column":1}},"line":77},"3":{"name":"(anonymous_3)","decl":{"start":{"line":79,"column":31},"end":{"line":79,"column":32}},"loc":{"start":{"line":79,"column":39},"end":{"line":79,"column":93}},"line":79},"4":{"name":"(anonymous_4)","decl":{"start":{"line":81,"column":33},"end":{"line":81,"column":34}},"loc":{"start":{"line":81,"column":47},"end":{"line":81,"column":81}},"line":81},"5":{"name":"(anonymous_5)","decl":{"start":{"line":82,"column":28},"end":{"line":82,"column":29}},"loc":{"start":{"line":82,"column":42},"end":{"line":82,"column":71}},"line":82},"6":{"name":"(anonymous_6)","decl":{"start":{"line":85,"column":31},"end":{"line":85,"column":32}},"loc":{"start":{"line":85,"column":45},"end":{"line":85,"column":112}},"line":85}},"branchMap":{"0":{"loc":{"start":{"line":21,"column":2},"end":{"line":23,"column":3}},"type":"if","locations":[{"start":{"line":21,"column":2},"end":{"line":23,"column":3}},{"start":{},"end":{}}],"line":21},"1":{"loc":{"start":{"line":21,"column":6},"end":{"line":21,"column":36}},"type":"binary-expr","locations":[{"start":{"line":21,"column":6},"end":{"line":21,"column":20}},{"start":{"line":21,"column":24},"end":{"line":21,"column":36}}],"line":21},"2":{"loc":{"start":{"line":24,"column":2},"end":{"line":26,"column":3}},"type":"if","locations":[{"start":{"line":24,"column":2},"end":{"line":26,"column":3}},{"start":{},"end":{}}],"line":24},"3":{"loc":{"start":{"line":25,"column":11},"end":{"line":25,"column":73}},"type":"binary-expr","locations":[{"start":{"line":25,"column":11},"end":{"line":25,"column":33}},{"start":{"line":25,"column":38},"end":{"line":25,"column":46}},{"start":{"line":25,"column":50},"end":{"line":25,"column":72}}],"line":25},"4":{"loc":{"start":{"line":62,"column":5},"end":{"line":73,"column":5}},"type":"binary-expr","locations":[{"start":{"line":62,"column":5},"end":{"line":62,"column":16}},{"start":{"line":63,"column":6},"end":{"line":72,"column":19}}],"line":62},"5":{"loc":{"start":{"line":67,"column":17},"end":{"line":67,"column":37}},"type":"binary-expr","locations":[{"start":{"line":67,"column":17},"end":{"line":67,"column":24}},{"start":{"line":67,"column":28},"end":{"line":67,"column":37}}],"line":67},"6":{"loc":{"start":{"line":68,"column":18},"end":{"line":68,"column":47}},"type":"cond-expr","locations":[{"start":{"line":68,"column":28},"end":{"line":68,"column":36}},{"start":{"line":68,"column":39},"end":{"line":68,"column":47}}],"line":68},"7":{"loc":{"start":{"line":70,"column":9},"end":{"line":70,"column":35}},"type":"binary-expr","locations":[{"start":{"line":70,"column":9},"end":{"line":70,"column":21}},{"start":{"line":70,"column":25},"end":{"line":70,"column":35}}],"line":70},"8":{"loc":{"start":{"line":71,"column":9},"end":{"line":71,"column":81}},"type":"binary-expr","locations":[{"start":{"line":71,"column":9},"end":{"line":71,"column":20}},{"start":{"line":71,"column":24},"end":{"line":71,"column":81}}],"line":71},"9":{"loc":{"start":{"line":78,"column":17},"end":{"line":78,"column":78}},"type":"cond-expr","locations":[{"start":{"line":78,"column":38},"end":{"line":78,"column":56}},{"start":{"line":78,"column":59},"end":{"line":78,"column":78}}],"line":78},"10":{"loc":{"start":{"line":79,"column":39},"end":{"line":79,"column":93}},"type":"cond-expr","locations":[{"start":{"line":79,"column":57},"end":{"line":79,"column":89}},{"start":{"line":79,"column":92},"end":{"line":79,"column":93}}],"line":79},"11":{"loc":{"start":{"line":83,"column":28},"end":{"line":85,"column":113}},"type":"cond-expr","locations":[{"start":{"line":85,"column":8},"end":{"line":85,"column":13}},{"start":{"line":85,"column":16},"end":{"line":85,"column":113}}],"line":83}},"s":{"0":2,"1":2,"2":6,"3":2,"4":4,"5":3,"6":1,"7":2,"8":7,"9":2,"10":0,"11":0,"12":0,"13":0,"14":0,"15":0,"16":0},"f":{"0":6,"1":7,"2":0,"3":0,"4":0,"5":0,"6":0},"b":{"0":[2,4],"1":[6,5],"2":[3,1],"3":[3,2,1],"4":[7,6],"5":[6,6],"6":[0,6],"7":[6,0],"8":[6,6],"9":[0,0],"10":[0,0],"11":[0,0]},"_coverageSchema":"1a1c01bbd47fc00a2c39e90264f33305004495a9","hash":"29b7e033464f808c9486095b467778b7fd4e4217"}
,"C:\\develop\\ft-frontend-saksbehandling\\packages\\fakta-fordel-beregningsgrunnlag\\src\\legacy\\faktaBegrunnelseTextField.less": {"path":"C:\\develop\\ft-frontend-saksbehandling\\packages\\fakta-fordel-beregningsgrunnlag\\src\\legacy\\faktaBegrunnelseTextField.less","statementMap":{"0":{"start":{"line":1,"column":0},"end":{"line":1,"column":19}}},"fnMap":{},"branchMap":{},"s":{"0":2},"f":{},"b":{},"_coverageSchema":"1a1c01bbd47fc00a2c39e90264f33305004495a9","hash":"4ae7816288116876f09695a8e406b30f17fa15ac"}
}
