TN:
SF:src\components\BgFordelingUtils.ts
FN:16,(anonymous_0)
FN:18,(anonymous_1)
FN:31,(anonymous_2)
FN:34,(anonymous_3)
FN:54,(anonymous_4)
FN:56,(anonymous_5)
FN:65,(anonymous_6)
FN:76,(anonymous_7)
FN:90,(anonymous_8)
FNF:9
FNH:9
FNDA:27,(anonymous_0)
FNDA:15,(anonymous_1)
FNDA:14,(anonymous_2)
FNDA:14,(anonymous_3)
FNDA:26,(anonymous_4)
FNDA:14,(anonymous_5)
FNDA:14,(anonymous_6)
FNDA:14,(anonymous_7)
FNDA:20,(anonymous_8)
DA:14,5
DA:16,27
DA:18,5
DA:19,15
DA:20,1
DA:22,14
DA:24,10
DA:26,4
DA:27,4
DA:28,4
DA:31,14
DA:34,5
DA:38,14
DA:39,0
DA:41,14
DA:42,10
DA:43,10
DA:44,3
DA:46,7
DA:48,4
DA:49,0
DA:51,4
DA:54,26
DA:56,5
DA:58,14
DA:59,14
DA:60,5
DA:62,9
DA:65,14
DA:76,5
DA:79,14
DA:90,5
DA:91,20
DA:92,20
DA:93,9
DA:95,11
LF:36
LH:34
BRDA:16,0,0,27
BRDA:16,0,1,16
BRDA:19,1,0,1
BRDA:19,1,1,14
BRDA:22,2,0,10
BRDA:22,2,1,4
BRDA:31,3,0,13
BRDA:31,3,1,1
BRDA:31,4,0,14
BRDA:31,4,1,14
BRDA:38,5,0,0
BRDA:38,5,1,14
BRDA:38,6,0,14
BRDA:38,6,1,14
BRDA:41,7,0,10
BRDA:41,7,1,4
BRDA:41,8,0,14
BRDA:41,8,1,10
BRDA:43,9,0,3
BRDA:43,9,1,7
BRDA:44,10,0,3
BRDA:44,10,1,0
BRDA:48,11,0,0
BRDA:48,11,1,4
BRDA:48,12,0,4
BRDA:48,12,1,0
BRDA:54,13,0,17
BRDA:54,13,1,9
BRDA:59,14,0,5
BRDA:59,14,1,9
BRDA:62,15,0,1
BRDA:62,15,1,8
BRDA:62,16,0,9
BRDA:62,16,1,1
BRDA:66,17,0,3
BRDA:66,17,1,11
BRDA:66,18,0,14
BRDA:66,18,1,11
BRDA:67,19,0,8
BRDA:67,19,1,6
BRDA:67,20,0,14
BRDA:67,20,1,11
BRDA:68,21,0,7
BRDA:68,21,1,7
BRDA:68,22,0,14
BRDA:68,22,1,11
BRDA:69,23,0,9
BRDA:69,23,1,5
BRDA:69,24,0,14
BRDA:69,24,1,11
BRDA:70,25,0,11
BRDA:70,25,1,3
BRDA:71,26,0,11
BRDA:71,26,1,3
BRDA:71,27,0,14
BRDA:71,27,1,11
BRDA:84,28,0,13
BRDA:84,28,1,1
BRDA:87,29,0,1
BRDA:87,29,1,13
BRDA:87,30,0,14
BRDA:87,30,1,14
BRDA:92,31,0,9
BRDA:92,31,1,11
BRDA:93,32,0,9
BRDA:93,32,1,0
BRDA:95,33,0,7
BRDA:95,33,1,4
BRF:68
BRH:63
end_of_record
TN:
SF:src\components\FinnUnikeArbeidsforhold.ts
FN:13,(anonymous_0)
FN:15,(anonymous_1)
FN:17,(anonymous_2)
FN:20,(anonymous_3)
FN:21,(anonymous_4)
FN:25,(anonymous_5)
FN:31,(anonymous_6)
FN:49,(anonymous_7)
FN:50,(anonymous_8)
FN:52,(anonymous_9)
FN:53,(anonymous_10)
FN:55,(anonymous_11)
FN:66,(anonymous_12)
FN:67,(anonymous_13)
FNF:14
FNH:0
FNDA:0,(anonymous_0)
FNDA:0,(anonymous_1)
FNDA:0,(anonymous_2)
FNDA:0,(anonymous_3)
FNDA:0,(anonymous_4)
FNDA:0,(anonymous_5)
FNDA:0,(anonymous_6)
FNDA:0,(anonymous_7)
FNDA:0,(anonymous_8)
FNDA:0,(anonymous_9)
FNDA:0,(anonymous_10)
FNDA:0,(anonymous_11)
FNDA:0,(anonymous_12)
FNDA:0,(anonymous_13)
DA:13,3
DA:14,0
DA:15,0
DA:17,0
DA:20,3
DA:21,0
DA:25,3
DA:27,0
DA:28,0
DA:29,0
DA:31,0
DA:32,0
DA:33,0
DA:34,0
DA:41,0
DA:44,0
DA:47,3
DA:49,3
DA:50,0
DA:52,3
DA:53,0
DA:55,3
DA:56,0
DA:65,3
DA:66,0
DA:68,0
DA:69,0
DA:70,0
LF:28
LH:8
BRDA:14,0,0,0
BRDA:14,0,1,0
BRDA:21,1,0,0
BRDA:21,1,1,0
BRDA:21,1,2,0
BRDA:28,2,0,0
BRDA:28,2,1,0
BRDA:32,3,0,0
BRDA:32,3,1,0
BRDA:32,4,0,0
BRDA:32,4,1,0
BRDA:49,5,0,0
BRDA:49,5,1,0
BRDA:52,6,0,0
BRDA:52,6,1,0
BRF:15
BRH:0
end_of_record
TN:
SF:src\components\FordelingHelpText.tsx
FN:29,(anonymous_0)
FN:31,(anonymous_1)
FN:47,(anonymous_2)
FN:48,(anonymous_3)
FN:63,(anonymous_4)
FN:73,(anonymous_5)
FN:77,(anonymous_6)
FN:80,(anonymous_7)
FN:83,(anonymous_8)
FN:86,(anonymous_9)
FN:96,(anonymous_10)
FN:150,(anonymous_11)
FN:151,(anonymous_12)
FN:152,(anonymous_13)
FN:154,(anonymous_14)
FN:158,(anonymous_15)
FN:158,(anonymous_16)
FN:160,(anonymous_17)
FN:160,(anonymous_18)
FN:162,(anonymous_19)
FN:163,(anonymous_20)
FN:165,(anonymous_21)
FN:165,(anonymous_22)
FN:198,(anonymous_23)
FN:203,(anonymous_24)
FN:204,(anonymous_25)
FN:205,(anonymous_26)
FN:206,(anonymous_27)
FN:207,(anonymous_28)
FN:219,(anonymous_29)
FNF:30
FNH:10
FNDA:8,(anonymous_0)
FNDA:8,(anonymous_1)
FNDA:3,(anonymous_2)
FNDA:3,(anonymous_3)
FNDA:5,(anonymous_4)
FNDA:5,(anonymous_5)
FNDA:5,(anonymous_6)
FNDA:2,(anonymous_7)
FNDA:2,(anonymous_8)
FNDA:1,(anonymous_9)
FNDA:0,(anonymous_10)
FNDA:0,(anonymous_11)
FNDA:0,(anonymous_12)
FNDA:0,(anonymous_13)
FNDA:0,(anonymous_14)
FNDA:0,(anonymous_15)
FNDA:0,(anonymous_16)
FNDA:0,(anonymous_17)
FNDA:0,(anonymous_18)
FNDA:0,(anonymous_19)
FNDA:0,(anonymous_20)
FNDA:0,(anonymous_21)
FNDA:0,(anonymous_22)
FNDA:0,(anonymous_23)
FNDA:0,(anonymous_24)
FNDA:0,(anonymous_25)
FNDA:0,(anonymous_26)
FNDA:0,(anonymous_27)
FNDA:0,(anonymous_28)
FNDA:0,(anonymous_29)
DA:20,1
DA:22,1
DA:29,8
DA:31,1
DA:32,8
DA:33,0
DA:35,8
DA:36,8
DA:38,0
DA:39,0
DA:41,0
DA:42,0
DA:44,0
DA:47,1
DA:48,3
DA:49,3
DA:50,3
DA:51,3
DA:53,3
DA:55,3
DA:63,1
DA:66,5
DA:67,5
DA:68,0
DA:70,5
DA:73,1
DA:77,5
DA:78,5
DA:79,5
DA:80,2
DA:82,4
DA:83,2
DA:85,3
DA:86,1
DA:88,2
DA:89,2
DA:91,0
DA:93,5
DA:96,1
DA:104,0
DA:105,0
DA:106,0
DA:108,0
DA:116,0
DA:117,0
DA:118,0
DA:124,0
DA:125,0
DA:126,0
DA:132,0
DA:133,0
DA:134,0
DA:140,0
DA:141,0
DA:143,0
DA:147,0
DA:150,1
DA:151,0
DA:152,0
DA:154,1
DA:157,0
DA:158,0
DA:159,0
DA:160,0
DA:161,0
DA:162,0
DA:163,0
DA:164,0
DA:165,0
DA:166,0
DA:172,0
DA:173,0
DA:180,0
DA:198,1
DA:199,0
DA:202,1
DA:203,0
DA:204,0
DA:205,0
DA:206,0
DA:211,0
DA:212,0
DA:213,0
DA:219,1
LF:84
LH:36
BRDA:29,0,0,7
BRDA:29,0,1,1
BRDA:32,1,0,0
BRDA:32,1,1,8
BRDA:35,2,0,8
BRDA:35,2,1,0
BRDA:38,3,0,0
BRDA:38,3,1,0
BRDA:41,4,0,0
BRDA:41,4,1,0
BRDA:50,5,0,3
BRDA:50,5,1,0
BRDA:67,6,0,0
BRDA:67,6,1,5
BRDA:68,7,0,0
BRDA:68,7,1,0
BRDA:79,8,0,1
BRDA:79,8,1,4
BRDA:82,9,0,1
BRDA:82,9,1,3
BRDA:85,10,0,1
BRDA:85,10,1,2
BRDA:88,11,0,2
BRDA:88,11,1,0
BRDA:105,12,0,0
BRDA:105,12,1,0
BRDA:116,13,0,0
BRDA:116,13,1,0
BRDA:124,14,0,0
BRDA:124,14,1,0
BRDA:132,15,0,0
BRDA:132,15,1,0
BRDA:140,16,0,0
BRDA:140,16,1,0
BRDA:151,17,0,0
BRDA:151,17,1,0
BRDA:162,18,0,0
BRDA:162,18,1,0
BRDA:172,19,0,0
BRDA:172,19,1,0
BRDA:212,20,0,0
BRDA:212,20,1,0
BRDA:213,21,0,0
BRDA:213,21,1,0
BRF:44
BRH:13
end_of_record
TN:
SF:src\components\ValidateAndelerUtils.tsx
FN:19,(anonymous_0)
FN:43,(anonymous_1)
FN:53,(anonymous_2)
FN:59,(anonymous_3)
FN:75,(anonymous_4)
FN:78,(anonymous_5)
FN:81,(anonymous_6)
FN:84,(anonymous_7)
FN:85,(anonymous_8)
FN:94,(anonymous_9)
FN:97,(anonymous_10)
FN:98,(anonymous_11)
FN:100,(anonymous_12)
FN:102,(anonymous_13)
FN:133,(anonymous_14)
FN:136,(anonymous_15)
FN:142,(anonymous_16)
FN:156,(anonymous_17)
FN:159,(anonymous_18)
FN:162,(anonymous_19)
FN:165,(anonymous_20)
FN:168,(anonymous_21)
FN:171,(anonymous_22)
FN:176,(anonymous_23)
FN:180,(anonymous_24)
FN:188,(anonymous_25)
FN:200,(anonymous_26)
FN:207,(anonymous_27)
FN:215,(anonymous_28)
FN:218,(anonymous_29)
FN:238,(anonymous_30)
FN:242,(anonymous_31)
FN:248,(anonymous_32)
FN:254,(anonymous_33)
FN:256,(anonymous_34)
FN:260,(anonymous_35)
FN:261,(anonymous_36)
FN:262,(anonymous_37)
FN:263,(anonymous_38)
FN:268,(anonymous_39)
FN:271,(anonymous_40)
FN:272,(anonymous_41)
FN:277,(anonymous_42)
FN:278,(anonymous_43)
FN:280,(anonymous_44)
FN:282,(anonymous_45)
FN:292,(anonymous_46)
FN:300,(anonymous_47)
FN:300,(anonymous_48)
FN:306,(anonymous_49)
FN:310,(anonymous_50)
FN:315,(anonymous_51)
FNF:52
FNH:38
FNDA:4,(anonymous_0)
FNDA:56,(anonymous_1)
FNDA:45,(anonymous_2)
FNDA:11,(anonymous_3)
FNDA:14,(anonymous_4)
FNDA:17,(anonymous_5)
FNDA:17,(anonymous_6)
FNDA:45,(anonymous_7)
FNDA:49,(anonymous_8)
FNDA:17,(anonymous_9)
FNDA:6,(anonymous_10)
FNDA:18,(anonymous_11)
FNDA:14,(anonymous_12)
FNDA:8,(anonymous_13)
FNDA:6,(anonymous_14)
FNDA:6,(anonymous_15)
FNDA:10,(anonymous_16)
FNDA:4,(anonymous_17)
FNDA:4,(anonymous_18)
FNDA:0,(anonymous_19)
FNDA:0,(anonymous_20)
FNDA:0,(anonymous_21)
FNDA:0,(anonymous_22)
FNDA:6,(anonymous_23)
FNDA:16,(anonymous_24)
FNDA:15,(anonymous_25)
FNDA:3,(anonymous_26)
FNDA:22,(anonymous_27)
FNDA:16,(anonymous_28)
FNDA:16,(anonymous_29)
FNDA:14,(anonymous_30)
FNDA:18,(anonymous_31)
FNDA:14,(anonymous_32)
FNDA:6,(anonymous_33)
FNDA:18,(anonymous_34)
FNDA:2,(anonymous_35)
FNDA:2,(anonymous_36)
FNDA:2,(anonymous_37)
FNDA:2,(anonymous_38)
FNDA:0,(anonymous_39)
FNDA:0,(anonymous_40)
FNDA:0,(anonymous_41)
FNDA:0,(anonymous_42)
FNDA:0,(anonymous_43)
FNDA:0,(anonymous_44)
FNDA:0,(anonymous_45)
FNDA:0,(anonymous_46)
FNDA:0,(anonymous_47)
FNDA:0,(anonymous_48)
FNDA:6,(anonymous_49)
FNDA:6,(anonymous_50)
FNDA:6,(anonymous_51)
DA:19,4
DA:43,4
DA:44,56
DA:45,13
DA:46,8
DA:48,5
DA:50,43
DA:53,4
DA:56,45
DA:57,45
DA:58,11
DA:59,11
DA:60,4
DA:61,3
DA:64,8
DA:65,7
DA:67,1
DA:69,34
DA:70,5
DA:72,29
DA:75,14
DA:78,17
DA:81,4
DA:84,45
DA:85,49
DA:86,17
DA:87,17
DA:88,7
DA:91,10
DA:94,17
DA:97,4
DA:98,18
DA:99,6
DA:100,6
DA:101,14
DA:102,8
DA:103,14
DA:104,4
DA:105,4
DA:106,0
DA:108,4
DA:109,4
DA:115,10
DA:116,10
DA:117,10
DA:118,10
DA:120,10
DA:130,6
DA:133,6
DA:136,4
DA:140,6
DA:141,6
DA:142,10
DA:143,6
DA:144,3
DA:146,3
DA:147,0
DA:149,3
DA:151,3
DA:153,3
DA:156,4
DA:159,4
DA:162,4
DA:165,4
DA:166,0
DA:168,4
DA:171,4
DA:174,0
DA:176,4
DA:178,6
DA:180,4
DA:182,16
DA:183,6
DA:185,16
DA:188,4
DA:189,15
DA:190,15
DA:191,12
DA:193,3
DA:194,2
DA:195,2
DA:196,1
DA:199,2
DA:200,3
DA:201,2
DA:202,1
DA:204,1
DA:207,4
DA:208,22
DA:209,22
DA:210,15
DA:212,22
DA:215,16
DA:218,4
DA:224,16
DA:225,16
DA:231,16
DA:232,16
DA:233,16
DA:234,16
DA:235,16
DA:238,4
DA:239,14
DA:240,0
DA:242,14
DA:243,18
DA:244,2
DA:246,16
DA:248,14
DA:249,8
DA:251,6
DA:254,4
DA:255,6
DA:256,18
DA:257,6
DA:260,4
DA:261,2
DA:262,2
DA:263,2
DA:264,2
DA:265,2
DA:268,4
DA:271,0
DA:272,0
DA:273,0
DA:274,0
DA:277,4
DA:278,0
DA:280,0
DA:282,4
DA:286,0
DA:287,0
DA:288,0
DA:289,0
DA:292,4
DA:296,0
DA:300,0
DA:301,0
DA:302,0
DA:303,0
DA:306,4
DA:310,6
DA:311,6
DA:312,6
DA:313,0
DA:315,6
DA:316,6
DA:317,0
DA:319,6
LF:149
LH:127
BRDA:19,0,0,0
BRDA:19,0,1,4
BRDA:19,1,0,4
BRDA:19,1,1,4
BRDA:44,2,0,13
BRDA:44,2,1,43
BRDA:45,3,0,8
BRDA:45,3,1,5
BRDA:48,4,0,4
BRDA:48,4,1,1
BRDA:50,5,0,14
BRDA:50,5,1,29
BRDA:57,6,0,11
BRDA:57,6,1,34
BRDA:58,7,0,4
BRDA:58,7,1,7
BRDA:60,8,0,3
BRDA:60,8,1,1
BRDA:64,9,0,7
BRDA:64,9,1,1
BRDA:69,10,0,5
BRDA:69,10,1,29
BRDA:78,11,0,17
BRDA:78,11,1,10
BRDA:87,12,0,7
BRDA:87,12,1,10
BRDA:102,13,0,8
BRDA:102,13,1,5
BRDA:103,14,0,4
BRDA:103,14,1,10
BRDA:105,15,0,0
BRDA:105,15,1,4
BRDA:108,16,0,4
BRDA:108,16,1,0
BRDA:108,17,0,4
BRDA:108,17,1,4
BRDA:117,18,0,10
BRDA:117,18,1,0
BRDA:117,19,0,10
BRDA:117,19,1,10
BRDA:143,20,0,3
BRDA:143,20,1,3
BRDA:146,21,0,0
BRDA:146,21,1,3
BRDA:166,22,0,0
BRDA:166,22,1,0
BRDA:174,23,0,0
BRDA:174,23,1,0
BRDA:178,24,0,2
BRDA:178,24,1,4
BRDA:182,25,0,6
BRDA:182,25,1,10
BRDA:189,26,0,15
BRDA:189,26,1,2
BRDA:190,27,0,12
BRDA:190,27,1,3
BRDA:190,28,0,15
BRDA:190,28,1,4
BRDA:193,29,0,2
BRDA:193,29,1,1
BRDA:195,30,0,1
BRDA:195,30,1,1
BRDA:195,31,0,2
BRDA:195,31,1,1
BRDA:201,32,0,1
BRDA:201,32,1,1
BRDA:201,33,0,2
BRDA:201,33,1,1
BRDA:209,34,0,15
BRDA:209,34,1,7
BRDA:215,35,0,16
BRDA:215,35,1,15
BRDA:215,35,2,12
BRDA:215,35,3,8
BRDA:235,36,0,9
BRDA:235,36,1,7
BRDA:239,37,0,0
BRDA:239,37,1,14
BRDA:243,38,0,2
BRDA:243,38,1,16
BRDA:248,39,0,8
BRDA:248,39,1,6
BRDA:257,40,0,6
BRDA:257,40,1,0
BRDA:257,41,0,6
BRDA:257,41,1,6
BRDA:261,42,0,2
BRDA:261,42,1,2
BRDA:265,43,0,0
BRDA:265,43,1,2
BRDA:310,44,0,6
BRDA:310,44,1,5
BRDA:312,45,0,0
BRDA:312,45,1,6
BRDA:315,46,0,6
BRDA:315,46,1,5
BRDA:316,47,0,0
BRDA:316,47,1,6
BRF:98
BRH:84
end_of_record
TN:
SF:src\components\fordeling\FordelBeregningsgrunnlagForm.tsx
FN:31,(anonymous_0)
FN:33,(anonymous_1)
FN:39,(anonymous_2)
FN:40,(anonymous_3)
FN:42,(anonymous_4)
FN:49,(anonymous_5)
FN:66,(anonymous_6)
FN:74,(anonymous_7)
FN:75,(anonymous_8)
FN:76,(anonymous_9)
FN:77,(anonymous_10)
FN:80,(anonymous_11)
FN:88,(anonymous_12)
FN:95,(anonymous_13)
FN:95,(anonymous_14)
FN:101,(anonymous_15)
FN:112,(anonymous_16)
FN:112,(anonymous_17)
FN:116,(anonymous_18)
FN:121,(anonymous_19)
FN:127,(anonymous_20)
FN:128,(anonymous_21)
FN:132,(anonymous_22)
FN:135,(anonymous_23)
FN:144,(anonymous_24)
FN:172,(anonymous_25)
FN:197,(anonymous_26)
FN:203,(anonymous_27)
FN:211,(anonymous_28)
FN:213,(anonymous_29)
FN:221,(anonymous_30)
FN:224,(anonymous_31)
FN:229,(anonymous_32)
FN:232,(anonymous_33)
FN:239,(anonymous_34)
FN:253,(anonymous_35)
FN:261,(anonymous_36)
FNF:37
FNH:34
FNDA:39,(anonymous_0)
FNDA:17,(anonymous_1)
FNDA:2,(anonymous_2)
FNDA:5,(anonymous_3)
FNDA:15,(anonymous_4)
FNDA:15,(anonymous_5)
FNDA:23,(anonymous_6)
FNDA:13,(anonymous_7)
FNDA:12,(anonymous_8)
FNDA:12,(anonymous_9)
FNDA:11,(anonymous_10)
FNDA:10,(anonymous_11)
FNDA:9,(anonymous_12)
FNDA:18,(anonymous_13)
FNDA:41,(anonymous_14)
FNDA:54,(anonymous_15)
FNDA:4,(anonymous_16)
FNDA:12,(anonymous_17)
FNDA:4,(anonymous_18)
FNDA:7,(anonymous_19)
FNDA:5,(anonymous_20)
FNDA:9,(anonymous_21)
FNDA:18,(anonymous_22)
FNDA:4,(anonymous_23)
FNDA:7,(anonymous_24)
FNDA:4,(anonymous_25)
FNDA:0,(anonymous_26)
FNDA:1,(anonymous_27)
FNDA:1,(anonymous_28)
FNDA:2,(anonymous_29)
FNDA:1,(anonymous_30)
FNDA:3,(anonymous_31)
FNDA:0,(anonymous_32)
FNDA:0,(anonymous_33)
FNDA:1,(anonymous_34)
FNDA:2,(anonymous_35)
FNDA:6,(anonymous_36)
DA:29,1
DA:31,39
DA:33,17
DA:39,1
DA:40,5
DA:42,1
DA:43,15
DA:44,0
DA:46,15
DA:49,15
DA:66,1
DA:70,23
DA:71,23
DA:72,10
DA:74,13
DA:75,12
DA:76,12
DA:77,11
DA:78,3
DA:80,10
DA:81,2
DA:82,2
DA:83,2
DA:85,8
DA:88,1
DA:89,9
DA:91,9
DA:92,9
DA:95,18
DA:97,41
DA:98,18
DA:99,18
DA:101,54
DA:102,23
DA:103,23
DA:104,9
DA:105,9
DA:107,14
DA:109,14
DA:112,12
DA:116,1
DA:119,4
DA:121,7
DA:127,1
DA:128,9
DA:129,5
DA:132,1
DA:133,18
DA:135,1
DA:138,4
DA:139,4
DA:140,4
DA:141,9
DA:142,9
DA:143,4
DA:144,7
DA:147,4
DA:172,1
DA:180,4
DA:181,4
DA:182,3
DA:183,3
DA:184,3
DA:185,5
DA:186,5
DA:187,5
DA:188,5
DA:189,5
DA:190,5
DA:194,4
DA:197,1
DA:199,0
DA:203,1
DA:207,1
DA:208,1
DA:209,0
DA:211,1
DA:212,1
DA:213,1
DA:214,2
DA:215,2
DA:218,1
DA:222,1
DA:223,1
DA:224,3
DA:226,1
DA:230,0
DA:231,0
DA:232,0
DA:234,0
DA:235,0
DA:249,1
DA:250,1
DA:251,1
DA:254,2
DA:261,6
LF:96
LH:88
BRDA:34,0,0,1
BRDA:34,0,1,16
BRDA:43,1,0,0
BRDA:43,1,1,15
BRDA:52,2,0,15
BRDA:52,2,1,0
BRDA:53,3,0,15
BRDA:53,3,1,0
BRDA:71,4,0,10
BRDA:71,4,1,13
BRDA:74,5,0,3
BRDA:74,5,1,10
BRDA:74,6,0,13
BRDA:74,6,1,12
BRDA:74,6,2,12
BRDA:74,6,3,11
BRDA:80,7,0,2
BRDA:80,7,1,8
BRDA:97,8,0,18
BRDA:97,8,1,23
BRDA:102,9,0,23
BRDA:102,9,1,0
BRDA:103,10,0,9
BRDA:103,10,1,14
BRDA:112,11,0,12
BRDA:112,11,1,9
BRDA:112,11,2,6
BRDA:142,12,0,4
BRDA:142,12,1,5
BRDA:181,13,0,3
BRDA:181,13,1,1
BRDA:181,14,0,4
BRDA:181,14,1,4
BRDA:188,15,0,5
BRDA:188,15,1,5
BRDA:208,16,0,0
BRDA:208,16,1,1
BRDA:231,17,0,0
BRDA:231,17,1,0
BRDA:261,18,0,2
BRDA:261,18,1,0
BRF:41
BRH:33
end_of_record
TN:
SF:src\components\fordeling\FordelBeregningsgrunnlagPeriodePanel.tsx
FN:34,(anonymous_0)
FN:36,(anonymous_1)
FN:96,(anonymous_2)
FN:114,(anonymous_3)
FN:135,(anonymous_4)
FN:139,(anonymous_5)
FN:141,(anonymous_6)
FN:143,(anonymous_7)
FN:147,(anonymous_8)
FN:165,(anonymous_9)
FN:176,(anonymous_10)
FNF:11
FNH:7
FNDA:0,(anonymous_0)
FNDA:0,(anonymous_1)
FNDA:0,(anonymous_2)
FNDA:0,(anonymous_3)
FNDA:5,(anonymous_4)
FNDA:12,(anonymous_5)
FNDA:49,(anonymous_6)
FNDA:10,(anonymous_7)
FNDA:24,(anonymous_8)
FNDA:3,(anonymous_9)
FNDA:12,(anonymous_10)
DA:32,2
DA:34,2
DA:36,2
DA:37,0
DA:38,0
DA:47,0
DA:96,2
DA:110,0
DA:114,0
DA:130,2
DA:135,2
DA:136,5
DA:139,2
DA:140,12
DA:141,49
DA:143,2
DA:144,10
DA:147,2
DA:148,24
DA:149,0
DA:151,24
DA:152,24
DA:153,24
DA:154,0
DA:156,24
DA:157,4
DA:159,20
DA:160,14
DA:162,6
DA:165,2
DA:171,3
DA:172,0
DA:174,3
DA:177,12
DA:178,12
LF:35
LH:27
BRDA:34,0,0,0
BRDA:34,0,1,0
BRDA:37,1,0,0
BRDA:37,1,1,0
BRDA:111,2,0,0
BRDA:111,2,1,0
BRDA:144,3,0,10
BRDA:144,3,1,10
BRDA:144,3,2,7
BRDA:144,3,3,7
BRDA:148,4,0,0
BRDA:148,4,1,24
BRDA:151,5,0,24
BRDA:151,5,1,0
BRDA:151,6,0,24
BRDA:151,6,1,24
BRDA:152,7,0,24
BRDA:152,7,1,0
BRDA:152,8,0,24
BRDA:152,8,1,24
BRDA:153,9,0,0
BRDA:153,9,1,24
BRDA:153,10,0,24
BRDA:153,10,1,24
BRDA:156,11,0,4
BRDA:156,11,1,20
BRDA:156,12,0,24
BRDA:156,12,1,20
BRDA:159,13,0,14
BRDA:159,13,1,6
BRDA:159,14,0,20
BRDA:159,14,1,8
BRDA:171,15,0,0
BRDA:171,15,1,3
BRDA:171,16,0,3
BRDA:171,16,1,3
BRDA:182,17,0,4
BRDA:182,17,1,8
BRDA:182,18,0,12
BRDA:182,18,1,8
BRDA:186,19,0,5
BRDA:186,19,1,7
BRDA:186,20,0,12
BRDA:186,20,1,8
BRDA:187,21,0,3
BRDA:187,21,1,9
BRDA:187,22,0,12
BRDA:187,22,1,9
BRDA:187,22,2,9
BRDA:192,23,0,12
BRDA:192,23,1,10
BRF:51
BRH:40
end_of_record
TN:
SF:src\components\fordeling\RenderFordelBGFieldArray.tsx
FN:36,(anonymous_0)
FN:47,(anonymous_1)
FN:54,(anonymous_2)
FN:64,(anonymous_3)
FN:67,(anonymous_4)
FN:73,(anonymous_5)
FN:78,(anonymous_6)
FN:91,(anonymous_7)
FN:91,(anonymous_8)
FN:97,(anonymous_9)
FN:109,(anonymous_10)
FN:123,(anonymous_11)
FN:135,(anonymous_12)
FN:139,(anonymous_13)
FN:141,(anonymous_14)
FN:144,(anonymous_15)
FN:145,(anonymous_16)
FN:151,(anonymous_17)
FN:153,(anonymous_18)
FN:156,(anonymous_19)
FN:166,(anonymous_20)
FN:187,(anonymous_21)
FN:210,(anonymous_22)
FN:216,(anonymous_23)
FN:246,(anonymous_24)
FN:251,(anonymous_25)
FN:260,(anonymous_26)
FN:291,(anonymous_27)
FN:298,(anonymous_28)
FN:336,(anonymous_29)
FN:346,(anonymous_30)
FN:379,(anonymous_31)
FN:430,(anonymous_32)
FN:467,(anonymous_33)
FN:494,(anonymous_34)
FN:521,(anonymous_35)
FN:530,(anonymous_36)
FN:535,(anonymous_37)
FN:541,(anonymous_38)
FNF:39
FNH:24
FNDA:0,(anonymous_0)
FNDA:3,(anonymous_1)
FNDA:5,(anonymous_2)
FNDA:4,(anonymous_3)
FNDA:4,(anonymous_4)
FNDA:1,(anonymous_5)
FNDA:1,(anonymous_6)
FNDA:9,(anonymous_7)
FNDA:18,(anonymous_8)
FNDA:5,(anonymous_9)
FNDA:5,(anonymous_10)
FNDA:5,(anonymous_11)
FNDA:9,(anonymous_12)
FNDA:0,(anonymous_13)
FNDA:5,(anonymous_14)
FNDA:5,(anonymous_15)
FNDA:0,(anonymous_16)
FNDA:0,(anonymous_17)
FNDA:0,(anonymous_18)
FNDA:0,(anonymous_19)
FNDA:0,(anonymous_20)
FNDA:9,(anonymous_21)
FNDA:0,(anonymous_22)
FNDA:10,(anonymous_23)
FNDA:9,(anonymous_24)
FNDA:5,(anonymous_25)
FNDA:9,(anonymous_26)
FNDA:0,(anonymous_27)
FNDA:0,(anonymous_28)
FNDA:0,(anonymous_29)
FNDA:5,(anonymous_30)
FNDA:5,(anonymous_31)
FNDA:5,(anonymous_32)
FNDA:0,(anonymous_33)
FNDA:14,(anonymous_34)
FNDA:3,(anonymous_35)
FNDA:0,(anonymous_36)
FNDA:0,(anonymous_37)
FNDA:0,(anonymous_38)
DA:36,3
DA:47,3
DA:48,3
DA:49,2
DA:51,1
DA:54,3
DA:57,5
DA:58,5
DA:59,0
DA:61,5
DA:64,3
DA:66,4
DA:68,4
DA:73,3
DA:77,1
DA:79,1
DA:83,1
DA:88,1
DA:91,9
DA:92,18
DA:97,3
DA:98,5
DA:99,5
DA:100,5
DA:101,9
DA:102,9
DA:103,9
DA:106,5
DA:109,3
DA:110,5
DA:111,5
DA:112,5
DA:113,9
DA:114,9
DA:115,9
DA:117,0
DA:120,5
DA:123,3
DA:124,5
DA:125,5
DA:126,5
DA:127,9
DA:128,9
DA:129,4
DA:132,5
DA:135,9
DA:139,3
DA:141,5
DA:144,3
DA:145,5
DA:146,0
DA:147,0
DA:151,3
DA:152,0
DA:153,0
DA:156,3
DA:157,0
DA:158,0
DA:159,0
DA:160,0
DA:163,0
DA:166,3
DA:170,0
DA:171,0
DA:172,0
DA:173,0
DA:174,0
DA:175,0
DA:176,0
DA:177,0
DA:178,0
DA:179,0
DA:180,0
DA:181,0
DA:182,0
DA:183,0
DA:187,3
DA:193,9
DA:210,0
DA:216,3
DA:220,10
DA:221,1
DA:233,9
DA:246,3
DA:248,9
DA:251,3
DA:259,5
DA:260,5
DA:261,9
DA:292,0
DA:293,0
DA:295,0
DA:298,0
DA:337,0
DA:346,3
DA:350,5
DA:379,3
DA:380,5
DA:381,5
DA:382,5
DA:383,0
DA:385,5
DA:386,5
DA:387,5
DA:388,5
DA:389,5
DA:390,5
DA:430,3
DA:444,5
DA:445,5
DA:446,5
DA:447,5
DA:450,5
DA:452,5
DA:453,5
DA:454,5
DA:468,0
DA:492,3
DA:494,3
DA:496,14
DA:497,14
DA:498,8
DA:500,6
DA:501,0
DA:503,6
DA:504,6
DA:505,0
DA:507,6
DA:508,6
DA:509,0
DA:511,6
DA:512,2
DA:513,2
DA:514,0
DA:516,2
DA:517,2
DA:518,2
DA:521,4
DA:522,2
DA:523,2
DA:524,0
DA:527,4
DA:530,3
DA:531,0
DA:532,0
DA:533,0
DA:534,0
DA:535,0
DA:541,0
LF:149
LH:105
BRDA:48,0,0,2
BRDA:48,0,1,1
BRDA:58,1,0,0
BRDA:58,1,1,5
BRDA:59,2,0,0
BRDA:59,2,1,0
BRDA:102,3,0,9
BRDA:102,3,1,0
BRDA:102,4,0,9
BRDA:102,4,1,9
BRDA:102,4,2,9
BRDA:106,5,0,0
BRDA:106,5,1,5
BRDA:114,6,0,9
BRDA:114,6,1,0
BRDA:115,7,0,9
BRDA:115,7,1,0
BRDA:117,8,0,0
BRDA:117,8,1,0
BRDA:120,9,0,0
BRDA:120,9,1,5
BRDA:128,10,0,4
BRDA:128,10,1,5
BRDA:129,11,0,4
BRDA:129,11,1,0
BRDA:132,12,0,2
BRDA:132,12,1,3
BRDA:135,13,0,9
BRDA:135,13,1,9
BRDA:139,14,0,0
BRDA:139,14,1,0
BRDA:139,15,0,0
BRDA:139,15,1,0
BRDA:141,16,0,0
BRDA:141,16,1,5
BRDA:141,17,0,5
BRDA:141,17,1,0
BRDA:146,18,0,0
BRDA:146,18,1,0
BRDA:159,19,0,0
BRDA:159,19,1,0
BRDA:172,20,0,0
BRDA:172,20,1,0
BRDA:194,21,0,9
BRDA:194,21,1,6
BRDA:202,22,0,9
BRDA:202,22,1,3
BRDA:220,23,0,1
BRDA:220,23,1,9
BRDA:220,24,0,10
BRDA:220,24,1,10
BRDA:240,25,0,9
BRDA:240,25,1,0
BRDA:248,26,0,9
BRDA:248,26,1,6
BRDA:248,26,2,9
BRDA:259,27,0,5
BRDA:259,27,1,5
BRDA:264,28,0,9
BRDA:264,28,1,9
BRDA:275,29,0,9
BRDA:275,29,1,0
BRDA:292,30,0,0
BRDA:292,30,1,0
BRDA:292,31,0,0
BRDA:292,31,1,0
BRDA:298,32,0,0
BRDA:298,32,1,0
BRDA:302,33,0,9
BRDA:302,33,1,0
BRDA:302,34,0,9
BRDA:302,34,1,9
BRDA:307,35,0,9
BRDA:307,35,1,9
BRDA:320,36,0,0
BRDA:320,36,1,9
BRDA:331,37,0,9
BRDA:331,37,1,9
BRDA:354,38,0,5
BRDA:354,38,1,0
BRDA:382,39,0,0
BRDA:382,39,1,5
BRDA:447,40,0,1
BRDA:447,40,1,4
BRDA:459,41,0,5
BRDA:459,41,1,5
BRDA:459,41,2,5
BRDA:497,42,0,8
BRDA:497,42,1,6
BRDA:500,43,0,0
BRDA:500,43,1,6
BRDA:504,44,0,0
BRDA:504,44,1,6
BRDA:508,45,0,0
BRDA:508,45,1,6
BRDA:511,46,0,2
BRDA:511,46,1,4
BRDA:513,47,0,0
BRDA:513,47,1,2
BRDA:517,48,0,2
BRDA:517,48,1,0
BRDA:521,49,0,2
BRDA:521,49,1,2
BRDA:521,50,0,4
BRDA:521,50,1,3
BRDA:521,50,2,3
BRDA:523,51,0,0
BRDA:523,51,1,2
BRDA:532,52,0,0
BRDA:532,52,1,0
BRF:110
BRH:67
end_of_record
TN:
SF:src\components\fordeling\fordelBeregningsgrunnlagForm.less
FNF:0
FNH:0
DA:1,1
LF:1
LH:1
BRF:0
BRH:0
end_of_record
TN:
SF:src\components\fordeling\fordelBeregningsgrunnlagPeriodePanel.less
FNF:0
FNH:0
DA:1,2
LF:1
LH:1
BRF:0
BRH:0
end_of_record
TN:
SF:src\components\fordeling\renderFordelBGFieldArray.less
FNF:0
FNH:0
DA:1,3
LF:1
LH:1
BRF:0
BRH:0
end_of_record
TN:
SF:src\components\refusjon\TidligereUtbetalingRad.tsx
FN:13,(anonymous_0)
FN:13,(anonymous_1)
FN:23,(anonymous_2)
FN:36,(anonymous_3)
FN:36,(anonymous_4)
FN:49,(anonymous_5)
FNF:6
FNH:0
FNDA:0,(anonymous_0)
FNDA:0,(anonymous_1)
FNDA:0,(anonymous_2)
FNDA:0,(anonymous_3)
FNDA:0,(anonymous_4)
FNDA:0,(anonymous_5)
DA:13,1
DA:14,0
DA:23,1
DA:24,0
DA:25,0
DA:27,0
DA:28,0
DA:36,1
DA:37,0
DA:49,1
DA:53,0
LF:11
LH:4
BRDA:16,0,0,0
BRDA:16,0,1,0
BRDA:16,1,0,0
BRDA:16,1,1,0
BRDA:24,2,0,0
BRDA:24,2,1,0
BRDA:27,3,0,0
BRDA:27,3,1,0
BRDA:31,4,0,0
BRDA:31,4,1,0
BRF:10
BRH:0
end_of_record
TN:
SF:src\components\refusjon\TidligereUtbetalinger.tsx
FN:15,(anonymous_0)
FN:22,(anonymous_1)
FN:33,(anonymous_2)
FNF:3
FNH:0
FNDA:0,(anonymous_0)
FNDA:0,(anonymous_1)
FNDA:0,(anonymous_2)
DA:15,1
DA:16,0
DA:17,0
DA:19,0
DA:22,1
DA:23,0
DA:24,0
DA:34,0
LF:8
LH:2
BRDA:16,0,0,0
BRDA:16,0,1,0
BRF:2
BRH:0
end_of_record
TN:
SF:src\components\refusjon\VurderEndringRefusjonForm.tsx
FN:27,(anonymous_0)
FN:28,(anonymous_1)
FN:30,(anonymous_2)
FN:52,(anonymous_3)
FN:74,(anonymous_4)
FN:106,(anonymous_5)
FN:109,(anonymous_6)
FN:120,(anonymous_7)
FN:122,(anonymous_8)
FN:130,(anonymous_9)
FN:131,(anonymous_10)
FN:132,(anonymous_11)
FNF:12
FNH:2
FNDA:0,(anonymous_0)
FNDA:0,(anonymous_1)
FNDA:0,(anonymous_2)
FNDA:0,(anonymous_3)
FNDA:0,(anonymous_4)
FNDA:0,(anonymous_5)
FNDA:0,(anonymous_6)
FNDA:4,(anonymous_7)
FNDA:7,(anonymous_8)
FNDA:0,(anonymous_9)
FNDA:0,(anonymous_10)
FNDA:0,(anonymous_11)
DA:20,1
DA:21,1
DA:25,1
DA:27,1
DA:28,0
DA:30,1
DA:31,0
DA:32,0
DA:34,0
DA:52,1
DA:61,0
DA:62,0
DA:63,0
DA:64,0
DA:75,0
DA:106,1
DA:107,0
DA:108,0
DA:109,0
DA:110,0
DA:115,0
DA:116,0
DA:117,0
DA:120,1
DA:121,4
DA:122,7
DA:123,4
DA:130,1
DA:131,0
DA:132,0
DA:133,0
DA:134,0
LF:32
LH:12
BRDA:27,0,0,0
BRDA:27,0,1,0
BRDA:31,1,0,0
BRDA:31,1,1,0
BRDA:63,2,0,0
BRDA:63,2,1,0
BRDA:90,3,0,0
BRDA:90,3,1,0
BRDA:96,4,0,0
BRDA:96,4,1,0
BRDA:116,5,0,0
BRDA:116,5,1,0
BRDA:116,6,0,0
BRDA:116,6,1,0
BRF:14
BRH:0
end_of_record
TN:
SF:src\components\refusjon\VurderEndringRefusjonRad.tsx
FN:30,(anonymous_0)
FN:37,(anonymous_1)
FN:38,(anonymous_2)
FN:58,(anonymous_3)
FN:81,(anonymous_4)
FN:128,(anonymous_5)
FN:135,(anonymous_6)
FN:154,(anonymous_7)
FN:161,(anonymous_8)
FNF:9
FNH:5
FNDA:19,(anonymous_0)
FNDA:16,(anonymous_1)
FNDA:3,(anonymous_2)
FNDA:2,(anonymous_3)
FNDA:0,(anonymous_4)
FNDA:0,(anonymous_5)
FNDA:7,(anonymous_6)
FNDA:0,(anonymous_7)
FNDA:0,(anonymous_8)
DA:27,2
DA:28,2
DA:30,2
DA:31,19
DA:32,19
DA:34,0
DA:37,16
DA:38,3
DA:58,2
DA:65,2
DA:66,0
DA:68,2
DA:69,2
DA:72,2
DA:81,0
DA:128,2
DA:129,0
DA:130,0
DA:131,0
DA:132,0
DA:135,2
DA:138,7
DA:139,7
DA:140,7
DA:141,7
DA:142,1
DA:143,1
DA:145,7
DA:154,2
DA:155,0
DA:156,0
DA:158,0
DA:161,2
DA:166,2
LF:34
LH:24
BRDA:31,0,0,19
BRDA:31,0,1,0
BRDA:65,1,0,0
BRDA:65,1,1,2
BRDA:69,2,0,2
BRDA:69,2,1,0
BRDA:99,3,0,2
BRDA:99,3,1,0
BRDA:103,4,0,2
BRDA:103,4,1,2
BRDA:103,4,2,1
BRDA:119,5,0,1
BRDA:119,5,1,0
BRDA:141,6,0,1
BRDA:141,6,1,6
BRDA:141,7,0,7
BRDA:141,7,1,1
BRDA:155,8,0,0
BRDA:155,8,1,0
BRF:19
BRH:12
end_of_record
TN:
SF:src\components\refusjon\tidligereUtbetalinger.less
FNF:0
FNH:0
DA:1,1
LF:1
LH:1
BRF:0
BRH:0
end_of_record
TN:
SF:src\components\refusjon\vurderEndringRefusjonRad.less
FNF:0
FNH:0
DA:1,2
LF:1
LH:1
BRF:0
BRH:0
end_of_record
TN:
SF:src\components\util\visningsnavnHelper.ts
FN:9,(anonymous_0)
FN:11,(anonymous_1)
FN:26,(anonymous_2)
FNF:3
FNH:3
FNDA:24,(anonymous_0)
FNDA:22,(anonymous_1)
FNDA:2,(anonymous_2)
DA:9,24
DA:11,9
DA:15,22
DA:16,22
DA:17,0
DA:21,22
DA:26,9
DA:28,2
DA:29,2
DA:30,2
DA:31,0
DA:33,2
DA:34,0
DA:35,0
DA:37,0
DA:39,2
LF:16
LH:11
BRDA:9,0,0,21
BRDA:9,0,1,3
BRDA:16,1,0,0
BRDA:16,1,1,22
BRDA:17,2,0,0
BRDA:17,2,1,0
BRDA:21,3,0,22
BRDA:21,3,1,0
BRDA:28,4,0,2
BRDA:28,4,1,0
BRDA:30,5,0,0
BRDA:30,5,1,2
BRDA:33,6,0,0
BRDA:33,6,1,2
BRDA:34,7,0,0
BRDA:34,7,1,0
BRF:16
BRH:7
end_of_record
TN:
SF:src\legacy\FaktaBegrunnelseTextField.tsx
FN:42,(anonymous_0)
FN:75,(anonymous_1)
FN:82,(anonymous_2)
FN:86,(anonymous_3)
FNF:4
FNH:1
FNDA:6,(anonymous_0)
FNDA:0,(anonymous_1)
FNDA:0,(anonymous_2)
FNDA:0,(anonymous_3)
DA:12,2
DA:14,2
DA:15,2
DA:42,2
DA:50,6
DA:51,6
DA:52,6
DA:70,2
DA:75,2
DA:76,0
DA:77,0
DA:79,0
DA:82,2
DA:86,2
LF:14
LH:11
BRDA:50,0,0,1
BRDA:50,0,1,5
BRDA:51,1,0,6
BRDA:51,1,1,5
BRDA:54,2,0,6
BRDA:54,2,1,1
BRDA:54,2,2,5
BRDA:58,3,0,1
BRDA:58,3,1,4
BRDA:60,4,0,1
BRDA:60,4,1,4
BRDA:76,5,0,0
BRDA:76,5,1,0
BRDA:76,6,0,0
BRDA:76,6,1,0
BRDA:77,7,0,0
BRDA:77,7,1,0
BRDA:79,8,0,0
BRDA:79,8,1,0
BRDA:79,9,0,0
BRDA:79,9,1,0
BRDA:82,10,0,0
BRDA:86,11,0,0
BRF:23
BRH:11
end_of_record
TN:
SF:src\legacy\FaktaSubmitButton.tsx
FN:14,(anonymous_0)
FN:51,(anonymous_1)
FN:77,(anonymous_2)
FN:79,(anonymous_3)
FN:81,(anonymous_4)
FN:82,(anonymous_5)
FN:85,(anonymous_6)
FNF:7
FNH:2
FNDA:6,(anonymous_0)
FNDA:7,(anonymous_1)
FNDA:0,(anonymous_2)
FNDA:0,(anonymous_3)
FNDA:0,(anonymous_4)
FNDA:0,(anonymous_5)
FNDA:0,(anonymous_6)
DA:12,2
DA:14,2
DA:21,6
DA:22,2
DA:24,4
DA:25,3
DA:28,1
DA:51,2
DA:61,7
DA:77,2
DA:78,0
DA:79,0
DA:80,0
DA:81,0
DA:82,0
DA:85,0
LF:16
LH:10
BRDA:21,0,0,2
BRDA:21,0,1,4
BRDA:21,1,0,6
BRDA:21,1,1,5
BRDA:24,2,0,3
BRDA:24,2,1,1
BRDA:25,3,0,3
BRDA:25,3,1,2
BRDA:25,3,2,1
BRDA:62,4,0,7
BRDA:62,4,1,6
BRDA:67,5,0,6
BRDA:67,5,1,6
BRDA:68,6,0,0
BRDA:68,6,1,6
BRDA:70,7,0,6
BRDA:70,7,1,0
BRDA:71,8,0,6
BRDA:71,8,1,6
BRDA:78,9,0,0
BRDA:78,9,1,0
BRDA:79,10,0,0
BRDA:79,10,1,0
BRDA:83,11,0,0
BRDA:83,11,1,0
BRF:25
BRH:17
end_of_record
TN:
SF:src\legacy\faktaBegrunnelseTextField.less
FNF:0
FNH:0
DA:1,2
LF:1
LH:1
BRF:0
BRH:0
end_of_record
