<?xml version="1.0" encoding="UTF-8"?>
<coverage generated="1649150432566" clover="3.2.0">
  <project timestamp="1649150432567" name="All files">
    <metrics statements="1434" coveredstatements="1062" conditionals="1093" coveredconditionals="672" methods="531" coveredmethods="319" elements="3058" coveredelements="2053" complexity="0" loc="1434" ncloc="1434" packages="12" files="46" classes="46"/>
    <package name="components">
      <metrics statements="41" coveredstatements="31" conditionals="16" coveredconditionals="14" methods="17" coveredmethods="8"/>
      <file name="ArbeidsforholdHelper.ts" path="C:\develop\ft-frontend-saksbehandling\packages\fakta-beregning\src\components\ArbeidsforholdHelper.ts">
        <metrics statements="11" coveredstatements="7" conditionals="6" coveredconditionals="5" methods="4" coveredmethods="2"/>
        <line num="6" count="49" type="cond" truecount="2" falsecount="0"/>
        <line num="8" count="15" type="stmt"/>
        <line num="9" count="49" type="cond" truecount="2" falsecount="0"/>
        <line num="10" count="8" type="cond" truecount="1" falsecount="1"/>
        <line num="11" count="8" type="stmt"/>
        <line num="13" count="0" type="stmt"/>
        <line num="15" count="41" type="stmt"/>
        <line num="18" count="15" type="stmt"/>
        <line num="19" count="0" type="stmt"/>
        <line num="20" count="0" type="stmt"/>
        <line num="21" count="0" type="stmt"/>
      </file>
      <file name="BeregningFormUtils.ts" path="C:\develop\ft-frontend-saksbehandling\packages\fakta-beregning\src\components\BeregningFormUtils.ts">
        <metrics statements="17" coveredstatements="11" conditionals="0" coveredconditionals="0" methods="10" coveredmethods="4"/>
        <line num="4" count="11" type="stmt"/>
        <line num="6" count="11" type="stmt"/>
        <line num="10" count="11" type="stmt"/>
        <line num="11" count="0" type="stmt"/>
        <line num="12" count="0" type="stmt"/>
        <line num="14" count="11" type="stmt"/>
        <line num="15" count="0" type="stmt"/>
        <line num="16" count="0" type="stmt"/>
        <line num="18" count="11" type="stmt"/>
        <line num="19" count="5" type="stmt"/>
        <line num="20" count="5" type="stmt"/>
        <line num="22" count="11" type="stmt"/>
        <line num="23" count="0" type="stmt"/>
        <line num="24" count="0" type="stmt"/>
        <line num="26" count="11" type="stmt"/>
        <line num="27" count="4" type="stmt"/>
        <line num="28" count="1" type="stmt"/>
      </file>
      <file name="BeregningInfoPanel.tsx" path="C:\develop\ft-frontend-saksbehandling\packages\fakta-beregning\src\components\BeregningInfoPanel.tsx">
        <metrics statements="3" coveredstatements="3" conditionals="7" coveredconditionals="7" methods="1" coveredmethods="1"/>
        <line num="19" count="1" type="stmt"/>
        <line num="40" count="1" type="stmt"/>
        <line num="51" count="4" type="stmt"/>
      </file>
      <file name="beregning-test-helper.tsx" path="C:\develop\ft-frontend-saksbehandling\packages\fakta-beregning\src\components\beregning-test-helper.tsx">
        <metrics statements="10" coveredstatements="10" conditionals="3" coveredconditionals="2" methods="2" coveredmethods="1"/>
        <line num="3" count="2" type="stmt"/>
        <line num="5" count="2" type="stmt"/>
        <line num="7" count="2" type="stmt"/>
        <line num="8" count="2" type="stmt"/>
        <line num="24" count="2" type="stmt"/>
        <line num="29" count="2" type="cond" truecount="2" falsecount="1"/>
        <line num="30" count="5" type="stmt"/>
        <line num="32" count="5" type="stmt"/>
        <line num="49" count="5" type="stmt"/>
        <line num="55" count="5" type="stmt"/>
      </file>
    </package>
    <package name="components.avklareAktiviteter">
      <metrics statements="294" coveredstatements="244" conditionals="245" coveredconditionals="185" methods="97" coveredmethods="70"/>
      <file name="AvklareAktiviteterPanel.tsx" path="C:\develop\ft-frontend-saksbehandling\packages\fakta-beregning\src\components\avklareAktiviteter\AvklareAktiviteterPanel.tsx">
        <metrics statements="105" coveredstatements="76" conditionals="109" coveredconditionals="75" methods="46" coveredmethods="26"/>
        <line num="34" count="4" type="stmt"/>
        <line num="36" count="4" type="stmt"/>
        <line num="38" count="4" type="stmt"/>
        <line num="40" count="6" type="stmt"/>
        <line num="41" count="4" type="cond" truecount="2" falsecount="0"/>
        <line num="43" count="4" type="stmt"/>
        <line num="44" count="6" type="stmt"/>
        <line num="45" count="6" type="cond" truecount="1" falsecount="1"/>
        <line num="48" count="4" type="stmt"/>
        <line num="49" count="0" type="stmt"/>
        <line num="50" count="0" type="stmt"/>
        <line num="51" count="0" type="stmt"/>
        <line num="55" count="4" type="cond" truecount="2" falsecount="3"/>
        <line num="56" count="0" type="stmt"/>
        <line num="58" count="4" type="cond" truecount="1" falsecount="1"/>
        <line num="59" count="0" type="stmt"/>
        <line num="61" count="4" type="stmt"/>
        <line num="62" count="4" type="cond" truecount="4" falsecount="1"/>
        <line num="63" count="4" type="stmt"/>
        <line num="68" count="4" type="cond" truecount="4" falsecount="0"/>
        <line num="69" count="2" type="stmt"/>
        <line num="71" count="4" type="stmt"/>
        <line num="75" count="4" type="stmt"/>
        <line num="76" count="0" type="stmt"/>
        <line num="77" count="0" type="cond" truecount="0" falsecount="2"/>
        <line num="82" count="4" type="stmt"/>
        <line num="83" count="12" type="cond" truecount="2" falsecount="0"/>
        <line num="85" count="4" type="stmt"/>
        <line num="90" count="3" type="stmt"/>
        <line num="91" count="3" type="stmt"/>
        <line num="93" count="3" type="cond" truecount="3" falsecount="1"/>
        <line num="94" count="3" type="stmt"/>
        <line num="97" count="3" type="stmt"/>
        <line num="98" count="3" type="stmt"/>
        <line num="99" count="3" type="cond" truecount="2" falsecount="0"/>
        <line num="100" count="3" type="stmt"/>
        <line num="109" count="8" type="cond" truecount="2" falsecount="0"/>
        <line num="112" count="4" type="cond" truecount="2" falsecount="0"/>
        <line num="115" count="4" type="stmt"/>
        <line num="117" count="8" type="cond" truecount="3" falsecount="0"/>
        <line num="119" count="4" type="stmt"/>
        <line num="122" count="10" type="cond" truecount="4" falsecount="0"/>
        <line num="124" count="4" type="stmt"/>
        <line num="127" count="6" type="cond" truecount="2" falsecount="0"/>
        <line num="130" count="4" type="stmt"/>
        <line num="132" count="6" type="cond" truecount="2" falsecount="1"/>
        <line num="134" count="4" type="stmt"/>
        <line num="136" count="4" type="cond" truecount="2" falsecount="1"/>
        <line num="138" count="4" type="stmt"/>
        <line num="140" count="4" type="cond" truecount="3" falsecount="0"/>
        <line num="142" count="4" type="stmt"/>
        <line num="143" count="6" type="cond" truecount="2" falsecount="0"/>
        <line num="188" count="4" type="stmt"/>
        <line num="189" count="4" type="stmt"/>
        <line num="196" count="4" type="stmt"/>
        <line num="197" count="4" type="cond" truecount="1" falsecount="1"/>
        <line num="198" count="4" type="stmt"/>
        <line num="208" count="0" type="stmt"/>
        <line num="209" count="0" type="stmt"/>
        <line num="210" count="0" type="stmt"/>
        <line num="214" count="0" type="stmt"/>
        <line num="241" count="8" type="stmt"/>
        <line num="242" count="8" type="cond" truecount="2" falsecount="0"/>
        <line num="243" count="2" type="stmt"/>
        <line num="246" count="6" type="stmt"/>
        <line num="248" count="6" type="stmt"/>
        <line num="258" count="0" type="stmt"/>
        <line num="267" count="6" type="cond" truecount="1" falsecount="1"/>
        <line num="268" count="0" type="stmt"/>
        <line num="278" count="6" type="stmt"/>
        <line num="342" count="0" type="stmt"/>
        <line num="374" count="4" type="stmt"/>
        <line num="375" count="2" type="cond" truecount="2" falsecount="0"/>
        <line num="377" count="4" type="stmt"/>
        <line num="378" count="0" type="stmt"/>
        <line num="379" count="0" type="cond" truecount="0" falsecount="2"/>
        <line num="380" count="0" type="stmt"/>
        <line num="381" count="0" type="stmt"/>
        <line num="383" count="0" type="stmt"/>
        <line num="386" count="4" type="stmt"/>
        <line num="387" count="2" type="stmt"/>
        <line num="388" count="2" type="stmt"/>
        <line num="389" count="2" type="cond" truecount="1" falsecount="1"/>
        <line num="390" count="2" type="stmt"/>
        <line num="391" count="2" type="stmt"/>
        <line num="393" count="2" type="stmt"/>
        <line num="399" count="0" type="stmt"/>
        <line num="402" count="4" type="stmt"/>
        <line num="403" count="3" type="stmt"/>
        <line num="404" count="3" type="stmt"/>
        <line num="405" count="3" type="stmt"/>
        <line num="407" count="4" type="stmt"/>
        <line num="408" count="0" type="cond" truecount="0" falsecount="2"/>
        <line num="410" count="4" type="stmt"/>
        <line num="412" count="0" type="cond" truecount="0" falsecount="2"/>
        <line num="414" count="0" type="stmt"/>
        <line num="415" count="0" type="stmt"/>
        <line num="418" count="4" type="stmt"/>
        <line num="419" count="0" type="stmt"/>
        <line num="420" count="0" type="stmt"/>
        <line num="422" count="4" type="stmt"/>
        <line num="423" count="0" type="stmt"/>
        <line num="424" count="0" type="stmt"/>
        <line num="425" count="0" type="stmt"/>
        <line num="441" count="4" type="stmt"/>
      </file>
      <file name="VurderAktiviteterPanel.tsx" path="C:\develop\ft-frontend-saksbehandling\packages\fakta-beregning\src\components\avklareAktiviteter\VurderAktiviteterPanel.tsx">
        <metrics statements="97" coveredstatements="84" conditionals="56" coveredconditionals="44" methods="21" coveredmethods="19"/>
        <line num="13" count="14" type="stmt"/>
        <line num="15" count="38" type="stmt"/>
        <line num="16" count="38" type="cond" truecount="3" falsecount="1"/>
        <line num="21" count="4" type="stmt"/>
        <line num="22" count="20" type="stmt"/>
        <line num="23" count="20" type="cond" truecount="3" falsecount="1"/>
        <line num="24" count="8" type="stmt"/>
        <line num="26" count="20" type="stmt"/>
        <line num="29" count="4" type="stmt"/>
        <line num="33" count="45" type="stmt"/>
        <line num="34" count="45" type="cond" truecount="2" falsecount="0"/>
        <line num="35" count="16" type="stmt"/>
        <line num="39" count="16" type="stmt"/>
        <line num="40" count="16" type="stmt"/>
        <line num="42" count="29" type="stmt"/>
        <line num="46" count="4" type="stmt"/>
        <line num="47" count="10" type="stmt"/>
        <line num="48" count="10" type="stmt"/>
        <line num="50" count="10" type="stmt"/>
        <line num="53" count="14" type="stmt"/>
        <line num="54" count="42" type="stmt"/>
        <line num="55" count="42" type="stmt"/>
        <line num="56" count="42" type="cond" truecount="3" falsecount="1"/>
        <line num="57" count="0" type="stmt"/>
        <line num="59" count="42" type="cond" truecount="2" falsecount="0"/>
        <line num="60" count="38" type="stmt"/>
        <line num="62" count="4" type="stmt"/>
        <line num="65" count="10" type="stmt"/>
        <line num="72" count="4" type="stmt"/>
        <line num="75" count="10" type="cond" truecount="1" falsecount="1"/>
        <line num="76" count="10" type="cond" truecount="2" falsecount="0"/>
        <line num="77" count="1" type="stmt"/>
        <line num="79" count="9" type="cond" truecount="5" falsecount="0"/>
        <line num="80" count="7" type="stmt"/>
        <line num="82" count="2" type="stmt"/>
        <line num="100" count="4" type="stmt"/>
        <line num="101" count="2" type="cond" truecount="3" falsecount="1"/>
        <line num="102" count="0" type="stmt"/>
        <line num="104" count="2" type="stmt"/>
        <line num="105" count="2" type="stmt"/>
        <line num="106" count="2" type="stmt"/>
        <line num="107" count="4" type="stmt"/>
        <line num="108" count="4" type="cond" truecount="2" falsecount="0"/>
        <line num="109" count="2" type="stmt"/>
        <line num="113" count="0" type="stmt"/>
        <line num="151" count="4" type="stmt"/>
        <line num="162" count="0" type="stmt"/>
        <line num="163" count="0" type="stmt"/>
        <line num="164" count="0" type="stmt"/>
        <line num="167" count="0" type="stmt"/>
        <line num="186" count="4" type="stmt"/>
        <line num="187" count="4" type="stmt"/>
        <line num="188" count="4" type="stmt"/>
        <line num="189" count="4" type="cond" truecount="2" falsecount="0"/>
        <line num="190" count="1" type="stmt"/>
        <line num="192" count="3" type="stmt"/>
        <line num="193" count="3" type="cond" truecount="1" falsecount="1"/>
        <line num="194" count="0" type="stmt"/>
        <line num="196" count="3" type="cond" truecount="2" falsecount="0"/>
        <line num="198" count="3" type="cond" truecount="2" falsecount="0"/>
        <line num="199" count="1" type="stmt"/>
        <line num="201" count="2" type="stmt"/>
        <line num="202" count="2" type="cond" truecount="1" falsecount="1"/>
        <line num="203" count="0" type="stmt"/>
        <line num="205" count="2" type="stmt"/>
        <line num="206" count="2" type="cond" truecount="2" falsecount="0"/>
        <line num="207" count="1" type="stmt"/>
        <line num="209" count="1" type="stmt"/>
        <line num="212" count="4" type="stmt"/>
        <line num="214" count="4" type="stmt"/>
        <line num="217" count="2" type="stmt"/>
        <line num="218" count="2" type="stmt"/>
        <line num="219" count="2" type="stmt"/>
        <line num="221" count="2" type="stmt"/>
        <line num="225" count="4" type="stmt"/>
        <line num="229" count="4" type="cond" truecount="1" falsecount="1"/>
        <line num="230" count="0" type="stmt"/>
        <line num="232" count="4" type="stmt"/>
        <line num="233" count="4" type="stmt"/>
        <line num="251" count="4" type="stmt"/>
        <line num="252" count="3" type="cond" truecount="1" falsecount="1"/>
        <line num="253" count="0" type="stmt"/>
        <line num="255" count="3" type="stmt"/>
        <line num="256" count="3" type="stmt"/>
        <line num="257" count="3" type="stmt"/>
        <line num="258" count="3" type="cond" truecount="2" falsecount="1"/>
        <line num="259" count="3" type="cond" truecount="1" falsecount="1"/>
        <line num="260" count="3" type="stmt"/>
        <line num="264" count="0" type="stmt"/>
        <line num="267" count="4" type="stmt"/>
        <line num="272" count="3" type="cond" truecount="3" falsecount="1"/>
        <line num="273" count="0" type="stmt"/>
        <line num="275" count="3" type="stmt"/>
        <line num="276" count="3" type="stmt"/>
        <line num="278" count="3" type="stmt"/>
        <line num="279" count="3" type="stmt"/>
        <line num="285" count="3" type="stmt"/>
      </file>
      <file name="VurderAktiviteterTabell.tsx" path="C:\develop\ft-frontend-saksbehandling\packages\fakta-beregning\src\components\avklareAktiviteter\VurderAktiviteterTabell.tsx">
        <metrics statements="90" coveredstatements="82" conditionals="80" coveredconditionals="66" methods="30" coveredmethods="25"/>
        <line num="35" count="5" type="stmt"/>
        <line num="36" count="172" type="cond" truecount="2" falsecount="0"/>
        <line num="37" count="110" type="stmt"/>
        <line num="39" count="62" type="stmt"/>
        <line num="49" count="5" type="stmt"/>
        <line num="50" count="226" type="stmt"/>
        <line num="61" count="5" type="stmt"/>
        <line num="62" count="226" type="cond" truecount="4" falsecount="0"/>
        <line num="63" count="172" type="cond" truecount="1" falsecount="1"/>
        <line num="64" count="172" type="stmt"/>
        <line num="66" count="54" type="stmt"/>
        <line num="77" count="5" type="stmt"/>
        <line num="78" count="4" type="cond" truecount="1" falsecount="1"/>
        <line num="90" count="5" type="stmt"/>
        <line num="95" count="42" type="cond" truecount="4" falsecount="0"/>
        <line num="96" count="9" type="stmt"/>
        <line num="98" count="33" type="cond" truecount="4" falsecount="0"/>
        <line num="99" count="7" type="stmt"/>
        <line num="101" count="26" type="cond" truecount="2" falsecount="0"/>
        <line num="102" count="4" type="stmt"/>
        <line num="104" count="22" type="stmt"/>
        <line num="107" count="5" type="stmt"/>
        <line num="110" count="31" type="stmt"/>
        <line num="111" count="31" type="cond" truecount="2" falsecount="0"/>
        <line num="112" count="8" type="cond" truecount="1" falsecount="1"/>
        <line num="115" count="23" type="stmt"/>
        <line num="118" count="14" type="stmt"/>
        <line num="120" count="5" type="stmt"/>
        <line num="132" count="11" type="stmt"/>
        <line num="133" count="11" type="stmt"/>
        <line num="193" count="5" type="stmt"/>
        <line num="201" count="5" type="stmt"/>
        <line num="202" count="3" type="stmt"/>
        <line num="203" count="3" type="cond" truecount="1" falsecount="1"/>
        <line num="204" count="3" type="cond" truecount="1" falsecount="1"/>
        <line num="205" count="0" type="stmt"/>
        <line num="212" count="11" type="cond" truecount="2" falsecount="0"/>
        <line num="213" count="11" type="cond" truecount="2" falsecount="0"/>
        <line num="215" count="3" type="cond" truecount="2" falsecount="0"/>
        <line num="216" count="2" type="stmt"/>
        <line num="223" count="1" type="cond" truecount="1" falsecount="1"/>
        <line num="224" count="1" type="stmt"/>
        <line num="231" count="0" type="stmt"/>
        <line num="234" count="5" type="stmt"/>
        <line num="238" count="20" type="cond" truecount="2" falsecount="0"/>
        <line num="239" count="9" type="stmt"/>
        <line num="241" count="11" type="cond" truecount="3" falsecount="0"/>
        <line num="244" count="5" type="stmt"/>
        <line num="249" count="20" type="stmt"/>
        <line num="284" count="5" type="stmt"/>
        <line num="285" count="6" type="stmt"/>
        <line num="286" count="6" type="stmt"/>
        <line num="287" count="6" type="stmt"/>
        <line num="289" count="17" type="stmt"/>
        <line num="290" count="17" type="stmt"/>
        <line num="291" count="17" type="cond" truecount="2" falsecount="0"/>
        <line num="292" count="1" type="stmt"/>
        <line num="293" count="1" type="stmt"/>
        <line num="296" count="6" type="cond" truecount="2" falsecount="0"/>
        <line num="297" count="1" type="stmt"/>
        <line num="299" count="5" type="stmt"/>
        <line num="302" count="5" type="stmt"/>
        <line num="306" count="3" type="stmt"/>
        <line num="307" count="3" type="stmt"/>
        <line num="308" count="12" type="cond" truecount="2" falsecount="0"/>
        <line num="310" count="4" type="stmt"/>
        <line num="323" count="5" type="stmt"/>
        <line num="324" count="4" type="stmt"/>
        <line num="325" count="12" type="cond" truecount="3" falsecount="1"/>
        <line num="326" count="12" type="cond" truecount="2" falsecount="0"/>
        <line num="327" count="2" type="stmt"/>
        <line num="330" count="10" type="stmt"/>
        <line num="332" count="4" type="stmt"/>
        <line num="335" count="5" type="stmt"/>
        <line num="341" count="5" type="cond" truecount="1" falsecount="1"/>
        <line num="342" count="0" type="stmt"/>
        <line num="344" count="5" type="stmt"/>
        <line num="345" count="5" type="stmt"/>
        <line num="346" count="20" type="stmt"/>
        <line num="349" count="5" type="stmt"/>
        <line num="356" count="0" type="stmt"/>
        <line num="358" count="0" type="stmt"/>
        <line num="359" count="0" type="cond" truecount="0" falsecount="2"/>
        <line num="360" count="0" type="stmt"/>
        <line num="362" count="0" type="stmt"/>
        <line num="379" count="3" type="stmt"/>
        <line num="381" count="3" type="stmt"/>
        <line num="388" count="11" type="stmt"/>
        <line num="397" count="5" type="stmt"/>
        <line num="401" count="5" type="stmt"/>
      </file>
      <file name="avklareAktiviteterPanel.less" path="C:\develop\ft-frontend-saksbehandling\packages\fakta-beregning\src\components\avklareAktiviteter\avklareAktiviteterPanel.less">
        <metrics statements="1" coveredstatements="1" conditionals="0" coveredconditionals="0" methods="0" coveredmethods="0"/>
        <line num="1" count="4" type="stmt"/>
      </file>
      <file name="vurderAktiviteterTabell.less" path="C:\develop\ft-frontend-saksbehandling\packages\fakta-beregning\src\components\avklareAktiviteter\vurderAktiviteterTabell.less">
        <metrics statements="1" coveredstatements="1" conditionals="0" coveredconditionals="0" methods="0" coveredmethods="0"/>
        <line num="1" count="5" type="stmt"/>
      </file>
    </package>
    <package name="components.fellesFaktaForATFLogSN">
      <metrics statements="465" coveredstatements="336" conditionals="357" coveredconditionals="210" methods="202" coveredmethods="107"/>
      <file name="AddDagpengerAndelButton.tsx" path="C:\develop\ft-frontend-saksbehandling\packages\fakta-beregning\src\components\fellesFaktaForATFLogSN\AddDagpengerAndelButton.tsx">
        <metrics statements="12" coveredstatements="5" conditionals="2" coveredconditionals="0" methods="7" coveredmethods="0"/>
        <line num="14" count="5" type="stmt"/>
        <line num="15" count="0" type="stmt"/>
        <line num="24" count="5" type="stmt"/>
        <line num="25" count="0" type="cond" truecount="0" falsecount="2"/>
        <line num="26" count="0" type="stmt"/>
        <line num="36" count="5" type="stmt"/>
        <line num="39" count="0" type="stmt"/>
        <line num="46" count="0" type="stmt"/>
        <line num="68" count="5" type="stmt"/>
        <line num="70" count="5" type="stmt"/>
        <line num="71" count="0" type="stmt"/>
        <line num="72" count="0" type="stmt"/>
      </file>
      <file name="BgFaktaUtils.ts" path="C:\develop\ft-frontend-saksbehandling\packages\fakta-beregning\src\components\fellesFaktaForATFLogSN\BgFaktaUtils.ts">
        <metrics statements="99" coveredstatements="88" conditionals="114" coveredconditionals="95" methods="49" coveredmethods="41"/>
        <line num="32" count="10" type="stmt"/>
        <line num="34" count="23" type="cond" truecount="4" falsecount="0"/>
        <line num="37" count="10" type="stmt"/>
        <line num="45" count="10" type="stmt"/>
        <line num="48" count="23" type="cond" truecount="2" falsecount="0"/>
        <line num="49" count="23" type="cond" truecount="2" falsecount="0"/>
        <line num="50" count="17" type="cond" truecount="3" falsecount="1"/>
        <line num="54" count="6" type="stmt"/>
        <line num="57" count="10" type="stmt"/>
        <line num="59" count="23" type="stmt"/>
        <line num="68" count="10" type="stmt"/>
        <line num="75" count="10" type="stmt"/>
        <line num="76" count="2" type="cond" truecount="1" falsecount="1"/>
        <line num="78" count="10" type="stmt"/>
        <line num="79" count="3" type="cond" truecount="1" falsecount="1"/>
        <line num="81" count="10" type="stmt"/>
        <line num="83" count="2" type="stmt"/>
        <line num="85" count="2" type="cond" truecount="3" falsecount="0"/>
        <line num="90" count="10" type="cond" truecount="2" falsecount="0"/>
        <line num="92" count="10" type="cond" truecount="2" falsecount="0"/>
        <line num="96" count="10" type="stmt"/>
        <line num="97" count="3" type="stmt"/>
        <line num="98" count="3" type="cond" truecount="1" falsecount="1"/>
        <line num="99" count="0" type="stmt"/>
        <line num="101" count="3" type="cond" truecount="2" falsecount="0"/>
        <line num="106" count="13" type="stmt"/>
        <line num="108" count="10" type="stmt"/>
        <line num="112" count="10" type="cond" truecount="3" falsecount="0"/>
        <line num="116" count="10" type="stmt"/>
        <line num="118" count="6" type="cond" truecount="2" falsecount="0"/>
        <line num="123" count="10" type="stmt"/>
        <line num="124" count="5" type="cond" truecount="2" falsecount="0"/>
        <line num="127" count="10" type="stmt"/>
        <line num="128" count="4" type="cond" truecount="3" falsecount="0"/>
        <line num="132" count="10" type="stmt"/>
        <line num="136" count="8" type="stmt"/>
        <line num="137" count="8" type="stmt"/>
        <line num="141" count="10" type="stmt"/>
        <line num="142" count="3" type="cond" truecount="2" falsecount="2"/>
        <line num="143" count="0" type="stmt"/>
        <line num="145" count="3" type="stmt"/>
        <line num="149" count="10" type="stmt"/>
        <line num="151" count="5" type="stmt"/>
        <line num="152" count="21" type="cond" truecount="4" falsecount="0"/>
        <line num="156" count="5" type="stmt"/>
        <line num="160" count="10" type="cond" truecount="2" falsecount="0"/>
        <line num="161" count="2" type="stmt"/>
        <line num="163" count="10" type="stmt"/>
        <line num="165" count="9" type="stmt"/>
        <line num="166" count="9" type="cond" truecount="2" falsecount="0"/>
        <line num="167" count="1" type="stmt"/>
        <line num="169" count="8" type="cond" truecount="2" falsecount="0"/>
        <line num="170" count="2" type="stmt"/>
        <line num="172" count="6" type="cond" truecount="2" falsecount="0"/>
        <line num="173" count="1" type="stmt"/>
        <line num="175" count="5" type="cond" truecount="2" falsecount="0"/>
        <line num="176" count="1" type="stmt"/>
        <line num="178" count="4" type="cond" truecount="2" falsecount="0"/>
        <line num="179" count="1" type="stmt"/>
        <line num="181" count="3" type="cond" truecount="1" falsecount="1"/>
        <line num="182" count="0" type="stmt"/>
        <line num="184" count="3" type="cond" truecount="1" falsecount="1"/>
        <line num="185" count="0" type="stmt"/>
        <line num="187" count="3" type="cond" truecount="1" falsecount="1"/>
        <line num="188" count="0" type="stmt"/>
        <line num="190" count="3" type="stmt"/>
        <line num="193" count="10" type="stmt"/>
        <line num="195" count="9" type="stmt"/>
        <line num="196" count="9" type="cond" truecount="2" falsecount="0"/>
        <line num="197" count="6" type="stmt"/>
        <line num="199" count="3" type="cond" truecount="2" falsecount="0"/>
        <line num="200" count="1" type="stmt"/>
        <line num="202" count="2" type="stmt"/>
        <line num="207" count="10" type="cond" truecount="2" falsecount="0"/>
        <line num="210" count="10" type="cond" truecount="0" falsecount="2"/>
        <line num="211" count="0" type="stmt"/>
        <line num="213" count="10" type="stmt"/>
        <line num="215" count="0" type="stmt"/>
        <line num="216" count="0" type="stmt"/>
        <line num="218" count="0" type="cond" truecount="0" falsecount="3"/>
        <line num="221" count="10" type="stmt"/>
        <line num="222" count="0" type="stmt"/>
        <line num="223" count="0" type="cond" truecount="0" falsecount="2"/>
        <line num="226" count="10" type="stmt"/>
        <line num="228" count="10" type="cond" truecount="2" falsecount="0"/>
        <line num="231" count="10" type="cond" truecount="2" falsecount="0"/>
        <line num="234" count="10" type="stmt"/>
        <line num="236" count="1" type="stmt"/>
        <line num="237" count="1" type="stmt"/>
        <line num="240" count="10" type="stmt"/>
        <line num="242" count="10" type="stmt"/>
        <line num="243" count="1" type="stmt"/>
        <line num="246" count="10" type="stmt"/>
        <line num="247" count="3" type="stmt"/>
        <line num="248" count="3" type="cond" truecount="4" falsecount="0"/>
        <line num="249" count="2" type="cond" truecount="1" falsecount="1"/>
        <line num="251" count="1" type="cond" truecount="1" falsecount="1"/>
        <line num="254" count="10" type="stmt"/>
        <line num="256" count="5" type="stmt"/>
      </file>
      <file name="FaktaForATFLOgSNPanel.tsx" path="C:\develop\ft-frontend-saksbehandling\packages\fakta-beregning\src\components\fellesFaktaForATFLogSN\FaktaForATFLOgSNPanel.tsx">
        <metrics statements="112" coveredstatements="63" conditionals="55" coveredconditionals="14" methods="51" coveredmethods="15"/>
        <line num="42" count="3" type="stmt"/>
        <line num="44" count="3" type="stmt"/>
        <line num="45" count="0" type="stmt"/>
        <line num="46" count="0" type="cond" truecount="0" falsecount="2"/>
        <line num="48" count="3" type="stmt"/>
        <line num="49" count="0" type="stmt"/>
        <line num="50" count="0" type="cond" truecount="0" falsecount="3"/>
        <line num="52" count="3" type="stmt"/>
        <line num="53" count="0" type="stmt"/>
        <line num="54" count="0" type="cond" truecount="0" falsecount="3"/>
        <line num="56" count="3" type="stmt"/>
        <line num="57" count="0" type="stmt"/>
        <line num="58" count="0" type="cond" truecount="0" falsecount="5"/>
        <line num="61" count="3" type="stmt"/>
        <line num="63" count="0" type="cond" truecount="0" falsecount="3"/>
        <line num="65" count="3" type="stmt"/>
        <line num="67" count="0" type="cond" truecount="0" falsecount="3"/>
        <line num="69" count="3" type="stmt"/>
        <line num="72" count="0" type="cond" truecount="0" falsecount="4"/>
        <line num="73" count="0" type="stmt"/>
        <line num="75" count="0" type="stmt"/>
        <line num="79" count="3" type="stmt"/>
        <line num="80" count="0" type="cond" truecount="0" falsecount="2"/>
        <line num="81" count="0" type="stmt"/>
        <line num="89" count="0" type="stmt"/>
        <line num="90" count="0" type="cond" truecount="0" falsecount="5"/>
        <line num="91" count="0" type="stmt"/>
        <line num="93" count="0" type="stmt"/>
        <line num="101" count="3" type="stmt"/>
        <line num="102" count="4" type="cond" truecount="1" falsecount="1"/>
        <line num="103" count="4" type="stmt"/>
        <line num="105" count="0" type="stmt"/>
        <line num="108" count="3" type="stmt"/>
        <line num="119" count="3" type="stmt"/>
        <line num="120" count="3" type="stmt"/>
        <line num="121" count="3" type="stmt"/>
        <line num="122" count="3" type="cond" truecount="2" falsecount="0"/>
        <line num="123" count="1" type="stmt"/>
        <line num="124" count="1" type="stmt"/>
        <line num="135" count="3" type="cond" truecount="2" falsecount="0"/>
        <line num="136" count="1" type="stmt"/>
        <line num="137" count="1" type="stmt"/>
        <line num="147" count="3" type="cond" truecount="1" falsecount="1"/>
        <line num="148" count="0" type="stmt"/>
        <line num="149" count="0" type="stmt"/>
        <line num="158" count="3" type="cond" truecount="1" falsecount="1"/>
        <line num="159" count="0" type="stmt"/>
        <line num="160" count="0" type="stmt"/>
        <line num="172" count="3" type="stmt"/>
        <line num="173" count="3" type="stmt"/>
        <line num="189" count="3" type="stmt"/>
        <line num="214" count="3" type="stmt"/>
        <line num="225" count="3" type="stmt"/>
        <line num="236" count="5" type="stmt"/>
        <line num="240" count="3" type="stmt"/>
        <line num="241" count="3" type="stmt"/>
        <line num="244" count="3" type="stmt"/>
        <line num="245" count="0" type="stmt"/>
        <line num="246" count="0" type="stmt"/>
        <line num="252" count="3" type="stmt"/>
        <line num="253" count="0" type="stmt"/>
        <line num="254" count="0" type="stmt"/>
        <line num="260" count="3" type="stmt"/>
        <line num="261" count="0" type="stmt"/>
        <line num="262" count="0" type="stmt"/>
        <line num="268" count="3" type="stmt"/>
        <line num="269" count="0" type="stmt"/>
        <line num="270" count="0" type="stmt"/>
        <line num="276" count="3" type="stmt"/>
        <line num="282" count="5" type="stmt"/>
        <line num="283" count="5" type="stmt"/>
        <line num="284" count="5" type="stmt"/>
        <line num="285" count="6" type="cond" truecount="2" falsecount="0"/>
        <line num="286" count="2" type="stmt"/>
        <line num="288" count="6" type="cond" truecount="2" falsecount="0"/>
        <line num="289" count="1" type="stmt"/>
        <line num="291" count="6" type="cond" truecount="1" falsecount="1"/>
        <line num="292" count="0" type="stmt"/>
        <line num="294" count="6" type="cond" truecount="1" falsecount="1"/>
        <line num="295" count="0" type="stmt"/>
        <line num="298" count="5" type="stmt"/>
        <line num="301" count="3" type="stmt"/>
        <line num="303" count="3" type="stmt"/>
        <line num="306" count="3" type="cond" truecount="1" falsecount="1"/>
        <line num="307" count="0" type="stmt"/>
        <line num="309" count="3" type="stmt"/>
        <line num="312" count="3" type="stmt"/>
        <line num="317" count="3" type="stmt"/>
        <line num="322" count="3" type="stmt"/>
        <line num="332" count="3" type="stmt"/>
        <line num="338" count="3" type="stmt"/>
        <line num="339" count="3" type="stmt"/>
        <line num="343" count="3" type="cond" truecount="0" falsecount="2"/>
        <line num="344" count="0" type="stmt"/>
        <line num="346" count="3" type="stmt"/>
        <line num="364" count="3" type="stmt"/>
        <line num="365" count="0" type="stmt"/>
        <line num="366" count="0" type="stmt"/>
        <line num="367" count="0" type="stmt"/>
        <line num="368" count="0" type="stmt"/>
        <line num="369" count="0" type="stmt"/>
        <line num="370" count="0" type="stmt"/>
        <line num="371" count="0" type="stmt"/>
        <line num="372" count="0" type="stmt"/>
        <line num="373" count="0" type="stmt"/>
        <line num="374" count="0" type="stmt"/>
        <line num="375" count="0" type="stmt"/>
        <line num="376" count="0" type="stmt"/>
        <line num="380" count="3" type="stmt"/>
        <line num="381" count="0" type="stmt"/>
        <line num="392" count="3" type="stmt"/>
        <line num="394" count="3" type="stmt"/>
      </file>
      <file name="InntektFieldArray.tsx" path="C:\develop\ft-frontend-saksbehandling\packages\fakta-beregning\src\components\fellesFaktaForATFLogSN\InntektFieldArray.tsx">
        <metrics statements="97" coveredstatements="86" conditionals="67" coveredconditionals="46" methods="37" coveredmethods="31"/>
        <line num="30" count="6" type="stmt"/>
        <line num="31" count="24" type="stmt"/>
        <line num="40" count="5" type="stmt"/>
        <line num="41" count="4" type="stmt"/>
        <line num="50" count="5" type="cond" truecount="0" falsecount="2"/>
        <line num="52" count="5" type="cond" truecount="2" falsecount="3"/>
        <line num="55" count="6" type="cond" truecount="1" falsecount="1"/>
        <line num="57" count="5" type="stmt"/>
        <line num="58" count="14" type="stmt"/>
        <line num="59" count="14" type="stmt"/>
        <line num="60" count="22" type="stmt"/>
        <line num="61" count="22" type="cond" truecount="5" falsecount="0"/>
        <line num="62" count="14" type="stmt"/>
        <line num="65" count="14" type="stmt"/>
        <line num="68" count="5" type="stmt"/>
        <line num="69" count="14" type="stmt"/>
        <line num="70" count="14" type="stmt"/>
        <line num="71" count="22" type="stmt"/>
        <line num="72" count="22" type="cond" truecount="1" falsecount="1"/>
        <line num="73" count="22" type="stmt"/>
        <line num="76" count="14" type="stmt"/>
        <line num="79" count="6" type="stmt"/>
        <line num="80" count="0" type="stmt"/>
        <line num="83" count="5" type="stmt"/>
        <line num="89" count="4" type="stmt"/>
        <line num="90" count="6" type="stmt"/>
        <line num="106" count="5" type="stmt"/>
        <line num="107" count="4" type="stmt"/>
        <line num="117" count="5" type="stmt"/>
        <line num="118" count="10" type="stmt"/>
        <line num="119" count="10" type="stmt"/>
        <line num="120" count="10" type="stmt"/>
        <line num="121" count="10" type="cond" truecount="2" falsecount="0"/>
        <line num="122" count="2" type="stmt"/>
        <line num="125" count="10" type="stmt"/>
        <line num="128" count="5" type="stmt"/>
        <line num="130" count="5" type="stmt"/>
        <line num="135" count="10" type="stmt"/>
        <line num="136" count="10" type="cond" truecount="2" falsecount="0"/>
        <line num="137" count="2" type="stmt"/>
        <line num="138" count="2" type="cond" truecount="2" falsecount="0"/>
        <line num="139" count="1" type="stmt"/>
        <line num="142" count="10" type="cond" truecount="2" falsecount="0"/>
        <line num="143" count="2" type="stmt"/>
        <line num="145" count="8" type="cond" truecount="1" falsecount="1"/>
        <line num="146" count="0" type="stmt"/>
        <line num="150" count="5" type="stmt"/>
        <line num="154" count="6" type="stmt"/>
        <line num="158" count="2" type="cond" truecount="3" falsecount="0"/>
        <line num="163" count="5" type="stmt"/>
        <line num="166" count="4" type="stmt"/>
        <line num="170" count="0" type="stmt"/>
        <line num="205" count="5" type="stmt"/>
        <line num="215" count="4" type="stmt"/>
        <line num="222" count="4" type="cond" truecount="1" falsecount="1"/>
        <line num="223" count="0" type="cond" truecount="0" falsecount="2"/>
        <line num="224" count="0" type="stmt"/>
        <line num="237" count="0" type="stmt"/>
        <line num="239" count="4" type="stmt"/>
        <line num="240" count="4" type="stmt"/>
        <line num="257" count="5" type="stmt"/>
        <line num="261" count="6" type="cond" truecount="2" falsecount="0"/>
        <line num="262" count="12" type="stmt"/>
        <line num="263" count="12" type="cond" truecount="2" falsecount="0"/>
        <line num="264" count="12" type="stmt"/>
        <line num="276" count="5" type="stmt"/>
        <line num="277" count="0" type="stmt"/>
        <line num="278" count="0" type="stmt"/>
        <line num="281" count="5" type="stmt"/>
        <line num="283" count="5" type="stmt"/>
        <line num="285" count="5" type="stmt"/>
        <line num="290" count="5" type="stmt"/>
        <line num="291" count="5" type="cond" truecount="2" falsecount="0"/>
        <line num="292" count="5" type="stmt"/>
        <line num="293" count="5" type="cond" truecount="5" falsecount="0"/>
        <line num="295" count="5" type="cond" truecount="2" falsecount="0"/>
        <line num="296" count="3" type="stmt"/>
        <line num="298" count="2" type="cond" truecount="1" falsecount="1"/>
        <line num="299" count="0" type="stmt"/>
        <line num="301" count="2" type="cond" truecount="1" falsecount="1"/>
        <line num="302" count="2" type="cond" truecount="1" falsecount="1"/>
        <line num="303" count="0" type="stmt"/>
        <line num="305" count="2" type="stmt"/>
        <line num="308" count="5" type="stmt"/>
        <line num="311" count="1" type="cond" truecount="3" falsecount="1"/>
        <line num="312" count="1" type="stmt"/>
        <line num="314" count="0" type="stmt"/>
        <line num="317" count="5" type="stmt"/>
        <line num="318" count="4" type="stmt"/>
        <line num="319" count="4" type="stmt"/>
        <line num="321" count="4" type="stmt"/>
        <line num="322" count="4" type="stmt"/>
        <line num="323" count="4" type="cond" truecount="1" falsecount="1"/>
        <line num="324" count="4" type="stmt"/>
        <line num="325" count="4" type="stmt"/>
        <line num="326" count="4" type="stmt"/>
        <line num="327" count="4" type="stmt"/>
      </file>
      <file name="InntektFieldArrayRow.tsx" path="C:\develop\ft-frontend-saksbehandling\packages\fakta-beregning\src\components\fellesFaktaForATFLogSN\InntektFieldArrayRow.tsx">
        <metrics statements="26" coveredstatements="25" conditionals="16" coveredconditionals="14" methods="9" coveredmethods="8"/>
        <line num="17" count="6" type="stmt"/>
        <line num="18" count="4" type="stmt"/>
        <line num="19" count="4" type="stmt"/>
        <line num="20" count="4" type="cond" truecount="1" falsecount="1"/>
        <line num="21" count="4" type="stmt"/>
        <line num="23" count="4" type="stmt"/>
        <line num="24" count="4" type="cond" truecount="1" falsecount="1"/>
        <line num="25" count="4" type="stmt"/>
        <line num="27" count="4" type="stmt"/>
        <line num="29" count="4" type="stmt"/>
        <line num="32" count="6" type="stmt"/>
        <line num="33" count="8" type="stmt"/>
        <line num="60" count="6" type="stmt"/>
        <line num="74" count="4" type="stmt"/>
        <line num="75" count="4" type="stmt"/>
        <line num="76" count="4" type="stmt"/>
        <line num="145" count="0" type="stmt"/>
        <line num="154" count="6" type="stmt"/>
        <line num="155" count="1" type="stmt"/>
        <line num="156" count="6" type="stmt"/>
        <line num="159" count="6" type="stmt"/>
        <line num="160" count="1" type="stmt"/>
        <line num="162" count="1" type="stmt"/>
        <line num="164" count="1" type="stmt"/>
        <line num="165" count="1" type="stmt"/>
        <line num="173" count="6" type="stmt"/>
      </file>
      <file name="InntektstabellPanel.less" path="C:\develop\ft-frontend-saksbehandling\packages\fakta-beregning\src\components\fellesFaktaForATFLogSN\InntektstabellPanel.less">
        <metrics statements="1" coveredstatements="1" conditionals="0" coveredconditionals="0" methods="0" coveredmethods="0"/>
        <line num="1" count="11" type="stmt"/>
      </file>
      <file name="InntektstabellPanel.tsx" path="C:\develop\ft-frontend-saksbehandling\packages\fakta-beregning\src\components\fellesFaktaForATFLogSN\InntektstabellPanel.tsx">
        <metrics statements="16" coveredstatements="11" conditionals="16" coveredconditionals="10" methods="9" coveredmethods="1"/>
        <line num="20" count="11" type="stmt"/>
        <line num="25" count="11" type="stmt"/>
        <line num="50" count="11" type="stmt"/>
        <line num="60" count="2" type="stmt"/>
        <line num="61" count="2" type="stmt"/>
        <line num="62" count="0" type="stmt"/>
        <line num="63" count="0" type="stmt"/>
        <line num="65" count="2" type="stmt"/>
        <line num="112" count="11" type="stmt"/>
        <line num="117" count="11" type="stmt"/>
        <line num="122" count="11" type="stmt"/>
        <line num="123" count="0" type="stmt"/>
        <line num="124" count="0" type="cond" truecount="0" falsecount="2"/>
        <line num="125" count="0" type="cond" truecount="0" falsecount="2"/>
        <line num="127" count="11" type="stmt"/>
        <line num="131" count="11" type="stmt"/>
      </file>
      <file name="SummaryRow.tsx" path="C:\develop\ft-frontend-saksbehandling\packages\fakta-beregning\src\components\fellesFaktaForATFLogSN\SummaryRow.tsx">
        <metrics statements="12" coveredstatements="3" conditionals="14" coveredconditionals="0" methods="4" coveredmethods="0"/>
        <line num="11" count="5" type="stmt"/>
        <line num="12" count="0" type="stmt"/>
        <line num="13" count="0" type="stmt"/>
        <line num="14" count="0" type="stmt"/>
        <line num="15" count="0" type="cond" truecount="0" falsecount="2"/>
        <line num="16" count="0" type="cond" truecount="0" falsecount="2"/>
        <line num="18" count="0" type="cond" truecount="0" falsecount="2"/>
        <line num="28" count="5" type="stmt"/>
        <line num="31" count="0" type="stmt"/>
        <line num="50" count="5" type="stmt"/>
        <line num="52" count="0" type="cond" truecount="0" falsecount="2"/>
        <line num="53" count="0" type="stmt"/>
      </file>
      <file name="ValidateAndelerUtils.ts" path="C:\develop\ft-frontend-saksbehandling\packages\fakta-beregning\src\components\fellesFaktaForATFLogSN\ValidateAndelerUtils.ts">
        <metrics statements="36" coveredstatements="31" conditionals="27" coveredconditionals="21" methods="12" coveredmethods="9"/>
        <line num="12" count="7" type="stmt"/>
        <line num="13" count="55" type="cond" truecount="2" falsecount="0"/>
        <line num="14" count="13" type="cond" truecount="2" falsecount="0"/>
        <line num="15" count="8" type="stmt"/>
        <line num="17" count="5" type="cond" truecount="2" falsecount="0"/>
        <line num="19" count="42" type="cond" truecount="2" falsecount="0"/>
        <line num="22" count="7" type="stmt"/>
        <line num="25" count="39" type="stmt"/>
        <line num="26" count="39" type="cond" truecount="2" falsecount="0"/>
        <line num="27" count="10" type="cond" truecount="2" falsecount="0"/>
        <line num="28" count="10" type="stmt"/>
        <line num="29" count="3" type="cond" truecount="1" falsecount="1"/>
        <line num="30" count="3" type="stmt"/>
        <line num="33" count="7" type="cond" truecount="1" falsecount="1"/>
        <line num="34" count="7" type="stmt"/>
        <line num="36" count="0" type="stmt"/>
        <line num="38" count="29" type="cond" truecount="2" falsecount="0"/>
        <line num="39" count="5" type="stmt"/>
        <line num="41" count="24" type="stmt"/>
        <line num="44" count="14" type="stmt"/>
        <line num="46" count="16" type="cond" truecount="3" falsecount="0"/>
        <line num="49" count="7" type="stmt"/>
        <line num="51" count="39" type="stmt"/>
        <line num="52" count="48" type="stmt"/>
        <line num="53" count="12" type="stmt"/>
        <line num="54" count="16" type="cond" truecount="2" falsecount="0"/>
        <line num="55" count="7" type="stmt"/>
        <line num="58" count="5" type="stmt"/>
        <line num="61" count="7" type="stmt"/>
        <line num="62" count="12" type="stmt"/>
        <line num="64" count="7" type="stmt"/>
        <line num="66" count="7" type="stmt"/>
        <line num="67" count="0" type="cond" truecount="0" falsecount="2"/>
        <line num="68" count="0" type="cond" truecount="0" falsecount="2"/>
        <line num="69" count="0" type="stmt"/>
        <line num="71" count="0" type="stmt"/>
      </file>
      <file name="VurderFaktaBeregningPanel.tsx" path="C:\develop\ft-frontend-saksbehandling\packages\fakta-beregning\src\components\fellesFaktaForATFLogSN\VurderFaktaBeregningPanel.tsx">
        <metrics statements="52" coveredstatements="21" conditionals="46" coveredconditionals="10" methods="24" coveredmethods="2"/>
        <line num="33" count="2" type="stmt"/>
        <line num="35" count="2" type="stmt"/>
        <line num="36" count="0" type="cond" truecount="0" falsecount="2"/>
        <line num="37" count="0" type="stmt"/>
        <line num="38" count="0" type="cond" truecount="0" falsecount="2"/>
        <line num="40" count="0" type="stmt"/>
        <line num="41" count="0" type="cond" truecount="0" falsecount="2"/>
        <line num="44" count="2" type="stmt"/>
        <line num="46" count="2" type="stmt"/>
        <line num="47" count="4" type="cond" truecount="4" falsecount="0"/>
        <line num="48" count="3" type="stmt"/>
        <line num="50" count="1" type="stmt"/>
        <line num="53" count="2" type="stmt"/>
        <line num="54" count="0" type="cond" truecount="0" falsecount="2"/>
        <line num="56" count="0" type="cond" truecount="0" falsecount="2"/>
        <line num="59" count="2" type="stmt"/>
        <line num="60" count="0" type="stmt"/>
        <line num="61" count="0" type="stmt"/>
        <line num="62" count="0" type="stmt"/>
        <line num="65" count="2" type="cond" truecount="0" falsecount="2"/>
        <line num="100" count="0" type="stmt"/>
        <line num="101" count="0" type="stmt"/>
        <line num="107" count="0" type="stmt"/>
        <line num="108" count="0" type="cond" truecount="0" falsecount="2"/>
        <line num="109" count="0" type="stmt"/>
        <line num="133" count="0" type="stmt"/>
        <line num="135" count="0" type="cond" truecount="0" falsecount="4"/>
        <line num="136" count="0" type="stmt"/>
        <line num="174" count="0" type="stmt"/>
        <line num="178" count="2" type="stmt"/>
        <line num="179" count="2" type="stmt"/>
        <line num="180" count="2" type="cond" truecount="4" falsecount="0"/>
        <line num="181" count="1" type="stmt"/>
        <line num="182" count="1" type="stmt"/>
        <line num="183" count="1" type="stmt"/>
        <line num="189" count="1" type="stmt"/>
        <line num="192" count="2" type="stmt"/>
        <line num="193" count="0" type="stmt"/>
        <line num="194" count="0" type="stmt"/>
        <line num="201" count="2" type="stmt"/>
        <line num="202" count="0" type="stmt"/>
        <line num="203" count="0" type="cond" truecount="0" falsecount="6"/>
        <line num="204" count="0" type="stmt"/>
        <line num="208" count="0" type="stmt"/>
        <line num="211" count="2" type="stmt"/>
        <line num="212" count="0" type="stmt"/>
        <line num="213" count="0" type="stmt"/>
        <line num="215" count="2" type="stmt"/>
        <line num="216" count="0" type="stmt"/>
        <line num="217" count="0" type="stmt"/>
        <line num="219" count="0" type="stmt"/>
        <line num="220" count="0" type="stmt"/>
      </file>
      <file name="addAndelButton.less" path="C:\develop\ft-frontend-saksbehandling\packages\fakta-beregning\src\components\fellesFaktaForATFLogSN\addAndelButton.less">
        <metrics statements="1" coveredstatements="1" conditionals="0" coveredconditionals="0" methods="0" coveredmethods="0"/>
        <line num="1" count="5" type="stmt"/>
      </file>
      <file name="inntektFieldArray.less" path="C:\develop\ft-frontend-saksbehandling\packages\fakta-beregning\src\components\fellesFaktaForATFLogSN\inntektFieldArray.less">
        <metrics statements="1" coveredstatements="1" conditionals="0" coveredconditionals="0" methods="0" coveredmethods="0"/>
        <line num="1" count="6" type="stmt"/>
      </file>
    </package>
    <package name="components.fellesFaktaForATFLogSN.besteberegningFodendeKvinne">
      <metrics statements="42" coveredstatements="38" conditionals="38" coveredconditionals="30" methods="13" coveredmethods="11"/>
      <file name="VurderBesteberegningForm.tsx" path="C:\develop\ft-frontend-saksbehandling\packages\fakta-beregning\src\components\fellesFaktaForATFLogSN\besteberegningFodendeKvinne\VurderBesteberegningForm.tsx">
        <metrics statements="42" coveredstatements="38" conditionals="38" coveredconditionals="30" methods="13" coveredmethods="11"/>
        <line num="19" count="11" type="stmt"/>
        <line num="23" count="11" type="stmt"/>
        <line num="49" count="11" type="stmt"/>
        <line num="50" count="0" type="stmt"/>
        <line num="80" count="11" type="stmt"/>
        <line num="84" count="3" type="cond" truecount="2" falsecount="2"/>
        <line num="86" count="0" type="stmt"/>
        <line num="88" count="3" type="cond" truecount="1" falsecount="1"/>
        <line num="89" count="0" type="stmt"/>
        <line num="91" count="3" type="cond" truecount="2" falsecount="0"/>
        <line num="92" count="3" type="cond" truecount="2" falsecount="0"/>
        <line num="93" count="2" type="stmt"/>
        <line num="97" count="1" type="stmt"/>
        <line num="102" count="11" type="stmt"/>
        <line num="103" count="2" type="cond" truecount="6" falsecount="0"/>
        <line num="105" count="1" type="stmt"/>
        <line num="107" count="1" type="stmt"/>
        <line num="108" count="1" type="stmt"/>
        <line num="109" count="1" type="stmt"/>
        <line num="112" count="11" type="stmt"/>
        <line num="115" count="5" type="cond" truecount="3" falsecount="1"/>
        <line num="116" count="0" type="stmt"/>
        <line num="118" count="5" type="stmt"/>
        <line num="119" count="5" type="cond" truecount="4" falsecount="0"/>
        <line num="120" count="1" type="stmt"/>
        <line num="126" count="4" type="stmt"/>
        <line num="127" count="9" type="stmt"/>
        <line num="128" count="6" type="stmt"/>
        <line num="137" count="4" type="stmt"/>
        <line num="138" count="9" type="cond" truecount="2" falsecount="0"/>
        <line num="139" count="4" type="stmt"/>
        <line num="152" count="11" type="stmt"/>
        <line num="154" count="5" type="cond" truecount="1" falsecount="1"/>
        <line num="155" count="9" type="cond" truecount="4" falsecount="0"/>
        <line num="156" count="5" type="stmt"/>
        <line num="157" count="2" type="stmt"/>
        <line num="159" count="3" type="stmt"/>
        <line num="160" count="3" type="stmt"/>
        <line num="161" count="3" type="cond" truecount="1" falsecount="1"/>
        <line num="162" count="3" type="stmt"/>
        <line num="164" count="3" type="stmt"/>
        <line num="170" count="11" type="stmt"/>
      </file>
    </package>
    <package name="components.fellesFaktaForATFLogSN.kunYtelse">
      <metrics statements="121" coveredstatements="49" conditionals="85" coveredconditionals="12" methods="48" coveredmethods="7"/>
      <file name="BrukersAndelFieldArray.tsx" path="C:\develop\ft-frontend-saksbehandling\packages\fakta-beregning\src\components\fellesFaktaForATFLogSN\kunYtelse\BrukersAndelFieldArray.tsx">
        <metrics statements="56" coveredstatements="16" conditionals="38" coveredconditionals="0" methods="27" coveredmethods="0"/>
        <line num="28" count="4" type="stmt"/>
        <line num="30" count="0" type="stmt"/>
        <line num="38" count="4" type="stmt"/>
        <line num="39" count="0" type="stmt"/>
        <line num="44" count="4" type="stmt"/>
        <line num="45" count="0" type="stmt"/>
        <line num="46" count="0" type="stmt"/>
        <line num="47" count="0" type="cond" truecount="0" falsecount="2"/>
        <line num="49" count="0" type="cond" truecount="0" falsecount="2"/>
        <line num="52" count="4" type="cond" truecount="0" falsecount="2"/>
        <line num="54" count="4" type="cond" truecount="0" falsecount="4"/>
        <line num="56" count="4" type="cond" truecount="0" falsecount="5"/>
        <line num="60" count="0" type="cond" truecount="0" falsecount="3"/>
        <line num="62" count="4" type="stmt"/>
        <line num="63" count="0" type="cond" truecount="0" falsecount="2"/>
        <line num="64" count="0" type="stmt"/>
        <line num="68" count="4" type="stmt"/>
        <line num="69" count="0" type="stmt"/>
        <line num="70" count="0" type="stmt"/>
        <line num="100" count="0" type="stmt"/>
        <line num="108" count="4" type="stmt"/>
        <line num="109" count="0" type="stmt"/>
        <line num="122" count="4" type="stmt"/>
        <line num="149" count="4" type="stmt"/>
        <line num="160" count="0" type="cond" truecount="0" falsecount="2"/>
        <line num="161" count="0" type="stmt"/>
        <line num="162" count="0" type="stmt"/>
        <line num="163" count="0" type="stmt"/>
        <line num="177" count="0" type="stmt"/>
        <line num="203" count="4" type="stmt"/>
        <line num="205" count="4" type="stmt"/>
        <line num="206" count="0" type="stmt"/>
        <line num="207" count="0" type="stmt"/>
        <line num="210" count="4" type="stmt"/>
        <line num="211" count="0" type="cond" truecount="0" falsecount="2"/>
        <line num="212" count="0" type="stmt"/>
        <line num="215" count="0" type="stmt"/>
        <line num="216" count="0" type="stmt"/>
        <line num="220" count="0" type="stmt"/>
        <line num="221" count="0" type="stmt"/>
        <line num="222" count="0" type="cond" truecount="0" falsecount="4"/>
        <line num="224" count="0" type="cond" truecount="0" falsecount="2"/>
        <line num="225" count="0" type="stmt"/>
        <line num="227" count="0" type="cond" truecount="0" falsecount="2"/>
        <line num="228" count="0" type="stmt"/>
        <line num="230" count="0" type="stmt"/>
        <line num="231" count="0" type="cond" truecount="0" falsecount="2"/>
        <line num="232" count="0" type="stmt"/>
        <line num="234" count="0" type="stmt"/>
        <line num="237" count="4" type="stmt"/>
        <line num="238" count="0" type="stmt"/>
        <line num="239" count="0" type="stmt"/>
        <line num="242" count="4" type="stmt"/>
        <line num="243" count="0" type="stmt"/>
        <line num="244" count="0" type="stmt"/>
        <line num="245" count="0" type="stmt"/>
      </file>
      <file name="FastsettBgKunYtelse.tsx" path="C:\develop\ft-frontend-saksbehandling\packages\fakta-beregning\src\components\fellesFaktaForATFLogSN\kunYtelse\FastsettBgKunYtelse.tsx">
        <metrics statements="20" coveredstatements="6" conditionals="12" coveredconditionals="1" methods="4" coveredmethods="1"/>
        <line num="14" count="3" type="stmt"/>
        <line num="16" count="3" type="stmt"/>
        <line num="22" count="3" type="cond" truecount="1" falsecount="1"/>
        <line num="23" count="0" type="stmt"/>
        <line num="36" count="3" type="stmt"/>
        <line num="39" count="0" type="cond" truecount="0" falsecount="2"/>
        <line num="40" count="0" type="stmt"/>
        <line num="41" count="0" type="stmt"/>
        <line num="42" count="0" type="cond" truecount="0" falsecount="2"/>
        <line num="43" count="0" type="stmt"/>
        <line num="45" count="0" type="stmt"/>
        <line num="50" count="0" type="stmt"/>
        <line num="53" count="3" type="stmt"/>
        <line num="54" count="0" type="cond" truecount="0" falsecount="2"/>
        <line num="55" count="0" type="stmt"/>
        <line num="57" count="0" type="stmt"/>
        <line num="60" count="3" type="stmt"/>
        <line num="65" count="0" type="cond" truecount="0" falsecount="4"/>
        <line num="66" count="0" type="stmt"/>
        <line num="68" count="0" type="stmt"/>
      </file>
      <file name="KunYtelseBesteberegningPanel.tsx" path="C:\develop\ft-frontend-saksbehandling\packages\fakta-beregning\src\components\fellesFaktaForATFLogSN\kunYtelse\KunYtelseBesteberegningPanel.tsx">
        <metrics statements="11" coveredstatements="7" conditionals="9" coveredconditionals="0" methods="5" coveredmethods="1"/>
        <line num="23" count="4" type="stmt"/>
        <line num="46" count="4" type="stmt"/>
        <line num="54" count="0" type="stmt"/>
        <line num="105" count="4" type="stmt"/>
        <line num="110" count="4" type="stmt"/>
        <line num="112" count="4" type="stmt"/>
        <line num="113" count="0" type="stmt"/>
        <line num="114" count="0" type="stmt"/>
        <line num="115" count="0" type="stmt"/>
        <line num="118" count="4" type="stmt"/>
        <line num="120" count="4" type="stmt"/>
      </file>
      <file name="KunYtelsePanel.tsx" path="C:\develop\ft-frontend-saksbehandling\packages\fakta-beregning\src\components\fellesFaktaForATFLogSN\kunYtelse\KunYtelsePanel.tsx">
        <metrics statements="30" coveredstatements="17" conditionals="26" coveredconditionals="11" methods="11" coveredmethods="5"/>
        <line num="19" count="4" type="stmt"/>
        <line num="45" count="4" type="stmt"/>
        <line num="52" count="0" type="stmt"/>
        <line num="75" count="4" type="stmt"/>
        <line num="79" count="4" type="stmt"/>
        <line num="83" count="3" type="cond" truecount="4" falsecount="1"/>
        <line num="84" count="0" type="stmt"/>
        <line num="86" count="3" type="stmt"/>
        <line num="87" count="9" type="stmt"/>
        <line num="88" count="6" type="stmt"/>
        <line num="94" count="3" type="stmt"/>
        <line num="97" count="3" type="cond" truecount="2" falsecount="0"/>
        <line num="98" count="2" type="stmt"/>
        <line num="103" count="1" type="stmt"/>
        <line num="106" count="4" type="stmt"/>
        <line num="107" count="0" type="cond" truecount="0" falsecount="2"/>
        <line num="108" count="0" type="stmt"/>
        <line num="110" count="4" type="stmt"/>
        <line num="112" count="2" type="stmt"/>
        <line num="124" count="4" type="stmt"/>
        <line num="125" count="0" type="cond" truecount="0" falsecount="4"/>
        <line num="126" count="0" type="stmt"/>
        <line num="128" count="0" type="stmt"/>
        <line num="129" count="0" type="stmt"/>
        <line num="130" count="0" type="cond" truecount="0" falsecount="2"/>
        <line num="131" count="0" type="stmt"/>
        <line num="136" count="0" type="stmt"/>
        <line num="139" count="4" type="stmt"/>
        <line num="140" count="0" type="stmt"/>
        <line num="141" count="0" type="stmt"/>
      </file>
      <file name="KunYtelseUtenBesteberegningPanel.tsx" path="C:\develop\ft-frontend-saksbehandling\packages\fakta-beregning\src\components\fellesFaktaForATFLogSN\kunYtelse\KunYtelseUtenBesteberegningPanel.tsx">
        <metrics statements="2" coveredstatements="1" conditionals="0" coveredconditionals="0" methods="1" coveredmethods="0"/>
        <line num="24" count="4" type="stmt"/>
        <line num="30" count="0" type="stmt"/>
      </file>
      <file name="brukersAndelFieldArray.less" path="C:\develop\ft-frontend-saksbehandling\packages\fakta-beregning\src\components\fellesFaktaForATFLogSN\kunYtelse\brukersAndelFieldArray.less">
        <metrics statements="1" coveredstatements="1" conditionals="0" coveredconditionals="0" methods="0" coveredmethods="0"/>
        <line num="1" count="4" type="stmt"/>
      </file>
      <file name="kunYtelseBesteberegningPanel.less" path="C:\develop\ft-frontend-saksbehandling\packages\fakta-beregning\src\components\fellesFaktaForATFLogSN\kunYtelse\kunYtelseBesteberegningPanel.less">
        <metrics statements="1" coveredstatements="1" conditionals="0" coveredconditionals="0" methods="0" coveredmethods="0"/>
        <line num="1" count="11" type="stmt"/>
      </file>
    </package>
    <package name="components.fellesFaktaForATFLogSN.nyIArbeidslivet">
      <metrics statements="14" coveredstatements="5" conditionals="6" coveredconditionals="0" methods="5" coveredmethods="1"/>
      <file name="NyIArbeidslivetSNForm.tsx" path="C:\develop\ft-frontend-saksbehandling\packages\fakta-beregning\src\components\fellesFaktaForATFLogSN\nyIArbeidslivet\NyIArbeidslivetSNForm.tsx">
        <metrics statements="14" coveredstatements="5" conditionals="6" coveredconditionals="0" methods="5" coveredmethods="1"/>
        <line num="18" count="4" type="stmt"/>
        <line num="36" count="4" type="stmt"/>
        <line num="37" count="1" type="stmt"/>
        <line num="54" count="4" type="stmt"/>
        <line num="55" count="0" type="stmt"/>
        <line num="56" count="0" type="cond" truecount="0" falsecount="4"/>
        <line num="57" count="0" type="stmt"/>
        <line num="59" count="0" type="stmt"/>
        <line num="60" count="0" type="stmt"/>
        <line num="61" count="0" type="stmt"/>
        <line num="62" count="0" type="cond" truecount="0" falsecount="2"/>
        <line num="63" count="0" type="stmt"/>
        <line num="65" count="0" type="stmt"/>
        <line num="68" count="4" type="stmt"/>
      </file>
    </package>
    <package name="components.fellesFaktaForATFLogSN.tidsbegrensetArbeidsforhold">
      <metrics statements="25" coveredstatements="11" conditionals="8" coveredconditionals="3" methods="8" coveredmethods="4"/>
      <file name="TidsbegrensetArbeidsforholdForm.tsx" path="C:\develop\ft-frontend-saksbehandling\packages\fakta-beregning\src\components\fellesFaktaForATFLogSN\tidsbegrensetArbeidsforhold\TidsbegrensetArbeidsforholdForm.tsx">
        <metrics statements="25" coveredstatements="11" conditionals="8" coveredconditionals="3" methods="8" coveredmethods="4"/>
        <line num="19" count="4" type="stmt"/>
        <line num="21" count="4" type="cond" truecount="3" falsecount="1"/>
        <line num="25" count="4" type="stmt"/>
        <line num="27" count="8" type="stmt"/>
        <line num="28" count="8" type="stmt"/>
        <line num="50" count="4" type="stmt"/>
        <line num="53" count="2" type="stmt"/>
        <line num="54" count="2" type="stmt"/>
        <line num="57" count="4" type="stmt"/>
        <line num="84" count="4" type="stmt"/>
        <line num="85" count="0" type="stmt"/>
        <line num="86" count="0" type="cond" truecount="0" falsecount="2"/>
        <line num="87" count="0" type="stmt"/>
        <line num="89" count="0" type="stmt"/>
        <line num="90" count="0" type="cond" truecount="0" falsecount="2"/>
        <line num="91" count="0" type="stmt"/>
        <line num="94" count="0" type="stmt"/>
        <line num="97" count="4" type="stmt"/>
        <line num="99" count="0" type="stmt"/>
        <line num="100" count="0" type="stmt"/>
        <line num="101" count="0" type="stmt"/>
        <line num="102" count="0" type="stmt"/>
        <line num="103" count="0" type="stmt"/>
        <line num="108" count="0" type="stmt"/>
        <line num="110" count="0" type="stmt"/>
      </file>
    </package>
    <package name="components.fellesFaktaForATFLogSN.vurderMilitaer">
      <metrics statements="10" coveredstatements="10" conditionals="4" coveredconditionals="4" methods="3" coveredmethods="3"/>
      <file name="VurderMilitaer.tsx" path="C:\develop\ft-frontend-saksbehandling\packages\fakta-beregning\src\components\fellesFaktaForATFLogSN\vurderMilitaer\VurderMilitaer.tsx">
        <metrics statements="10" coveredstatements="10" conditionals="4" coveredconditionals="4" methods="3" coveredmethods="3"/>
        <line num="15" count="6" type="stmt"/>
        <line num="27" count="6" type="stmt"/>
        <line num="28" count="1" type="stmt"/>
        <line num="44" count="6" type="stmt"/>
        <line num="45" count="3" type="stmt"/>
        <line num="46" count="3" type="cond" truecount="4" falsecount="0"/>
        <line num="47" count="1" type="stmt"/>
        <line num="49" count="2" type="stmt"/>
        <line num="50" count="2" type="stmt"/>
        <line num="53" count="6" type="stmt"/>
      </file>
    </package>
    <package name="components.fellesFaktaForATFLogSN.vurderOgFastsettATFL">
      <metrics statements="96" coveredstatements="55" conditionals="76" coveredconditionals="33" methods="32" coveredmethods="13"/>
      <file name="VurderOgFastsettATFL.tsx" path="C:\develop\ft-frontend-saksbehandling\packages\fakta-beregning\src\components\fellesFaktaForATFLogSN\vurderOgFastsettATFL\VurderOgFastsettATFL.tsx">
        <metrics statements="96" coveredstatements="55" conditionals="76" coveredconditionals="33" methods="32" coveredmethods="13"/>
        <line num="36" count="4" type="stmt"/>
        <line num="37" count="0" type="cond" truecount="0" falsecount="3"/>
        <line num="40" count="4" type="stmt"/>
        <line num="41" count="0" type="cond" truecount="0" falsecount="3"/>
        <line num="44" count="4" type="stmt"/>
        <line num="45" count="0" type="cond" truecount="0" falsecount="3"/>
        <line num="48" count="4" type="stmt"/>
        <line num="50" count="0" type="cond" truecount="0" falsecount="2"/>
        <line num="53" count="4" type="stmt"/>
        <line num="54" count="0" type="cond" truecount="0" falsecount="4"/>
        <line num="60" count="4" type="stmt"/>
        <line num="61" count="0" type="stmt"/>
        <line num="62" count="0" type="stmt"/>
        <line num="65" count="4" type="stmt"/>
        <line num="66" count="1" type="cond" truecount="1" falsecount="1"/>
        <line num="67" count="0" type="stmt"/>
        <line num="69" count="1" type="cond" truecount="1" falsecount="1"/>
        <line num="70" count="0" type="stmt"/>
        <line num="72" count="1" type="cond" truecount="1" falsecount="1"/>
        <line num="73" count="0" type="cond" truecount="0" falsecount="2"/>
        <line num="74" count="0" type="stmt"/>
        <line num="76" count="0" type="stmt"/>
        <line num="78" count="1" type="cond" truecount="1" falsecount="1"/>
        <line num="79" count="1" type="stmt"/>
        <line num="81" count="0" type="stmt"/>
        <line num="84" count="4" type="stmt"/>
        <line num="86" count="1" type="stmt"/>
        <line num="140" count="4" type="stmt"/>
        <line num="157" count="1" type="stmt"/>
        <line num="220" count="4" type="stmt"/>
        <line num="224" count="0" type="cond" truecount="0" falsecount="2"/>
        <line num="225" count="0" type="stmt"/>
        <line num="227" count="0" type="stmt"/>
        <line num="228" count="0" type="cond" truecount="0" falsecount="2"/>
        <line num="229" count="0" type="stmt"/>
        <line num="231" count="0" type="stmt"/>
        <line num="237" count="4" type="stmt"/>
        <line num="238" count="0" type="stmt"/>
        <line num="239" count="0" type="cond" truecount="0" falsecount="2"/>
        <line num="240" count="0" type="stmt"/>
        <line num="242" count="0" type="stmt"/>
        <line num="245" count="4" type="stmt"/>
        <line num="250" count="0" type="stmt"/>
        <line num="251" count="0" type="cond" truecount="0" falsecount="4"/>
        <line num="252" count="0" type="stmt"/>
        <line num="255" count="0" type="cond" truecount="0" falsecount="4"/>
        <line num="256" count="0" type="stmt"/>
        <line num="258" count="0" type="stmt"/>
        <line num="261" count="4" type="stmt"/>
        <line num="262" count="35" type="stmt"/>
        <line num="269" count="4" type="stmt"/>
        <line num="273" count="6" type="cond" truecount="1" falsecount="1"/>
        <line num="274" count="0" type="stmt"/>
        <line num="275" count="0" type="stmt"/>
        <line num="276" count="0" type="stmt"/>
        <line num="286" count="0" type="stmt"/>
        <line num="291" count="6" type="stmt"/>
        <line num="296" count="4" type="stmt"/>
        <line num="301" count="6" type="cond" truecount="2" falsecount="0"/>
        <line num="302" count="9" type="stmt"/>
        <line num="303" count="6" type="stmt"/>
        <line num="304" count="6" type="cond" truecount="2" falsecount="0"/>
        <line num="306" count="5" type="stmt"/>
        <line num="307" count="5" type="stmt"/>
        <line num="309" count="5" type="cond" truecount="2" falsecount="0"/>
        <line num="312" count="5" type="cond" truecount="2" falsecount="0"/>
        <line num="315" count="5" type="stmt"/>
        <line num="317" count="5" type="cond" truecount="2" falsecount="0"/>
        <line num="320" count="5" type="cond" truecount="2" falsecount="0"/>
        <line num="323" count="5" type="cond" truecount="2" falsecount="0"/>
        <line num="326" count="6" type="stmt"/>
        <line num="329" count="4" type="stmt"/>
        <line num="330" count="6" type="stmt"/>
        <line num="331" count="6" type="stmt"/>
        <line num="332" count="6" type="stmt"/>
        <line num="333" count="6" type="stmt"/>
        <line num="334" count="6" type="stmt"/>
        <line num="337" count="4" type="stmt"/>
        <line num="341" count="2" type="stmt"/>
        <line num="342" count="2" type="cond" truecount="1" falsecount="1"/>
        <line num="343" count="0" type="stmt"/>
        <line num="345" count="4" type="stmt"/>
        <line num="348" count="4" type="stmt"/>
        <line num="352" count="2" type="stmt"/>
        <line num="353" count="2" type="cond" truecount="1" falsecount="1"/>
        <line num="354" count="0" type="stmt"/>
        <line num="356" count="4" type="stmt"/>
        <line num="359" count="4" type="stmt"/>
        <line num="361" count="0" type="stmt"/>
        <line num="362" count="0" type="cond" truecount="0" falsecount="4"/>
        <line num="363" count="0" type="stmt"/>
        <line num="365" count="0" type="stmt"/>
        <line num="368" count="4" type="stmt"/>
        <line num="369" count="0" type="stmt"/>
        <line num="370" count="0" type="stmt"/>
        <line num="372" count="4" type="stmt"/>
      </file>
    </package>
    <package name="components.fellesFaktaForATFLogSN.vurderOgFastsettATFL.forms">
      <metrics statements="271" coveredstatements="237" conditionals="202" coveredconditionals="141" methods="86" coveredmethods="81"/>
      <file name="ATFLSammeOrg.tsx" path="C:\develop\ft-frontend-saksbehandling\packages\fakta-beregning\src\components\fellesFaktaForATFLogSN\vurderOgFastsettATFL\forms\ATFLSammeOrg.tsx">
        <metrics statements="23" coveredstatements="23" conditionals="18" coveredconditionals="15" methods="11" coveredmethods="11"/>
        <line num="9" count="5" type="stmt"/>
        <line num="12" count="8" type="cond" truecount="1" falsecount="1"/>
        <line num="13" count="12" type="cond" truecount="4" falsecount="0"/>
        <line num="15" count="2" type="stmt"/>
        <line num="16" count="4" type="stmt"/>
        <line num="17" count="3" type="stmt"/>
        <line num="18" count="2" type="stmt"/>
        <line num="23" count="2" type="cond" truecount="4" falsecount="0"/>
        <line num="24" count="1" type="stmt"/>
        <line num="25" count="1" type="stmt"/>
        <line num="30" count="3" type="stmt"/>
        <line num="31" count="2" type="cond" truecount="1" falsecount="1"/>
        <line num="32" count="2" type="stmt"/>
        <line num="38" count="6" type="stmt"/>
        <line num="41" count="5" type="stmt"/>
        <line num="42" count="3" type="cond" truecount="1" falsecount="1"/>
        <line num="43" count="5" type="stmt"/>
        <line num="51" count="5" type="stmt"/>
        <line num="52" count="3" type="cond" truecount="2" falsecount="0"/>
        <line num="53" count="1" type="stmt"/>
        <line num="55" count="2" type="cond" truecount="2" falsecount="0"/>
        <line num="56" count="1" type="stmt"/>
        <line num="62" count="1" type="stmt"/>
      </file>
      <file name="ArbeidUtenInntektsmelding.ts" path="C:\develop\ft-frontend-saksbehandling\packages\fakta-beregning\src\components\fellesFaktaForATFLogSN\vurderOgFastsettATFL\forms\ArbeidUtenInntektsmelding.ts">
        <metrics statements="16" coveredstatements="16" conditionals="13" coveredconditionals="12" methods="7" coveredmethods="7"/>
        <line num="11" count="5" type="stmt"/>
        <line num="16" count="12" type="cond" truecount="1" falsecount="1"/>
        <line num="18" count="19" type="cond" truecount="4" falsecount="0"/>
        <line num="20" count="13" type="stmt"/>
        <line num="22" count="3" type="stmt"/>
        <line num="24" count="9" type="cond" truecount="2" falsecount="0"/>
        <line num="25" count="2" type="stmt"/>
        <line num="27" count="7" type="stmt"/>
        <line num="28" count="10" type="stmt"/>
        <line num="29" count="7" type="cond" truecount="3" falsecount="0"/>
        <line num="33" count="7" type="stmt"/>
        <line num="34" count="7" type="stmt"/>
        <line num="35" count="5" type="stmt"/>
        <line num="40" count="7" type="cond" truecount="2" falsecount="0"/>
        <line num="41" count="5" type="stmt"/>
        <line num="46" count="2" type="stmt"/>
      </file>
      <file name="AvsluttetArbeidsforhold.ts" path="C:\develop\ft-frontend-saksbehandling\packages\fakta-beregning\src\components\fellesFaktaForATFLogSN\vurderOgFastsettATFL\forms\AvsluttetArbeidsforhold.ts">
        <metrics statements="8" coveredstatements="8" conditionals="6" coveredconditionals="6" methods="4" coveredmethods="4"/>
        <line num="5" count="11" type="stmt"/>
        <line num="7" count="10" type="cond" truecount="2" falsecount="0"/>
        <line num="8" count="1" type="stmt"/>
        <line num="9" count="2" type="stmt"/>
        <line num="10" count="2" type="cond" truecount="2" falsecount="0"/>
        <line num="11" count="2" type="cond" truecount="2" falsecount="0"/>
        <line num="13" count="1" type="stmt"/>
        <line num="15" count="9" type="stmt"/>
      </file>
      <file name="KunstigArbeidsforhold.ts" path="C:\develop\ft-frontend-saksbehandling\packages\fakta-beregning\src\components\fellesFaktaForATFLogSN\vurderOgFastsettATFL\forms\KunstigArbeidsforhold.ts">
        <metrics statements="8" coveredstatements="5" conditionals="9" coveredconditionals="4" methods="4" coveredmethods="2"/>
        <line num="5" count="5" type="cond" truecount="0" falsecount="3"/>
        <line num="9" count="5" type="stmt"/>
        <line num="10" count="0" type="cond" truecount="0" falsecount="2"/>
        <line num="11" count="0" type="stmt"/>
        <line num="14" count="0" type="stmt"/>
        <line num="17" count="5" type="stmt"/>
        <line num="18" count="6" type="stmt"/>
        <line num="19" count="9" type="cond" truecount="4" falsecount="0"/>
      </file>
      <file name="LonnsendringForm.tsx" path="C:\develop\ft-frontend-saksbehandling\packages\fakta-beregning\src\components\fellesFaktaForATFLogSN\vurderOgFastsettATFL\forms\LonnsendringForm.tsx">
        <metrics statements="27" coveredstatements="24" conditionals="22" coveredconditionals="15" methods="10" coveredmethods="10"/>
        <line num="22" count="12" type="stmt"/>
        <line num="34" count="12" type="stmt"/>
        <line num="35" count="1" type="stmt"/>
        <line num="52" count="12" type="stmt"/>
        <line num="53" count="1" type="stmt"/>
        <line num="54" count="1" type="stmt"/>
        <line num="55" count="1" type="cond" truecount="1" falsecount="3"/>
        <line num="58" count="12" type="stmt"/>
        <line num="59" count="1" type="stmt"/>
        <line num="60" count="1" type="cond" truecount="3" falsecount="1"/>
        <line num="61" count="0" type="stmt"/>
        <line num="63" count="1" type="stmt"/>
        <line num="64" count="1" type="cond" truecount="3" falsecount="1"/>
        <line num="65" count="0" type="stmt"/>
        <line num="67" count="1" type="stmt"/>
        <line num="68" count="1" type="cond" truecount="3" falsecount="1"/>
        <line num="69" count="0" type="stmt"/>
        <line num="71" count="1" type="stmt"/>
        <line num="72" count="1" type="stmt"/>
        <line num="75" count="12" type="stmt"/>
        <line num="77" count="5" type="cond" truecount="2" falsecount="0"/>
        <line num="78" count="4" type="stmt"/>
        <line num="80" count="12" type="stmt"/>
        <line num="82" count="7" type="cond" truecount="1" falsecount="1"/>
        <line num="83" count="11" type="cond" truecount="2" falsecount="0"/>
        <line num="84" count="2" type="stmt"/>
        <line num="86" count="5" type="stmt"/>
      </file>
      <file name="NyoppstartetFLForm.tsx" path="C:\develop\ft-frontend-saksbehandling\packages\fakta-beregning\src\components\fellesFaktaForATFLogSN\vurderOgFastsettATFL\forms\NyoppstartetFLForm.tsx">
        <metrics statements="28" coveredstatements="25" conditionals="18" coveredconditionals="13" methods="7" coveredmethods="7"/>
        <line num="22" count="11" type="stmt"/>
        <line num="37" count="11" type="stmt"/>
        <line num="38" count="1" type="stmt"/>
        <line num="55" count="11" type="stmt"/>
        <line num="56" count="1" type="stmt"/>
        <line num="57" count="1" type="cond" truecount="3" falsecount="1"/>
        <line num="58" count="0" type="stmt"/>
        <line num="60" count="1" type="stmt"/>
        <line num="61" count="1" type="stmt"/>
        <line num="62" count="1" type="stmt"/>
        <line num="63" count="1" type="cond" truecount="1" falsecount="1"/>
        <line num="64" count="1" type="stmt"/>
        <line num="66" count="1" type="stmt"/>
        <line num="69" count="11" type="stmt"/>
        <line num="73" count="7" type="cond" truecount="1" falsecount="1"/>
        <line num="74" count="11" type="cond" truecount="2" falsecount="0"/>
        <line num="75" count="2" type="stmt"/>
        <line num="77" count="5" type="cond" truecount="4" falsecount="0"/>
        <line num="78" count="2" type="stmt"/>
        <line num="83" count="3" type="stmt"/>
        <line num="84" count="5" type="stmt"/>
        <line num="85" count="3" type="cond" truecount="1" falsecount="1"/>
        <line num="86" count="0" type="stmt"/>
        <line num="91" count="3" type="cond" truecount="1" falsecount="1"/>
        <line num="92" count="0" type="stmt"/>
        <line num="97" count="3" type="stmt"/>
        <line num="98" count="3" type="stmt"/>
        <line num="101" count="3" type="stmt"/>
      </file>
      <file name="VurderEtterlonnSluttpakkeForm.tsx" path="C:\develop\ft-frontend-saksbehandling\packages\fakta-beregning\src\components\fellesFaktaForATFLogSN\vurderOgFastsettATFL\forms\VurderEtterlonnSluttpakkeForm.tsx">
        <metrics statements="38" coveredstatements="18" conditionals="32" coveredconditionals="10" methods="8" coveredmethods="5"/>
        <line num="24" count="11" type="stmt"/>
        <line num="39" count="11" type="stmt"/>
        <line num="40" count="1" type="stmt"/>
        <line num="57" count="11" type="stmt"/>
        <line num="59" count="2" type="stmt"/>
        <line num="60" count="2" type="cond" truecount="4" falsecount="1"/>
        <line num="61" count="0" type="stmt"/>
        <line num="63" count="2" type="stmt"/>
        <line num="64" count="2" type="stmt"/>
        <line num="65" count="2" type="stmt"/>
        <line num="66" count="2" type="cond" truecount="2" falsecount="0"/>
        <line num="68" count="2" type="cond" truecount="1" falsecount="1"/>
        <line num="69" count="2" type="cond" truecount="1" falsecount="1"/>
        <line num="71" count="2" type="stmt"/>
        <line num="74" count="11" type="stmt"/>
        <line num="75" count="0" type="cond" truecount="0" falsecount="2"/>
        <line num="76" count="0" type="stmt"/>
        <line num="78" count="0" type="stmt"/>
        <line num="79" count="0" type="cond" truecount="0" falsecount="3"/>
        <line num="82" count="0" type="cond" truecount="0" falsecount="2"/>
        <line num="85" count="11" type="stmt"/>
        <line num="89" count="5" type="cond" truecount="1" falsecount="1"/>
        <line num="90" count="5" type="cond" truecount="1" falsecount="1"/>
        <line num="91" count="5" type="stmt"/>
        <line num="93" count="0" type="cond" truecount="0" falsecount="4"/>
        <line num="94" count="0" type="stmt"/>
        <line num="99" count="0" type="stmt"/>
        <line num="100" count="0" type="cond" truecount="0" falsecount="2"/>
        <line num="101" count="0" type="stmt"/>
        <line num="103" count="0" type="stmt"/>
        <line num="104" count="0" type="stmt"/>
        <line num="105" count="0" type="cond" truecount="0" falsecount="2"/>
        <line num="106" count="0" type="stmt"/>
        <line num="111" count="0" type="cond" truecount="0" falsecount="2"/>
        <line num="112" count="0" type="stmt"/>
        <line num="117" count="0" type="stmt"/>
        <line num="118" count="0" type="stmt"/>
        <line num="121" count="0" type="stmt"/>
      </file>
      <file name="VurderMottarYtelseForm.tsx" path="C:\develop\ft-frontend-saksbehandling\packages\fakta-beregning\src\components\fellesFaktaForATFLogSN\vurderOgFastsettATFL\forms\VurderMottarYtelseForm.tsx">
        <metrics statements="87" coveredstatements="83" conditionals="58" coveredconditionals="45" methods="23" coveredmethods="23"/>
        <line num="28" count="5" type="stmt"/>
        <line num="30" count="6" type="stmt"/>
        <line num="32" count="5" type="stmt"/>
        <line num="35" count="3" type="stmt"/>
        <line num="37" count="3" type="cond" truecount="1" falsecount="1"/>
        <line num="38" count="0" type="cond" truecount="0" falsecount="2"/>
        <line num="41" count="3" type="stmt"/>
        <line num="43" count="3" type="stmt"/>
        <line num="48" count="5" type="stmt"/>
        <line num="53" count="3" type="stmt"/>
        <line num="71" count="5" type="stmt"/>
        <line num="72" count="5" type="stmt"/>
        <line num="74" count="5" type="stmt"/>
        <line num="75" count="2" type="cond" truecount="2" falsecount="0"/>
        <line num="76" count="1" type="stmt"/>
        <line num="78" count="1" type="stmt"/>
        <line num="106" count="5" type="stmt"/>
        <line num="109" count="3" type="cond" truecount="1" falsecount="1"/>
        <line num="110" count="3" type="cond" truecount="2" falsecount="0"/>
        <line num="111" count="3" type="cond" truecount="4" falsecount="0"/>
        <line num="112" count="3" type="stmt"/>
        <line num="134" count="3" type="stmt"/>
        <line num="140" count="5" type="stmt"/>
        <line num="146" count="6" type="cond" truecount="1" falsecount="1"/>
        <line num="147" count="0" type="stmt"/>
        <line num="149" count="6" type="stmt"/>
        <line num="150" count="6" type="cond" truecount="2" falsecount="0"/>
        <line num="151" count="4" type="stmt"/>
        <line num="152" count="4" type="stmt"/>
        <line num="153" count="4" type="stmt"/>
        <line num="154" count="12" type="cond" truecount="4" falsecount="0"/>
        <line num="155" count="9" type="stmt"/>
        <line num="156" count="6" type="cond" truecount="3" falsecount="1"/>
        <line num="157" count="6" type="stmt"/>
        <line num="161" count="6" type="stmt"/>
        <line num="165" count="4" type="cond" truecount="2" falsecount="0"/>
        <line num="166" count="3" type="stmt"/>
        <line num="167" count="3" type="stmt"/>
        <line num="171" count="1" type="stmt"/>
        <line num="173" count="2" type="stmt"/>
        <line num="176" count="5" type="stmt"/>
        <line num="180" count="6" type="cond" truecount="1" falsecount="1"/>
        <line num="181" count="0" type="stmt"/>
        <line num="183" count="6" type="stmt"/>
        <line num="184" count="6" type="cond" truecount="2" falsecount="0"/>
        <line num="185" count="3" type="stmt"/>
        <line num="186" count="12" type="stmt"/>
        <line num="187" count="3" type="cond" truecount="4" falsecount="0"/>
        <line num="188" count="4" type="stmt"/>
        <line num="189" count="2" type="stmt"/>
        <line num="190" count="2" type="stmt"/>
        <line num="191" count="2" type="stmt"/>
        <line num="196" count="1" type="stmt"/>
        <line num="198" count="3" type="stmt"/>
        <line num="201" count="5" type="stmt"/>
        <line num="204" count="6" type="cond" truecount="1" falsecount="1"/>
        <line num="205" count="6" type="stmt"/>
        <line num="206" count="6" type="stmt"/>
        <line num="209" count="12" type="stmt"/>
        <line num="217" count="5" type="stmt"/>
        <line num="218" count="5" type="stmt"/>
        <line num="219" count="5" type="cond" truecount="2" falsecount="0"/>
        <line num="220" count="1" type="stmt"/>
        <line num="222" count="4" type="cond" truecount="1" falsecount="1"/>
        <line num="223" count="4" type="stmt"/>
        <line num="226" count="4" type="cond" truecount="2" falsecount="0"/>
        <line num="227" count="4" type="cond" truecount="2" falsecount="0"/>
        <line num="228" count="3" type="stmt"/>
        <line num="230" count="1" type="stmt"/>
        <line num="231" count="3" type="stmt"/>
        <line num="233" count="1" type="stmt"/>
        <line num="236" count="5" type="stmt"/>
        <line num="241" count="11" type="stmt"/>
        <line num="242" count="11" type="cond" truecount="1" falsecount="1"/>
        <line num="243" count="24" type="cond" truecount="2" falsecount="0"/>
        <line num="244" count="5" type="stmt"/>
        <line num="246" count="6" type="stmt"/>
        <line num="254" count="5" type="stmt"/>
        <line num="255" count="2" type="stmt"/>
        <line num="256" count="2" type="cond" truecount="1" falsecount="1"/>
        <line num="257" count="0" type="stmt"/>
        <line num="259" count="2" type="cond" truecount="1" falsecount="1"/>
        <line num="260" count="2" type="stmt"/>
        <line num="262" count="2" type="cond" truecount="1" falsecount="1"/>
        <line num="263" count="2" type="stmt"/>
        <line num="264" count="6" type="stmt"/>
        <line num="266" count="2" type="stmt"/>
      </file>
      <file name="VurderMottarYtelseUtils.ts" path="C:\develop\ft-frontend-saksbehandling\packages\fakta-beregning\src\components\fellesFaktaForATFLogSN\vurderOgFastsettATFL\forms\VurderMottarYtelseUtils.ts">
        <metrics statements="36" coveredstatements="35" conditionals="26" coveredconditionals="21" methods="12" coveredmethods="12"/>
        <line num="6" count="12" type="stmt"/>
        <line num="7" count="12" type="stmt"/>
        <line num="8" count="149" type="stmt"/>
        <line num="9" count="65" type="stmt"/>
        <line num="11" count="12" type="stmt"/>
        <line num="12" count="10" type="cond" truecount="3" falsecount="1"/>
        <line num="13" count="24" type="stmt"/>
        <line num="14" count="14" type="stmt"/>
        <line num="17" count="18" type="stmt"/>
        <line num="19" count="12" type="stmt"/>
        <line num="22" count="15" type="cond" truecount="2" falsecount="0"/>
        <line num="23" count="1" type="stmt"/>
        <line num="25" count="14" type="stmt"/>
        <line num="26" count="14" type="cond" truecount="1" falsecount="1"/>
        <line num="27" count="14" type="stmt"/>
        <line num="28" count="34" type="stmt"/>
        <line num="29" count="34" type="stmt"/>
        <line num="31" count="14" type="cond" truecount="1" falsecount="1"/>
        <line num="32" count="0" type="stmt"/>
        <line num="34" count="14" type="stmt"/>
        <line num="36" count="48" type="stmt"/>
        <line num="37" count="14" type="cond" truecount="1" falsecount="1"/>
        <line num="38" count="14" type="stmt"/>
        <line num="40" count="14" type="stmt"/>
        <line num="43" count="12" type="stmt"/>
        <line num="44" count="4" type="cond" truecount="2" falsecount="0"/>
        <line num="45" count="2" type="stmt"/>
        <line num="46" count="2" type="cond" truecount="4" falsecount="0"/>
        <line num="47" count="1" type="stmt"/>
        <line num="50" count="3" type="cond" truecount="1" falsecount="1"/>
        <line num="51" count="3" type="cond" truecount="2" falsecount="0"/>
        <line num="52" count="6" type="stmt"/>
        <line num="53" count="6" type="cond" truecount="2" falsecount="0"/>
        <line num="54" count="2" type="cond" truecount="2" falsecount="0"/>
        <line num="55" count="1" type="stmt"/>
        <line num="58" count="2" type="stmt"/>
      </file>
    </package>
    <package name="components.fellesFaktaForATFLogSN.vurderrefusjon">
      <metrics statements="24" coveredstatements="22" conditionals="8" coveredconditionals="5" methods="9" coveredmethods="9"/>
      <file name="VurderRefusjonForm.tsx" path="C:\develop\ft-frontend-saksbehandling\packages\fakta-beregning\src\components\fellesFaktaForATFLogSN\vurderrefusjon\VurderRefusjonForm.tsx">
        <metrics statements="24" coveredstatements="22" conditionals="8" coveredconditionals="5" methods="9" coveredmethods="9"/>
        <line num="17" count="4" type="stmt"/>
        <line num="19" count="4" type="stmt"/>
        <line num="21" count="11" type="stmt"/>
        <line num="23" count="4" type="stmt"/>
        <line num="26" count="2" type="stmt"/>
        <line num="28" count="3" type="stmt"/>
        <line num="29" count="3" type="stmt"/>
        <line num="30" count="3" type="cond" truecount="1" falsecount="1"/>
        <line num="31" count="3" type="stmt"/>
        <line num="71" count="4" type="stmt"/>
        <line num="77" count="2" type="stmt"/>
        <line num="78" count="2" type="stmt"/>
        <line num="85" count="4" type="stmt"/>
        <line num="86" count="1" type="cond" truecount="1" falsecount="1"/>
        <line num="87" count="0" type="stmt"/>
        <line num="89" count="1" type="stmt"/>
        <line num="90" count="2" type="stmt"/>
        <line num="97" count="4" type="stmt"/>
        <line num="98" count="1" type="stmt"/>
        <line num="99" count="1" type="cond" truecount="3" falsecount="1"/>
        <line num="100" count="0" type="stmt"/>
        <line num="102" count="1" type="stmt"/>
        <line num="103" count="2" type="stmt"/>
        <line num="105" count="1" type="stmt"/>
      </file>
    </package>
    <package name="legacy">
      <metrics statements="31" coveredstatements="24" conditionals="48" coveredconditionals="35" methods="11" coveredmethods="5"/>
      <file name="FaktaBegrunnelseTextField.tsx" path="C:\develop\ft-frontend-saksbehandling\packages\fakta-beregning\src\legacy\FaktaBegrunnelseTextField.tsx">
        <metrics statements="14" coveredstatements="13" conditionals="23" coveredconditionals="18" methods="4" coveredmethods="3"/>
        <line num="12" count="5" type="stmt"/>
        <line num="14" count="5" type="stmt"/>
        <line num="15" count="5" type="stmt"/>
        <line num="42" count="5" type="stmt"/>
        <line num="50" count="6" type="cond" truecount="2" falsecount="0"/>
        <line num="51" count="6" type="cond" truecount="2" falsecount="0"/>
        <line num="52" count="6" type="stmt"/>
        <line num="70" count="5" type="stmt"/>
        <line num="75" count="5" type="stmt"/>
        <line num="76" count="3" type="cond" truecount="3" falsecount="1"/>
        <line num="77" count="0" type="cond" truecount="0" falsecount="2"/>
        <line num="79" count="3" type="cond" truecount="4" falsecount="0"/>
        <line num="82" count="5" type="cond" truecount="0" falsecount="1"/>
        <line num="86" count="5" type="cond" truecount="0" falsecount="1"/>
      </file>
      <file name="FaktaSubmitButton.tsx" path="C:\develop\ft-frontend-saksbehandling\packages\fakta-beregning\src\legacy\FaktaSubmitButton.tsx">
        <metrics statements="16" coveredstatements="10" conditionals="25" coveredconditionals="17" methods="7" coveredmethods="2"/>
        <line num="12" count="5" type="stmt"/>
        <line num="14" count="5" type="stmt"/>
        <line num="21" count="6" type="cond" truecount="4" falsecount="0"/>
        <line num="22" count="2" type="stmt"/>
        <line num="24" count="4" type="cond" truecount="2" falsecount="0"/>
        <line num="25" count="3" type="cond" truecount="3" falsecount="0"/>
        <line num="28" count="1" type="stmt"/>
        <line num="51" count="5" type="stmt"/>
        <line num="61" count="7" type="stmt"/>
        <line num="77" count="5" type="stmt"/>
        <line num="78" count="0" type="cond" truecount="0" falsecount="2"/>
        <line num="79" count="0" type="cond" truecount="0" falsecount="2"/>
        <line num="80" count="0" type="stmt"/>
        <line num="81" count="0" type="stmt"/>
        <line num="82" count="0" type="stmt"/>
        <line num="85" count="0" type="stmt"/>
      </file>
      <file name="faktaBegrunnelseTextField.less" path="C:\develop\ft-frontend-saksbehandling\packages\fakta-beregning\src\legacy\faktaBegrunnelseTextField.less">
        <metrics statements="1" coveredstatements="1" conditionals="0" coveredconditionals="0" methods="0" coveredmethods="0"/>
        <line num="1" count="5" type="stmt"/>
      </file>
    </package>
  </project>
</coverage>
