TN:
SF:src\components\ArbeidsforholdHelper.ts
FN:6,(anonymous_0)
FN:8,(anonymous_1)
FN:18,(anonymous_2)
FN:20,(anonymous_3)
FNF:4
FNH:2
FNDA:49,(anonymous_0)
FNDA:49,(anonymous_1)
FNDA:0,(anonymous_2)
FNDA:0,(anonymous_3)
DA:6,49
DA:8,15
DA:9,49
DA:10,8
DA:11,8
DA:13,0
DA:15,41
DA:18,15
DA:19,0
DA:20,0
DA:21,0
LF:11
LH:7
BRDA:6,0,0,11
BRDA:6,0,1,38
BRDA:9,1,0,8
BRDA:9,1,1,41
BRDA:10,2,0,8
BRDA:10,2,1,0
BRF:6
BRH:5
end_of_record
TN:
SF:src\components\BeregningFormUtils.ts
FN:11,(anonymous_0)
FN:12,(anonymous_1)
FN:15,(anonymous_2)
FN:16,(anonymous_3)
FN:19,(anonymous_4)
FN:20,(anonymous_5)
FN:23,(anonymous_6)
FN:24,(anonymous_7)
FN:27,(anonymous_8)
FN:28,(anonymous_9)
FNF:10
FNH:4
FNDA:0,(anonymous_0)
FNDA:0,(anonymous_1)
FNDA:0,(anonymous_2)
FNDA:0,(anonymous_3)
FNDA:5,(anonymous_4)
FNDA:5,(anonymous_5)
FNDA:0,(anonymous_6)
FNDA:0,(anonymous_7)
FNDA:4,(anonymous_8)
FNDA:1,(anonymous_9)
DA:4,11
DA:6,11
DA:10,11
DA:11,0
DA:12,0
DA:14,11
DA:15,0
DA:16,0
DA:18,11
DA:19,5
DA:20,5
DA:22,11
DA:23,0
DA:24,0
DA:26,11
DA:27,4
DA:28,1
LF:17
LH:11
BRF:0
BRH:0
end_of_record
TN:
SF:src\components\BeregningInfoPanel.tsx
FN:40,(anonymous_0)
FNF:1
FNH:1
FNDA:4,(anonymous_0)
DA:19,1
DA:40,1
DA:51,4
LF:3
LH:3
BRDA:53,0,0,4
BRDA:53,0,1,2
BRDA:53,0,2,1
BRDA:66,1,0,4
BRDA:66,1,1,2
BRDA:66,1,2,1
BRDA:66,1,3,1
BRF:7
BRH:7
end_of_record
TN:
SF:src\components\beregning-test-helper.tsx
FN:5,(anonymous_0)
FN:29,(anonymous_1)
FNF:2
FNH:1
FNDA:0,(anonymous_0)
FNDA:5,(anonymous_1)
DA:3,2
DA:5,2
DA:7,2
DA:8,2
DA:24,2
DA:29,2
DA:30,5
DA:32,5
DA:49,5
DA:55,5
LF:10
LH:10
BRDA:29,0,0,0
BRDA:29,1,0,2
BRDA:29,2,0,3
BRF:3
BRH:2
end_of_record
TN:
SF:src\components\avklareAktiviteter\AvklareAktiviteterPanel.tsx
FN:40,(anonymous_0)
FN:41,(anonymous_1)
FN:44,(anonymous_2)
FN:45,(anonymous_3)
FN:49,(anonymous_4)
FN:50,(anonymous_5)
FN:51,(anonymous_6)
FN:54,(anonymous_7)
FN:76,(anonymous_8)
FN:77,(anonymous_9)
FN:82,(anonymous_10)
FN:85,(anonymous_11)
FN:109,(anonymous_12)
FN:109,(anonymous_13)
FN:112,(anonymous_14)
FN:115,(anonymous_15)
FN:119,(anonymous_16)
FN:124,(anonymous_17)
FN:130,(anonymous_18)
FN:134,(anonymous_19)
FN:138,(anonymous_20)
FN:142,(anonymous_21)
FN:187,(anonymous_22)
FN:195,(anonymous_23)
FN:204,(anonymous_24)
FN:210,(anonymous_25)
FN:218,(anonymous_26)
FN:258,(anonymous_27)
FN:342,(anonymous_28)
FN:374,(anonymous_29)
FN:377,(anonymous_30)
FN:386,(anonymous_31)
FN:402,(anonymous_32)
FN:403,(anonymous_33)
FN:404,(anonymous_34)
FN:405,(anonymous_35)
FN:407,(anonymous_36)
FN:410,(anonymous_37)
FN:411,(anonymous_38)
FN:412,(anonymous_39)
FN:414,(anonymous_40)
FN:419,(anonymous_41)
FN:420,(anonymous_42)
FN:420,(anonymous_43)
FN:422,(anonymous_44)
FN:441,(anonymous_45)
FNF:46
FNH:26
FNDA:6,(anonymous_0)
FNDA:4,(anonymous_1)
FNDA:6,(anonymous_2)
FNDA:6,(anonymous_3)
FNDA:0,(anonymous_4)
FNDA:0,(anonymous_5)
FNDA:0,(anonymous_6)
FNDA:4,(anonymous_7)
FNDA:0,(anonymous_8)
FNDA:0,(anonymous_9)
FNDA:12,(anonymous_10)
FNDA:3,(anonymous_11)
FNDA:8,(anonymous_12)
FNDA:8,(anonymous_13)
FNDA:4,(anonymous_14)
FNDA:8,(anonymous_15)
FNDA:10,(anonymous_16)
FNDA:6,(anonymous_17)
FNDA:6,(anonymous_18)
FNDA:4,(anonymous_19)
FNDA:4,(anonymous_20)
FNDA:6,(anonymous_21)
FNDA:4,(anonymous_22)
FNDA:4,(anonymous_23)
FNDA:0,(anonymous_24)
FNDA:0,(anonymous_25)
FNDA:8,(anonymous_26)
FNDA:0,(anonymous_27)
FNDA:0,(anonymous_28)
FNDA:2,(anonymous_29)
FNDA:0,(anonymous_30)
FNDA:2,(anonymous_31)
FNDA:3,(anonymous_32)
FNDA:3,(anonymous_33)
FNDA:3,(anonymous_34)
FNDA:3,(anonymous_35)
FNDA:0,(anonymous_36)
FNDA:0,(anonymous_37)
FNDA:0,(anonymous_38)
FNDA:0,(anonymous_39)
FNDA:0,(anonymous_40)
FNDA:0,(anonymous_41)
FNDA:0,(anonymous_42)
FNDA:0,(anonymous_43)
FNDA:0,(anonymous_44)
FNDA:0,(anonymous_45)
DA:34,4
DA:36,4
DA:38,4
DA:40,6
DA:41,4
DA:43,4
DA:44,6
DA:45,6
DA:48,4
DA:49,0
DA:50,0
DA:51,0
DA:55,4
DA:56,0
DA:58,4
DA:59,0
DA:61,4
DA:62,4
DA:63,4
DA:68,4
DA:69,2
DA:71,4
DA:75,4
DA:76,0
DA:77,0
DA:82,4
DA:83,12
DA:85,4
DA:90,3
DA:91,3
DA:93,3
DA:94,3
DA:97,3
DA:98,3
DA:99,3
DA:100,3
DA:109,8
DA:112,4
DA:115,4
DA:117,8
DA:119,4
DA:122,10
DA:124,4
DA:127,6
DA:130,4
DA:132,6
DA:134,4
DA:136,4
DA:138,4
DA:140,4
DA:142,4
DA:143,6
DA:188,4
DA:189,4
DA:196,4
DA:197,4
DA:198,4
DA:208,0
DA:209,0
DA:210,0
DA:214,0
DA:241,8
DA:242,8
DA:243,2
DA:246,6
DA:248,6
DA:258,0
DA:267,6
DA:268,0
DA:278,6
DA:342,0
DA:374,4
DA:375,2
DA:377,4
DA:378,0
DA:379,0
DA:380,0
DA:381,0
DA:383,0
DA:386,4
DA:387,2
DA:388,2
DA:389,2
DA:390,2
DA:391,2
DA:393,2
DA:399,0
DA:402,4
DA:403,3
DA:404,3
DA:405,3
DA:407,4
DA:408,0
DA:410,4
DA:412,0
DA:414,0
DA:415,0
DA:418,4
DA:419,0
DA:420,0
DA:422,4
DA:423,0
DA:424,0
DA:425,0
DA:441,4
LF:105
LH:76
BRDA:41,0,0,4
BRDA:41,0,1,2
BRDA:45,1,0,6
BRDA:45,1,1,0
BRDA:55,2,0,0
BRDA:55,2,1,4
BRDA:55,3,0,4
BRDA:55,3,1,0
BRDA:55,3,2,0
BRDA:58,4,0,0
BRDA:58,4,1,4
BRDA:62,5,0,4
BRDA:62,5,1,0
BRDA:62,6,0,4
BRDA:62,6,1,4
BRDA:62,6,2,4
BRDA:68,7,0,2
BRDA:68,7,1,2
BRDA:68,8,0,4
BRDA:68,8,1,4
BRDA:77,9,0,0
BRDA:77,9,1,0
BRDA:83,10,0,12
BRDA:83,10,1,8
BRDA:89,11,0,3
BRDA:93,12,0,3
BRDA:93,12,1,0
BRDA:93,13,0,3
BRDA:93,13,1,3
BRDA:99,14,0,1
BRDA:99,14,1,2
BRDA:101,15,0,3
BRDA:101,15,1,2
BRDA:109,16,0,8
BRDA:109,16,1,4
BRDA:112,17,0,4
BRDA:112,17,1,4
BRDA:117,18,0,8
BRDA:117,18,1,6
BRDA:117,18,2,2
BRDA:122,19,0,10
BRDA:122,19,1,10
BRDA:122,19,2,6
BRDA:122,19,3,4
BRDA:127,20,0,6
BRDA:127,20,1,6
BRDA:132,21,0,6
BRDA:132,21,1,4
BRDA:132,21,2,0
BRDA:136,22,0,4
BRDA:136,22,1,4
BRDA:136,22,2,0
BRDA:140,23,0,4
BRDA:140,23,1,4
BRDA:140,23,2,2
BRDA:143,24,0,6
BRDA:143,24,1,2
BRDA:197,25,0,4
BRDA:197,25,1,0
BRDA:242,26,0,2
BRDA:242,26,1,6
BRDA:255,27,0,6
BRDA:255,27,1,4
BRDA:267,28,0,0
BRDA:267,28,1,6
BRDA:274,29,0,0
BRDA:274,29,1,0
BRDA:283,30,0,6
BRDA:283,30,1,2
BRDA:286,31,0,6
BRDA:286,31,1,0
BRDA:294,32,0,6
BRDA:294,32,1,2
BRDA:300,33,0,6
BRDA:300,33,1,6
BRDA:300,33,2,6
BRDA:314,34,0,6
BRDA:314,34,1,4
BRDA:322,35,0,4
BRDA:322,35,1,0
BRDA:329,36,0,0
BRDA:329,36,1,0
BRDA:336,37,0,0
BRDA:336,37,1,0
BRDA:336,37,2,0
BRDA:355,38,0,6
BRDA:355,38,1,4
BRDA:359,39,0,2
BRDA:359,39,1,2
BRDA:368,40,0,6
BRDA:368,40,1,0
BRDA:375,41,0,2
BRDA:375,41,1,1
BRDA:379,42,0,0
BRDA:379,42,1,0
BRDA:389,43,0,2
BRDA:389,43,1,0
BRDA:394,44,0,1
BRDA:394,44,1,1
BRDA:395,45,0,1
BRDA:395,45,1,1
BRDA:408,46,0,0
BRDA:408,46,1,0
BRDA:412,47,0,0
BRDA:412,47,1,0
BRDA:434,48,0,0
BRDA:434,48,1,0
BRDA:435,49,0,0
BRDA:435,49,1,0
BRF:109
BRH:75
end_of_record
TN:
SF:src\components\avklareAktiviteter\VurderAktiviteterPanel.tsx
FN:13,(anonymous_0)
FN:14,(anonymous_1)
FN:21,(anonymous_2)
FN:29,(anonymous_3)
FN:33,(anonymous_4)
FN:46,(anonymous_5)
FN:53,(anonymous_6)
FN:53,(anonymous_7)
FN:72,(anonymous_8)
FN:100,(anonymous_9)
FN:151,(anonymous_10)
FN:166,(anonymous_11)
FN:186,(anonymous_12)
FN:212,(anonymous_13)
FN:214,(anonymous_14)
FN:221,(anonymous_15)
FN:225,(anonymous_16)
FN:233,(anonymous_17)
FN:251,(anonymous_18)
FN:267,(anonymous_19)
FN:278,(anonymous_20)
FNF:21
FNH:19
FNDA:14,(anonymous_0)
FNDA:38,(anonymous_1)
FNDA:20,(anonymous_2)
FNDA:45,(anonymous_3)
FNDA:37,(anonymous_4)
FNDA:10,(anonymous_5)
FNDA:14,(anonymous_6)
FNDA:42,(anonymous_7)
FNDA:10,(anonymous_8)
FNDA:2,(anonymous_9)
FNDA:0,(anonymous_10)
FNDA:0,(anonymous_11)
FNDA:4,(anonymous_12)
FNDA:3,(anonymous_13)
FNDA:2,(anonymous_14)
FNDA:2,(anonymous_15)
FNDA:4,(anonymous_16)
FNDA:4,(anonymous_17)
FNDA:3,(anonymous_18)
FNDA:3,(anonymous_19)
FNDA:3,(anonymous_20)
DA:13,14
DA:15,38
DA:16,38
DA:21,4
DA:22,20
DA:23,20
DA:24,8
DA:26,20
DA:29,4
DA:33,45
DA:34,45
DA:35,16
DA:39,16
DA:40,16
DA:42,29
DA:46,4
DA:47,10
DA:48,10
DA:50,10
DA:53,14
DA:54,42
DA:55,42
DA:56,42
DA:57,0
DA:59,42
DA:60,38
DA:62,4
DA:65,10
DA:72,4
DA:75,10
DA:76,10
DA:77,1
DA:79,9
DA:80,7
DA:82,2
DA:100,4
DA:101,2
DA:102,0
DA:104,2
DA:105,2
DA:106,2
DA:107,4
DA:108,4
DA:109,2
DA:113,0
DA:151,4
DA:162,0
DA:163,0
DA:164,0
DA:167,0
DA:186,4
DA:187,4
DA:188,4
DA:189,4
DA:190,1
DA:192,3
DA:193,3
DA:194,0
DA:196,3
DA:198,3
DA:199,1
DA:201,2
DA:202,2
DA:203,0
DA:205,2
DA:206,2
DA:207,1
DA:209,1
DA:212,4
DA:214,4
DA:217,2
DA:218,2
DA:219,2
DA:221,2
DA:225,4
DA:229,4
DA:230,0
DA:232,4
DA:233,4
DA:251,4
DA:252,3
DA:253,0
DA:255,3
DA:256,3
DA:257,3
DA:258,3
DA:259,3
DA:260,3
DA:264,0
DA:267,4
DA:272,3
DA:273,0
DA:275,3
DA:276,3
DA:278,3
DA:279,3
DA:285,3
LF:97
LH:84
BRDA:16,0,0,38
BRDA:16,0,1,0
BRDA:16,1,0,38
BRDA:16,1,1,38
BRDA:23,2,0,28
BRDA:23,2,1,11
BRDA:23,3,0,0
BRDA:23,3,1,11
BRDA:34,4,0,16
BRDA:34,4,1,29
BRDA:56,5,0,0
BRDA:56,5,1,42
BRDA:56,6,0,42
BRDA:56,6,1,8
BRDA:59,7,0,38
BRDA:59,7,1,4
BRDA:75,8,0,10
BRDA:75,8,1,0
BRDA:76,9,0,1
BRDA:76,9,1,9
BRDA:79,10,0,7
BRDA:79,10,1,2
BRDA:79,11,0,9
BRDA:79,11,1,9
BRDA:79,11,2,6
BRDA:101,12,0,0
BRDA:101,12,1,2
BRDA:101,13,0,2
BRDA:101,13,1,2
BRDA:108,14,0,2
BRDA:108,14,1,2
BRDA:189,15,0,1
BRDA:189,15,1,3
BRDA:193,16,0,0
BRDA:193,16,1,3
BRDA:196,17,0,3
BRDA:196,17,1,2
BRDA:198,18,0,1
BRDA:198,18,1,2
BRDA:202,19,0,0
BRDA:202,19,1,2
BRDA:206,20,0,1
BRDA:206,20,1,1
BRDA:229,21,0,0
BRDA:229,21,1,4
BRDA:252,22,0,0
BRDA:252,22,1,3
BRDA:258,23,0,3
BRDA:258,23,1,3
BRDA:258,23,2,0
BRDA:259,24,0,3
BRDA:259,24,1,0
BRDA:272,25,0,0
BRDA:272,25,1,3
BRDA:272,26,0,3
BRDA:272,26,1,3
BRF:56
BRH:44
end_of_record
TN:
SF:src\components\avklareAktiviteter\VurderAktiviteterTabell.tsx
FN:35,(anonymous_0)
FN:49,(anonymous_1)
FN:61,(anonymous_2)
FN:77,(anonymous_3)
FN:90,(anonymous_4)
FN:107,(anonymous_5)
FN:118,(anonymous_6)
FN:120,(anonymous_7)
FN:193,(anonymous_8)
FN:201,(anonymous_9)
FN:212,(anonymous_10)
FN:213,(anonymous_11)
FN:234,(anonymous_12)
FN:244,(anonymous_13)
FN:284,(anonymous_14)
FN:288,(anonymous_15)
FN:302,(anonymous_16)
FN:308,(anonymous_17)
FN:310,(anonymous_18)
FN:323,(anonymous_19)
FN:324,(anonymous_20)
FN:335,(anonymous_21)
FN:345,(anonymous_22)
FN:352,(anonymous_23)
FN:360,(anonymous_24)
FN:361,(anonymous_25)
FN:367,(anonymous_26)
FN:387,(anonymous_27)
FN:397,(anonymous_28)
FN:401,(anonymous_29)
FNF:30
FNH:25
FNDA:172,(anonymous_0)
FNDA:226,(anonymous_1)
FNDA:226,(anonymous_2)
FNDA:4,(anonymous_3)
FNDA:42,(anonymous_4)
FNDA:31,(anonymous_5)
FNDA:14,(anonymous_6)
FNDA:11,(anonymous_7)
FNDA:3,(anonymous_8)
FNDA:3,(anonymous_9)
FNDA:11,(anonymous_10)
FNDA:11,(anonymous_11)
FNDA:20,(anonymous_12)
FNDA:20,(anonymous_13)
FNDA:6,(anonymous_14)
FNDA:17,(anonymous_15)
FNDA:3,(anonymous_16)
FNDA:12,(anonymous_17)
FNDA:4,(anonymous_18)
FNDA:4,(anonymous_19)
FNDA:12,(anonymous_20)
FNDA:5,(anonymous_21)
FNDA:20,(anonymous_22)
FNDA:0,(anonymous_23)
FNDA:0,(anonymous_24)
FNDA:0,(anonymous_25)
FNDA:3,(anonymous_26)
FNDA:11,(anonymous_27)
FNDA:0,(anonymous_28)
FNDA:0,(anonymous_29)
DA:35,5
DA:36,172
DA:37,110
DA:39,62
DA:49,5
DA:50,226
DA:61,5
DA:62,226
DA:63,172
DA:64,172
DA:66,54
DA:77,5
DA:78,4
DA:90,5
DA:95,42
DA:96,9
DA:98,33
DA:99,7
DA:101,26
DA:102,4
DA:104,22
DA:107,5
DA:110,31
DA:111,31
DA:112,8
DA:115,23
DA:118,14
DA:120,5
DA:132,11
DA:133,11
DA:193,5
DA:201,5
DA:202,3
DA:203,3
DA:204,3
DA:205,0
DA:212,11
DA:213,11
DA:215,3
DA:216,2
DA:223,1
DA:224,1
DA:231,0
DA:234,5
DA:238,20
DA:239,9
DA:241,11
DA:244,5
DA:249,20
DA:284,5
DA:285,6
DA:286,6
DA:287,6
DA:289,17
DA:290,17
DA:291,17
DA:292,1
DA:293,1
DA:296,6
DA:297,1
DA:299,5
DA:302,5
DA:306,3
DA:307,3
DA:308,12
DA:310,4
DA:323,5
DA:324,4
DA:325,12
DA:326,12
DA:327,2
DA:330,10
DA:332,4
DA:335,5
DA:341,5
DA:342,0
DA:344,5
DA:345,5
DA:346,20
DA:349,5
DA:356,0
DA:358,0
DA:359,0
DA:360,0
DA:362,0
DA:379,3
DA:381,3
DA:388,11
DA:397,5
DA:401,5
LF:90
LH:82
BRDA:36,0,0,110
BRDA:36,0,1,62
BRDA:62,1,0,172
BRDA:62,1,1,54
BRDA:62,2,0,226
BRDA:62,2,1,54
BRDA:63,3,0,172
BRDA:63,3,1,0
BRDA:78,4,0,4
BRDA:78,4,1,0
BRDA:95,5,0,9
BRDA:95,5,1,33
BRDA:95,6,0,42
BRDA:95,6,1,37
BRDA:98,7,0,7
BRDA:98,7,1,26
BRDA:98,8,0,33
BRDA:98,8,1,33
BRDA:101,9,0,4
BRDA:101,9,1,22
BRDA:111,10,0,8
BRDA:111,10,1,23
BRDA:112,11,0,8
BRDA:112,11,1,0
BRDA:141,12,0,11
BRDA:141,12,1,11
BRDA:147,13,0,11
BRDA:147,13,1,0
BRDA:166,14,0,11
BRDA:166,14,1,7
BRDA:175,15,0,11
BRDA:175,15,1,7
BRDA:181,16,0,11
BRDA:181,16,1,11
BRDA:181,16,2,4
BRDA:184,17,0,4
BRDA:184,17,1,3
BRDA:203,18,0,0
BRDA:203,18,1,3
BRDA:204,19,0,0
BRDA:204,19,1,3
BRDA:212,20,0,11
BRDA:212,20,1,11
BRDA:213,21,0,11
BRDA:213,21,1,11
BRDA:215,22,0,2
BRDA:215,22,1,1
BRDA:223,23,0,1
BRDA:223,23,1,0
BRDA:238,24,0,9
BRDA:238,24,1,11
BRDA:241,25,0,11
BRDA:241,25,1,9
BRDA:241,25,2,2
BRDA:291,26,0,1
BRDA:291,26,1,16
BRDA:296,27,0,1
BRDA:296,27,1,5
BRDA:308,28,0,12
BRDA:308,28,1,8
BRDA:311,29,0,2
BRDA:311,29,1,2
BRDA:314,30,0,0
BRDA:314,30,1,4
BRDA:317,31,0,4
BRDA:317,31,1,0
BRDA:318,32,0,2
BRDA:318,32,1,2
BRDA:319,33,0,4
BRDA:319,33,1,0
BRDA:325,34,0,12
BRDA:325,34,1,0
BRDA:325,35,0,12
BRDA:325,35,1,12
BRDA:326,36,0,2
BRDA:326,36,1,10
BRDA:341,37,0,0
BRDA:341,37,1,5
BRDA:359,38,0,0
BRDA:359,38,1,0
BRF:80
BRH:66
end_of_record
TN:
SF:src\components\avklareAktiviteter\avklareAktiviteterPanel.less
FNF:0
FNH:0
DA:1,4
LF:1
LH:1
BRF:0
BRH:0
end_of_record
TN:
SF:src\components\avklareAktiviteter\vurderAktiviteterTabell.less
FNF:0
FNH:0
DA:1,5
LF:1
LH:1
BRF:0
BRH:0
end_of_record
TN:
SF:src\components\fellesFaktaForATFLogSN\AddDagpengerAndelButton.tsx
FN:14,(anonymous_0)
FN:15,(anonymous_1)
FN:24,(anonymous_2)
FN:24,(anonymous_3)
FN:36,(anonymous_4)
FN:45,(anonymous_5)
FN:70,(anonymous_6)
FNF:7
FNH:0
FNDA:0,(anonymous_0)
FNDA:0,(anonymous_1)
FNDA:0,(anonymous_2)
FNDA:0,(anonymous_3)
FNDA:0,(anonymous_4)
FNDA:0,(anonymous_5)
FNDA:0,(anonymous_6)
DA:14,5
DA:15,0
DA:24,5
DA:25,0
DA:26,0
DA:36,5
DA:39,0
DA:46,0
DA:68,5
DA:70,5
DA:71,0
DA:72,0
LF:12
LH:5
BRDA:25,0,0,0
BRDA:25,0,1,0
BRF:2
BRH:0
end_of_record
TN:
SF:src\components\fellesFaktaForATFLogSN\BgFaktaUtils.ts
FN:34,(anonymous_0)
FN:37,(anonymous_1)
FN:45,(anonymous_2)
FN:57,(anonymous_3)
FN:68,(anonymous_4)
FN:75,(anonymous_5)
FN:76,(anonymous_6)
FN:78,(anonymous_7)
FN:79,(anonymous_8)
FN:81,(anonymous_9)
FN:90,(anonymous_10)
FN:92,(anonymous_11)
FN:96,(anonymous_12)
FN:106,(anonymous_13)
FN:112,(anonymous_14)
FN:116,(anonymous_15)
FN:123,(anonymous_16)
FN:127,(anonymous_17)
FN:132,(anonymous_18)
FN:141,(anonymous_19)
FN:149,(anonymous_20)
FN:152,(anonymous_21)
FN:160,(anonymous_22)
FN:161,(anonymous_23)
FN:163,(anonymous_24)
FN:165,(anonymous_25)
FN:193,(anonymous_26)
FN:195,(anonymous_27)
FN:207,(anonymous_28)
FN:210,(anonymous_29)
FN:211,(anonymous_30)
FN:215,(anonymous_31)
FN:216,(anonymous_32)
FN:216,(anonymous_33)
FN:222,(anonymous_34)
FN:223,(anonymous_35)
FN:223,(anonymous_36)
FN:226,(anonymous_37)
FN:228,(anonymous_38)
FN:231,(anonymous_39)
FN:231,(anonymous_40)
FN:236,(anonymous_41)
FN:237,(anonymous_42)
FN:240,(anonymous_43)
FN:240,(anonymous_44)
FN:243,(anonymous_45)
FN:246,(anonymous_46)
FN:246,(anonymous_47)
FN:254,(anonymous_48)
FNF:49
FNH:41
FNDA:23,(anonymous_0)
FNDA:8,(anonymous_1)
FNDA:23,(anonymous_2)
FNDA:23,(anonymous_3)
FNDA:5,(anonymous_4)
FNDA:2,(anonymous_5)
FNDA:2,(anonymous_6)
FNDA:3,(anonymous_7)
FNDA:3,(anonymous_8)
FNDA:2,(anonymous_9)
FNDA:8,(anonymous_10)
FNDA:6,(anonymous_11)
FNDA:3,(anonymous_12)
FNDA:13,(anonymous_13)
FNDA:3,(anonymous_14)
FNDA:6,(anonymous_15)
FNDA:5,(anonymous_16)
FNDA:4,(anonymous_17)
FNDA:8,(anonymous_18)
FNDA:3,(anonymous_19)
FNDA:5,(anonymous_20)
FNDA:21,(anonymous_21)
FNDA:10,(anonymous_22)
FNDA:2,(anonymous_23)
FNDA:9,(anonymous_24)
FNDA:9,(anonymous_25)
FNDA:9,(anonymous_26)
FNDA:9,(anonymous_27)
FNDA:10,(anonymous_28)
FNDA:0,(anonymous_29)
FNDA:0,(anonymous_30)
FNDA:0,(anonymous_31)
FNDA:0,(anonymous_32)
FNDA:0,(anonymous_33)
FNDA:0,(anonymous_34)
FNDA:0,(anonymous_35)
FNDA:0,(anonymous_36)
FNDA:10,(anonymous_37)
FNDA:10,(anonymous_38)
FNDA:2,(anonymous_39)
FNDA:2,(anonymous_40)
FNDA:1,(anonymous_41)
FNDA:1,(anonymous_42)
FNDA:2,(anonymous_43)
FNDA:2,(anonymous_44)
FNDA:1,(anonymous_45)
FNDA:3,(anonymous_46)
FNDA:3,(anonymous_47)
FNDA:5,(anonymous_48)
DA:32,10
DA:34,23
DA:37,10
DA:45,10
DA:48,23
DA:49,23
DA:50,17
DA:54,6
DA:57,10
DA:59,23
DA:68,10
DA:75,10
DA:76,2
DA:78,10
DA:79,3
DA:81,10
DA:83,2
DA:85,2
DA:90,10
DA:92,10
DA:96,10
DA:97,3
DA:98,3
DA:99,0
DA:101,3
DA:106,13
DA:108,10
DA:112,10
DA:116,10
DA:118,6
DA:123,10
DA:124,5
DA:127,10
DA:128,4
DA:132,10
DA:136,8
DA:137,8
DA:141,10
DA:142,3
DA:143,0
DA:145,3
DA:149,10
DA:151,5
DA:152,21
DA:156,5
DA:160,10
DA:161,2
DA:163,10
DA:165,9
DA:166,9
DA:167,1
DA:169,8
DA:170,2
DA:172,6
DA:173,1
DA:175,5
DA:176,1
DA:178,4
DA:179,1
DA:181,3
DA:182,0
DA:184,3
DA:185,0
DA:187,3
DA:188,0
DA:190,3
DA:193,10
DA:195,9
DA:196,9
DA:197,6
DA:199,3
DA:200,1
DA:202,2
DA:207,10
DA:210,10
DA:211,0
DA:213,10
DA:215,0
DA:216,0
DA:218,0
DA:221,10
DA:222,0
DA:223,0
DA:226,10
DA:228,10
DA:231,10
DA:234,10
DA:236,1
DA:237,1
DA:240,10
DA:242,10
DA:243,1
DA:246,10
DA:247,3
DA:248,3
DA:249,2
DA:251,1
DA:254,10
DA:256,5
LF:99
LH:88
BRDA:34,0,0,16
BRDA:34,0,1,7
BRDA:34,1,0,23
BRDA:34,1,1,19
BRDA:38,2,0,3
BRDA:38,2,1,5
BRDA:39,3,0,3
BRDA:39,3,1,5
BRDA:40,4,0,3
BRDA:40,4,1,5
BRDA:41,5,0,3
BRDA:41,5,1,5
BRDA:42,6,0,3
BRDA:42,6,1,5
BRDA:48,7,0,8
BRDA:48,7,1,15
BRDA:49,8,0,17
BRDA:49,8,1,6
BRDA:50,9,0,0
BRDA:50,9,1,17
BRDA:50,10,0,17
BRDA:50,10,1,2
BRDA:71,11,0,1
BRDA:71,11,1,4
BRDA:72,12,0,1
BRDA:72,12,1,4
BRDA:76,13,0,2
BRDA:76,13,1,0
BRDA:79,14,0,3
BRDA:79,14,1,0
BRDA:85,15,0,2
BRDA:85,15,1,2
BRDA:85,15,2,1
BRDA:90,16,0,8
BRDA:90,16,1,8
BRDA:92,17,0,6
BRDA:92,17,1,6
BRDA:98,18,0,0
BRDA:98,18,1,3
BRDA:101,19,0,3
BRDA:101,19,1,2
BRDA:112,20,0,3
BRDA:112,20,1,3
BRDA:112,20,2,1
BRDA:118,21,0,6
BRDA:118,21,1,3
BRDA:124,22,0,5
BRDA:124,22,1,3
BRDA:128,23,0,4
BRDA:128,23,1,2
BRDA:128,23,2,2
BRDA:142,24,0,0
BRDA:142,24,1,3
BRDA:142,25,0,3
BRDA:142,25,1,0
BRDA:152,26,0,21
BRDA:152,26,1,16
BRDA:152,26,2,1
BRDA:152,26,3,1
BRDA:160,27,0,10
BRDA:160,27,1,10
BRDA:166,28,0,1
BRDA:166,28,1,8
BRDA:169,29,0,2
BRDA:169,29,1,6
BRDA:172,30,0,1
BRDA:172,30,1,5
BRDA:175,31,0,1
BRDA:175,31,1,4
BRDA:178,32,0,1
BRDA:178,32,1,3
BRDA:181,33,0,0
BRDA:181,33,1,3
BRDA:184,34,0,0
BRDA:184,34,1,3
BRDA:187,35,0,0
BRDA:187,35,1,3
BRDA:196,36,0,6
BRDA:196,36,1,3
BRDA:199,37,0,1
BRDA:199,37,1,2
BRDA:207,38,0,10
BRDA:207,38,1,10
BRDA:210,39,0,0
BRDA:210,39,1,0
BRDA:218,40,0,0
BRDA:218,40,1,0
BRDA:218,40,2,0
BRDA:223,41,0,0
BRDA:223,41,1,0
BRDA:228,42,0,10
BRDA:228,42,1,9
BRDA:231,43,0,2
BRDA:231,43,1,1
BRDA:248,44,0,2
BRDA:248,44,1,1
BRDA:248,45,0,3
BRDA:248,45,1,2
BRDA:249,46,0,2
BRDA:249,46,1,0
BRDA:251,47,0,1
BRDA:251,47,1,0
BRDA:261,48,0,1
BRDA:261,48,1,4
BRDA:261,49,0,5
BRDA:261,49,1,4
BRDA:262,50,0,3
BRDA:262,50,1,2
BRDA:262,51,0,5
BRDA:262,51,1,3
BRDA:263,52,0,0
BRDA:263,52,1,5
BRDA:263,53,0,5
BRDA:263,53,1,5
BRF:114
BRH:95
end_of_record
TN:
SF:src\components\fellesFaktaForATFLogSN\FaktaForATFLOgSNPanel.tsx
FN:45,(anonymous_0)
FN:46,(anonymous_1)
FN:49,(anonymous_2)
FN:50,(anonymous_3)
FN:53,(anonymous_4)
FN:54,(anonymous_5)
FN:57,(anonymous_6)
FN:58,(anonymous_7)
FN:63,(anonymous_8)
FN:67,(anonymous_9)
FN:71,(anonymous_10)
FN:79,(anonymous_11)
FN:101,(anonymous_12)
FN:108,(anonymous_13)
FN:121,(anonymous_14)
FN:214,(anonymous_15)
FN:236,(anonymous_16)
FN:240,(anonymous_17)
FN:241,(anonymous_18)
FN:244,(anonymous_19)
FN:252,(anonymous_20)
FN:252,(anonymous_21)
FN:260,(anonymous_22)
FN:268,(anonymous_23)
FN:268,(anonymous_24)
FN:276,(anonymous_25)
FN:282,(anonymous_26)
FN:284,(anonymous_27)
FN:301,(anonymous_28)
FN:303,(anonymous_29)
FN:312,(anonymous_30)
FN:332,(anonymous_31)
FN:343,(anonymous_32)
FN:343,(anonymous_33)
FN:344,(anonymous_34)
FN:346,(anonymous_35)
FN:365,(anonymous_36)
FN:366,(anonymous_37)
FN:367,(anonymous_38)
FN:368,(anonymous_39)
FN:369,(anonymous_40)
FN:370,(anonymous_41)
FN:371,(anonymous_42)
FN:372,(anonymous_43)
FN:373,(anonymous_44)
FN:374,(anonymous_45)
FN:375,(anonymous_46)
FN:376,(anonymous_47)
FN:381,(anonymous_48)
FN:381,(anonymous_49)
FN:394,(anonymous_50)
FNF:51
FNH:15
FNDA:0,(anonymous_0)
FNDA:0,(anonymous_1)
FNDA:0,(anonymous_2)
FNDA:0,(anonymous_3)
FNDA:0,(anonymous_4)
FNDA:0,(anonymous_5)
FNDA:0,(anonymous_6)
FNDA:0,(anonymous_7)
FNDA:0,(anonymous_8)
FNDA:0,(anonymous_9)
FNDA:0,(anonymous_10)
FNDA:0,(anonymous_11)
FNDA:4,(anonymous_12)
FNDA:3,(anonymous_13)
FNDA:3,(anonymous_14)
FNDA:3,(anonymous_15)
FNDA:5,(anonymous_16)
FNDA:3,(anonymous_17)
FNDA:0,(anonymous_18)
FNDA:0,(anonymous_19)
FNDA:3,(anonymous_20)
FNDA:0,(anonymous_21)
FNDA:0,(anonymous_22)
FNDA:3,(anonymous_23)
FNDA:0,(anonymous_24)
FNDA:5,(anonymous_25)
FNDA:5,(anonymous_26)
FNDA:6,(anonymous_27)
FNDA:3,(anonymous_28)
FNDA:3,(anonymous_29)
FNDA:3,(anonymous_30)
FNDA:3,(anonymous_31)
FNDA:0,(anonymous_32)
FNDA:0,(anonymous_33)
FNDA:0,(anonymous_34)
FNDA:0,(anonymous_35)
FNDA:0,(anonymous_36)
FNDA:0,(anonymous_37)
FNDA:0,(anonymous_38)
FNDA:0,(anonymous_39)
FNDA:0,(anonymous_40)
FNDA:0,(anonymous_41)
FNDA:0,(anonymous_42)
FNDA:0,(anonymous_43)
FNDA:0,(anonymous_44)
FNDA:0,(anonymous_45)
FNDA:0,(anonymous_46)
FNDA:0,(anonymous_47)
FNDA:0,(anonymous_48)
FNDA:0,(anonymous_49)
FNDA:0,(anonymous_50)
DA:42,3
DA:44,3
DA:45,0
DA:46,0
DA:48,3
DA:49,0
DA:50,0
DA:52,3
DA:53,0
DA:54,0
DA:56,3
DA:57,0
DA:58,0
DA:61,3
DA:63,0
DA:65,3
DA:67,0
DA:69,3
DA:72,0
DA:73,0
DA:75,0
DA:79,3
DA:80,0
DA:81,0
DA:89,0
DA:90,0
DA:91,0
DA:93,0
DA:101,3
DA:102,4
DA:103,4
DA:105,0
DA:108,3
DA:119,3
DA:120,3
DA:121,3
DA:122,3
DA:123,1
DA:124,1
DA:135,3
DA:136,1
DA:137,1
DA:147,3
DA:148,0
DA:149,0
DA:158,3
DA:159,0
DA:160,0
DA:172,3
DA:173,3
DA:189,3
DA:214,3
DA:225,3
DA:236,5
DA:240,3
DA:241,3
DA:244,3
DA:245,0
DA:246,0
DA:252,3
DA:253,0
DA:254,0
DA:260,3
DA:261,0
DA:262,0
DA:268,3
DA:269,0
DA:270,0
DA:276,3
DA:282,5
DA:283,5
DA:284,5
DA:285,6
DA:286,2
DA:288,6
DA:289,1
DA:291,6
DA:292,0
DA:294,6
DA:295,0
DA:298,5
DA:301,3
DA:303,3
DA:306,3
DA:307,0
DA:309,3
DA:312,3
DA:317,3
DA:322,3
DA:332,3
DA:338,3
DA:339,3
DA:343,3
DA:344,0
DA:346,3
DA:364,3
DA:365,0
DA:366,0
DA:367,0
DA:368,0
DA:369,0
DA:370,0
DA:371,0
DA:372,0
DA:373,0
DA:374,0
DA:375,0
DA:376,0
DA:380,3
DA:381,0
DA:392,3
DA:394,3
LF:112
LH:63
BRDA:46,0,0,0
BRDA:46,0,1,0
BRDA:50,1,0,0
BRDA:50,2,0,0
BRDA:50,2,1,0
BRDA:54,3,0,0
BRDA:54,4,0,0
BRDA:54,4,1,0
BRDA:58,5,0,0
BRDA:58,6,0,0
BRDA:58,6,1,0
BRDA:58,7,0,0
BRDA:58,7,1,0
BRDA:63,8,0,0
BRDA:63,9,0,0
BRDA:63,9,1,0
BRDA:67,10,0,0
BRDA:67,11,0,0
BRDA:67,11,1,0
BRDA:71,12,0,0
BRDA:72,13,0,0
BRDA:72,13,1,0
BRDA:72,14,0,0
BRDA:72,14,1,0
BRDA:80,15,0,0
BRDA:80,15,1,0
BRDA:90,16,0,0
BRDA:90,16,1,0
BRDA:90,17,0,0
BRDA:90,17,1,0
BRDA:90,17,2,0
BRDA:102,18,0,4
BRDA:102,18,1,0
BRDA:122,19,0,1
BRDA:122,19,1,2
BRDA:135,20,0,1
BRDA:135,20,1,2
BRDA:147,21,0,0
BRDA:147,21,1,3
BRDA:158,22,0,0
BRDA:158,22,1,3
BRDA:285,23,0,2
BRDA:285,23,1,4
BRDA:288,24,0,1
BRDA:288,24,1,5
BRDA:291,25,0,0
BRDA:291,25,1,6
BRDA:294,26,0,0
BRDA:294,26,1,6
BRDA:306,27,0,0
BRDA:306,27,1,3
BRDA:343,28,0,0
BRDA:343,28,1,0
BRDA:396,29,0,0
BRDA:396,29,1,0
BRF:55
BRH:14
end_of_record
TN:
SF:src\components\fellesFaktaForATFLogSN\InntektFieldArray.tsx
FN:30,(anonymous_0)
FN:31,(anonymous_1)
FN:40,(anonymous_2)
FN:41,(anonymous_3)
FN:50,(anonymous_4)
FN:52,(anonymous_5)
FN:55,(anonymous_6)
FN:57,(anonymous_7)
FN:59,(anonymous_8)
FN:68,(anonymous_9)
FN:70,(anonymous_10)
FN:79,(anonymous_11)
FN:79,(anonymous_12)
FN:83,(anonymous_13)
FN:89,(anonymous_14)
FN:106,(anonymous_15)
FN:117,(anonymous_16)
FN:119,(anonymous_17)
FN:128,(anonymous_18)
FN:130,(anonymous_19)
FN:150,(anonymous_20)
FN:158,(anonymous_21)
FN:163,(anonymous_22)
FN:170,(anonymous_23)
FN:205,(anonymous_24)
FN:261,(anonymous_25)
FN:262,(anonymous_26)
FN:263,(anonymous_27)
FN:264,(anonymous_28)
FN:276,(anonymous_29)
FN:281,(anonymous_30)
FN:284,(anonymous_31)
FN:295,(anonymous_32)
FN:308,(anonymous_33)
FN:314,(anonymous_34)
FN:317,(anonymous_35)
FN:324,(anonymous_36)
FNF:37
FNH:31
FNDA:6,(anonymous_0)
FNDA:24,(anonymous_1)
FNDA:4,(anonymous_2)
FNDA:4,(anonymous_3)
FNDA:0,(anonymous_4)
FNDA:4,(anonymous_5)
FNDA:6,(anonymous_6)
FNDA:14,(anonymous_7)
FNDA:22,(anonymous_8)
FNDA:14,(anonymous_9)
FNDA:22,(anonymous_10)
FNDA:6,(anonymous_11)
FNDA:0,(anonymous_12)
FNDA:4,(anonymous_13)
FNDA:6,(anonymous_14)
FNDA:4,(anonymous_15)
FNDA:10,(anonymous_16)
FNDA:10,(anonymous_17)
FNDA:0,(anonymous_18)
FNDA:10,(anonymous_19)
FNDA:6,(anonymous_20)
FNDA:2,(anonymous_21)
FNDA:4,(anonymous_22)
FNDA:0,(anonymous_23)
FNDA:4,(anonymous_24)
FNDA:6,(anonymous_25)
FNDA:12,(anonymous_26)
FNDA:12,(anonymous_27)
FNDA:12,(anonymous_28)
FNDA:0,(anonymous_29)
FNDA:5,(anonymous_30)
FNDA:5,(anonymous_31)
FNDA:5,(anonymous_32)
FNDA:1,(anonymous_33)
FNDA:0,(anonymous_34)
FNDA:4,(anonymous_35)
FNDA:4,(anonymous_36)
DA:30,6
DA:31,24
DA:40,5
DA:41,4
DA:50,5
DA:52,5
DA:55,6
DA:57,5
DA:58,14
DA:59,14
DA:60,22
DA:61,22
DA:62,14
DA:65,14
DA:68,5
DA:69,14
DA:70,14
DA:71,22
DA:72,22
DA:73,22
DA:76,14
DA:79,6
DA:80,0
DA:83,5
DA:89,4
DA:90,6
DA:106,5
DA:107,4
DA:117,5
DA:118,10
DA:119,10
DA:120,10
DA:121,10
DA:122,2
DA:125,10
DA:128,5
DA:130,5
DA:135,10
DA:136,10
DA:137,2
DA:138,2
DA:139,1
DA:142,10
DA:143,2
DA:145,8
DA:146,0
DA:150,5
DA:154,6
DA:158,2
DA:163,5
DA:166,4
DA:170,0
DA:205,5
DA:215,4
DA:222,4
DA:223,0
DA:224,0
DA:237,0
DA:239,4
DA:240,4
DA:257,5
DA:261,6
DA:262,12
DA:263,12
DA:264,12
DA:276,5
DA:277,0
DA:278,0
DA:281,5
DA:283,5
DA:285,5
DA:290,5
DA:291,5
DA:292,5
DA:293,5
DA:295,5
DA:296,3
DA:298,2
DA:299,0
DA:301,2
DA:302,2
DA:303,0
DA:305,2
DA:308,5
DA:311,1
DA:312,1
DA:314,0
DA:317,5
DA:318,4
DA:319,4
DA:321,4
DA:322,4
DA:323,4
DA:324,4
DA:325,4
DA:326,4
DA:327,4
LF:97
LH:86
BRDA:50,0,0,0
BRDA:50,0,1,0
BRDA:52,1,0,0
BRDA:52,1,1,4
BRDA:52,2,0,4
BRDA:52,2,1,0
BRDA:52,2,2,0
BRDA:55,3,0,6
BRDA:55,3,1,0
BRDA:61,4,0,14
BRDA:61,4,1,8
BRDA:61,5,0,22
BRDA:61,5,1,22
BRDA:61,5,2,22
BRDA:72,6,0,22
BRDA:72,6,1,0
BRDA:121,7,0,2
BRDA:121,7,1,8
BRDA:136,8,0,2
BRDA:136,8,1,8
BRDA:138,9,0,1
BRDA:138,9,1,1
BRDA:142,10,0,2
BRDA:142,10,1,8
BRDA:145,11,0,0
BRDA:145,11,1,8
BRDA:158,12,0,2
BRDA:158,12,1,2
BRDA:158,12,2,2
BRDA:222,13,0,0
BRDA:222,13,1,4
BRDA:223,14,0,0
BRDA:223,14,1,0
BRDA:226,15,0,0
BRDA:226,15,1,0
BRDA:226,15,2,0
BRDA:245,16,0,4
BRDA:245,16,1,4
BRDA:245,16,2,0
BRDA:245,16,3,0
BRDA:261,17,0,5
BRDA:261,17,1,1
BRDA:263,18,0,12
BRDA:263,18,1,12
BRDA:291,19,0,4
BRDA:291,19,1,1
BRDA:293,20,0,3
BRDA:293,20,1,2
BRDA:293,21,0,5
BRDA:293,21,1,4
BRDA:293,21,2,3
BRDA:295,22,0,3
BRDA:295,22,1,2
BRDA:298,23,0,0
BRDA:298,23,1,2
BRDA:301,24,0,0
BRDA:301,24,1,2
BRDA:302,25,0,0
BRDA:302,25,1,2
BRDA:311,26,0,1
BRDA:311,26,1,0
BRDA:311,27,0,1
BRDA:311,27,1,1
BRDA:323,28,0,4
BRDA:323,28,1,0
BRDA:331,29,0,4
BRDA:331,29,1,4
BRF:67
BRH:46
end_of_record
TN:
SF:src\components\fellesFaktaForATFLogSN\InntektFieldArrayRow.tsx
FN:17,(anonymous_0)
FN:32,(anonymous_1)
FN:32,(anonymous_2)
FN:60,(anonymous_3)
FN:145,(anonymous_4)
FN:155,(anonymous_5)
FN:156,(anonymous_6)
FN:156,(anonymous_7)
FN:159,(anonymous_8)
FNF:9
FNH:8
FNDA:4,(anonymous_0)
FNDA:4,(anonymous_1)
FNDA:8,(anonymous_2)
FNDA:4,(anonymous_3)
FNDA:0,(anonymous_4)
FNDA:1,(anonymous_5)
FNDA:1,(anonymous_6)
FNDA:6,(anonymous_7)
FNDA:1,(anonymous_8)
DA:17,6
DA:18,4
DA:19,4
DA:20,4
DA:21,4
DA:23,4
DA:24,4
DA:25,4
DA:27,4
DA:29,4
DA:32,6
DA:33,8
DA:60,6
DA:74,4
DA:75,4
DA:76,4
DA:145,0
DA:154,6
DA:155,1
DA:156,6
DA:159,6
DA:160,1
DA:162,1
DA:164,1
DA:165,1
DA:173,6
LF:26
LH:25
BRDA:20,0,0,4
BRDA:20,0,1,0
BRDA:24,1,0,4
BRDA:24,1,1,0
BRDA:85,2,0,4
BRDA:85,2,1,1
BRDA:95,3,0,4
BRDA:95,3,1,3
BRDA:107,4,0,4
BRDA:107,4,1,1
BRDA:118,5,0,4
BRDA:118,5,1,1
BRDA:136,6,0,4
BRDA:136,6,1,4
BRDA:140,7,0,4
BRDA:140,7,1,1
BRF:16
BRH:14
end_of_record
TN:
SF:src\components\fellesFaktaForATFLogSN\InntektstabellPanel.less
FNF:0
FNH:0
DA:1,11
LF:1
LH:1
BRF:0
BRH:0
end_of_record
TN:
SF:src\components\fellesFaktaForATFLogSN\InntektstabellPanel.tsx
FN:50,(anonymous_0)
FN:61,(anonymous_1)
FN:112,(anonymous_2)
FN:122,(anonymous_3)
FN:123,(anonymous_4)
FN:124,(anonymous_5)
FN:125,(anonymous_6)
FN:127,(anonymous_7)
FN:131,(anonymous_8)
FNF:9
FNH:1
FNDA:2,(anonymous_0)
FNDA:0,(anonymous_1)
FNDA:0,(anonymous_2)
FNDA:0,(anonymous_3)
FNDA:0,(anonymous_4)
FNDA:0,(anonymous_5)
FNDA:0,(anonymous_6)
FNDA:0,(anonymous_7)
FNDA:0,(anonymous_8)
DA:20,11
DA:25,11
DA:50,11
DA:60,2
DA:61,2
DA:62,0
DA:63,0
DA:65,2
DA:112,11
DA:117,11
DA:122,11
DA:123,0
DA:124,0
DA:125,0
DA:127,11
DA:131,11
LF:16
LH:11
BRDA:70,0,0,2
BRDA:70,0,1,2
BRDA:79,1,0,2
BRDA:79,1,1,0
BRDA:79,1,2,2
BRDA:83,2,0,2
BRDA:83,2,1,2
BRDA:83,2,2,1
BRDA:90,3,0,2
BRDA:90,3,1,2
BRDA:96,4,0,2
BRDA:96,4,1,0
BRDA:124,5,0,0
BRDA:124,5,1,0
BRDA:125,6,0,0
BRDA:125,6,1,0
BRF:16
BRH:10
end_of_record
TN:
SF:src\components\fellesFaktaForATFLogSN\SummaryRow.tsx
FN:11,(anonymous_0)
FN:13,(anonymous_1)
FN:28,(anonymous_2)
FN:50,(anonymous_3)
FNF:4
FNH:0
FNDA:0,(anonymous_0)
FNDA:0,(anonymous_1)
FNDA:0,(anonymous_2)
FNDA:0,(anonymous_3)
DA:11,5
DA:12,0
DA:13,0
DA:14,0
DA:15,0
DA:16,0
DA:18,0
DA:28,5
DA:31,0
DA:50,5
DA:52,0
DA:53,0
LF:12
LH:3
BRDA:15,0,0,0
BRDA:15,0,1,0
BRDA:16,1,0,0
BRDA:16,1,1,0
BRDA:18,2,0,0
BRDA:18,2,1,0
BRDA:35,3,0,0
BRDA:35,3,1,0
BRDA:39,4,0,0
BRDA:39,4,1,0
BRDA:44,5,0,0
BRDA:44,5,1,0
BRDA:52,6,0,0
BRDA:52,6,1,0
BRF:14
BRH:0
end_of_record
TN:
SF:src\components\fellesFaktaForATFLogSN\ValidateAndelerUtils.ts
FN:12,(anonymous_0)
FN:22,(anonymous_1)
FN:28,(anonymous_2)
FN:44,(anonymous_3)
FN:46,(anonymous_4)
FN:49,(anonymous_5)
FN:51,(anonymous_6)
FN:52,(anonymous_7)
FN:61,(anonymous_8)
FN:64,(anonymous_9)
FN:66,(anonymous_10)
FN:67,(anonymous_11)
FNF:12
FNH:9
FNDA:55,(anonymous_0)
FNDA:39,(anonymous_1)
FNDA:10,(anonymous_2)
FNDA:14,(anonymous_3)
FNDA:16,(anonymous_4)
FNDA:12,(anonymous_5)
FNDA:39,(anonymous_6)
FNDA:48,(anonymous_7)
FNDA:12,(anonymous_8)
FNDA:0,(anonymous_9)
FNDA:0,(anonymous_10)
FNDA:0,(anonymous_11)
DA:12,7
DA:13,55
DA:14,13
DA:15,8
DA:17,5
DA:19,42
DA:22,7
DA:25,39
DA:26,39
DA:27,10
DA:28,10
DA:29,3
DA:30,3
DA:33,7
DA:34,7
DA:36,0
DA:38,29
DA:39,5
DA:41,24
DA:44,14
DA:46,16
DA:49,7
DA:51,39
DA:52,48
DA:53,12
DA:54,16
DA:55,7
DA:58,5
DA:61,7
DA:62,12
DA:64,7
DA:66,7
DA:67,0
DA:68,0
DA:69,0
DA:71,0
LF:36
LH:31
BRDA:13,0,0,13
BRDA:13,0,1,42
BRDA:14,1,0,8
BRDA:14,1,1,5
BRDA:17,2,0,4
BRDA:17,2,1,1
BRDA:19,3,0,13
BRDA:19,3,1,29
BRDA:26,4,0,10
BRDA:26,4,1,29
BRDA:27,5,0,3
BRDA:27,5,1,7
BRDA:29,6,0,3
BRDA:29,6,1,0
BRDA:33,7,0,7
BRDA:33,7,1,0
BRDA:38,8,0,5
BRDA:38,8,1,24
BRDA:46,9,0,16
BRDA:46,9,1,10
BRDA:46,9,2,7
BRDA:54,10,0,7
BRDA:54,10,1,9
BRDA:67,11,0,0
BRDA:67,11,1,0
BRDA:68,12,0,0
BRDA:68,12,1,0
BRF:27
BRH:21
end_of_record
TN:
SF:src\components\fellesFaktaForATFLogSN\VurderFaktaBeregningPanel.tsx
FN:35,(anonymous_0)
FN:36,(anonymous_1)
FN:38,(anonymous_2)
FN:41,(anonymous_3)
FN:46,(anonymous_4)
FN:53,(anonymous_5)
FN:54,(anonymous_6)
FN:56,(anonymous_7)
FN:59,(anonymous_8)
FN:65,(anonymous_9)
FN:65,(anonymous_10)
FN:99,(anonymous_11)
FN:106,(anonymous_12)
FN:115,(anonymous_13)
FN:178,(anonymous_14)
FN:193,(anonymous_15)
FN:194,(anonymous_16)
FN:201,(anonymous_17)
FN:212,(anonymous_18)
FN:213,(anonymous_19)
FN:213,(anonymous_20)
FN:215,(anonymous_21)
FN:216,(anonymous_22)
FN:217,(anonymous_23)
FNF:24
FNH:2
FNDA:0,(anonymous_0)
FNDA:0,(anonymous_1)
FNDA:0,(anonymous_2)
FNDA:0,(anonymous_3)
FNDA:4,(anonymous_4)
FNDA:0,(anonymous_5)
FNDA:0,(anonymous_6)
FNDA:0,(anonymous_7)
FNDA:0,(anonymous_8)
FNDA:0,(anonymous_9)
FNDA:0,(anonymous_10)
FNDA:0,(anonymous_11)
FNDA:0,(anonymous_12)
FNDA:0,(anonymous_13)
FNDA:2,(anonymous_14)
FNDA:0,(anonymous_15)
FNDA:0,(anonymous_16)
FNDA:0,(anonymous_17)
FNDA:0,(anonymous_18)
FNDA:0,(anonymous_19)
FNDA:0,(anonymous_20)
FNDA:0,(anonymous_21)
FNDA:0,(anonymous_22)
FNDA:0,(anonymous_23)
DA:33,2
DA:35,2
DA:36,0
DA:37,0
DA:38,0
DA:40,0
DA:41,0
DA:44,2
DA:46,2
DA:47,4
DA:48,3
DA:50,1
DA:53,2
DA:54,0
DA:56,0
DA:59,2
DA:60,0
DA:61,0
DA:62,0
DA:65,2
DA:100,0
DA:101,0
DA:107,0
DA:108,0
DA:109,0
DA:133,0
DA:135,0
DA:136,0
DA:174,0
DA:178,2
DA:179,2
DA:180,2
DA:181,1
DA:182,1
DA:183,1
DA:189,1
DA:192,2
DA:193,0
DA:194,0
DA:201,2
DA:202,0
DA:203,0
DA:204,0
DA:208,0
DA:211,2
DA:212,0
DA:213,0
DA:215,2
DA:216,0
DA:217,0
DA:219,0
DA:220,0
LF:52
LH:21
BRDA:36,0,0,0
BRDA:36,0,1,0
BRDA:38,1,0,0
BRDA:38,1,1,0
BRDA:41,2,0,0
BRDA:41,2,1,0
BRDA:47,3,0,3
BRDA:47,3,1,1
BRDA:47,4,0,4
BRDA:47,4,1,1
BRDA:54,5,0,0
BRDA:54,5,1,0
BRDA:56,6,0,0
BRDA:56,6,1,0
BRDA:65,7,0,0
BRDA:65,7,1,0
BRDA:108,8,0,0
BRDA:108,8,1,0
BRDA:135,9,0,0
BRDA:135,9,1,0
BRDA:135,10,0,0
BRDA:135,10,1,0
BRDA:138,11,0,0
BRDA:138,11,1,0
BRDA:154,12,0,0
BRDA:154,12,1,0
BRDA:154,12,2,0
BRDA:165,13,0,0
BRDA:165,13,1,0
BRDA:165,13,2,0
BRDA:180,14,0,1
BRDA:180,14,1,1
BRDA:180,15,0,2
BRDA:180,15,1,1
BRDA:184,16,0,0
BRDA:184,16,1,1
BRDA:185,17,0,0
BRDA:185,17,1,1
BRDA:203,18,0,0
BRDA:203,18,1,0
BRDA:203,19,0,0
BRDA:203,19,1,0
BRDA:203,19,2,0
BRDA:203,19,3,0
BRDA:228,20,0,0
BRDA:228,20,1,0
BRF:46
BRH:10
end_of_record
TN:
SF:src\components\fellesFaktaForATFLogSN\addAndelButton.less
FNF:0
FNH:0
DA:1,5
LF:1
LH:1
BRF:0
BRH:0
end_of_record
TN:
SF:src\components\fellesFaktaForATFLogSN\inntektFieldArray.less
FNF:0
FNH:0
DA:1,6
LF:1
LH:1
BRF:0
BRH:0
end_of_record
TN:
SF:src\components\fellesFaktaForATFLogSN\besteberegningFodendeKvinne\VurderBesteberegningForm.tsx
FN:49,(anonymous_0)
FN:80,(anonymous_1)
FN:91,(anonymous_2)
FN:102,(anonymous_3)
FN:112,(anonymous_4)
FN:127,(anonymous_5)
FN:128,(anonymous_6)
FN:138,(anonymous_7)
FN:152,(anonymous_8)
FN:152,(anonymous_9)
FN:155,(anonymous_10)
FN:156,(anonymous_11)
FN:170,(anonymous_12)
FNF:13
FNH:11
FNDA:0,(anonymous_0)
FNDA:3,(anonymous_1)
FNDA:1,(anonymous_2)
FNDA:2,(anonymous_3)
FNDA:5,(anonymous_4)
FNDA:9,(anonymous_5)
FNDA:6,(anonymous_6)
FNDA:9,(anonymous_7)
FNDA:5,(anonymous_8)
FNDA:5,(anonymous_9)
FNDA:9,(anonymous_10)
FNDA:5,(anonymous_11)
FNDA:0,(anonymous_12)
DA:19,11
DA:23,11
DA:49,11
DA:50,0
DA:80,11
DA:84,3
DA:86,0
DA:88,3
DA:89,0
DA:91,3
DA:92,3
DA:93,2
DA:97,1
DA:102,11
DA:103,2
DA:105,1
DA:107,1
DA:108,1
DA:109,1
DA:112,11
DA:115,5
DA:116,0
DA:118,5
DA:119,5
DA:120,1
DA:126,4
DA:127,9
DA:128,6
DA:137,4
DA:138,9
DA:139,4
DA:152,11
DA:154,5
DA:155,9
DA:156,5
DA:157,2
DA:159,3
DA:160,3
DA:161,3
DA:162,3
DA:164,3
DA:170,11
LF:42
LH:38
BRDA:59,0,0,0
BRDA:59,0,1,0
BRDA:84,1,0,0
BRDA:84,1,1,3
BRDA:84,2,0,3
BRDA:84,2,1,0
BRDA:88,3,0,0
BRDA:88,3,1,3
BRDA:91,4,0,3
BRDA:91,4,1,2
BRDA:92,5,0,2
BRDA:92,5,1,1
BRDA:103,6,0,1
BRDA:103,6,1,1
BRDA:103,7,0,2
BRDA:103,7,1,2
BRDA:103,8,0,2
BRDA:103,8,1,1
BRDA:115,9,0,0
BRDA:115,9,1,5
BRDA:115,10,0,5
BRDA:115,10,1,5
BRDA:119,11,0,1
BRDA:119,11,1,4
BRDA:119,12,0,5
BRDA:119,12,1,4
BRDA:138,13,0,9
BRDA:138,13,1,3
BRDA:142,14,0,3
BRDA:142,14,1,1
BRDA:154,15,0,5
BRDA:154,15,1,0
BRDA:155,16,0,2
BRDA:155,16,1,3
BRDA:155,17,0,5
BRDA:155,17,1,3
BRDA:161,18,0,3
BRDA:161,18,1,0
BRF:38
BRH:30
end_of_record
TN:
SF:src\components\fellesFaktaForATFLogSN\kunYtelse\BrukersAndelFieldArray.tsx
FN:28,(anonymous_0)
FN:30,(anonymous_1)
FN:38,(anonymous_2)
FN:38,(anonymous_3)
FN:44,(anonymous_4)
FN:46,(anonymous_5)
FN:52,(anonymous_6)
FN:54,(anonymous_7)
FN:56,(anonymous_8)
FN:59,skalViseSletteknapp
FN:62,(anonymous_10)
FN:62,(anonymous_11)
FN:68,(anonymous_12)
FN:69,(anonymous_13)
FN:99,(anonymous_14)
FN:108,(anonymous_15)
FN:122,(anonymous_16)
FN:149,(anonymous_17)
FN:176,(anonymous_18)
FN:205,(anonymous_19)
FN:210,(anonymous_20)
FN:215,(anonymous_21)
FN:224,(anonymous_22)
FN:238,(anonymous_23)
FN:239,(anonymous_24)
FN:239,(anonymous_25)
FN:242,(anonymous_26)
FNF:27
FNH:0
FNDA:0,(anonymous_0)
FNDA:0,(anonymous_1)
FNDA:0,(anonymous_2)
FNDA:0,(anonymous_3)
FNDA:0,(anonymous_4)
FNDA:0,(anonymous_5)
FNDA:0,(anonymous_6)
FNDA:0,(anonymous_7)
FNDA:0,(anonymous_8)
FNDA:0,skalViseSletteknapp
FNDA:0,(anonymous_10)
FNDA:0,(anonymous_11)
FNDA:0,(anonymous_12)
FNDA:0,(anonymous_13)
FNDA:0,(anonymous_14)
FNDA:0,(anonymous_15)
FNDA:0,(anonymous_16)
FNDA:0,(anonymous_17)
FNDA:0,(anonymous_18)
FNDA:0,(anonymous_19)
FNDA:0,(anonymous_20)
FNDA:0,(anonymous_21)
FNDA:0,(anonymous_22)
FNDA:0,(anonymous_23)
FNDA:0,(anonymous_24)
FNDA:0,(anonymous_25)
FNDA:0,(anonymous_26)
DA:28,4
DA:30,0
DA:38,4
DA:39,0
DA:44,4
DA:45,0
DA:46,0
DA:47,0
DA:49,0
DA:52,4
DA:54,4
DA:56,4
DA:60,0
DA:62,4
DA:63,0
DA:64,0
DA:68,4
DA:69,0
DA:70,0
DA:100,0
DA:108,4
DA:109,0
DA:122,4
DA:149,4
DA:160,0
DA:161,0
DA:162,0
DA:163,0
DA:177,0
DA:203,4
DA:205,4
DA:206,0
DA:207,0
DA:210,4
DA:211,0
DA:212,0
DA:215,0
DA:216,0
DA:220,0
DA:221,0
DA:222,0
DA:224,0
DA:225,0
DA:227,0
DA:228,0
DA:230,0
DA:231,0
DA:232,0
DA:234,0
DA:237,4
DA:238,0
DA:239,0
DA:242,4
DA:243,0
DA:244,0
DA:245,0
LF:56
LH:16
BRDA:47,0,0,0
BRDA:47,0,1,0
BRDA:49,1,0,0
BRDA:49,1,1,0
BRDA:52,2,0,0
BRDA:52,2,1,0
BRDA:54,3,0,0
BRDA:54,3,1,0
BRDA:54,4,0,0
BRDA:54,4,1,0
BRDA:56,5,0,0
BRDA:56,5,1,0
BRDA:56,6,0,0
BRDA:56,6,1,0
BRDA:56,6,2,0
BRDA:60,7,0,0
BRDA:60,7,1,0
BRDA:60,7,2,0
BRDA:63,8,0,0
BRDA:63,8,1,0
BRDA:94,9,0,0
BRDA:94,9,1,0
BRDA:160,10,0,0
BRDA:160,10,1,0
BRDA:168,11,0,0
BRDA:168,11,1,0
BRDA:211,12,0,0
BRDA:211,12,1,0
BRDA:222,13,0,0
BRDA:222,13,1,0
BRDA:222,14,0,0
BRDA:222,14,1,0
BRDA:224,15,0,0
BRDA:224,15,1,0
BRDA:227,16,0,0
BRDA:227,16,1,0
BRDA:231,17,0,0
BRDA:231,17,1,0
BRF:38
BRH:0
end_of_record
TN:
SF:src\components\fellesFaktaForATFLogSN\kunYtelse\FastsettBgKunYtelse.tsx
FN:16,(anonymous_0)
FN:36,(anonymous_1)
FN:53,(anonymous_2)
FN:60,(anonymous_3)
FNF:4
FNH:1
FNDA:3,(anonymous_0)
FNDA:0,(anonymous_1)
FNDA:0,(anonymous_2)
FNDA:0,(anonymous_3)
DA:14,3
DA:16,3
DA:22,3
DA:23,0
DA:36,3
DA:39,0
DA:40,0
DA:41,0
DA:42,0
DA:43,0
DA:45,0
DA:50,0
DA:53,3
DA:54,0
DA:55,0
DA:57,0
DA:60,3
DA:65,0
DA:66,0
DA:68,0
LF:20
LH:6
BRDA:22,0,0,0
BRDA:22,0,1,3
BRDA:39,1,0,0
BRDA:39,1,1,0
BRDA:42,2,0,0
BRDA:42,2,1,0
BRDA:54,3,0,0
BRDA:54,3,1,0
BRDA:65,4,0,0
BRDA:65,4,1,0
BRDA:65,5,0,0
BRDA:65,5,1,0
BRF:12
BRH:1
end_of_record
TN:
SF:src\components\fellesFaktaForATFLogSN\kunYtelse\KunYtelseBesteberegningPanel.tsx
FN:46,(anonymous_0)
FN:110,(anonymous_1)
FN:112,(anonymous_2)
FN:118,(anonymous_3)
FN:120,(anonymous_4)
FNF:5
FNH:1
FNDA:0,(anonymous_0)
FNDA:2,(anonymous_1)
FNDA:0,(anonymous_2)
FNDA:0,(anonymous_3)
FNDA:0,(anonymous_4)
DA:23,4
DA:46,4
DA:54,0
DA:105,4
DA:110,4
DA:112,4
DA:113,0
DA:114,0
DA:115,0
DA:118,4
DA:120,4
LF:11
LH:7
BRDA:64,0,0,0
BRDA:64,0,1,0
BRDA:64,0,2,0
BRDA:66,1,0,0
BRDA:66,1,1,0
BRDA:73,2,0,0
BRDA:73,2,1,0
BRDA:87,3,0,0
BRDA:87,3,1,0
BRF:9
BRH:0
end_of_record
TN:
SF:src\components\fellesFaktaForATFLogSN\kunYtelse\KunYtelsePanel.tsx
FN:45,(anonymous_0)
FN:79,(anonymous_1)
FN:86,(anonymous_2)
FN:87,(anonymous_3)
FN:106,(anonymous_4)
FN:107,(anonymous_5)
FN:108,(anonymous_6)
FN:110,(anonymous_7)
FN:112,(anonymous_8)
FN:124,(anonymous_9)
FN:139,(anonymous_10)
FNF:11
FNH:5
FNDA:0,(anonymous_0)
FNDA:3,(anonymous_1)
FNDA:6,(anonymous_2)
FNDA:9,(anonymous_3)
FNDA:0,(anonymous_4)
FNDA:0,(anonymous_5)
FNDA:0,(anonymous_6)
FNDA:1,(anonymous_7)
FNDA:2,(anonymous_8)
FNDA:0,(anonymous_9)
FNDA:0,(anonymous_10)
DA:19,4
DA:45,4
DA:52,0
DA:75,4
DA:79,4
DA:83,3
DA:84,0
DA:86,3
DA:87,9
DA:88,6
DA:94,3
DA:97,3
DA:98,2
DA:103,1
DA:106,4
DA:107,0
DA:108,0
DA:110,4
DA:112,2
DA:124,4
DA:125,0
DA:126,0
DA:128,0
DA:129,0
DA:130,0
DA:131,0
DA:136,0
DA:139,4
DA:140,0
DA:141,0
LF:30
LH:17
BRDA:53,0,0,0
BRDA:53,0,1,0
BRDA:63,1,0,0
BRDA:63,1,1,0
BRDA:63,1,2,0
BRDA:83,2,0,0
BRDA:83,2,1,3
BRDA:83,3,0,3
BRDA:83,3,1,3
BRDA:83,3,2,3
BRDA:90,4,0,3
BRDA:90,4,1,3
BRDA:90,5,0,6
BRDA:90,5,1,3
BRDA:97,6,0,2
BRDA:97,6,1,1
BRDA:107,7,0,0
BRDA:107,7,1,0
BRDA:119,8,0,0
BRDA:119,8,1,1
BRDA:125,9,0,0
BRDA:125,9,1,0
BRDA:125,10,0,0
BRDA:125,10,1,0
BRDA:130,11,0,0
BRDA:130,11,1,0
BRF:26
BRH:11
end_of_record
TN:
SF:src\components\fellesFaktaForATFLogSN\kunYtelse\KunYtelseUtenBesteberegningPanel.tsx
FN:24,(anonymous_0)
FNF:1
FNH:0
FNDA:0,(anonymous_0)
DA:24,4
DA:30,0
LF:2
LH:1
BRF:0
BRH:0
end_of_record
TN:
SF:src\components\fellesFaktaForATFLogSN\kunYtelse\brukersAndelFieldArray.less
FNF:0
FNH:0
DA:1,4
LF:1
LH:1
BRF:0
BRH:0
end_of_record
TN:
SF:src\components\fellesFaktaForATFLogSN\kunYtelse\kunYtelseBesteberegningPanel.less
FNF:0
FNH:0
DA:1,11
LF:1
LH:1
BRF:0
BRH:0
end_of_record
TN:
SF:src\components\fellesFaktaForATFLogSN\nyIArbeidslivet\NyIArbeidslivetSNForm.tsx
FN:36,(anonymous_0)
FN:54,(anonymous_1)
FN:60,(anonymous_2)
FN:61,(anonymous_3)
FN:68,(anonymous_4)
FNF:5
FNH:1
FNDA:1,(anonymous_0)
FNDA:0,(anonymous_1)
FNDA:0,(anonymous_2)
FNDA:0,(anonymous_3)
FNDA:0,(anonymous_4)
DA:18,4
DA:36,4
DA:37,1
DA:54,4
DA:55,0
DA:56,0
DA:57,0
DA:59,0
DA:60,0
DA:61,0
DA:62,0
DA:63,0
DA:65,0
DA:68,4
LF:14
LH:5
BRDA:56,0,0,0
BRDA:56,0,1,0
BRDA:56,1,0,0
BRDA:56,1,1,0
BRDA:62,2,0,0
BRDA:62,2,1,0
BRF:6
BRH:0
end_of_record
TN:
SF:src\components\fellesFaktaForATFLogSN\tidsbegrensetArbeidsforhold\TidsbegrensetArbeidsforholdForm.tsx
FN:21,(anonymous_0)
FN:25,(anonymous_1)
FN:50,(anonymous_2)
FN:56,(anonymous_3)
FN:84,(anonymous_4)
FN:89,(anonymous_5)
FN:97,(anonymous_6)
FN:100,(anonymous_7)
FNF:8
FNH:4
FNDA:4,(anonymous_0)
FNDA:8,(anonymous_1)
FNDA:2,(anonymous_2)
FNDA:4,(anonymous_3)
FNDA:0,(anonymous_4)
FNDA:0,(anonymous_5)
FNDA:0,(anonymous_6)
FNDA:0,(anonymous_7)
DA:19,4
DA:21,4
DA:25,4
DA:27,8
DA:28,8
DA:50,4
DA:53,2
DA:54,2
DA:57,4
DA:84,4
DA:85,0
DA:86,0
DA:87,0
DA:89,0
DA:90,0
DA:91,0
DA:94,0
DA:97,4
DA:99,0
DA:100,0
DA:101,0
DA:102,0
DA:103,0
DA:108,0
DA:110,0
LF:25
LH:11
BRDA:21,0,0,4
BRDA:21,0,1,0
BRDA:21,1,0,4
BRDA:21,1,1,4
BRDA:86,2,0,0
BRDA:86,2,1,0
BRDA:90,3,0,0
BRDA:90,3,1,0
BRF:8
BRH:3
end_of_record
TN:
SF:src\components\fellesFaktaForATFLogSN\vurderMilitaer\VurderMilitaer.tsx
FN:27,(anonymous_0)
FN:44,(anonymous_1)
FN:53,(anonymous_2)
FNF:3
FNH:3
FNDA:1,(anonymous_0)
FNDA:3,(anonymous_1)
FNDA:2,(anonymous_2)
DA:15,6
DA:27,6
DA:28,1
DA:44,6
DA:45,3
DA:46,3
DA:47,1
DA:49,2
DA:50,2
DA:53,6
LF:10
LH:10
BRDA:46,0,0,1
BRDA:46,0,1,2
BRDA:46,1,0,3
BRDA:46,1,1,3
BRF:4
BRH:4
end_of_record
TN:
SF:src\components\fellesFaktaForATFLogSN\vurderOgFastsettATFL\VurderOgFastsettATFL.tsx
FN:36,(anonymous_0)
FN:40,(anonymous_1)
FN:44,(anonymous_2)
FN:48,(anonymous_3)
FN:53,(anonymous_4)
FN:60,(anonymous_5)
FN:62,(anonymous_6)
FN:65,(anonymous_7)
FN:84,(anonymous_8)
FN:140,(anonymous_9)
FN:220,(anonymous_10)
FN:237,(anonymous_11)
FN:245,(anonymous_12)
FN:261,(anonymous_13)
FN:269,(anonymous_14)
FN:274,(anonymous_15)
FN:275,(anonymous_16)
FN:276,(anonymous_17)
FN:296,(anonymous_18)
FN:302,(anonymous_19)
FN:329,(anonymous_20)
FN:330,(anonymous_21)
FN:340,(anonymous_22)
FN:345,(anonymous_23)
FN:351,(anonymous_24)
FN:356,(anonymous_25)
FN:359,(anonymous_26)
FN:360,(anonymous_27)
FN:363,(anonymous_28)
FN:369,(anonymous_29)
FN:370,(anonymous_30)
FN:372,(anonymous_31)
FNF:32
FNH:13
FNDA:0,(anonymous_0)
FNDA:0,(anonymous_1)
FNDA:0,(anonymous_2)
FNDA:0,(anonymous_3)
FNDA:0,(anonymous_4)
FNDA:0,(anonymous_5)
FNDA:0,(anonymous_6)
FNDA:1,(anonymous_7)
FNDA:1,(anonymous_8)
FNDA:1,(anonymous_9)
FNDA:0,(anonymous_10)
FNDA:0,(anonymous_11)
FNDA:0,(anonymous_12)
FNDA:35,(anonymous_13)
FNDA:6,(anonymous_14)
FNDA:0,(anonymous_15)
FNDA:0,(anonymous_16)
FNDA:0,(anonymous_17)
FNDA:6,(anonymous_18)
FNDA:9,(anonymous_19)
FNDA:6,(anonymous_20)
FNDA:6,(anonymous_21)
FNDA:2,(anonymous_22)
FNDA:4,(anonymous_23)
FNDA:2,(anonymous_24)
FNDA:4,(anonymous_25)
FNDA:0,(anonymous_26)
FNDA:0,(anonymous_27)
FNDA:0,(anonymous_28)
FNDA:0,(anonymous_29)
FNDA:0,(anonymous_30)
FNDA:0,(anonymous_31)
DA:36,4
DA:37,0
DA:40,4
DA:41,0
DA:44,4
DA:45,0
DA:48,4
DA:50,0
DA:53,4
DA:54,0
DA:60,4
DA:61,0
DA:62,0
DA:65,4
DA:66,1
DA:67,0
DA:69,1
DA:70,0
DA:72,1
DA:73,0
DA:74,0
DA:76,0
DA:78,1
DA:79,1
DA:81,0
DA:84,4
DA:86,1
DA:140,4
DA:157,1
DA:220,4
DA:224,0
DA:225,0
DA:227,0
DA:228,0
DA:229,0
DA:231,0
DA:237,4
DA:238,0
DA:239,0
DA:240,0
DA:242,0
DA:245,4
DA:250,0
DA:251,0
DA:252,0
DA:255,0
DA:256,0
DA:258,0
DA:261,4
DA:262,35
DA:269,4
DA:273,6
DA:274,0
DA:275,0
DA:276,0
DA:286,0
DA:291,6
DA:296,4
DA:301,6
DA:302,9
DA:303,6
DA:304,6
DA:306,5
DA:307,5
DA:309,5
DA:312,5
DA:315,5
DA:317,5
DA:320,5
DA:323,5
DA:326,6
DA:329,4
DA:330,6
DA:331,6
DA:332,6
DA:333,6
DA:334,6
DA:337,4
DA:341,2
DA:342,2
DA:343,0
DA:345,4
DA:348,4
DA:352,2
DA:353,2
DA:354,0
DA:356,4
DA:359,4
DA:361,0
DA:362,0
DA:363,0
DA:365,0
DA:368,4
DA:369,0
DA:370,0
DA:372,4
LF:96
LH:55
BRDA:37,0,0,0
BRDA:37,0,1,0
BRDA:37,0,2,0
BRDA:41,1,0,0
BRDA:41,1,1,0
BRDA:41,1,2,0
BRDA:45,2,0,0
BRDA:45,2,1,0
BRDA:45,2,2,0
BRDA:50,3,0,0
BRDA:50,3,1,0
BRDA:54,4,0,0
BRDA:54,4,1,0
BRDA:54,4,2,0
BRDA:54,4,3,0
BRDA:66,5,0,0
BRDA:66,5,1,1
BRDA:69,6,0,0
BRDA:69,6,1,1
BRDA:72,7,0,0
BRDA:72,7,1,1
BRDA:73,8,0,0
BRDA:73,8,1,0
BRDA:78,9,0,1
BRDA:78,9,1,0
BRDA:176,10,0,1
BRDA:176,10,1,1
BRDA:183,11,0,1
BRDA:183,11,1,0
BRDA:190,12,0,1
BRDA:190,12,1,1
BRDA:197,13,0,1
BRDA:197,13,1,1
BRDA:208,14,0,1
BRDA:208,14,1,1
BRDA:208,14,2,1
BRDA:224,15,0,0
BRDA:224,15,1,0
BRDA:228,16,0,0
BRDA:228,16,1,0
BRDA:239,17,0,0
BRDA:239,17,1,0
BRDA:251,18,0,0
BRDA:251,18,1,0
BRDA:251,19,0,0
BRDA:251,19,1,0
BRDA:255,20,0,0
BRDA:255,20,1,0
BRDA:255,21,0,0
BRDA:255,21,1,0
BRDA:265,22,0,16
BRDA:265,22,1,19
BRDA:273,23,0,0
BRDA:273,23,1,6
BRDA:301,24,0,5
BRDA:301,24,1,1
BRDA:304,25,0,5
BRDA:304,25,1,1
BRDA:309,26,0,3
BRDA:309,26,1,2
BRDA:312,27,0,3
BRDA:312,27,1,2
BRDA:317,28,0,3
BRDA:317,28,1,2
BRDA:320,29,0,3
BRDA:320,29,1,2
BRDA:323,30,0,3
BRDA:323,30,1,2
BRDA:342,31,0,0
BRDA:342,31,1,2
BRDA:353,32,0,0
BRDA:353,32,1,2
BRDA:362,33,0,0
BRDA:362,33,1,0
BRDA:362,34,0,0
BRDA:362,34,1,0
BRF:76
BRH:33
end_of_record
TN:
SF:src\components\fellesFaktaForATFLogSN\vurderOgFastsettATFL\forms\ATFLSammeOrg.tsx
FN:9,(anonymous_0)
FN:13,(anonymous_1)
FN:16,(anonymous_2)
FN:17,(anonymous_3)
FN:17,(anonymous_4)
FN:18,(anonymous_5)
FN:24,(anonymous_6)
FN:30,(anonymous_7)
FN:41,(anonymous_8)
FN:43,(anonymous_9)
FN:51,(anonymous_10)
FNF:11
FNH:11
FNDA:8,(anonymous_0)
FNDA:12,(anonymous_1)
FNDA:4,(anonymous_2)
FNDA:3,(anonymous_3)
FNDA:3,(anonymous_4)
FNDA:2,(anonymous_5)
FNDA:1,(anonymous_6)
FNDA:3,(anonymous_7)
FNDA:3,(anonymous_8)
FNDA:5,(anonymous_9)
FNDA:3,(anonymous_10)
DA:9,5
DA:12,8
DA:13,12
DA:15,2
DA:16,4
DA:17,3
DA:18,2
DA:23,2
DA:24,1
DA:25,1
DA:30,3
DA:31,2
DA:32,2
DA:38,6
DA:41,5
DA:42,3
DA:43,5
DA:51,5
DA:52,3
DA:53,1
DA:55,2
DA:56,1
DA:62,1
LF:23
LH:23
BRDA:12,0,0,8
BRDA:12,0,1,0
BRDA:13,1,0,2
BRDA:13,1,1,6
BRDA:13,2,0,8
BRDA:13,2,1,2
BRDA:23,3,0,1
BRDA:23,3,1,1
BRDA:23,4,0,2
BRDA:23,4,1,2
BRDA:31,5,0,2
BRDA:31,5,1,0
BRDA:42,6,0,3
BRDA:42,6,1,0
BRDA:52,7,0,1
BRDA:52,7,1,2
BRDA:55,8,0,1
BRDA:55,8,1,1
BRF:18
BRH:15
end_of_record
TN:
SF:src\components\fellesFaktaForATFLogSN\vurderOgFastsettATFL\forms\ArbeidUtenInntektsmelding.ts
FN:11,(anonymous_0)
FN:18,(anonymous_1)
FN:20,(anonymous_2)
FN:28,(anonymous_3)
FN:29,(anonymous_4)
FN:33,(anonymous_5)
FN:35,(anonymous_6)
FNF:7
FNH:7
FNDA:12,(anonymous_0)
FNDA:19,(anonymous_1)
FNDA:13,(anonymous_2)
FNDA:10,(anonymous_3)
FNDA:7,(anonymous_4)
FNDA:5,(anonymous_5)
FNDA:5,(anonymous_6)
DA:11,5
DA:16,12
DA:18,19
DA:20,13
DA:22,3
DA:24,9
DA:25,2
DA:27,7
DA:28,10
DA:29,7
DA:33,7
DA:34,7
DA:35,5
DA:40,7
DA:41,5
DA:46,2
LF:16
LH:16
BRDA:16,0,0,12
BRDA:16,0,1,0
BRDA:18,1,0,3
BRDA:18,1,1,9
BRDA:18,2,0,12
BRDA:18,2,1,9
BRDA:24,3,0,2
BRDA:24,3,1,7
BRDA:29,4,0,7
BRDA:29,4,1,6
BRDA:29,4,2,5
BRDA:40,5,0,5
BRDA:40,5,1,2
BRF:13
BRH:12
end_of_record
TN:
SF:src\components\fellesFaktaForATFLogSN\vurderOgFastsettATFL\forms\AvsluttetArbeidsforhold.ts
FN:5,(anonymous_0)
FN:9,(anonymous_1)
FN:10,(anonymous_2)
FN:11,(anonymous_3)
FNF:4
FNH:4
FNDA:10,(anonymous_0)
FNDA:2,(anonymous_1)
FNDA:2,(anonymous_2)
FNDA:2,(anonymous_3)
DA:5,11
DA:7,10
DA:8,1
DA:9,2
DA:10,2
DA:11,2
DA:13,1
DA:15,9
LF:8
LH:8
BRDA:7,0,0,1
BRDA:7,0,1,9
BRDA:10,1,0,2
BRDA:10,1,1,2
BRDA:11,2,0,2
BRDA:11,2,1,2
BRF:6
BRH:6
end_of_record
TN:
SF:src\components\fellesFaktaForATFLogSN\vurderOgFastsettATFL\forms\KunstigArbeidsforhold.ts
FN:5,(anonymous_0)
FN:9,(anonymous_1)
FN:17,(anonymous_2)
FN:19,(anonymous_3)
FNF:4
FNH:2
FNDA:0,(anonymous_0)
FNDA:0,(anonymous_1)
FNDA:6,(anonymous_2)
FNDA:9,(anonymous_3)
DA:5,5
DA:9,5
DA:10,0
DA:11,0
DA:14,0
DA:17,5
DA:18,6
DA:19,9
LF:8
LH:5
BRDA:5,0,0,0
BRDA:5,0,1,0
BRDA:5,0,2,0
BRDA:10,1,0,0
BRDA:10,1,1,0
BRDA:19,2,0,9
BRDA:19,2,1,5
BRDA:19,2,2,3
BRDA:19,2,3,1
BRF:9
BRH:4
end_of_record
TN:
SF:src\components\fellesFaktaForATFLogSN\vurderOgFastsettATFL\forms\LonnsendringForm.tsx
FN:34,(anonymous_0)
FN:52,(anonymous_1)
FN:53,(anonymous_2)
FN:54,(anonymous_3)
FN:58,(anonymous_4)
FN:67,(anonymous_5)
FN:75,(anonymous_6)
FN:78,(anonymous_7)
FN:80,(anonymous_8)
FN:83,(anonymous_9)
FNF:10
FNH:10
FNDA:1,(anonymous_0)
FNDA:1,(anonymous_1)
FNDA:1,(anonymous_2)
FNDA:1,(anonymous_3)
FNDA:1,(anonymous_4)
FNDA:1,(anonymous_5)
FNDA:5,(anonymous_6)
FNDA:4,(anonymous_7)
FNDA:7,(anonymous_8)
FNDA:11,(anonymous_9)
DA:22,12
DA:34,12
DA:35,1
DA:52,12
DA:53,1
DA:54,1
DA:55,1
DA:58,12
DA:59,1
DA:60,1
DA:61,0
DA:63,1
DA:64,1
DA:65,0
DA:67,1
DA:68,1
DA:69,0
DA:71,1
DA:72,1
DA:75,12
DA:77,5
DA:78,4
DA:80,12
DA:82,7
DA:83,11
DA:84,2
DA:86,5
LF:27
LH:24
BRDA:55,0,0,1
BRDA:55,0,1,0
BRDA:55,1,0,0
BRDA:55,1,1,0
BRDA:60,2,0,0
BRDA:60,2,1,1
BRDA:60,3,0,1
BRDA:60,3,1,1
BRDA:64,4,0,0
BRDA:64,4,1,1
BRDA:64,5,0,1
BRDA:64,5,1,1
BRDA:68,6,0,0
BRDA:68,6,1,1
BRDA:68,7,0,1
BRDA:68,7,1,1
BRDA:77,8,0,5
BRDA:77,8,1,4
BRDA:82,9,0,7
BRDA:82,9,1,0
BRDA:83,10,0,2
BRDA:83,10,1,5
BRF:22
BRH:15
end_of_record
TN:
SF:src\components\fellesFaktaForATFLogSN\vurderOgFastsettATFL\forms\NyoppstartetFLForm.tsx
FN:37,(anonymous_0)
FN:55,(anonymous_1)
FN:61,(anonymous_2)
FN:62,(anonymous_3)
FN:69,(anonymous_4)
FN:74,(anonymous_5)
FN:84,(anonymous_6)
FNF:7
FNH:7
FNDA:1,(anonymous_0)
FNDA:1,(anonymous_1)
FNDA:1,(anonymous_2)
FNDA:1,(anonymous_3)
FNDA:7,(anonymous_4)
FNDA:11,(anonymous_5)
FNDA:5,(anonymous_6)
DA:22,11
DA:37,11
DA:38,1
DA:55,11
DA:56,1
DA:57,1
DA:58,0
DA:60,1
DA:61,1
DA:62,1
DA:63,1
DA:64,1
DA:66,1
DA:69,11
DA:73,7
DA:74,11
DA:75,2
DA:77,5
DA:78,2
DA:83,3
DA:84,5
DA:85,3
DA:86,0
DA:91,3
DA:92,0
DA:97,3
DA:98,3
DA:101,3
LF:28
LH:25
BRDA:57,0,0,0
BRDA:57,0,1,1
BRDA:57,1,0,1
BRDA:57,1,1,1
BRDA:63,2,0,1
BRDA:63,2,1,0
BRDA:73,3,0,7
BRDA:73,3,1,0
BRDA:74,4,0,2
BRDA:74,4,1,5
BRDA:77,5,0,2
BRDA:77,5,1,3
BRDA:77,6,0,5
BRDA:77,6,1,3
BRDA:85,7,0,0
BRDA:85,7,1,3
BRDA:91,8,0,0
BRDA:91,8,1,3
BRF:18
BRH:13
end_of_record
TN:
SF:src\components\fellesFaktaForATFLogSN\vurderOgFastsettATFL\forms\VurderEtterlonnSluttpakkeForm.tsx
FN:39,(anonymous_0)
FN:57,(anonymous_1)
FN:65,(anonymous_2)
FN:66,(anonymous_3)
FN:74,(anonymous_4)
FN:79,(anonymous_5)
FN:85,(anonymous_6)
FN:104,(anonymous_7)
FNF:8
FNH:5
FNDA:1,(anonymous_0)
FNDA:2,(anonymous_1)
FNDA:2,(anonymous_2)
FNDA:2,(anonymous_3)
FNDA:0,(anonymous_4)
FNDA:0,(anonymous_5)
FNDA:5,(anonymous_6)
FNDA:0,(anonymous_7)
DA:24,11
DA:39,11
DA:40,1
DA:57,11
DA:59,2
DA:60,2
DA:61,0
DA:63,2
DA:64,2
DA:65,2
DA:66,2
DA:68,2
DA:69,2
DA:71,2
DA:74,11
DA:75,0
DA:76,0
DA:78,0
DA:79,0
DA:82,0
DA:85,11
DA:89,5
DA:90,5
DA:91,5
DA:93,0
DA:94,0
DA:99,0
DA:100,0
DA:101,0
DA:103,0
DA:104,0
DA:105,0
DA:106,0
DA:111,0
DA:112,0
DA:117,0
DA:118,0
DA:121,0
LF:38
LH:18
BRDA:60,0,0,0
BRDA:60,0,1,2
BRDA:60,1,0,2
BRDA:60,1,1,2
BRDA:60,1,2,2
BRDA:66,2,0,2
BRDA:66,2,1,2
BRDA:68,3,0,2
BRDA:68,3,1,0
BRDA:69,4,0,2
BRDA:69,4,1,0
BRDA:75,5,0,0
BRDA:75,5,1,0
BRDA:79,6,0,0
BRDA:79,6,1,0
BRDA:79,6,2,0
BRDA:82,7,0,0
BRDA:82,7,1,0
BRDA:89,8,0,5
BRDA:89,8,1,0
BRDA:90,9,0,5
BRDA:90,9,1,0
BRDA:93,10,0,0
BRDA:93,10,1,0
BRDA:93,11,0,0
BRDA:93,11,1,0
BRDA:100,12,0,0
BRDA:100,12,1,0
BRDA:105,13,0,0
BRDA:105,13,1,0
BRDA:111,14,0,0
BRDA:111,14,1,0
BRF:32
BRH:10
end_of_record
TN:
SF:src\components\fellesFaktaForATFLogSN\vurderOgFastsettATFL\forms\VurderMottarYtelseForm.tsx
FN:30,(anonymous_0)
FN:32,(anonymous_1)
FN:48,(anonymous_2)
FN:71,(anonymous_3)
FN:72,(anonymous_4)
FN:74,(anonymous_5)
FN:75,(anonymous_6)
FN:106,(anonymous_7)
FN:133,(anonymous_8)
FN:140,(anonymous_9)
FN:153,(anonymous_10)
FN:155,(anonymous_11)
FN:176,(anonymous_12)
FN:186,(anonymous_13)
FN:188,(anonymous_14)
FN:201,(anonymous_15)
FN:209,(anonymous_16)
FN:217,(anonymous_17)
FN:230,(anonymous_18)
FN:236,(anonymous_19)
FN:243,(anonymous_20)
FN:254,(anonymous_21)
FN:263,(anonymous_22)
FNF:23
FNH:23
FNDA:6,(anonymous_0)
FNDA:3,(anonymous_1)
FNDA:3,(anonymous_2)
FNDA:2,(anonymous_3)
FNDA:2,(anonymous_4)
FNDA:2,(anonymous_5)
FNDA:1,(anonymous_6)
FNDA:3,(anonymous_7)
FNDA:3,(anonymous_8)
FNDA:6,(anonymous_9)
FNDA:12,(anonymous_10)
FNDA:9,(anonymous_11)
FNDA:6,(anonymous_12)
FNDA:12,(anonymous_13)
FNDA:4,(anonymous_14)
FNDA:6,(anonymous_15)
FNDA:12,(anonymous_16)
FNDA:5,(anonymous_17)
FNDA:3,(anonymous_18)
FNDA:11,(anonymous_19)
FNDA:24,(anonymous_20)
FNDA:2,(anonymous_21)
FNDA:6,(anonymous_22)
DA:28,5
DA:30,6
DA:32,5
DA:35,3
DA:37,3
DA:38,0
DA:41,3
DA:43,3
DA:48,5
DA:53,3
DA:71,5
DA:72,5
DA:74,5
DA:75,2
DA:76,1
DA:78,1
DA:106,5
DA:109,3
DA:110,3
DA:111,3
DA:112,3
DA:134,3
DA:140,5
DA:146,6
DA:147,0
DA:149,6
DA:150,6
DA:151,4
DA:152,4
DA:153,4
DA:154,12
DA:155,9
DA:156,6
DA:157,6
DA:161,6
DA:165,4
DA:166,3
DA:167,3
DA:171,1
DA:173,2
DA:176,5
DA:180,6
DA:181,0
DA:183,6
DA:184,6
DA:185,3
DA:186,12
DA:187,3
DA:188,4
DA:189,2
DA:190,2
DA:191,2
DA:196,1
DA:198,3
DA:201,5
DA:204,6
DA:205,6
DA:206,6
DA:209,12
DA:217,5
DA:218,5
DA:219,5
DA:220,1
DA:222,4
DA:223,4
DA:226,4
DA:227,4
DA:228,3
DA:230,1
DA:231,3
DA:233,1
DA:236,5
DA:241,11
DA:242,11
DA:243,24
DA:244,5
DA:246,6
DA:254,5
DA:255,2
DA:256,2
DA:257,0
DA:259,2
DA:260,2
DA:262,2
DA:263,2
DA:264,6
DA:266,2
LF:87
LH:83
BRDA:37,0,0,0
BRDA:37,0,1,3
BRDA:38,1,0,0
BRDA:38,1,1,0
BRDA:75,2,0,1
BRDA:75,2,1,1
BRDA:109,3,0,3
BRDA:109,3,1,0
BRDA:110,4,0,3
BRDA:110,4,1,3
BRDA:111,5,0,1
BRDA:111,5,1,2
BRDA:111,6,0,3
BRDA:111,6,1,3
BRDA:114,7,0,3
BRDA:114,7,1,2
BRDA:146,8,0,0
BRDA:146,8,1,6
BRDA:150,9,0,4
BRDA:150,9,1,2
BRDA:154,10,0,6
BRDA:154,10,1,6
BRDA:154,11,0,12
BRDA:154,11,1,8
BRDA:156,12,0,6
BRDA:156,12,1,0
BRDA:156,13,0,6
BRDA:156,13,1,2
BRDA:165,14,0,3
BRDA:165,14,1,1
BRDA:180,15,0,0
BRDA:180,15,1,6
BRDA:184,16,0,3
BRDA:184,16,1,3
BRDA:187,17,0,2
BRDA:187,17,1,1
BRDA:187,18,0,3
BRDA:187,18,1,2
BRDA:204,19,0,6
BRDA:204,19,1,0
BRDA:219,20,0,1
BRDA:219,20,1,4
BRDA:222,21,0,4
BRDA:222,21,1,0
BRDA:226,22,0,1
BRDA:226,22,1,3
BRDA:227,23,0,3
BRDA:227,23,1,1
BRDA:242,24,0,11
BRDA:242,24,1,0
BRDA:243,25,0,5
BRDA:243,25,1,6
BRDA:256,26,0,0
BRDA:256,26,1,2
BRDA:259,27,0,2
BRDA:259,27,1,0
BRDA:262,28,0,2
BRDA:262,28,1,0
BRF:58
BRH:45
end_of_record
TN:
SF:src\components\fellesFaktaForATFLogSN\vurderOgFastsettATFL\forms\VurderMottarYtelseUtils.ts
FN:8,(anonymous_0)
FN:9,(anonymous_1)
FN:11,(anonymous_2)
FN:13,(anonymous_3)
FN:14,(anonymous_4)
FN:17,(anonymous_5)
FN:19,(anonymous_6)
FN:27,(anonymous_7)
FN:36,(anonymous_8)
FN:43,(anonymous_9)
FN:52,(anonymous_10)
FN:53,(anonymous_11)
FNF:12
FNH:12
FNDA:149,(anonymous_0)
FNDA:65,(anonymous_1)
FNDA:10,(anonymous_2)
FNDA:24,(anonymous_3)
FNDA:14,(anonymous_4)
FNDA:18,(anonymous_5)
FNDA:15,(anonymous_6)
FNDA:34,(anonymous_7)
FNDA:48,(anonymous_8)
FNDA:4,(anonymous_9)
FNDA:6,(anonymous_10)
FNDA:6,(anonymous_11)
DA:6,12
DA:7,12
DA:8,149
DA:9,65
DA:11,12
DA:12,10
DA:13,24
DA:14,14
DA:17,18
DA:19,12
DA:22,15
DA:23,1
DA:25,14
DA:26,14
DA:27,14
DA:28,34
DA:29,34
DA:31,14
DA:32,0
DA:34,14
DA:36,48
DA:37,14
DA:38,14
DA:40,14
DA:43,12
DA:44,4
DA:45,2
DA:46,2
DA:47,1
DA:50,3
DA:51,3
DA:52,6
DA:53,6
DA:54,2
DA:55,1
DA:58,2
LF:36
LH:35
BRDA:12,0,0,10
BRDA:12,0,1,0
BRDA:12,1,0,10
BRDA:12,1,1,10
BRDA:22,2,0,1
BRDA:22,2,1,14
BRDA:26,3,0,14
BRDA:26,3,1,0
BRDA:31,4,0,0
BRDA:31,4,1,14
BRDA:37,5,0,14
BRDA:37,5,1,0
BRDA:44,6,0,2
BRDA:44,6,1,2
BRDA:46,7,0,1
BRDA:46,7,1,1
BRDA:46,8,0,2
BRDA:46,8,1,2
BRDA:50,9,0,3
BRDA:50,9,1,0
BRDA:51,10,0,2
BRDA:51,10,1,1
BRDA:53,11,0,6
BRDA:53,11,1,6
BRDA:54,12,0,1
BRDA:54,12,1,1
BRF:26
BRH:21
end_of_record
TN:
SF:src\components\fellesFaktaForATFLogSN\vurderrefusjon\VurderRefusjonForm.tsx
FN:21,(anonymous_0)
FN:23,(anonymous_1)
FN:27,(anonymous_2)
FN:71,(anonymous_3)
FN:85,(anonymous_4)
FN:85,(anonymous_5)
FN:90,(anonymous_6)
FN:97,(anonymous_7)
FN:102,(anonymous_8)
FNF:9
FNH:9
FNDA:11,(anonymous_0)
FNDA:2,(anonymous_1)
FNDA:3,(anonymous_2)
FNDA:2,(anonymous_3)
FNDA:1,(anonymous_4)
FNDA:1,(anonymous_5)
FNDA:2,(anonymous_6)
FNDA:1,(anonymous_7)
FNDA:2,(anonymous_8)
DA:17,4
DA:19,4
DA:21,11
DA:23,4
DA:26,2
DA:28,3
DA:29,3
DA:30,3
DA:31,3
DA:71,4
DA:77,2
DA:78,2
DA:85,4
DA:86,1
DA:87,0
DA:89,1
DA:90,2
DA:97,4
DA:98,1
DA:99,1
DA:100,0
DA:102,1
DA:103,2
DA:105,1
LF:24
LH:22
BRDA:30,0,0,3
BRDA:30,0,1,0
BRDA:86,1,0,0
BRDA:86,1,1,1
BRDA:99,2,0,0
BRDA:99,2,1,1
BRDA:99,3,0,1
BRDA:99,3,1,1
BRF:8
BRH:5
end_of_record
TN:
SF:src\legacy\FaktaBegrunnelseTextField.tsx
FN:42,(anonymous_0)
FN:75,(anonymous_1)
FN:82,(anonymous_2)
FN:86,(anonymous_3)
FNF:4
FNH:3
FNDA:6,(anonymous_0)
FNDA:3,(anonymous_1)
FNDA:3,(anonymous_2)
FNDA:0,(anonymous_3)
DA:12,5
DA:14,5
DA:15,5
DA:42,5
DA:50,6
DA:51,6
DA:52,6
DA:70,5
DA:75,5
DA:76,3
DA:77,0
DA:79,3
DA:82,5
DA:86,5
LF:14
LH:13
BRDA:50,0,0,1
BRDA:50,0,1,5
BRDA:51,1,0,6
BRDA:51,1,1,5
BRDA:54,2,0,6
BRDA:54,2,1,1
BRDA:54,2,2,5
BRDA:58,3,0,1
BRDA:58,3,1,4
BRDA:60,4,0,1
BRDA:60,4,1,4
BRDA:76,5,0,0
BRDA:76,5,1,3
BRDA:76,6,0,3
BRDA:76,6,1,2
BRDA:77,7,0,0
BRDA:77,7,1,0
BRDA:79,8,0,2
BRDA:79,8,1,1
BRDA:79,9,0,3
BRDA:79,9,1,2
BRDA:82,10,0,0
BRDA:86,11,0,0
BRF:23
BRH:18
end_of_record
TN:
SF:src\legacy\FaktaSubmitButton.tsx
FN:14,(anonymous_0)
FN:51,(anonymous_1)
FN:77,(anonymous_2)
FN:79,(anonymous_3)
FN:81,(anonymous_4)
FN:82,(anonymous_5)
FN:85,(anonymous_6)
FNF:7
FNH:2
FNDA:6,(anonymous_0)
FNDA:7,(anonymous_1)
FNDA:0,(anonymous_2)
FNDA:0,(anonymous_3)
FNDA:0,(anonymous_4)
FNDA:0,(anonymous_5)
FNDA:0,(anonymous_6)
DA:12,5
DA:14,5
DA:21,6
DA:22,2
DA:24,4
DA:25,3
DA:28,1
DA:51,5
DA:61,7
DA:77,5
DA:78,0
DA:79,0
DA:80,0
DA:81,0
DA:82,0
DA:85,0
LF:16
LH:10
BRDA:21,0,0,2
BRDA:21,0,1,4
BRDA:21,1,0,6
BRDA:21,1,1,5
BRDA:24,2,0,3
BRDA:24,2,1,1
BRDA:25,3,0,3
BRDA:25,3,1,2
BRDA:25,3,2,1
BRDA:62,4,0,7
BRDA:62,4,1,6
BRDA:67,5,0,6
BRDA:67,5,1,6
BRDA:68,6,0,0
BRDA:68,6,1,6
BRDA:70,7,0,6
BRDA:70,7,1,0
BRDA:71,8,0,6
BRDA:71,8,1,6
BRDA:78,9,0,0
BRDA:78,9,1,0
BRDA:79,10,0,0
BRDA:79,10,1,0
BRDA:83,11,0,0
BRDA:83,11,1,0
BRF:25
BRH:17
end_of_record
TN:
SF:src\legacy\faktaBegrunnelseTextField.less
FNF:0
FNH:0
DA:1,5
LF:1
LH:1
BRF:0
BRH:0
end_of_record
